[2023-06-23T21:27:32.459+0000] {taskinstance.py:1103} INFO - Dependencies all met for dep_context=non-requeueable deps ti=<TaskInstance: running-buses-clean-files-dag.clean-gcp-files manual__2023-06-23T21:27:31.090400+00:00 [queued]>
[2023-06-23T21:27:32.464+0000] {taskinstance.py:1103} INFO - Dependencies all met for dep_context=requeueable deps ti=<TaskInstance: running-buses-clean-files-dag.clean-gcp-files manual__2023-06-23T21:27:31.090400+00:00 [queued]>
[2023-06-23T21:27:32.466+0000] {taskinstance.py:1308} INFO - Starting attempt 1 of 1
[2023-06-23T21:27:32.474+0000] {taskinstance.py:1327} INFO - Executing <Task(_PythonVirtualenvDecoratedOperator): clean-gcp-files> on 2023-06-23 21:27:31.090400+00:00
[2023-06-23T21:27:32.481+0000] {standard_task_runner.py:57} INFO - Started process 319 to run task
[2023-06-23T21:27:32.488+0000] {standard_task_runner.py:84} INFO - Running: ['***', 'tasks', 'run', 'running-buses-clean-files-dag', 'clean-gcp-files', 'manual__2023-06-23T21:27:31.090400+00:00', '--job-id', '518', '--raw', '--subdir', 'DAGS_FOLDER/running_buses_clean_files.py', '--cfg-path', '/tmp/tmpwjud65uv']
[2023-06-23T21:27:32.492+0000] {standard_task_runner.py:85} INFO - Job 518: Subtask clean-gcp-files
[2023-06-23T21:27:32.542+0000] {task_command.py:410} INFO - Running <TaskInstance: running-buses-clean-files-dag.clean-gcp-files manual__2023-06-23T21:27:31.090400+00:00 [running]> on host 6bba1fead03c
[2023-06-23T21:27:32.601+0000] {taskinstance.py:1545} INFO - Exporting env vars: AIRFLOW_CTX_DAG_OWNER='***' AIRFLOW_CTX_DAG_ID='running-buses-clean-files-dag' AIRFLOW_CTX_TASK_ID='clean-gcp-files' AIRFLOW_CTX_EXECUTION_DATE='2023-06-23T21:27:31.090400+00:00' AIRFLOW_CTX_TRY_NUMBER='1' AIRFLOW_CTX_DAG_RUN_ID='manual__2023-06-23T21:27:31.090400+00:00'
[2023-06-23T21:27:32.604+0000] {process_utils.py:181} INFO - Executing cmd: /usr/local/bin/python -m virtualenv /tmp/venv4q8p6ff9
[2023-06-23T21:27:32.606+0000] {process_utils.py:185} INFO - Output:
[2023-06-23T21:27:33.126+0000] {process_utils.py:189} INFO - created virtual environment CPython3.11.4.final.0-64 in 237ms
[2023-06-23T21:27:33.127+0000] {process_utils.py:189} INFO -   creator CPython3Posix(dest=/tmp/venv4q8p6ff9, clear=False, no_vcs_ignore=False, global=False)
[2023-06-23T21:27:33.128+0000] {process_utils.py:189} INFO -   seeder FromAppData(download=False, pip=bundle, setuptools=bundle, wheel=bundle, via=copy, app_data_dir=/home/***/.local/share/virtualenv)
[2023-06-23T21:27:33.129+0000] {process_utils.py:189} INFO -     added seed packages: pip==23.1.2, setuptools==67.7.2, wheel==0.40.0
[2023-06-23T21:27:33.130+0000] {process_utils.py:189} INFO -   activators BashActivator,CShellActivator,FishActivator,NushellActivator,PowerShellActivator,PythonActivator
[2023-06-23T21:27:33.142+0000] {process_utils.py:181} INFO - Executing cmd: /tmp/venv4q8p6ff9/bin/pip install -r /tmp/venv4q8p6ff9/requirements.txt
[2023-06-23T21:27:33.144+0000] {process_utils.py:185} INFO - Output:
[2023-06-23T21:27:34.209+0000] {process_utils.py:189} INFO - Collecting google-cloud-storage (from -r /tmp/venv4q8p6ff9/requirements.txt (line 1))
[2023-06-23T21:27:34.210+0000] {process_utils.py:189} INFO -   Using cached google_cloud_storage-2.9.0-py2.py3-none-any.whl (113 kB)
[2023-06-23T21:27:34.265+0000] {process_utils.py:189} INFO - Collecting google-auth<3.0dev,>=1.25.0 (from google-cloud-storage->-r /tmp/venv4q8p6ff9/requirements.txt (line 1))
[2023-06-23T21:27:34.266+0000] {process_utils.py:189} INFO -   Using cached google_auth-2.20.0-py2.py3-none-any.whl (181 kB)
[2023-06-23T21:27:34.324+0000] {process_utils.py:189} INFO - Collecting google-api-core!=2.0.*,!=2.1.*,!=2.2.*,!=2.3.0,<3.0.0dev,>=1.31.5 (from google-cloud-storage->-r /tmp/venv4q8p6ff9/requirements.txt (line 1))
[2023-06-23T21:27:34.326+0000] {process_utils.py:189} INFO -   Using cached google_api_core-2.11.1-py3-none-any.whl (120 kB)
[2023-06-23T21:27:34.370+0000] {process_utils.py:189} INFO - Collecting google-cloud-core<3.0dev,>=2.3.0 (from google-cloud-storage->-r /tmp/venv4q8p6ff9/requirements.txt (line 1))
[2023-06-23T21:27:34.372+0000] {process_utils.py:189} INFO -   Using cached google_cloud_core-2.3.2-py2.py3-none-any.whl (29 kB)
[2023-06-23T21:27:34.405+0000] {process_utils.py:189} INFO - Collecting google-resumable-media>=2.3.2 (from google-cloud-storage->-r /tmp/venv4q8p6ff9/requirements.txt (line 1))
[2023-06-23T21:27:34.407+0000] {process_utils.py:189} INFO -   Using cached google_resumable_media-2.5.0-py2.py3-none-any.whl (77 kB)
[2023-06-23T21:27:34.452+0000] {process_utils.py:189} INFO - Collecting requests<3.0.0dev,>=2.18.0 (from google-cloud-storage->-r /tmp/venv4q8p6ff9/requirements.txt (line 1))
[2023-06-23T21:27:34.453+0000] {process_utils.py:189} INFO -   Using cached requests-2.31.0-py3-none-any.whl (62 kB)
[2023-06-23T21:27:34.491+0000] {process_utils.py:189} INFO - Collecting googleapis-common-protos<2.0.dev0,>=1.56.2 (from google-api-core!=2.0.*,!=2.1.*,!=2.2.*,!=2.3.0,<3.0.0dev,>=1.31.5->google-cloud-storage->-r /tmp/venv4q8p6ff9/requirements.txt (line 1))
[2023-06-23T21:27:34.492+0000] {process_utils.py:189} INFO -   Using cached googleapis_common_protos-1.59.1-py2.py3-none-any.whl (224 kB)
[2023-06-23T21:27:34.697+0000] {process_utils.py:189} INFO - Collecting protobuf!=3.20.0,!=3.20.1,!=4.21.0,!=4.21.1,!=4.21.2,!=4.21.3,!=4.21.4,!=4.21.5,<5.0.0.dev0,>=3.19.5 (from google-api-core!=2.0.*,!=2.1.*,!=2.2.*,!=2.3.0,<3.0.0dev,>=1.31.5->google-cloud-storage->-r /tmp/venv4q8p6ff9/requirements.txt (line 1))
[2023-06-23T21:27:34.699+0000] {process_utils.py:189} INFO -   Using cached protobuf-4.23.3-cp37-abi3-manylinux2014_aarch64.whl (303 kB)
[2023-06-23T21:27:34.776+0000] {process_utils.py:189} INFO - Collecting cachetools<6.0,>=2.0.0 (from google-auth<3.0dev,>=1.25.0->google-cloud-storage->-r /tmp/venv4q8p6ff9/requirements.txt (line 1))
[2023-06-23T21:27:34.778+0000] {process_utils.py:189} INFO -   Using cached cachetools-5.3.1-py3-none-any.whl (9.3 kB)
[2023-06-23T21:27:34.802+0000] {process_utils.py:189} INFO - Collecting pyasn1-modules>=0.2.1 (from google-auth<3.0dev,>=1.25.0->google-cloud-storage->-r /tmp/venv4q8p6ff9/requirements.txt (line 1))
[2023-06-23T21:27:34.803+0000] {process_utils.py:189} INFO -   Using cached pyasn1_modules-0.3.0-py2.py3-none-any.whl (181 kB)
[2023-06-23T21:27:34.829+0000] {process_utils.py:189} INFO - Collecting rsa<5,>=3.1.4 (from google-auth<3.0dev,>=1.25.0->google-cloud-storage->-r /tmp/venv4q8p6ff9/requirements.txt (line 1))
[2023-06-23T21:27:34.831+0000] {process_utils.py:189} INFO -   Using cached rsa-4.9-py3-none-any.whl (34 kB)
[2023-06-23T21:27:34.864+0000] {process_utils.py:189} INFO - Collecting six>=1.9.0 (from google-auth<3.0dev,>=1.25.0->google-cloud-storage->-r /tmp/venv4q8p6ff9/requirements.txt (line 1))
[2023-06-23T21:27:34.866+0000] {process_utils.py:189} INFO -   Using cached six-1.16.0-py2.py3-none-any.whl (11 kB)
[2023-06-23T21:27:34.914+0000] {process_utils.py:189} INFO - Collecting urllib3<2.0 (from google-auth<3.0dev,>=1.25.0->google-cloud-storage->-r /tmp/venv4q8p6ff9/requirements.txt (line 1))
[2023-06-23T21:27:34.915+0000] {process_utils.py:189} INFO -   Using cached urllib3-1.26.16-py2.py3-none-any.whl (143 kB)
[2023-06-23T21:27:35.016+0000] {process_utils.py:189} INFO - Collecting google-crc32c<2.0dev,>=1.0 (from google-resumable-media>=2.3.2->google-cloud-storage->-r /tmp/venv4q8p6ff9/requirements.txt (line 1))
[2023-06-23T21:27:35.018+0000] {process_utils.py:189} INFO -   Using cached google_crc32c-1.5.0-cp311-cp311-manylinux_2_17_aarch64.manylinux2014_aarch64.whl (32 kB)
[2023-06-23T21:27:35.078+0000] {process_utils.py:189} INFO - Collecting charset-normalizer<4,>=2 (from requests<3.0.0dev,>=2.18.0->google-cloud-storage->-r /tmp/venv4q8p6ff9/requirements.txt (line 1))
[2023-06-23T21:27:35.079+0000] {process_utils.py:189} INFO -   Using cached charset_normalizer-3.1.0-cp311-cp311-manylinux_2_17_aarch64.manylinux2014_aarch64.whl (193 kB)
[2023-06-23T21:27:35.119+0000] {process_utils.py:189} INFO - Collecting idna<4,>=2.5 (from requests<3.0.0dev,>=2.18.0->google-cloud-storage->-r /tmp/venv4q8p6ff9/requirements.txt (line 1))
[2023-06-23T21:27:35.120+0000] {process_utils.py:189} INFO -   Using cached idna-3.4-py3-none-any.whl (61 kB)
[2023-06-23T21:27:35.154+0000] {process_utils.py:189} INFO - Collecting certifi>=2017.4.17 (from requests<3.0.0dev,>=2.18.0->google-cloud-storage->-r /tmp/venv4q8p6ff9/requirements.txt (line 1))
[2023-06-23T21:27:35.156+0000] {process_utils.py:189} INFO -   Using cached certifi-2023.5.7-py3-none-any.whl (156 kB)
[2023-06-23T21:27:35.206+0000] {process_utils.py:189} INFO - Collecting pyasn1<0.6.0,>=0.4.6 (from pyasn1-modules>=0.2.1->google-auth<3.0dev,>=1.25.0->google-cloud-storage->-r /tmp/venv4q8p6ff9/requirements.txt (line 1))
[2023-06-23T21:27:35.207+0000] {process_utils.py:189} INFO -   Using cached pyasn1-0.5.0-py2.py3-none-any.whl (83 kB)
[2023-06-23T21:27:35.297+0000] {process_utils.py:189} INFO - Installing collected packages: urllib3, six, pyasn1, protobuf, idna, google-crc32c, charset-normalizer, certifi, cachetools, rsa, requests, pyasn1-modules, googleapis-common-protos, google-resumable-media, google-auth, google-api-core, google-cloud-core, google-cloud-storage
[2023-06-23T21:27:35.842+0000] {process_utils.py:189} INFO - Successfully installed cachetools-5.3.1 certifi-2023.5.7 charset-normalizer-3.1.0 google-api-core-2.11.1 google-auth-2.20.0 google-cloud-core-2.3.2 google-cloud-storage-2.9.0 google-crc32c-1.5.0 google-resumable-media-2.5.0 googleapis-common-protos-1.59.1 idna-3.4 protobuf-4.23.3 pyasn1-0.5.0 pyasn1-modules-0.3.0 requests-2.31.0 rsa-4.9 six-1.16.0 urllib3-1.26.16
[2023-06-23T21:27:36.038+0000] {process_utils.py:181} INFO - Executing cmd: /tmp/venv4q8p6ff9/bin/python /tmp/venv4q8p6ff9/script.py /tmp/venv4q8p6ff9/script.in /tmp/venv4q8p6ff9/script.out /tmp/venv4q8p6ff9/string_args.txt
[2023-06-23T21:27:36.040+0000] {process_utils.py:185} INFO - Output:
[2023-06-23T21:27:36.952+0000] {python.py:183} INFO - Done. Returned value was: None
[2023-06-23T21:27:36.964+0000] {taskinstance.py:1345} INFO - Marking task as SUCCESS. dag_id=running-buses-clean-files-dag, task_id=clean-gcp-files, execution_date=20230623T212731, start_date=20230623T212732, end_date=20230623T212736
[2023-06-23T21:27:37.021+0000] {local_task_job_runner.py:225} INFO - Task exited with return code 0
[2023-06-23T21:27:37.044+0000] {taskinstance.py:2653} INFO - 0 downstream tasks scheduled from follow-on schedule check
