[2023-06-22T23:27:04.550+0000] {taskinstance.py:1103} INFO - Dependencies all met for dep_context=non-requeueable deps ti=<TaskInstance: running-buses-dbt-dag.dbt_run manual__2023-06-22T23:27:03.636805+00:00 [queued]>
[2023-06-22T23:27:04.555+0000] {taskinstance.py:1103} INFO - Dependencies all met for dep_context=requeueable deps ti=<TaskInstance: running-buses-dbt-dag.dbt_run manual__2023-06-22T23:27:03.636805+00:00 [queued]>
[2023-06-22T23:27:04.556+0000] {taskinstance.py:1308} INFO - Starting attempt 1 of 1
[2023-06-22T23:27:04.563+0000] {taskinstance.py:1327} INFO - Executing <Task(DbtRunOperator): dbt_run> on 2023-06-22 23:27:03.636805+00:00
[2023-06-22T23:27:04.567+0000] {standard_task_runner.py:57} INFO - Started process 8127 to run task
[2023-06-22T23:27:04.571+0000] {standard_task_runner.py:84} INFO - Running: ['***', 'tasks', 'run', 'running-buses-dbt-dag', 'dbt_run', 'manual__2023-06-22T23:27:03.636805+00:00', '--job-id', '447', '--raw', '--subdir', 'DAGS_FOLDER/running_buses_dbt_dag.py', '--cfg-path', '/tmp/tmp_1qa578c']
[2023-06-22T23:27:04.575+0000] {standard_task_runner.py:85} INFO - Job 447: Subtask dbt_run
[2023-06-22T23:27:04.621+0000] {task_command.py:410} INFO - Running <TaskInstance: running-buses-dbt-dag.dbt_run manual__2023-06-22T23:27:03.636805+00:00 [running]> on host 6bba1fead03c
[2023-06-22T23:27:04.721+0000] {taskinstance.py:1545} INFO - Exporting env vars: AIRFLOW_CTX_DAG_OWNER='***' AIRFLOW_CTX_DAG_ID='running-buses-dbt-dag' AIRFLOW_CTX_TASK_ID='dbt_run' AIRFLOW_CTX_EXECUTION_DATE='2023-06-22T23:27:03.636805+00:00' AIRFLOW_CTX_TRY_NUMBER='1' AIRFLOW_CTX_DAG_RUN_ID='manual__2023-06-22T23:27:03.636805+00:00'
[2023-06-22T23:27:04.723+0000] {dbt_hook.py:117} INFO - dbt run --profiles-dir /opt/***/tmp_data/dbt_bus_data/.dbt_profile --select stg_running_buses
[2023-06-22T23:27:04.726+0000] {dbt_hook.py:126} INFO - Output:
[2023-06-22T23:27:06.087+0000] {dbt_hook.py:130} INFO - [0m23:27:06  Running with dbt=1.5.1
[2023-06-22T23:27:07.310+0000] {dbt_hook.py:130} INFO - [0m23:27:07  [[33mWARNING[0m]: Configuration paths exist in your dbt_project.yml file which do not apply to any resources.
[2023-06-22T23:27:07.313+0000] {dbt_hook.py:130} INFO - There are 1 unused configuration paths:
[2023-06-22T23:27:07.314+0000] {dbt_hook.py:130} INFO - - models.dbt_bus_data.core
[2023-06-22T23:27:07.346+0000] {dbt_hook.py:130} INFO - [0m23:27:07  Found 1 model, 9 tests, 0 snapshots, 0 analyses, 356 macros, 0 operations, 3 seed files, 2 sources, 0 exposures, 0 metrics, 0 groups
[2023-06-22T23:27:07.352+0000] {dbt_hook.py:130} INFO - [0m23:27:07
[2023-06-22T23:27:08.394+0000] {dbt_hook.py:130} INFO - [0m23:27:08  Concurrency: 2 threads (target='dev')
[2023-06-22T23:27:08.395+0000] {dbt_hook.py:130} INFO - [0m23:27:08
[2023-06-22T23:27:08.411+0000] {dbt_hook.py:130} INFO - [0m23:27:08  1 of 1 START sql view model dbt_busdata_stag.stg_running_buses ................. [RUN]
[2023-06-22T23:27:09.337+0000] {dbt_hook.py:130} INFO - [0m23:27:09  1 of 1 OK created sql view model dbt_busdata_stag.stg_running_buses ............ [[32mCREATE VIEW (0 processed)[0m in 0.92s]
[2023-06-22T23:27:09.344+0000] {dbt_hook.py:130} INFO - [0m23:27:09
[2023-06-22T23:27:09.346+0000] {dbt_hook.py:130} INFO - [0m23:27:09  Finished running 1 view model in 0 hours 0 minutes and 1.99 seconds (1.99s).
[2023-06-22T23:27:09.367+0000] {dbt_hook.py:130} INFO - [0m23:27:09
[2023-06-22T23:27:09.368+0000] {dbt_hook.py:130} INFO - [0m23:27:09  [32mCompleted successfully[0m
[2023-06-22T23:27:09.370+0000] {dbt_hook.py:130} INFO - [0m23:27:09
[2023-06-22T23:27:09.371+0000] {dbt_hook.py:130} INFO - [0m23:27:09  Done. PASS=1 WARN=0 ERROR=0 SKIP=0 TOTAL=1
[2023-06-22T23:27:10.399+0000] {dbt_hook.py:132} INFO - Command exited with return code 0
[2023-06-22T23:27:10.411+0000] {taskinstance.py:1345} INFO - Marking task as SUCCESS. dag_id=running-buses-dbt-dag, task_id=dbt_run, execution_date=20230622T232703, start_date=20230622T232704, end_date=20230622T232710
[2023-06-22T23:27:10.432+0000] {local_task_job_runner.py:225} INFO - Task exited with return code 0
[2023-06-22T23:27:10.446+0000] {taskinstance.py:2653} INFO - 0 downstream tasks scheduled from follow-on schedule check
