[2023-06-17T19:09:30.970+0000] {taskinstance.py:1083} INFO - Dependencies all met for <TaskInstance: dbt-dag.dbt_run manual__2023-06-17T19:09:30.066668+00:00 [queued]>
[2023-06-17T19:09:30.977+0000] {taskinstance.py:1083} INFO - Dependencies all met for <TaskInstance: dbt-dag.dbt_run manual__2023-06-17T19:09:30.066668+00:00 [queued]>
[2023-06-17T19:09:30.978+0000] {taskinstance.py:1279} INFO - 
--------------------------------------------------------------------------------
[2023-06-17T19:09:30.979+0000] {taskinstance.py:1280} INFO - Starting attempt 1 of 1
[2023-06-17T19:09:30.979+0000] {taskinstance.py:1281} INFO - 
--------------------------------------------------------------------------------
[2023-06-17T19:09:30.989+0000] {taskinstance.py:1300} INFO - Executing <Task(DbtRunOperator): dbt_run> on 2023-06-17 19:09:30.066668+00:00
[2023-06-17T19:09:30.994+0000] {standard_task_runner.py:55} INFO - Started process 193 to run task
[2023-06-17T19:09:30.997+0000] {standard_task_runner.py:82} INFO - Running: ['***', 'tasks', 'run', 'dbt-dag', 'dbt_run', 'manual__2023-06-17T19:09:30.066668+00:00', '--job-id', '4', '--raw', '--subdir', 'DAGS_FOLDER/dbt_test.py', '--cfg-path', '/tmp/tmphm3y2jdg']
[2023-06-17T19:09:30.998+0000] {standard_task_runner.py:83} INFO - Job 4: Subtask dbt_run
[2023-06-17T19:09:31.057+0000] {task_command.py:388} INFO - Running <TaskInstance: dbt-dag.dbt_run manual__2023-06-17T19:09:30.066668+00:00 [running]> on host d15b10d50d8d
[2023-06-17T19:09:31.128+0000] {taskinstance.py:1509} INFO - Exporting the following env vars:
AIRFLOW_CTX_DAG_OWNER=***
AIRFLOW_CTX_DAG_ID=dbt-dag
AIRFLOW_CTX_TASK_ID=dbt_run
AIRFLOW_CTX_EXECUTION_DATE=2023-06-17T19:09:30.066668+00:00
AIRFLOW_CTX_TRY_NUMBER=1
AIRFLOW_CTX_DAG_RUN_ID=manual__2023-06-17T19:09:30.066668+00:00
[2023-06-17T19:09:31.130+0000] {dbt_hook.py:117} INFO - dbt run --profiles-dir /opt/***/tmp_data/dbt_bus_data/.dbt_profile
[2023-06-17T19:09:31.139+0000] {dbt_hook.py:126} INFO - Output:
[2023-06-17T19:09:32.531+0000] {dbt_hook.py:130} INFO - 19:09:32  Error importing adapter: No module named 'dbt.adapters.bigquery'
[2023-06-17T19:09:32.532+0000] {dbt_hook.py:130} INFO - 19:09:32  Encountered an error while reading profiles:
[2023-06-17T19:09:32.532+0000] {dbt_hook.py:130} INFO -   ERROR: Runtime Error
[2023-06-17T19:09:32.533+0000] {dbt_hook.py:130} INFO -   Credentials in profile "dbt_bus_data", target "dev" invalid: Runtime Error
[2023-06-17T19:09:32.533+0000] {dbt_hook.py:130} INFO -     Could not find adapter type bigquery!Defined profiles:
[2023-06-17T19:09:32.534+0000] {dbt_hook.py:130} INFO -  - dbt_bus_data
[2023-06-17T19:09:32.535+0000] {dbt_hook.py:130} INFO - For more information on configuring profiles, please consult the dbt docs:
[2023-06-17T19:09:32.535+0000] {dbt_hook.py:130} INFO - 
[2023-06-17T19:09:32.536+0000] {dbt_hook.py:130} INFO - https://docs.getdbt.com/docs/configure-your-profile
[2023-06-17T19:09:32.537+0000] {dbt_hook.py:130} INFO - 
[2023-06-17T19:09:32.537+0000] {dbt_hook.py:130} INFO - 19:09:32  Encountered an error:
[2023-06-17T19:09:32.538+0000] {dbt_hook.py:130} INFO - Runtime Error
[2023-06-17T19:09:32.539+0000] {dbt_hook.py:130} INFO -   Could not run dbt
[2023-06-17T19:09:32.648+0000] {dbt_hook.py:134} INFO - Command exited with return code 2
[2023-06-17T19:09:32.660+0000] {taskinstance.py:1768} ERROR - Task failed with exception
Traceback (most recent call last):
  File "/home/airflow/.local/lib/python3.7/site-packages/airflow_dbt/operators/dbt_operator.py", line 98, in execute
    self.create_hook().run_cli('run')
  File "/home/airflow/.local/lib/python3.7/site-packages/airflow_dbt/hooks/dbt_hook.py", line 138, in run_cli
    raise AirflowException("dbt command failed")
airflow.exceptions.AirflowException: dbt command failed
[2023-06-17T19:09:32.664+0000] {taskinstance.py:1323} INFO - Marking task as FAILED. dag_id=dbt-dag, task_id=dbt_run, execution_date=20230617T190930, start_date=20230617T190930, end_date=20230617T190932
[2023-06-17T19:09:32.676+0000] {standard_task_runner.py:105} ERROR - Failed to execute job 4 for task dbt_run (dbt command failed; 193)
[2023-06-17T19:09:32.727+0000] {local_task_job.py:208} INFO - Task exited with return code 1
[2023-06-17T19:09:32.744+0000] {taskinstance.py:2578} INFO - 0 downstream tasks scheduled from follow-on schedule check
