[2023-06-13T23:54:18.590+0000] {processor.py:157} INFO - Started process (PID=47) to work on /home/airflow/.local/lib/python3.7/site-packages/airflow/example_dags/example_dag_decorator.py
[2023-06-13T23:54:18.593+0000] {processor.py:826} INFO - Processing file /home/airflow/.local/lib/python3.7/site-packages/airflow/example_dags/example_dag_decorator.py for tasks to queue
[2023-06-13T23:54:18.600+0000] {logging_mixin.py:149} INFO - [2023-06-13T23:54:18.600+0000] {dagbag.py:541} INFO - Filling up the DagBag from /home/airflow/.local/lib/python3.7/site-packages/airflow/example_dags/example_dag_decorator.py
[2023-06-13T23:54:18.618+0000] {logging_mixin.py:149} INFO - [2023-06-13T23:54:18.617+0000] {taskmixin.py:211} WARNING - Dependency <Task(_PythonDecoratedOperator): prepare_email>, send_email already registered for DAG: example_dag_decorator
[2023-06-13T23:54:18.619+0000] {logging_mixin.py:149} INFO - [2023-06-13T23:54:18.619+0000] {taskmixin.py:211} WARNING - Dependency <Task(EmailOperator): send_email>, prepare_email already registered for DAG: example_dag_decorator
[2023-06-13T23:54:18.643+0000] {processor.py:836} INFO - DAG(s) dict_keys(['example_dag_decorator']) retrieved from /home/airflow/.local/lib/python3.7/site-packages/airflow/example_dags/example_dag_decorator.py
[2023-06-13T23:54:18.882+0000] {logging_mixin.py:149} INFO - [2023-06-13T23:54:18.882+0000] {manager.py:504} INFO - Created Permission View: can read on DAG:example_dag_decorator
[2023-06-13T23:54:18.898+0000] {logging_mixin.py:149} INFO - [2023-06-13T23:54:18.898+0000] {manager.py:504} INFO - Created Permission View: can delete on DAG:example_dag_decorator
[2023-06-13T23:54:18.906+0000] {logging_mixin.py:149} INFO - [2023-06-13T23:54:18.906+0000] {manager.py:504} INFO - Created Permission View: can edit on DAG:example_dag_decorator
[2023-06-13T23:54:18.908+0000] {logging_mixin.py:149} INFO - [2023-06-13T23:54:18.908+0000] {dag.py:2726} INFO - Sync 1 DAGs
[2023-06-13T23:54:18.928+0000] {logging_mixin.py:149} INFO - [2023-06-13T23:54:18.928+0000] {dag.py:2747} INFO - Creating ORM DAG for example_dag_decorator
[2023-06-13T23:54:18.950+0000] {logging_mixin.py:149} INFO - [2023-06-13T23:54:18.949+0000] {dag.py:3490} INFO - Setting next_dagrun for example_dag_decorator to None, run_after=None
[2023-06-13T23:54:18.982+0000] {processor.py:179} INFO - Processing /home/airflow/.local/lib/python3.7/site-packages/airflow/example_dags/example_dag_decorator.py took 0.398 seconds
[2023-06-13T23:54:49.795+0000] {processor.py:157} INFO - Started process (PID=104) to work on /home/airflow/.local/lib/python3.7/site-packages/airflow/example_dags/example_dag_decorator.py
[2023-06-13T23:54:49.797+0000] {processor.py:826} INFO - Processing file /home/airflow/.local/lib/python3.7/site-packages/airflow/example_dags/example_dag_decorator.py for tasks to queue
[2023-06-13T23:54:49.798+0000] {logging_mixin.py:149} INFO - [2023-06-13T23:54:49.798+0000] {dagbag.py:541} INFO - Filling up the DagBag from /home/airflow/.local/lib/python3.7/site-packages/airflow/example_dags/example_dag_decorator.py
[2023-06-13T23:54:49.805+0000] {logging_mixin.py:149} INFO - [2023-06-13T23:54:49.805+0000] {taskmixin.py:211} WARNING - Dependency <Task(_PythonDecoratedOperator): prepare_email>, send_email already registered for DAG: example_dag_decorator
[2023-06-13T23:54:49.806+0000] {logging_mixin.py:149} INFO - [2023-06-13T23:54:49.806+0000] {taskmixin.py:211} WARNING - Dependency <Task(EmailOperator): send_email>, prepare_email already registered for DAG: example_dag_decorator
[2023-06-13T23:54:49.813+0000] {processor.py:836} INFO - DAG(s) dict_keys(['example_dag_decorator']) retrieved from /home/airflow/.local/lib/python3.7/site-packages/airflow/example_dags/example_dag_decorator.py
[2023-06-13T23:54:49.865+0000] {logging_mixin.py:149} INFO - [2023-06-13T23:54:49.865+0000] {dag.py:2726} INFO - Sync 1 DAGs
[2023-06-13T23:54:49.880+0000] {logging_mixin.py:149} INFO - [2023-06-13T23:54:49.880+0000] {dag.py:3490} INFO - Setting next_dagrun for example_dag_decorator to None, run_after=None
[2023-06-13T23:54:49.894+0000] {processor.py:179} INFO - Processing /home/airflow/.local/lib/python3.7/site-packages/airflow/example_dags/example_dag_decorator.py took 0.101 seconds
[2023-06-13T23:55:20.841+0000] {processor.py:157} INFO - Started process (PID=160) to work on /home/airflow/.local/lib/python3.7/site-packages/airflow/example_dags/example_dag_decorator.py
[2023-06-13T23:55:20.843+0000] {processor.py:826} INFO - Processing file /home/airflow/.local/lib/python3.7/site-packages/airflow/example_dags/example_dag_decorator.py for tasks to queue
[2023-06-13T23:55:20.847+0000] {logging_mixin.py:149} INFO - [2023-06-13T23:55:20.847+0000] {dagbag.py:541} INFO - Filling up the DagBag from /home/airflow/.local/lib/python3.7/site-packages/airflow/example_dags/example_dag_decorator.py
[2023-06-13T23:55:20.855+0000] {logging_mixin.py:149} INFO - [2023-06-13T23:55:20.855+0000] {taskmixin.py:211} WARNING - Dependency <Task(_PythonDecoratedOperator): prepare_email>, send_email already registered for DAG: example_dag_decorator
[2023-06-13T23:55:20.856+0000] {logging_mixin.py:149} INFO - [2023-06-13T23:55:20.856+0000] {taskmixin.py:211} WARNING - Dependency <Task(EmailOperator): send_email>, prepare_email already registered for DAG: example_dag_decorator
[2023-06-13T23:55:20.865+0000] {processor.py:836} INFO - DAG(s) dict_keys(['example_dag_decorator']) retrieved from /home/airflow/.local/lib/python3.7/site-packages/airflow/example_dags/example_dag_decorator.py
[2023-06-13T23:55:20.930+0000] {logging_mixin.py:149} INFO - [2023-06-13T23:55:20.930+0000] {dag.py:2726} INFO - Sync 1 DAGs
[2023-06-13T23:55:20.952+0000] {logging_mixin.py:149} INFO - [2023-06-13T23:55:20.951+0000] {dag.py:3490} INFO - Setting next_dagrun for example_dag_decorator to None, run_after=None
[2023-06-13T23:55:20.971+0000] {processor.py:179} INFO - Processing /home/airflow/.local/lib/python3.7/site-packages/airflow/example_dags/example_dag_decorator.py took 0.133 seconds
[2023-06-13T23:55:51.411+0000] {processor.py:157} INFO - Started process (PID=216) to work on /home/airflow/.local/lib/python3.7/site-packages/airflow/example_dags/example_dag_decorator.py
[2023-06-13T23:55:51.412+0000] {processor.py:826} INFO - Processing file /home/airflow/.local/lib/python3.7/site-packages/airflow/example_dags/example_dag_decorator.py for tasks to queue
[2023-06-13T23:55:51.413+0000] {logging_mixin.py:149} INFO - [2023-06-13T23:55:51.413+0000] {dagbag.py:541} INFO - Filling up the DagBag from /home/airflow/.local/lib/python3.7/site-packages/airflow/example_dags/example_dag_decorator.py
[2023-06-13T23:55:51.418+0000] {logging_mixin.py:149} INFO - [2023-06-13T23:55:51.418+0000] {taskmixin.py:211} WARNING - Dependency <Task(_PythonDecoratedOperator): prepare_email>, send_email already registered for DAG: example_dag_decorator
[2023-06-13T23:55:51.419+0000] {logging_mixin.py:149} INFO - [2023-06-13T23:55:51.419+0000] {taskmixin.py:211} WARNING - Dependency <Task(EmailOperator): send_email>, prepare_email already registered for DAG: example_dag_decorator
[2023-06-13T23:55:51.425+0000] {processor.py:836} INFO - DAG(s) dict_keys(['example_dag_decorator']) retrieved from /home/airflow/.local/lib/python3.7/site-packages/airflow/example_dags/example_dag_decorator.py
[2023-06-13T23:55:51.471+0000] {logging_mixin.py:149} INFO - [2023-06-13T23:55:51.470+0000] {dag.py:2726} INFO - Sync 1 DAGs
[2023-06-13T23:55:51.486+0000] {logging_mixin.py:149} INFO - [2023-06-13T23:55:51.486+0000] {dag.py:3490} INFO - Setting next_dagrun for example_dag_decorator to None, run_after=None
[2023-06-13T23:55:51.500+0000] {processor.py:179} INFO - Processing /home/airflow/.local/lib/python3.7/site-packages/airflow/example_dags/example_dag_decorator.py took 0.091 seconds
[2023-06-13T23:56:21.991+0000] {processor.py:157} INFO - Started process (PID=272) to work on /home/airflow/.local/lib/python3.7/site-packages/airflow/example_dags/example_dag_decorator.py
[2023-06-13T23:56:21.993+0000] {processor.py:826} INFO - Processing file /home/airflow/.local/lib/python3.7/site-packages/airflow/example_dags/example_dag_decorator.py for tasks to queue
[2023-06-13T23:56:21.994+0000] {logging_mixin.py:149} INFO - [2023-06-13T23:56:21.994+0000] {dagbag.py:541} INFO - Filling up the DagBag from /home/airflow/.local/lib/python3.7/site-packages/airflow/example_dags/example_dag_decorator.py
[2023-06-13T23:56:22.000+0000] {logging_mixin.py:149} INFO - [2023-06-13T23:56:22.000+0000] {taskmixin.py:211} WARNING - Dependency <Task(_PythonDecoratedOperator): prepare_email>, send_email already registered for DAG: example_dag_decorator
[2023-06-13T23:56:22.001+0000] {logging_mixin.py:149} INFO - [2023-06-13T23:56:22.001+0000] {taskmixin.py:211} WARNING - Dependency <Task(EmailOperator): send_email>, prepare_email already registered for DAG: example_dag_decorator
[2023-06-13T23:56:22.007+0000] {processor.py:836} INFO - DAG(s) dict_keys(['example_dag_decorator']) retrieved from /home/airflow/.local/lib/python3.7/site-packages/airflow/example_dags/example_dag_decorator.py
[2023-06-13T23:56:22.051+0000] {logging_mixin.py:149} INFO - [2023-06-13T23:56:22.051+0000] {dag.py:2726} INFO - Sync 1 DAGs
[2023-06-13T23:56:22.066+0000] {logging_mixin.py:149} INFO - [2023-06-13T23:56:22.066+0000] {dag.py:3490} INFO - Setting next_dagrun for example_dag_decorator to None, run_after=None
[2023-06-13T23:56:22.080+0000] {processor.py:179} INFO - Processing /home/airflow/.local/lib/python3.7/site-packages/airflow/example_dags/example_dag_decorator.py took 0.091 seconds
[2023-06-13T23:56:52.544+0000] {processor.py:157} INFO - Started process (PID=328) to work on /home/airflow/.local/lib/python3.7/site-packages/airflow/example_dags/example_dag_decorator.py
[2023-06-13T23:56:52.545+0000] {processor.py:826} INFO - Processing file /home/airflow/.local/lib/python3.7/site-packages/airflow/example_dags/example_dag_decorator.py for tasks to queue
[2023-06-13T23:56:52.547+0000] {logging_mixin.py:149} INFO - [2023-06-13T23:56:52.546+0000] {dagbag.py:541} INFO - Filling up the DagBag from /home/airflow/.local/lib/python3.7/site-packages/airflow/example_dags/example_dag_decorator.py
[2023-06-13T23:56:52.553+0000] {logging_mixin.py:149} INFO - [2023-06-13T23:56:52.552+0000] {taskmixin.py:211} WARNING - Dependency <Task(_PythonDecoratedOperator): prepare_email>, send_email already registered for DAG: example_dag_decorator
[2023-06-13T23:56:52.554+0000] {logging_mixin.py:149} INFO - [2023-06-13T23:56:52.554+0000] {taskmixin.py:211} WARNING - Dependency <Task(EmailOperator): send_email>, prepare_email already registered for DAG: example_dag_decorator
[2023-06-13T23:56:52.563+0000] {processor.py:836} INFO - DAG(s) dict_keys(['example_dag_decorator']) retrieved from /home/airflow/.local/lib/python3.7/site-packages/airflow/example_dags/example_dag_decorator.py
[2023-06-13T23:56:52.618+0000] {logging_mixin.py:149} INFO - [2023-06-13T23:56:52.618+0000] {dag.py:2726} INFO - Sync 1 DAGs
[2023-06-13T23:56:52.638+0000] {logging_mixin.py:149} INFO - [2023-06-13T23:56:52.637+0000] {dag.py:3490} INFO - Setting next_dagrun for example_dag_decorator to None, run_after=None
[2023-06-13T23:56:52.656+0000] {processor.py:179} INFO - Processing /home/airflow/.local/lib/python3.7/site-packages/airflow/example_dags/example_dag_decorator.py took 0.116 seconds
[2023-06-13T23:57:23.256+0000] {processor.py:157} INFO - Started process (PID=384) to work on /home/airflow/.local/lib/python3.7/site-packages/airflow/example_dags/example_dag_decorator.py
[2023-06-13T23:57:23.258+0000] {processor.py:826} INFO - Processing file /home/airflow/.local/lib/python3.7/site-packages/airflow/example_dags/example_dag_decorator.py for tasks to queue
[2023-06-13T23:57:23.259+0000] {logging_mixin.py:149} INFO - [2023-06-13T23:57:23.259+0000] {dagbag.py:541} INFO - Filling up the DagBag from /home/airflow/.local/lib/python3.7/site-packages/airflow/example_dags/example_dag_decorator.py
[2023-06-13T23:57:23.264+0000] {logging_mixin.py:149} INFO - [2023-06-13T23:57:23.264+0000] {taskmixin.py:211} WARNING - Dependency <Task(_PythonDecoratedOperator): prepare_email>, send_email already registered for DAG: example_dag_decorator
[2023-06-13T23:57:23.265+0000] {logging_mixin.py:149} INFO - [2023-06-13T23:57:23.265+0000] {taskmixin.py:211} WARNING - Dependency <Task(EmailOperator): send_email>, prepare_email already registered for DAG: example_dag_decorator
[2023-06-13T23:57:23.272+0000] {processor.py:836} INFO - DAG(s) dict_keys(['example_dag_decorator']) retrieved from /home/airflow/.local/lib/python3.7/site-packages/airflow/example_dags/example_dag_decorator.py
[2023-06-13T23:57:23.321+0000] {logging_mixin.py:149} INFO - [2023-06-13T23:57:23.321+0000] {dag.py:2726} INFO - Sync 1 DAGs
[2023-06-13T23:57:23.336+0000] {logging_mixin.py:149} INFO - [2023-06-13T23:57:23.336+0000] {dag.py:3490} INFO - Setting next_dagrun for example_dag_decorator to None, run_after=None
[2023-06-13T23:57:23.349+0000] {processor.py:179} INFO - Processing /home/airflow/.local/lib/python3.7/site-packages/airflow/example_dags/example_dag_decorator.py took 0.096 seconds
[2023-06-13T23:57:53.865+0000] {processor.py:157} INFO - Started process (PID=440) to work on /home/airflow/.local/lib/python3.7/site-packages/airflow/example_dags/example_dag_decorator.py
[2023-06-13T23:57:53.867+0000] {processor.py:826} INFO - Processing file /home/airflow/.local/lib/python3.7/site-packages/airflow/example_dags/example_dag_decorator.py for tasks to queue
[2023-06-13T23:57:53.872+0000] {logging_mixin.py:149} INFO - [2023-06-13T23:57:53.871+0000] {dagbag.py:541} INFO - Filling up the DagBag from /home/airflow/.local/lib/python3.7/site-packages/airflow/example_dags/example_dag_decorator.py
[2023-06-13T23:57:53.879+0000] {logging_mixin.py:149} INFO - [2023-06-13T23:57:53.879+0000] {taskmixin.py:211} WARNING - Dependency <Task(_PythonDecoratedOperator): prepare_email>, send_email already registered for DAG: example_dag_decorator
[2023-06-13T23:57:53.880+0000] {logging_mixin.py:149} INFO - [2023-06-13T23:57:53.880+0000] {taskmixin.py:211} WARNING - Dependency <Task(EmailOperator): send_email>, prepare_email already registered for DAG: example_dag_decorator
[2023-06-13T23:57:53.889+0000] {processor.py:836} INFO - DAG(s) dict_keys(['example_dag_decorator']) retrieved from /home/airflow/.local/lib/python3.7/site-packages/airflow/example_dags/example_dag_decorator.py
[2023-06-13T23:57:53.944+0000] {logging_mixin.py:149} INFO - [2023-06-13T23:57:53.944+0000] {dag.py:2726} INFO - Sync 1 DAGs
[2023-06-13T23:57:53.961+0000] {logging_mixin.py:149} INFO - [2023-06-13T23:57:53.961+0000] {dag.py:3490} INFO - Setting next_dagrun for example_dag_decorator to None, run_after=None
[2023-06-13T23:57:53.974+0000] {processor.py:179} INFO - Processing /home/airflow/.local/lib/python3.7/site-packages/airflow/example_dags/example_dag_decorator.py took 0.112 seconds
[2023-06-13T23:58:24.646+0000] {processor.py:157} INFO - Started process (PID=496) to work on /home/airflow/.local/lib/python3.7/site-packages/airflow/example_dags/example_dag_decorator.py
[2023-06-13T23:58:24.647+0000] {processor.py:826} INFO - Processing file /home/airflow/.local/lib/python3.7/site-packages/airflow/example_dags/example_dag_decorator.py for tasks to queue
[2023-06-13T23:58:24.648+0000] {logging_mixin.py:149} INFO - [2023-06-13T23:58:24.648+0000] {dagbag.py:541} INFO - Filling up the DagBag from /home/airflow/.local/lib/python3.7/site-packages/airflow/example_dags/example_dag_decorator.py
[2023-06-13T23:58:24.654+0000] {logging_mixin.py:149} INFO - [2023-06-13T23:58:24.654+0000] {taskmixin.py:211} WARNING - Dependency <Task(_PythonDecoratedOperator): prepare_email>, send_email already registered for DAG: example_dag_decorator
[2023-06-13T23:58:24.655+0000] {logging_mixin.py:149} INFO - [2023-06-13T23:58:24.655+0000] {taskmixin.py:211} WARNING - Dependency <Task(EmailOperator): send_email>, prepare_email already registered for DAG: example_dag_decorator
[2023-06-13T23:58:24.662+0000] {processor.py:836} INFO - DAG(s) dict_keys(['example_dag_decorator']) retrieved from /home/airflow/.local/lib/python3.7/site-packages/airflow/example_dags/example_dag_decorator.py
[2023-06-13T23:58:24.714+0000] {logging_mixin.py:149} INFO - [2023-06-13T23:58:24.714+0000] {dag.py:2726} INFO - Sync 1 DAGs
[2023-06-13T23:58:24.732+0000] {logging_mixin.py:149} INFO - [2023-06-13T23:58:24.732+0000] {dag.py:3490} INFO - Setting next_dagrun for example_dag_decorator to None, run_after=None
[2023-06-13T23:58:24.753+0000] {processor.py:179} INFO - Processing /home/airflow/.local/lib/python3.7/site-packages/airflow/example_dags/example_dag_decorator.py took 0.111 seconds
[2023-06-13T23:58:55.181+0000] {processor.py:157} INFO - Started process (PID=552) to work on /home/airflow/.local/lib/python3.7/site-packages/airflow/example_dags/example_dag_decorator.py
[2023-06-13T23:58:55.183+0000] {processor.py:826} INFO - Processing file /home/airflow/.local/lib/python3.7/site-packages/airflow/example_dags/example_dag_decorator.py for tasks to queue
[2023-06-13T23:58:55.183+0000] {logging_mixin.py:149} INFO - [2023-06-13T23:58:55.183+0000] {dagbag.py:541} INFO - Filling up the DagBag from /home/airflow/.local/lib/python3.7/site-packages/airflow/example_dags/example_dag_decorator.py
[2023-06-13T23:58:55.188+0000] {logging_mixin.py:149} INFO - [2023-06-13T23:58:55.188+0000] {taskmixin.py:211} WARNING - Dependency <Task(_PythonDecoratedOperator): prepare_email>, send_email already registered for DAG: example_dag_decorator
[2023-06-13T23:58:55.189+0000] {logging_mixin.py:149} INFO - [2023-06-13T23:58:55.189+0000] {taskmixin.py:211} WARNING - Dependency <Task(EmailOperator): send_email>, prepare_email already registered for DAG: example_dag_decorator
[2023-06-13T23:58:55.195+0000] {processor.py:836} INFO - DAG(s) dict_keys(['example_dag_decorator']) retrieved from /home/airflow/.local/lib/python3.7/site-packages/airflow/example_dags/example_dag_decorator.py
[2023-06-13T23:58:55.241+0000] {logging_mixin.py:149} INFO - [2023-06-13T23:58:55.241+0000] {dag.py:2726} INFO - Sync 1 DAGs
[2023-06-13T23:58:55.258+0000] {logging_mixin.py:149} INFO - [2023-06-13T23:58:55.257+0000] {dag.py:3490} INFO - Setting next_dagrun for example_dag_decorator to None, run_after=None
[2023-06-13T23:58:55.272+0000] {processor.py:179} INFO - Processing /home/airflow/.local/lib/python3.7/site-packages/airflow/example_dags/example_dag_decorator.py took 0.093 seconds
[2023-06-13T23:59:25.780+0000] {processor.py:157} INFO - Started process (PID=607) to work on /home/airflow/.local/lib/python3.7/site-packages/airflow/example_dags/example_dag_decorator.py
[2023-06-13T23:59:25.781+0000] {processor.py:826} INFO - Processing file /home/airflow/.local/lib/python3.7/site-packages/airflow/example_dags/example_dag_decorator.py for tasks to queue
[2023-06-13T23:59:25.782+0000] {logging_mixin.py:149} INFO - [2023-06-13T23:59:25.782+0000] {dagbag.py:541} INFO - Filling up the DagBag from /home/airflow/.local/lib/python3.7/site-packages/airflow/example_dags/example_dag_decorator.py
[2023-06-13T23:59:25.790+0000] {logging_mixin.py:149} INFO - [2023-06-13T23:59:25.790+0000] {taskmixin.py:211} WARNING - Dependency <Task(_PythonDecoratedOperator): prepare_email>, send_email already registered for DAG: example_dag_decorator
[2023-06-13T23:59:25.791+0000] {logging_mixin.py:149} INFO - [2023-06-13T23:59:25.790+0000] {taskmixin.py:211} WARNING - Dependency <Task(EmailOperator): send_email>, prepare_email already registered for DAG: example_dag_decorator
[2023-06-13T23:59:25.798+0000] {processor.py:836} INFO - DAG(s) dict_keys(['example_dag_decorator']) retrieved from /home/airflow/.local/lib/python3.7/site-packages/airflow/example_dags/example_dag_decorator.py
[2023-06-13T23:59:25.845+0000] {logging_mixin.py:149} INFO - [2023-06-13T23:59:25.845+0000] {dag.py:2726} INFO - Sync 1 DAGs
[2023-06-13T23:59:25.860+0000] {logging_mixin.py:149} INFO - [2023-06-13T23:59:25.860+0000] {dag.py:3490} INFO - Setting next_dagrun for example_dag_decorator to None, run_after=None
[2023-06-13T23:59:25.877+0000] {processor.py:179} INFO - Processing /home/airflow/.local/lib/python3.7/site-packages/airflow/example_dags/example_dag_decorator.py took 0.099 seconds
[2023-06-13T23:59:56.323+0000] {processor.py:157} INFO - Started process (PID=663) to work on /home/airflow/.local/lib/python3.7/site-packages/airflow/example_dags/example_dag_decorator.py
[2023-06-13T23:59:56.325+0000] {processor.py:826} INFO - Processing file /home/airflow/.local/lib/python3.7/site-packages/airflow/example_dags/example_dag_decorator.py for tasks to queue
[2023-06-13T23:59:56.326+0000] {logging_mixin.py:149} INFO - [2023-06-13T23:59:56.326+0000] {dagbag.py:541} INFO - Filling up the DagBag from /home/airflow/.local/lib/python3.7/site-packages/airflow/example_dags/example_dag_decorator.py
[2023-06-13T23:59:56.332+0000] {logging_mixin.py:149} INFO - [2023-06-13T23:59:56.332+0000] {taskmixin.py:211} WARNING - Dependency <Task(_PythonDecoratedOperator): prepare_email>, send_email already registered for DAG: example_dag_decorator
[2023-06-13T23:59:56.333+0000] {logging_mixin.py:149} INFO - [2023-06-13T23:59:56.333+0000] {taskmixin.py:211} WARNING - Dependency <Task(EmailOperator): send_email>, prepare_email already registered for DAG: example_dag_decorator
[2023-06-13T23:59:56.338+0000] {processor.py:836} INFO - DAG(s) dict_keys(['example_dag_decorator']) retrieved from /home/airflow/.local/lib/python3.7/site-packages/airflow/example_dags/example_dag_decorator.py
[2023-06-13T23:59:56.380+0000] {logging_mixin.py:149} INFO - [2023-06-13T23:59:56.380+0000] {dag.py:2726} INFO - Sync 1 DAGs
[2023-06-13T23:59:56.396+0000] {logging_mixin.py:149} INFO - [2023-06-13T23:59:56.396+0000] {dag.py:3490} INFO - Setting next_dagrun for example_dag_decorator to None, run_after=None
[2023-06-13T23:59:56.410+0000] {processor.py:179} INFO - Processing /home/airflow/.local/lib/python3.7/site-packages/airflow/example_dags/example_dag_decorator.py took 0.089 seconds
