[2023-06-13T23:54:19.380+0000] {processor.py:157} INFO - Started process (PID=51) to work on /home/airflow/.local/lib/python3.7/site-packages/airflow/example_dags/example_xcomargs.py
[2023-06-13T23:54:19.382+0000] {processor.py:826} INFO - Processing file /home/airflow/.local/lib/python3.7/site-packages/airflow/example_dags/example_xcomargs.py for tasks to queue
[2023-06-13T23:54:19.384+0000] {logging_mixin.py:149} INFO - [2023-06-13T23:54:19.384+0000] {dagbag.py:541} INFO - Filling up the DagBag from /home/airflow/.local/lib/python3.7/site-packages/airflow/example_dags/example_xcomargs.py
[2023-06-13T23:54:19.398+0000] {processor.py:836} INFO - DAG(s) dict_keys(['example_xcom_args', 'example_xcom_args_with_operators']) retrieved from /home/airflow/.local/lib/python3.7/site-packages/airflow/example_dags/example_xcomargs.py
[2023-06-13T23:54:19.543+0000] {logging_mixin.py:149} INFO - [2023-06-13T23:54:19.543+0000] {manager.py:504} INFO - Created Permission View: can read on DAG:example_xcom_args
[2023-06-13T23:54:19.553+0000] {logging_mixin.py:149} INFO - [2023-06-13T23:54:19.553+0000] {manager.py:504} INFO - Created Permission View: can delete on DAG:example_xcom_args
[2023-06-13T23:54:19.567+0000] {logging_mixin.py:149} INFO - [2023-06-13T23:54:19.567+0000] {manager.py:504} INFO - Created Permission View: can edit on DAG:example_xcom_args
[2023-06-13T23:54:19.582+0000] {logging_mixin.py:149} INFO - [2023-06-13T23:54:19.582+0000] {manager.py:504} INFO - Created Permission View: can read on DAG:example_xcom_args_with_operators
[2023-06-13T23:54:19.588+0000] {logging_mixin.py:149} INFO - [2023-06-13T23:54:19.588+0000] {manager.py:504} INFO - Created Permission View: can delete on DAG:example_xcom_args_with_operators
[2023-06-13T23:54:19.597+0000] {logging_mixin.py:149} INFO - [2023-06-13T23:54:19.597+0000] {manager.py:504} INFO - Created Permission View: can edit on DAG:example_xcom_args_with_operators
[2023-06-13T23:54:19.598+0000] {logging_mixin.py:149} INFO - [2023-06-13T23:54:19.598+0000] {dag.py:2726} INFO - Sync 2 DAGs
[2023-06-13T23:54:19.608+0000] {logging_mixin.py:149} INFO - [2023-06-13T23:54:19.608+0000] {dag.py:2747} INFO - Creating ORM DAG for example_xcom_args
[2023-06-13T23:54:19.609+0000] {logging_mixin.py:149} INFO - [2023-06-13T23:54:19.609+0000] {dag.py:2747} INFO - Creating ORM DAG for example_xcom_args_with_operators
[2023-06-13T23:54:19.619+0000] {logging_mixin.py:149} INFO - [2023-06-13T23:54:19.619+0000] {dag.py:3490} INFO - Setting next_dagrun for example_xcom_args to None, run_after=None
[2023-06-13T23:54:19.621+0000] {logging_mixin.py:149} INFO - [2023-06-13T23:54:19.621+0000] {dag.py:3490} INFO - Setting next_dagrun for example_xcom_args_with_operators to None, run_after=None
[2023-06-13T23:54:19.661+0000] {processor.py:179} INFO - Processing /home/airflow/.local/lib/python3.7/site-packages/airflow/example_dags/example_xcomargs.py took 0.286 seconds
[2023-06-13T23:54:50.013+0000] {processor.py:157} INFO - Started process (PID=108) to work on /home/airflow/.local/lib/python3.7/site-packages/airflow/example_dags/example_xcomargs.py
[2023-06-13T23:54:50.014+0000] {processor.py:826} INFO - Processing file /home/airflow/.local/lib/python3.7/site-packages/airflow/example_dags/example_xcomargs.py for tasks to queue
[2023-06-13T23:54:50.015+0000] {logging_mixin.py:149} INFO - [2023-06-13T23:54:50.015+0000] {dagbag.py:541} INFO - Filling up the DagBag from /home/airflow/.local/lib/python3.7/site-packages/airflow/example_dags/example_xcomargs.py
[2023-06-13T23:54:50.021+0000] {processor.py:836} INFO - DAG(s) dict_keys(['example_xcom_args', 'example_xcom_args_with_operators']) retrieved from /home/airflow/.local/lib/python3.7/site-packages/airflow/example_dags/example_xcomargs.py
[2023-06-13T23:54:50.048+0000] {logging_mixin.py:149} INFO - [2023-06-13T23:54:50.048+0000] {dag.py:2726} INFO - Sync 2 DAGs
[2023-06-13T23:54:50.070+0000] {logging_mixin.py:149} INFO - [2023-06-13T23:54:50.070+0000] {dag.py:3490} INFO - Setting next_dagrun for example_xcom_args to None, run_after=None
[2023-06-13T23:54:50.075+0000] {logging_mixin.py:149} INFO - [2023-06-13T23:54:50.075+0000] {dag.py:3490} INFO - Setting next_dagrun for example_xcom_args_with_operators to None, run_after=None
[2023-06-13T23:54:50.095+0000] {processor.py:179} INFO - Processing /home/airflow/.local/lib/python3.7/site-packages/airflow/example_dags/example_xcomargs.py took 0.085 seconds
[2023-06-13T23:55:21.127+0000] {processor.py:157} INFO - Started process (PID=164) to work on /home/airflow/.local/lib/python3.7/site-packages/airflow/example_dags/example_xcomargs.py
[2023-06-13T23:55:21.130+0000] {processor.py:826} INFO - Processing file /home/airflow/.local/lib/python3.7/site-packages/airflow/example_dags/example_xcomargs.py for tasks to queue
[2023-06-13T23:55:21.132+0000] {logging_mixin.py:149} INFO - [2023-06-13T23:55:21.132+0000] {dagbag.py:541} INFO - Filling up the DagBag from /home/airflow/.local/lib/python3.7/site-packages/airflow/example_dags/example_xcomargs.py
[2023-06-13T23:55:21.139+0000] {processor.py:836} INFO - DAG(s) dict_keys(['example_xcom_args', 'example_xcom_args_with_operators']) retrieved from /home/airflow/.local/lib/python3.7/site-packages/airflow/example_dags/example_xcomargs.py
[2023-06-13T23:55:21.177+0000] {logging_mixin.py:149} INFO - [2023-06-13T23:55:21.177+0000] {dag.py:2726} INFO - Sync 2 DAGs
[2023-06-13T23:55:21.204+0000] {logging_mixin.py:149} INFO - [2023-06-13T23:55:21.204+0000] {dag.py:3490} INFO - Setting next_dagrun for example_xcom_args to None, run_after=None
[2023-06-13T23:55:21.213+0000] {logging_mixin.py:149} INFO - [2023-06-13T23:55:21.213+0000] {dag.py:3490} INFO - Setting next_dagrun for example_xcom_args_with_operators to None, run_after=None
[2023-06-13T23:55:21.230+0000] {processor.py:179} INFO - Processing /home/airflow/.local/lib/python3.7/site-packages/airflow/example_dags/example_xcomargs.py took 0.106 seconds
[2023-06-13T23:55:51.614+0000] {processor.py:157} INFO - Started process (PID=220) to work on /home/airflow/.local/lib/python3.7/site-packages/airflow/example_dags/example_xcomargs.py
[2023-06-13T23:55:51.616+0000] {processor.py:826} INFO - Processing file /home/airflow/.local/lib/python3.7/site-packages/airflow/example_dags/example_xcomargs.py for tasks to queue
[2023-06-13T23:55:51.617+0000] {logging_mixin.py:149} INFO - [2023-06-13T23:55:51.617+0000] {dagbag.py:541} INFO - Filling up the DagBag from /home/airflow/.local/lib/python3.7/site-packages/airflow/example_dags/example_xcomargs.py
[2023-06-13T23:55:51.623+0000] {processor.py:836} INFO - DAG(s) dict_keys(['example_xcom_args_with_operators', 'example_xcom_args']) retrieved from /home/airflow/.local/lib/python3.7/site-packages/airflow/example_dags/example_xcomargs.py
[2023-06-13T23:55:51.645+0000] {logging_mixin.py:149} INFO - [2023-06-13T23:55:51.645+0000] {dag.py:2726} INFO - Sync 2 DAGs
[2023-06-13T23:55:51.663+0000] {logging_mixin.py:149} INFO - [2023-06-13T23:55:51.662+0000] {dag.py:3490} INFO - Setting next_dagrun for example_xcom_args to None, run_after=None
[2023-06-13T23:55:51.666+0000] {logging_mixin.py:149} INFO - [2023-06-13T23:55:51.666+0000] {dag.py:3490} INFO - Setting next_dagrun for example_xcom_args_with_operators to None, run_after=None
[2023-06-13T23:55:51.707+0000] {processor.py:179} INFO - Processing /home/airflow/.local/lib/python3.7/site-packages/airflow/example_dags/example_xcomargs.py took 0.096 seconds
[2023-06-13T23:56:22.209+0000] {processor.py:157} INFO - Started process (PID=276) to work on /home/airflow/.local/lib/python3.7/site-packages/airflow/example_dags/example_xcomargs.py
[2023-06-13T23:56:22.210+0000] {processor.py:826} INFO - Processing file /home/airflow/.local/lib/python3.7/site-packages/airflow/example_dags/example_xcomargs.py for tasks to queue
[2023-06-13T23:56:22.211+0000] {logging_mixin.py:149} INFO - [2023-06-13T23:56:22.211+0000] {dagbag.py:541} INFO - Filling up the DagBag from /home/airflow/.local/lib/python3.7/site-packages/airflow/example_dags/example_xcomargs.py
[2023-06-13T23:56:22.218+0000] {processor.py:836} INFO - DAG(s) dict_keys(['example_xcom_args_with_operators', 'example_xcom_args']) retrieved from /home/airflow/.local/lib/python3.7/site-packages/airflow/example_dags/example_xcomargs.py
[2023-06-13T23:56:22.244+0000] {logging_mixin.py:149} INFO - [2023-06-13T23:56:22.244+0000] {dag.py:2726} INFO - Sync 2 DAGs
[2023-06-13T23:56:22.260+0000] {logging_mixin.py:149} INFO - [2023-06-13T23:56:22.260+0000] {dag.py:3490} INFO - Setting next_dagrun for example_xcom_args to None, run_after=None
[2023-06-13T23:56:22.264+0000] {logging_mixin.py:149} INFO - [2023-06-13T23:56:22.263+0000] {dag.py:3490} INFO - Setting next_dagrun for example_xcom_args_with_operators to None, run_after=None
[2023-06-13T23:56:22.275+0000] {processor.py:179} INFO - Processing /home/airflow/.local/lib/python3.7/site-packages/airflow/example_dags/example_xcomargs.py took 0.069 seconds
[2023-06-13T23:56:52.815+0000] {processor.py:157} INFO - Started process (PID=332) to work on /home/airflow/.local/lib/python3.7/site-packages/airflow/example_dags/example_xcomargs.py
[2023-06-13T23:56:52.817+0000] {processor.py:826} INFO - Processing file /home/airflow/.local/lib/python3.7/site-packages/airflow/example_dags/example_xcomargs.py for tasks to queue
[2023-06-13T23:56:52.818+0000] {logging_mixin.py:149} INFO - [2023-06-13T23:56:52.818+0000] {dagbag.py:541} INFO - Filling up the DagBag from /home/airflow/.local/lib/python3.7/site-packages/airflow/example_dags/example_xcomargs.py
[2023-06-13T23:56:52.825+0000] {processor.py:836} INFO - DAG(s) dict_keys(['example_xcom_args', 'example_xcom_args_with_operators']) retrieved from /home/airflow/.local/lib/python3.7/site-packages/airflow/example_dags/example_xcomargs.py
[2023-06-13T23:56:52.851+0000] {logging_mixin.py:149} INFO - [2023-06-13T23:56:52.850+0000] {dag.py:2726} INFO - Sync 2 DAGs
[2023-06-13T23:56:52.868+0000] {logging_mixin.py:149} INFO - [2023-06-13T23:56:52.868+0000] {dag.py:3490} INFO - Setting next_dagrun for example_xcom_args to None, run_after=None
[2023-06-13T23:56:52.871+0000] {logging_mixin.py:149} INFO - [2023-06-13T23:56:52.871+0000] {dag.py:3490} INFO - Setting next_dagrun for example_xcom_args_with_operators to None, run_after=None
[2023-06-13T23:56:52.884+0000] {processor.py:179} INFO - Processing /home/airflow/.local/lib/python3.7/site-packages/airflow/example_dags/example_xcomargs.py took 0.072 seconds
[2023-06-13T23:57:23.467+0000] {processor.py:157} INFO - Started process (PID=388) to work on /home/airflow/.local/lib/python3.7/site-packages/airflow/example_dags/example_xcomargs.py
[2023-06-13T23:57:23.468+0000] {processor.py:826} INFO - Processing file /home/airflow/.local/lib/python3.7/site-packages/airflow/example_dags/example_xcomargs.py for tasks to queue
[2023-06-13T23:57:23.469+0000] {logging_mixin.py:149} INFO - [2023-06-13T23:57:23.469+0000] {dagbag.py:541} INFO - Filling up the DagBag from /home/airflow/.local/lib/python3.7/site-packages/airflow/example_dags/example_xcomargs.py
[2023-06-13T23:57:23.475+0000] {processor.py:836} INFO - DAG(s) dict_keys(['example_xcom_args_with_operators', 'example_xcom_args']) retrieved from /home/airflow/.local/lib/python3.7/site-packages/airflow/example_dags/example_xcomargs.py
[2023-06-13T23:57:23.499+0000] {logging_mixin.py:149} INFO - [2023-06-13T23:57:23.499+0000] {dag.py:2726} INFO - Sync 2 DAGs
[2023-06-13T23:57:23.521+0000] {logging_mixin.py:149} INFO - [2023-06-13T23:57:23.521+0000] {dag.py:3490} INFO - Setting next_dagrun for example_xcom_args to None, run_after=None
[2023-06-13T23:57:23.524+0000] {logging_mixin.py:149} INFO - [2023-06-13T23:57:23.524+0000] {dag.py:3490} INFO - Setting next_dagrun for example_xcom_args_with_operators to None, run_after=None
[2023-06-13T23:57:23.539+0000] {processor.py:179} INFO - Processing /home/airflow/.local/lib/python3.7/site-packages/airflow/example_dags/example_xcomargs.py took 0.075 seconds
[2023-06-13T23:57:54.098+0000] {processor.py:157} INFO - Started process (PID=444) to work on /home/airflow/.local/lib/python3.7/site-packages/airflow/example_dags/example_xcomargs.py
[2023-06-13T23:57:54.100+0000] {processor.py:826} INFO - Processing file /home/airflow/.local/lib/python3.7/site-packages/airflow/example_dags/example_xcomargs.py for tasks to queue
[2023-06-13T23:57:54.102+0000] {logging_mixin.py:149} INFO - [2023-06-13T23:57:54.102+0000] {dagbag.py:541} INFO - Filling up the DagBag from /home/airflow/.local/lib/python3.7/site-packages/airflow/example_dags/example_xcomargs.py
[2023-06-13T23:57:54.108+0000] {processor.py:836} INFO - DAG(s) dict_keys(['example_xcom_args', 'example_xcom_args_with_operators']) retrieved from /home/airflow/.local/lib/python3.7/site-packages/airflow/example_dags/example_xcomargs.py
[2023-06-13T23:57:54.134+0000] {logging_mixin.py:149} INFO - [2023-06-13T23:57:54.134+0000] {dag.py:2726} INFO - Sync 2 DAGs
[2023-06-13T23:57:54.152+0000] {logging_mixin.py:149} INFO - [2023-06-13T23:57:54.152+0000] {dag.py:3490} INFO - Setting next_dagrun for example_xcom_args to None, run_after=None
[2023-06-13T23:57:54.155+0000] {logging_mixin.py:149} INFO - [2023-06-13T23:57:54.155+0000] {dag.py:3490} INFO - Setting next_dagrun for example_xcom_args_with_operators to None, run_after=None
[2023-06-13T23:57:54.167+0000] {processor.py:179} INFO - Processing /home/airflow/.local/lib/python3.7/site-packages/airflow/example_dags/example_xcomargs.py took 0.072 seconds
[2023-06-13T23:58:24.877+0000] {processor.py:157} INFO - Started process (PID=500) to work on /home/airflow/.local/lib/python3.7/site-packages/airflow/example_dags/example_xcomargs.py
[2023-06-13T23:58:24.879+0000] {processor.py:826} INFO - Processing file /home/airflow/.local/lib/python3.7/site-packages/airflow/example_dags/example_xcomargs.py for tasks to queue
[2023-06-13T23:58:24.881+0000] {logging_mixin.py:149} INFO - [2023-06-13T23:58:24.881+0000] {dagbag.py:541} INFO - Filling up the DagBag from /home/airflow/.local/lib/python3.7/site-packages/airflow/example_dags/example_xcomargs.py
[2023-06-13T23:58:24.891+0000] {processor.py:836} INFO - DAG(s) dict_keys(['example_xcom_args_with_operators', 'example_xcom_args']) retrieved from /home/airflow/.local/lib/python3.7/site-packages/airflow/example_dags/example_xcomargs.py
[2023-06-13T23:58:24.924+0000] {logging_mixin.py:149} INFO - [2023-06-13T23:58:24.924+0000] {dag.py:2726} INFO - Sync 2 DAGs
[2023-06-13T23:58:24.946+0000] {logging_mixin.py:149} INFO - [2023-06-13T23:58:24.946+0000] {dag.py:3490} INFO - Setting next_dagrun for example_xcom_args to None, run_after=None
[2023-06-13T23:58:24.950+0000] {logging_mixin.py:149} INFO - [2023-06-13T23:58:24.950+0000] {dag.py:3490} INFO - Setting next_dagrun for example_xcom_args_with_operators to None, run_after=None
[2023-06-13T23:58:24.963+0000] {processor.py:179} INFO - Processing /home/airflow/.local/lib/python3.7/site-packages/airflow/example_dags/example_xcomargs.py took 0.091 seconds
[2023-06-13T23:58:55.383+0000] {processor.py:157} INFO - Started process (PID=556) to work on /home/airflow/.local/lib/python3.7/site-packages/airflow/example_dags/example_xcomargs.py
[2023-06-13T23:58:55.384+0000] {processor.py:826} INFO - Processing file /home/airflow/.local/lib/python3.7/site-packages/airflow/example_dags/example_xcomargs.py for tasks to queue
[2023-06-13T23:58:55.385+0000] {logging_mixin.py:149} INFO - [2023-06-13T23:58:55.385+0000] {dagbag.py:541} INFO - Filling up the DagBag from /home/airflow/.local/lib/python3.7/site-packages/airflow/example_dags/example_xcomargs.py
[2023-06-13T23:58:55.391+0000] {processor.py:836} INFO - DAG(s) dict_keys(['example_xcom_args', 'example_xcom_args_with_operators']) retrieved from /home/airflow/.local/lib/python3.7/site-packages/airflow/example_dags/example_xcomargs.py
[2023-06-13T23:58:55.414+0000] {logging_mixin.py:149} INFO - [2023-06-13T23:58:55.414+0000] {dag.py:2726} INFO - Sync 2 DAGs
[2023-06-13T23:58:55.431+0000] {logging_mixin.py:149} INFO - [2023-06-13T23:58:55.431+0000] {dag.py:3490} INFO - Setting next_dagrun for example_xcom_args to None, run_after=None
[2023-06-13T23:58:55.434+0000] {logging_mixin.py:149} INFO - [2023-06-13T23:58:55.433+0000] {dag.py:3490} INFO - Setting next_dagrun for example_xcom_args_with_operators to None, run_after=None
[2023-06-13T23:58:55.446+0000] {processor.py:179} INFO - Processing /home/airflow/.local/lib/python3.7/site-packages/airflow/example_dags/example_xcomargs.py took 0.066 seconds
[2023-06-13T23:59:26.012+0000] {processor.py:157} INFO - Started process (PID=611) to work on /home/airflow/.local/lib/python3.7/site-packages/airflow/example_dags/example_xcomargs.py
[2023-06-13T23:59:26.014+0000] {processor.py:826} INFO - Processing file /home/airflow/.local/lib/python3.7/site-packages/airflow/example_dags/example_xcomargs.py for tasks to queue
[2023-06-13T23:59:26.015+0000] {logging_mixin.py:149} INFO - [2023-06-13T23:59:26.015+0000] {dagbag.py:541} INFO - Filling up the DagBag from /home/airflow/.local/lib/python3.7/site-packages/airflow/example_dags/example_xcomargs.py
[2023-06-13T23:59:26.024+0000] {processor.py:836} INFO - DAG(s) dict_keys(['example_xcom_args_with_operators', 'example_xcom_args']) retrieved from /home/airflow/.local/lib/python3.7/site-packages/airflow/example_dags/example_xcomargs.py
[2023-06-13T23:59:26.057+0000] {logging_mixin.py:149} INFO - [2023-06-13T23:59:26.057+0000] {dag.py:2726} INFO - Sync 2 DAGs
[2023-06-13T23:59:26.075+0000] {logging_mixin.py:149} INFO - [2023-06-13T23:59:26.075+0000] {dag.py:3490} INFO - Setting next_dagrun for example_xcom_args to None, run_after=None
[2023-06-13T23:59:26.077+0000] {logging_mixin.py:149} INFO - [2023-06-13T23:59:26.077+0000] {dag.py:3490} INFO - Setting next_dagrun for example_xcom_args_with_operators to None, run_after=None
[2023-06-13T23:59:26.087+0000] {processor.py:179} INFO - Processing /home/airflow/.local/lib/python3.7/site-packages/airflow/example_dags/example_xcomargs.py took 0.078 seconds
[2023-06-13T23:59:56.522+0000] {processor.py:157} INFO - Started process (PID=667) to work on /home/airflow/.local/lib/python3.7/site-packages/airflow/example_dags/example_xcomargs.py
[2023-06-13T23:59:56.523+0000] {processor.py:826} INFO - Processing file /home/airflow/.local/lib/python3.7/site-packages/airflow/example_dags/example_xcomargs.py for tasks to queue
[2023-06-13T23:59:56.524+0000] {logging_mixin.py:149} INFO - [2023-06-13T23:59:56.524+0000] {dagbag.py:541} INFO - Filling up the DagBag from /home/airflow/.local/lib/python3.7/site-packages/airflow/example_dags/example_xcomargs.py
[2023-06-13T23:59:56.529+0000] {processor.py:836} INFO - DAG(s) dict_keys(['example_xcom_args_with_operators', 'example_xcom_args']) retrieved from /home/airflow/.local/lib/python3.7/site-packages/airflow/example_dags/example_xcomargs.py
[2023-06-13T23:59:56.552+0000] {logging_mixin.py:149} INFO - [2023-06-13T23:59:56.552+0000] {dag.py:2726} INFO - Sync 2 DAGs
[2023-06-13T23:59:56.573+0000] {logging_mixin.py:149} INFO - [2023-06-13T23:59:56.573+0000] {dag.py:3490} INFO - Setting next_dagrun for example_xcom_args to None, run_after=None
[2023-06-13T23:59:56.578+0000] {logging_mixin.py:149} INFO - [2023-06-13T23:59:56.577+0000] {dag.py:3490} INFO - Setting next_dagrun for example_xcom_args_with_operators to None, run_after=None
[2023-06-13T23:59:56.598+0000] {processor.py:179} INFO - Processing /home/airflow/.local/lib/python3.7/site-packages/airflow/example_dags/example_xcomargs.py took 0.079 seconds
