[2023-06-13T23:54:21.507+0000] {processor.py:157} INFO - Started process (PID=63) to work on /home/airflow/.local/lib/python3.7/site-packages/airflow/example_dags/example_branch_operator.py
[2023-06-13T23:54:21.509+0000] {processor.py:826} INFO - Processing file /home/airflow/.local/lib/python3.7/site-packages/airflow/example_dags/example_branch_operator.py for tasks to queue
[2023-06-13T23:54:21.509+0000] {logging_mixin.py:149} INFO - [2023-06-13T23:54:21.509+0000] {dagbag.py:541} INFO - Filling up the DagBag from /home/airflow/.local/lib/python3.7/site-packages/airflow/example_dags/example_branch_operator.py
[2023-06-13T23:54:21.517+0000] {processor.py:836} INFO - DAG(s) dict_keys(['example_branch_operator']) retrieved from /home/airflow/.local/lib/python3.7/site-packages/airflow/example_dags/example_branch_operator.py
[2023-06-13T23:54:21.596+0000] {logging_mixin.py:149} INFO - [2023-06-13T23:54:21.595+0000] {manager.py:504} INFO - Created Permission View: can read on DAG:example_branch_operator
[2023-06-13T23:54:21.610+0000] {logging_mixin.py:149} INFO - [2023-06-13T23:54:21.610+0000] {manager.py:504} INFO - Created Permission View: can delete on DAG:example_branch_operator
[2023-06-13T23:54:21.619+0000] {logging_mixin.py:149} INFO - [2023-06-13T23:54:21.619+0000] {manager.py:504} INFO - Created Permission View: can edit on DAG:example_branch_operator
[2023-06-13T23:54:21.622+0000] {logging_mixin.py:149} INFO - [2023-06-13T23:54:21.622+0000] {dag.py:2726} INFO - Sync 1 DAGs
[2023-06-13T23:54:21.638+0000] {logging_mixin.py:149} INFO - [2023-06-13T23:54:21.638+0000] {dag.py:2747} INFO - Creating ORM DAG for example_branch_operator
[2023-06-13T23:54:21.647+0000] {logging_mixin.py:149} INFO - [2023-06-13T23:54:21.647+0000] {dag.py:3490} INFO - Setting next_dagrun for example_branch_operator to 2023-06-12T00:00:00+00:00, run_after=2023-06-13T00:00:00+00:00
[2023-06-13T23:54:21.660+0000] {processor.py:179} INFO - Processing /home/airflow/.local/lib/python3.7/site-packages/airflow/example_dags/example_branch_operator.py took 0.156 seconds
[2023-06-13T23:54:51.853+0000] {processor.py:157} INFO - Started process (PID=120) to work on /home/airflow/.local/lib/python3.7/site-packages/airflow/example_dags/example_branch_operator.py
[2023-06-13T23:54:51.856+0000] {processor.py:826} INFO - Processing file /home/airflow/.local/lib/python3.7/site-packages/airflow/example_dags/example_branch_operator.py for tasks to queue
[2023-06-13T23:54:51.858+0000] {logging_mixin.py:149} INFO - [2023-06-13T23:54:51.857+0000] {dagbag.py:541} INFO - Filling up the DagBag from /home/airflow/.local/lib/python3.7/site-packages/airflow/example_dags/example_branch_operator.py
[2023-06-13T23:54:51.869+0000] {processor.py:836} INFO - DAG(s) dict_keys(['example_branch_operator']) retrieved from /home/airflow/.local/lib/python3.7/site-packages/airflow/example_dags/example_branch_operator.py
[2023-06-13T23:54:51.901+0000] {logging_mixin.py:149} INFO - [2023-06-13T23:54:51.901+0000] {dag.py:2726} INFO - Sync 1 DAGs
[2023-06-13T23:54:51.922+0000] {logging_mixin.py:149} INFO - [2023-06-13T23:54:51.922+0000] {dag.py:3490} INFO - Setting next_dagrun for example_branch_operator to 2023-06-12T00:00:00+00:00, run_after=2023-06-13T00:00:00+00:00
[2023-06-13T23:54:51.937+0000] {processor.py:179} INFO - Processing /home/airflow/.local/lib/python3.7/site-packages/airflow/example_dags/example_branch_operator.py took 0.090 seconds
[2023-06-13T23:55:22.738+0000] {processor.py:157} INFO - Started process (PID=176) to work on /home/airflow/.local/lib/python3.7/site-packages/airflow/example_dags/example_branch_operator.py
[2023-06-13T23:55:22.740+0000] {processor.py:826} INFO - Processing file /home/airflow/.local/lib/python3.7/site-packages/airflow/example_dags/example_branch_operator.py for tasks to queue
[2023-06-13T23:55:22.741+0000] {logging_mixin.py:149} INFO - [2023-06-13T23:55:22.741+0000] {dagbag.py:541} INFO - Filling up the DagBag from /home/airflow/.local/lib/python3.7/site-packages/airflow/example_dags/example_branch_operator.py
[2023-06-13T23:55:22.748+0000] {processor.py:836} INFO - DAG(s) dict_keys(['example_branch_operator']) retrieved from /home/airflow/.local/lib/python3.7/site-packages/airflow/example_dags/example_branch_operator.py
[2023-06-13T23:55:22.771+0000] {logging_mixin.py:149} INFO - [2023-06-13T23:55:22.771+0000] {dag.py:2726} INFO - Sync 1 DAGs
[2023-06-13T23:55:22.788+0000] {logging_mixin.py:149} INFO - [2023-06-13T23:55:22.788+0000] {dag.py:3490} INFO - Setting next_dagrun for example_branch_operator to 2023-06-12T00:00:00+00:00, run_after=2023-06-13T00:00:00+00:00
[2023-06-13T23:55:22.801+0000] {processor.py:179} INFO - Processing /home/airflow/.local/lib/python3.7/site-packages/airflow/example_dags/example_branch_operator.py took 0.066 seconds
[2023-06-13T23:55:53.295+0000] {processor.py:157} INFO - Started process (PID=232) to work on /home/airflow/.local/lib/python3.7/site-packages/airflow/example_dags/example_branch_operator.py
[2023-06-13T23:55:53.297+0000] {processor.py:826} INFO - Processing file /home/airflow/.local/lib/python3.7/site-packages/airflow/example_dags/example_branch_operator.py for tasks to queue
[2023-06-13T23:55:53.297+0000] {logging_mixin.py:149} INFO - [2023-06-13T23:55:53.297+0000] {dagbag.py:541} INFO - Filling up the DagBag from /home/airflow/.local/lib/python3.7/site-packages/airflow/example_dags/example_branch_operator.py
[2023-06-13T23:55:53.304+0000] {processor.py:836} INFO - DAG(s) dict_keys(['example_branch_operator']) retrieved from /home/airflow/.local/lib/python3.7/site-packages/airflow/example_dags/example_branch_operator.py
[2023-06-13T23:55:53.327+0000] {logging_mixin.py:149} INFO - [2023-06-13T23:55:53.327+0000] {dag.py:2726} INFO - Sync 1 DAGs
[2023-06-13T23:55:53.344+0000] {logging_mixin.py:149} INFO - [2023-06-13T23:55:53.344+0000] {dag.py:3490} INFO - Setting next_dagrun for example_branch_operator to 2023-06-12T00:00:00+00:00, run_after=2023-06-13T00:00:00+00:00
[2023-06-13T23:55:53.358+0000] {processor.py:179} INFO - Processing /home/airflow/.local/lib/python3.7/site-packages/airflow/example_dags/example_branch_operator.py took 0.066 seconds
[2023-06-13T23:56:23.865+0000] {processor.py:157} INFO - Started process (PID=288) to work on /home/airflow/.local/lib/python3.7/site-packages/airflow/example_dags/example_branch_operator.py
[2023-06-13T23:56:23.867+0000] {processor.py:826} INFO - Processing file /home/airflow/.local/lib/python3.7/site-packages/airflow/example_dags/example_branch_operator.py for tasks to queue
[2023-06-13T23:56:23.870+0000] {logging_mixin.py:149} INFO - [2023-06-13T23:56:23.870+0000] {dagbag.py:541} INFO - Filling up the DagBag from /home/airflow/.local/lib/python3.7/site-packages/airflow/example_dags/example_branch_operator.py
[2023-06-13T23:56:23.878+0000] {processor.py:836} INFO - DAG(s) dict_keys(['example_branch_operator']) retrieved from /home/airflow/.local/lib/python3.7/site-packages/airflow/example_dags/example_branch_operator.py
[2023-06-13T23:56:23.905+0000] {logging_mixin.py:149} INFO - [2023-06-13T23:56:23.905+0000] {dag.py:2726} INFO - Sync 1 DAGs
[2023-06-13T23:56:23.925+0000] {logging_mixin.py:149} INFO - [2023-06-13T23:56:23.925+0000] {dag.py:3490} INFO - Setting next_dagrun for example_branch_operator to 2023-06-12T00:00:00+00:00, run_after=2023-06-13T00:00:00+00:00
[2023-06-13T23:56:23.940+0000] {processor.py:179} INFO - Processing /home/airflow/.local/lib/python3.7/site-packages/airflow/example_dags/example_branch_operator.py took 0.079 seconds
[2023-06-13T23:56:54.500+0000] {processor.py:157} INFO - Started process (PID=344) to work on /home/airflow/.local/lib/python3.7/site-packages/airflow/example_dags/example_branch_operator.py
[2023-06-13T23:56:54.501+0000] {processor.py:826} INFO - Processing file /home/airflow/.local/lib/python3.7/site-packages/airflow/example_dags/example_branch_operator.py for tasks to queue
[2023-06-13T23:56:54.502+0000] {logging_mixin.py:149} INFO - [2023-06-13T23:56:54.502+0000] {dagbag.py:541} INFO - Filling up the DagBag from /home/airflow/.local/lib/python3.7/site-packages/airflow/example_dags/example_branch_operator.py
[2023-06-13T23:56:54.509+0000] {processor.py:836} INFO - DAG(s) dict_keys(['example_branch_operator']) retrieved from /home/airflow/.local/lib/python3.7/site-packages/airflow/example_dags/example_branch_operator.py
[2023-06-13T23:56:54.534+0000] {logging_mixin.py:149} INFO - [2023-06-13T23:56:54.534+0000] {dag.py:2726} INFO - Sync 1 DAGs
[2023-06-13T23:56:54.552+0000] {logging_mixin.py:149} INFO - [2023-06-13T23:56:54.552+0000] {dag.py:3490} INFO - Setting next_dagrun for example_branch_operator to 2023-06-12T00:00:00+00:00, run_after=2023-06-13T00:00:00+00:00
[2023-06-13T23:56:54.564+0000] {processor.py:179} INFO - Processing /home/airflow/.local/lib/python3.7/site-packages/airflow/example_dags/example_branch_operator.py took 0.067 seconds
[2023-06-13T23:57:25.116+0000] {processor.py:157} INFO - Started process (PID=400) to work on /home/airflow/.local/lib/python3.7/site-packages/airflow/example_dags/example_branch_operator.py
[2023-06-13T23:57:25.118+0000] {processor.py:826} INFO - Processing file /home/airflow/.local/lib/python3.7/site-packages/airflow/example_dags/example_branch_operator.py for tasks to queue
[2023-06-13T23:57:25.119+0000] {logging_mixin.py:149} INFO - [2023-06-13T23:57:25.119+0000] {dagbag.py:541} INFO - Filling up the DagBag from /home/airflow/.local/lib/python3.7/site-packages/airflow/example_dags/example_branch_operator.py
[2023-06-13T23:57:25.126+0000] {processor.py:836} INFO - DAG(s) dict_keys(['example_branch_operator']) retrieved from /home/airflow/.local/lib/python3.7/site-packages/airflow/example_dags/example_branch_operator.py
[2023-06-13T23:57:25.148+0000] {logging_mixin.py:149} INFO - [2023-06-13T23:57:25.148+0000] {dag.py:2726} INFO - Sync 1 DAGs
[2023-06-13T23:57:25.167+0000] {logging_mixin.py:149} INFO - [2023-06-13T23:57:25.167+0000] {dag.py:3490} INFO - Setting next_dagrun for example_branch_operator to 2023-06-12T00:00:00+00:00, run_after=2023-06-13T00:00:00+00:00
[2023-06-13T23:57:25.182+0000] {processor.py:179} INFO - Processing /home/airflow/.local/lib/python3.7/site-packages/airflow/example_dags/example_branch_operator.py took 0.069 seconds
[2023-06-13T23:57:55.858+0000] {processor.py:157} INFO - Started process (PID=456) to work on /home/airflow/.local/lib/python3.7/site-packages/airflow/example_dags/example_branch_operator.py
[2023-06-13T23:57:55.859+0000] {processor.py:826} INFO - Processing file /home/airflow/.local/lib/python3.7/site-packages/airflow/example_dags/example_branch_operator.py for tasks to queue
[2023-06-13T23:57:55.860+0000] {logging_mixin.py:149} INFO - [2023-06-13T23:57:55.860+0000] {dagbag.py:541} INFO - Filling up the DagBag from /home/airflow/.local/lib/python3.7/site-packages/airflow/example_dags/example_branch_operator.py
[2023-06-13T23:57:55.866+0000] {processor.py:836} INFO - DAG(s) dict_keys(['example_branch_operator']) retrieved from /home/airflow/.local/lib/python3.7/site-packages/airflow/example_dags/example_branch_operator.py
[2023-06-13T23:57:55.888+0000] {logging_mixin.py:149} INFO - [2023-06-13T23:57:55.888+0000] {dag.py:2726} INFO - Sync 1 DAGs
[2023-06-13T23:57:55.913+0000] {logging_mixin.py:149} INFO - [2023-06-13T23:57:55.913+0000] {dag.py:3490} INFO - Setting next_dagrun for example_branch_operator to 2023-06-12T00:00:00+00:00, run_after=2023-06-13T00:00:00+00:00
[2023-06-13T23:57:55.926+0000] {processor.py:179} INFO - Processing /home/airflow/.local/lib/python3.7/site-packages/airflow/example_dags/example_branch_operator.py took 0.071 seconds
[2023-06-13T23:58:26.563+0000] {processor.py:157} INFO - Started process (PID=512) to work on /home/airflow/.local/lib/python3.7/site-packages/airflow/example_dags/example_branch_operator.py
[2023-06-13T23:58:26.565+0000] {processor.py:826} INFO - Processing file /home/airflow/.local/lib/python3.7/site-packages/airflow/example_dags/example_branch_operator.py for tasks to queue
[2023-06-13T23:58:26.566+0000] {logging_mixin.py:149} INFO - [2023-06-13T23:58:26.566+0000] {dagbag.py:541} INFO - Filling up the DagBag from /home/airflow/.local/lib/python3.7/site-packages/airflow/example_dags/example_branch_operator.py
[2023-06-13T23:58:26.573+0000] {processor.py:836} INFO - DAG(s) dict_keys(['example_branch_operator']) retrieved from /home/airflow/.local/lib/python3.7/site-packages/airflow/example_dags/example_branch_operator.py
[2023-06-13T23:58:26.595+0000] {logging_mixin.py:149} INFO - [2023-06-13T23:58:26.595+0000] {dag.py:2726} INFO - Sync 1 DAGs
[2023-06-13T23:58:26.612+0000] {logging_mixin.py:149} INFO - [2023-06-13T23:58:26.612+0000] {dag.py:3490} INFO - Setting next_dagrun for example_branch_operator to 2023-06-12T00:00:00+00:00, run_after=2023-06-13T00:00:00+00:00
[2023-06-13T23:58:26.636+0000] {processor.py:179} INFO - Processing /home/airflow/.local/lib/python3.7/site-packages/airflow/example_dags/example_branch_operator.py took 0.075 seconds
[2023-06-13T23:58:56.989+0000] {processor.py:157} INFO - Started process (PID=568) to work on /home/airflow/.local/lib/python3.7/site-packages/airflow/example_dags/example_branch_operator.py
[2023-06-13T23:58:56.991+0000] {processor.py:826} INFO - Processing file /home/airflow/.local/lib/python3.7/site-packages/airflow/example_dags/example_branch_operator.py for tasks to queue
[2023-06-13T23:58:56.992+0000] {logging_mixin.py:149} INFO - [2023-06-13T23:58:56.992+0000] {dagbag.py:541} INFO - Filling up the DagBag from /home/airflow/.local/lib/python3.7/site-packages/airflow/example_dags/example_branch_operator.py
[2023-06-13T23:58:56.999+0000] {processor.py:836} INFO - DAG(s) dict_keys(['example_branch_operator']) retrieved from /home/airflow/.local/lib/python3.7/site-packages/airflow/example_dags/example_branch_operator.py
[2023-06-13T23:58:57.022+0000] {logging_mixin.py:149} INFO - [2023-06-13T23:58:57.022+0000] {dag.py:2726} INFO - Sync 1 DAGs
[2023-06-13T23:58:57.039+0000] {logging_mixin.py:149} INFO - [2023-06-13T23:58:57.039+0000] {dag.py:3490} INFO - Setting next_dagrun for example_branch_operator to 2023-06-12T00:00:00+00:00, run_after=2023-06-13T00:00:00+00:00
[2023-06-13T23:58:57.052+0000] {processor.py:179} INFO - Processing /home/airflow/.local/lib/python3.7/site-packages/airflow/example_dags/example_branch_operator.py took 0.066 seconds
[2023-06-13T23:59:27.736+0000] {processor.py:157} INFO - Started process (PID=623) to work on /home/airflow/.local/lib/python3.7/site-packages/airflow/example_dags/example_branch_operator.py
[2023-06-13T23:59:27.738+0000] {processor.py:826} INFO - Processing file /home/airflow/.local/lib/python3.7/site-packages/airflow/example_dags/example_branch_operator.py for tasks to queue
[2023-06-13T23:59:27.739+0000] {logging_mixin.py:149} INFO - [2023-06-13T23:59:27.739+0000] {dagbag.py:541} INFO - Filling up the DagBag from /home/airflow/.local/lib/python3.7/site-packages/airflow/example_dags/example_branch_operator.py
[2023-06-13T23:59:27.746+0000] {processor.py:836} INFO - DAG(s) dict_keys(['example_branch_operator']) retrieved from /home/airflow/.local/lib/python3.7/site-packages/airflow/example_dags/example_branch_operator.py
[2023-06-13T23:59:27.770+0000] {logging_mixin.py:149} INFO - [2023-06-13T23:59:27.770+0000] {dag.py:2726} INFO - Sync 1 DAGs
[2023-06-13T23:59:27.789+0000] {logging_mixin.py:149} INFO - [2023-06-13T23:59:27.789+0000] {dag.py:3490} INFO - Setting next_dagrun for example_branch_operator to 2023-06-12T00:00:00+00:00, run_after=2023-06-13T00:00:00+00:00
[2023-06-13T23:59:27.804+0000] {processor.py:179} INFO - Processing /home/airflow/.local/lib/python3.7/site-packages/airflow/example_dags/example_branch_operator.py took 0.071 seconds
[2023-06-13T23:59:58.207+0000] {processor.py:157} INFO - Started process (PID=679) to work on /home/airflow/.local/lib/python3.7/site-packages/airflow/example_dags/example_branch_operator.py
[2023-06-13T23:59:58.208+0000] {processor.py:826} INFO - Processing file /home/airflow/.local/lib/python3.7/site-packages/airflow/example_dags/example_branch_operator.py for tasks to queue
[2023-06-13T23:59:58.210+0000] {logging_mixin.py:149} INFO - [2023-06-13T23:59:58.209+0000] {dagbag.py:541} INFO - Filling up the DagBag from /home/airflow/.local/lib/python3.7/site-packages/airflow/example_dags/example_branch_operator.py
[2023-06-13T23:59:58.220+0000] {processor.py:836} INFO - DAG(s) dict_keys(['example_branch_operator']) retrieved from /home/airflow/.local/lib/python3.7/site-packages/airflow/example_dags/example_branch_operator.py
[2023-06-13T23:59:58.258+0000] {logging_mixin.py:149} INFO - [2023-06-13T23:59:58.258+0000] {dag.py:2726} INFO - Sync 1 DAGs
[2023-06-13T23:59:58.287+0000] {logging_mixin.py:149} INFO - [2023-06-13T23:59:58.287+0000] {dag.py:3490} INFO - Setting next_dagrun for example_branch_operator to 2023-06-12T00:00:00+00:00, run_after=2023-06-13T00:00:00+00:00
[2023-06-13T23:59:58.308+0000] {processor.py:179} INFO - Processing /home/airflow/.local/lib/python3.7/site-packages/airflow/example_dags/example_branch_operator.py took 0.103 seconds
