[2023-06-13T23:54:17.417+0000] {processor.py:157} INFO - Started process (PID=40) to work on /home/airflow/.local/lib/python3.7/site-packages/airflow/example_dags/example_latest_only_with_trigger.py
[2023-06-13T23:54:17.419+0000] {processor.py:826} INFO - Processing file /home/airflow/.local/lib/python3.7/site-packages/airflow/example_dags/example_latest_only_with_trigger.py for tasks to queue
[2023-06-13T23:54:17.421+0000] {logging_mixin.py:149} INFO - [2023-06-13T23:54:17.421+0000] {dagbag.py:541} INFO - Filling up the DagBag from /home/airflow/.local/lib/python3.7/site-packages/airflow/example_dags/example_latest_only_with_trigger.py
[2023-06-13T23:54:17.435+0000] {processor.py:836} INFO - DAG(s) dict_keys(['latest_only_with_trigger']) retrieved from /home/airflow/.local/lib/python3.7/site-packages/airflow/example_dags/example_latest_only_with_trigger.py
[2023-06-13T23:54:17.548+0000] {logging_mixin.py:149} INFO - [2023-06-13T23:54:17.548+0000] {manager.py:504} INFO - Created Permission View: can read on DAG:latest_only_with_trigger
[2023-06-13T23:54:17.556+0000] {logging_mixin.py:149} INFO - [2023-06-13T23:54:17.556+0000] {manager.py:504} INFO - Created Permission View: can delete on DAG:latest_only_with_trigger
[2023-06-13T23:54:17.563+0000] {logging_mixin.py:149} INFO - [2023-06-13T23:54:17.563+0000] {manager.py:504} INFO - Created Permission View: can edit on DAG:latest_only_with_trigger
[2023-06-13T23:54:17.565+0000] {logging_mixin.py:149} INFO - [2023-06-13T23:54:17.565+0000] {dag.py:2726} INFO - Sync 1 DAGs
[2023-06-13T23:54:17.578+0000] {logging_mixin.py:149} INFO - [2023-06-13T23:54:17.578+0000] {dag.py:2747} INFO - Creating ORM DAG for latest_only_with_trigger
[2023-06-13T23:54:17.586+0000] {logging_mixin.py:149} INFO - [2023-06-13T23:54:17.586+0000] {dag.py:3490} INFO - Setting next_dagrun for latest_only_with_trigger to 2023-06-13T19:54:17.586246+00:00, run_after=2023-06-13T23:54:17.586246+00:00
[2023-06-13T23:54:17.605+0000] {processor.py:179} INFO - Processing /home/airflow/.local/lib/python3.7/site-packages/airflow/example_dags/example_latest_only_with_trigger.py took 0.191 seconds
[2023-06-13T23:54:48.453+0000] {processor.py:157} INFO - Started process (PID=97) to work on /home/airflow/.local/lib/python3.7/site-packages/airflow/example_dags/example_latest_only_with_trigger.py
[2023-06-13T23:54:48.455+0000] {processor.py:826} INFO - Processing file /home/airflow/.local/lib/python3.7/site-packages/airflow/example_dags/example_latest_only_with_trigger.py for tasks to queue
[2023-06-13T23:54:48.457+0000] {logging_mixin.py:149} INFO - [2023-06-13T23:54:48.456+0000] {dagbag.py:541} INFO - Filling up the DagBag from /home/airflow/.local/lib/python3.7/site-packages/airflow/example_dags/example_latest_only_with_trigger.py
[2023-06-13T23:54:48.463+0000] {processor.py:836} INFO - DAG(s) dict_keys(['latest_only_with_trigger']) retrieved from /home/airflow/.local/lib/python3.7/site-packages/airflow/example_dags/example_latest_only_with_trigger.py
[2023-06-13T23:54:48.494+0000] {logging_mixin.py:149} INFO - [2023-06-13T23:54:48.494+0000] {dag.py:2726} INFO - Sync 1 DAGs
[2023-06-13T23:54:48.517+0000] {logging_mixin.py:149} INFO - [2023-06-13T23:54:48.517+0000] {dag.py:3490} INFO - Setting next_dagrun for latest_only_with_trigger to 2023-06-13T19:54:48.516924+00:00, run_after=2023-06-13T23:54:48.516924+00:00
[2023-06-13T23:54:48.537+0000] {processor.py:179} INFO - Processing /home/airflow/.local/lib/python3.7/site-packages/airflow/example_dags/example_latest_only_with_trigger.py took 0.089 seconds
[2023-06-13T23:55:19.485+0000] {processor.py:157} INFO - Started process (PID=153) to work on /home/airflow/.local/lib/python3.7/site-packages/airflow/example_dags/example_latest_only_with_trigger.py
[2023-06-13T23:55:19.487+0000] {processor.py:826} INFO - Processing file /home/airflow/.local/lib/python3.7/site-packages/airflow/example_dags/example_latest_only_with_trigger.py for tasks to queue
[2023-06-13T23:55:19.487+0000] {logging_mixin.py:149} INFO - [2023-06-13T23:55:19.487+0000] {dagbag.py:541} INFO - Filling up the DagBag from /home/airflow/.local/lib/python3.7/site-packages/airflow/example_dags/example_latest_only_with_trigger.py
[2023-06-13T23:55:19.494+0000] {processor.py:836} INFO - DAG(s) dict_keys(['latest_only_with_trigger']) retrieved from /home/airflow/.local/lib/python3.7/site-packages/airflow/example_dags/example_latest_only_with_trigger.py
[2023-06-13T23:55:19.514+0000] {logging_mixin.py:149} INFO - [2023-06-13T23:55:19.514+0000] {dag.py:2726} INFO - Sync 1 DAGs
[2023-06-13T23:55:19.531+0000] {logging_mixin.py:149} INFO - [2023-06-13T23:55:19.531+0000] {dag.py:3490} INFO - Setting next_dagrun for latest_only_with_trigger to 2023-06-13T19:55:19.531455+00:00, run_after=2023-06-13T23:55:19.531455+00:00
[2023-06-13T23:55:19.544+0000] {processor.py:179} INFO - Processing /home/airflow/.local/lib/python3.7/site-packages/airflow/example_dags/example_latest_only_with_trigger.py took 0.062 seconds
[2023-06-13T23:55:50.025+0000] {processor.py:157} INFO - Started process (PID=209) to work on /home/airflow/.local/lib/python3.7/site-packages/airflow/example_dags/example_latest_only_with_trigger.py
[2023-06-13T23:55:50.027+0000] {processor.py:826} INFO - Processing file /home/airflow/.local/lib/python3.7/site-packages/airflow/example_dags/example_latest_only_with_trigger.py for tasks to queue
[2023-06-13T23:55:50.028+0000] {logging_mixin.py:149} INFO - [2023-06-13T23:55:50.028+0000] {dagbag.py:541} INFO - Filling up the DagBag from /home/airflow/.local/lib/python3.7/site-packages/airflow/example_dags/example_latest_only_with_trigger.py
[2023-06-13T23:55:50.033+0000] {processor.py:836} INFO - DAG(s) dict_keys(['latest_only_with_trigger']) retrieved from /home/airflow/.local/lib/python3.7/site-packages/airflow/example_dags/example_latest_only_with_trigger.py
[2023-06-13T23:55:50.055+0000] {logging_mixin.py:149} INFO - [2023-06-13T23:55:50.055+0000] {dag.py:2726} INFO - Sync 1 DAGs
[2023-06-13T23:55:50.071+0000] {logging_mixin.py:149} INFO - [2023-06-13T23:55:50.071+0000] {dag.py:3490} INFO - Setting next_dagrun for latest_only_with_trigger to 2023-06-13T19:55:50.071343+00:00, run_after=2023-06-13T23:55:50.071343+00:00
[2023-06-13T23:55:50.085+0000] {processor.py:179} INFO - Processing /home/airflow/.local/lib/python3.7/site-packages/airflow/example_dags/example_latest_only_with_trigger.py took 0.063 seconds
[2023-06-13T23:56:20.667+0000] {processor.py:157} INFO - Started process (PID=265) to work on /home/airflow/.local/lib/python3.7/site-packages/airflow/example_dags/example_latest_only_with_trigger.py
[2023-06-13T23:56:20.669+0000] {processor.py:826} INFO - Processing file /home/airflow/.local/lib/python3.7/site-packages/airflow/example_dags/example_latest_only_with_trigger.py for tasks to queue
[2023-06-13T23:56:20.670+0000] {logging_mixin.py:149} INFO - [2023-06-13T23:56:20.670+0000] {dagbag.py:541} INFO - Filling up the DagBag from /home/airflow/.local/lib/python3.7/site-packages/airflow/example_dags/example_latest_only_with_trigger.py
[2023-06-13T23:56:20.677+0000] {processor.py:836} INFO - DAG(s) dict_keys(['latest_only_with_trigger']) retrieved from /home/airflow/.local/lib/python3.7/site-packages/airflow/example_dags/example_latest_only_with_trigger.py
[2023-06-13T23:56:20.700+0000] {logging_mixin.py:149} INFO - [2023-06-13T23:56:20.700+0000] {dag.py:2726} INFO - Sync 1 DAGs
[2023-06-13T23:56:20.718+0000] {logging_mixin.py:149} INFO - [2023-06-13T23:56:20.718+0000] {dag.py:3490} INFO - Setting next_dagrun for latest_only_with_trigger to 2023-06-13T19:56:20.718088+00:00, run_after=2023-06-13T23:56:20.718088+00:00
[2023-06-13T23:56:20.731+0000] {processor.py:179} INFO - Processing /home/airflow/.local/lib/python3.7/site-packages/airflow/example_dags/example_latest_only_with_trigger.py took 0.067 seconds
[2023-06-13T23:56:51.231+0000] {processor.py:157} INFO - Started process (PID=321) to work on /home/airflow/.local/lib/python3.7/site-packages/airflow/example_dags/example_latest_only_with_trigger.py
[2023-06-13T23:56:51.233+0000] {processor.py:826} INFO - Processing file /home/airflow/.local/lib/python3.7/site-packages/airflow/example_dags/example_latest_only_with_trigger.py for tasks to queue
[2023-06-13T23:56:51.235+0000] {logging_mixin.py:149} INFO - [2023-06-13T23:56:51.235+0000] {dagbag.py:541} INFO - Filling up the DagBag from /home/airflow/.local/lib/python3.7/site-packages/airflow/example_dags/example_latest_only_with_trigger.py
[2023-06-13T23:56:51.241+0000] {processor.py:836} INFO - DAG(s) dict_keys(['latest_only_with_trigger']) retrieved from /home/airflow/.local/lib/python3.7/site-packages/airflow/example_dags/example_latest_only_with_trigger.py
[2023-06-13T23:56:51.265+0000] {logging_mixin.py:149} INFO - [2023-06-13T23:56:51.265+0000] {dag.py:2726} INFO - Sync 1 DAGs
[2023-06-13T23:56:51.282+0000] {logging_mixin.py:149} INFO - [2023-06-13T23:56:51.282+0000] {dag.py:3490} INFO - Setting next_dagrun for latest_only_with_trigger to 2023-06-13T19:56:51.281789+00:00, run_after=2023-06-13T23:56:51.281789+00:00
[2023-06-13T23:56:51.294+0000] {processor.py:179} INFO - Processing /home/airflow/.local/lib/python3.7/site-packages/airflow/example_dags/example_latest_only_with_trigger.py took 0.066 seconds
[2023-06-13T23:57:21.844+0000] {processor.py:157} INFO - Started process (PID=377) to work on /home/airflow/.local/lib/python3.7/site-packages/airflow/example_dags/example_latest_only_with_trigger.py
[2023-06-13T23:57:21.847+0000] {processor.py:826} INFO - Processing file /home/airflow/.local/lib/python3.7/site-packages/airflow/example_dags/example_latest_only_with_trigger.py for tasks to queue
[2023-06-13T23:57:21.848+0000] {logging_mixin.py:149} INFO - [2023-06-13T23:57:21.848+0000] {dagbag.py:541} INFO - Filling up the DagBag from /home/airflow/.local/lib/python3.7/site-packages/airflow/example_dags/example_latest_only_with_trigger.py
[2023-06-13T23:57:21.854+0000] {processor.py:836} INFO - DAG(s) dict_keys(['latest_only_with_trigger']) retrieved from /home/airflow/.local/lib/python3.7/site-packages/airflow/example_dags/example_latest_only_with_trigger.py
[2023-06-13T23:57:21.881+0000] {logging_mixin.py:149} INFO - [2023-06-13T23:57:21.881+0000] {dag.py:2726} INFO - Sync 1 DAGs
[2023-06-13T23:57:21.903+0000] {logging_mixin.py:149} INFO - [2023-06-13T23:57:21.903+0000] {dag.py:3490} INFO - Setting next_dagrun for latest_only_with_trigger to 2023-06-13T19:57:21.903155+00:00, run_after=2023-06-13T23:57:21.903155+00:00
[2023-06-13T23:57:21.923+0000] {processor.py:179} INFO - Processing /home/airflow/.local/lib/python3.7/site-packages/airflow/example_dags/example_latest_only_with_trigger.py took 0.081 seconds
[2023-06-13T23:57:52.500+0000] {processor.py:157} INFO - Started process (PID=433) to work on /home/airflow/.local/lib/python3.7/site-packages/airflow/example_dags/example_latest_only_with_trigger.py
[2023-06-13T23:57:52.503+0000] {processor.py:826} INFO - Processing file /home/airflow/.local/lib/python3.7/site-packages/airflow/example_dags/example_latest_only_with_trigger.py for tasks to queue
[2023-06-13T23:57:52.505+0000] {logging_mixin.py:149} INFO - [2023-06-13T23:57:52.505+0000] {dagbag.py:541} INFO - Filling up the DagBag from /home/airflow/.local/lib/python3.7/site-packages/airflow/example_dags/example_latest_only_with_trigger.py
[2023-06-13T23:57:52.512+0000] {processor.py:836} INFO - DAG(s) dict_keys(['latest_only_with_trigger']) retrieved from /home/airflow/.local/lib/python3.7/site-packages/airflow/example_dags/example_latest_only_with_trigger.py
[2023-06-13T23:57:52.544+0000] {logging_mixin.py:149} INFO - [2023-06-13T23:57:52.544+0000] {dag.py:2726} INFO - Sync 1 DAGs
[2023-06-13T23:57:52.567+0000] {logging_mixin.py:149} INFO - [2023-06-13T23:57:52.567+0000] {dag.py:3490} INFO - Setting next_dagrun for latest_only_with_trigger to 2023-06-13T19:57:52.567549+00:00, run_after=2023-06-13T23:57:52.567549+00:00
[2023-06-13T23:57:52.587+0000] {processor.py:179} INFO - Processing /home/airflow/.local/lib/python3.7/site-packages/airflow/example_dags/example_latest_only_with_trigger.py took 0.090 seconds
[2023-06-13T23:58:23.309+0000] {processor.py:157} INFO - Started process (PID=489) to work on /home/airflow/.local/lib/python3.7/site-packages/airflow/example_dags/example_latest_only_with_trigger.py
[2023-06-13T23:58:23.312+0000] {processor.py:826} INFO - Processing file /home/airflow/.local/lib/python3.7/site-packages/airflow/example_dags/example_latest_only_with_trigger.py for tasks to queue
[2023-06-13T23:58:23.314+0000] {logging_mixin.py:149} INFO - [2023-06-13T23:58:23.314+0000] {dagbag.py:541} INFO - Filling up the DagBag from /home/airflow/.local/lib/python3.7/site-packages/airflow/example_dags/example_latest_only_with_trigger.py
[2023-06-13T23:58:23.320+0000] {processor.py:836} INFO - DAG(s) dict_keys(['latest_only_with_trigger']) retrieved from /home/airflow/.local/lib/python3.7/site-packages/airflow/example_dags/example_latest_only_with_trigger.py
[2023-06-13T23:58:23.344+0000] {logging_mixin.py:149} INFO - [2023-06-13T23:58:23.344+0000] {dag.py:2726} INFO - Sync 1 DAGs
[2023-06-13T23:58:23.367+0000] {logging_mixin.py:149} INFO - [2023-06-13T23:58:23.367+0000] {dag.py:3490} INFO - Setting next_dagrun for latest_only_with_trigger to 2023-06-13T19:58:23.367549+00:00, run_after=2023-06-13T23:58:23.367549+00:00
[2023-06-13T23:58:23.383+0000] {processor.py:179} INFO - Processing /home/airflow/.local/lib/python3.7/site-packages/airflow/example_dags/example_latest_only_with_trigger.py took 0.078 seconds
[2023-06-13T23:58:53.845+0000] {processor.py:157} INFO - Started process (PID=545) to work on /home/airflow/.local/lib/python3.7/site-packages/airflow/example_dags/example_latest_only_with_trigger.py
[2023-06-13T23:58:53.847+0000] {processor.py:826} INFO - Processing file /home/airflow/.local/lib/python3.7/site-packages/airflow/example_dags/example_latest_only_with_trigger.py for tasks to queue
[2023-06-13T23:58:53.848+0000] {logging_mixin.py:149} INFO - [2023-06-13T23:58:53.848+0000] {dagbag.py:541} INFO - Filling up the DagBag from /home/airflow/.local/lib/python3.7/site-packages/airflow/example_dags/example_latest_only_with_trigger.py
[2023-06-13T23:58:53.854+0000] {processor.py:836} INFO - DAG(s) dict_keys(['latest_only_with_trigger']) retrieved from /home/airflow/.local/lib/python3.7/site-packages/airflow/example_dags/example_latest_only_with_trigger.py
[2023-06-13T23:58:53.875+0000] {logging_mixin.py:149} INFO - [2023-06-13T23:58:53.875+0000] {dag.py:2726} INFO - Sync 1 DAGs
[2023-06-13T23:58:53.896+0000] {logging_mixin.py:149} INFO - [2023-06-13T23:58:53.896+0000] {dag.py:3490} INFO - Setting next_dagrun for latest_only_with_trigger to 2023-06-13T19:58:53.896128+00:00, run_after=2023-06-13T23:58:53.896128+00:00
[2023-06-13T23:58:53.909+0000] {processor.py:179} INFO - Processing /home/airflow/.local/lib/python3.7/site-packages/airflow/example_dags/example_latest_only_with_trigger.py took 0.068 seconds
[2023-06-13T23:59:24.489+0000] {processor.py:157} INFO - Started process (PID=600) to work on /home/airflow/.local/lib/python3.7/site-packages/airflow/example_dags/example_latest_only_with_trigger.py
[2023-06-13T23:59:24.491+0000] {processor.py:826} INFO - Processing file /home/airflow/.local/lib/python3.7/site-packages/airflow/example_dags/example_latest_only_with_trigger.py for tasks to queue
[2023-06-13T23:59:24.492+0000] {logging_mixin.py:149} INFO - [2023-06-13T23:59:24.492+0000] {dagbag.py:541} INFO - Filling up the DagBag from /home/airflow/.local/lib/python3.7/site-packages/airflow/example_dags/example_latest_only_with_trigger.py
[2023-06-13T23:59:24.498+0000] {processor.py:836} INFO - DAG(s) dict_keys(['latest_only_with_trigger']) retrieved from /home/airflow/.local/lib/python3.7/site-packages/airflow/example_dags/example_latest_only_with_trigger.py
[2023-06-13T23:59:24.524+0000] {logging_mixin.py:149} INFO - [2023-06-13T23:59:24.524+0000] {dag.py:2726} INFO - Sync 1 DAGs
[2023-06-13T23:59:24.541+0000] {logging_mixin.py:149} INFO - [2023-06-13T23:59:24.541+0000] {dag.py:3490} INFO - Setting next_dagrun for latest_only_with_trigger to 2023-06-13T19:59:24.541373+00:00, run_after=2023-06-13T23:59:24.541373+00:00
[2023-06-13T23:59:24.557+0000] {processor.py:179} INFO - Processing /home/airflow/.local/lib/python3.7/site-packages/airflow/example_dags/example_latest_only_with_trigger.py took 0.071 seconds
[2023-06-13T23:59:55.052+0000] {processor.py:157} INFO - Started process (PID=656) to work on /home/airflow/.local/lib/python3.7/site-packages/airflow/example_dags/example_latest_only_with_trigger.py
[2023-06-13T23:59:55.054+0000] {processor.py:826} INFO - Processing file /home/airflow/.local/lib/python3.7/site-packages/airflow/example_dags/example_latest_only_with_trigger.py for tasks to queue
[2023-06-13T23:59:55.055+0000] {logging_mixin.py:149} INFO - [2023-06-13T23:59:55.054+0000] {dagbag.py:541} INFO - Filling up the DagBag from /home/airflow/.local/lib/python3.7/site-packages/airflow/example_dags/example_latest_only_with_trigger.py
[2023-06-13T23:59:55.060+0000] {processor.py:836} INFO - DAG(s) dict_keys(['latest_only_with_trigger']) retrieved from /home/airflow/.local/lib/python3.7/site-packages/airflow/example_dags/example_latest_only_with_trigger.py
[2023-06-13T23:59:55.081+0000] {logging_mixin.py:149} INFO - [2023-06-13T23:59:55.081+0000] {dag.py:2726} INFO - Sync 1 DAGs
[2023-06-13T23:59:55.101+0000] {logging_mixin.py:149} INFO - [2023-06-13T23:59:55.101+0000] {dag.py:3490} INFO - Setting next_dagrun for latest_only_with_trigger to 2023-06-13T19:59:55.100891+00:00, run_after=2023-06-13T23:59:55.100891+00:00
[2023-06-13T23:59:55.114+0000] {processor.py:179} INFO - Processing /home/airflow/.local/lib/python3.7/site-packages/airflow/example_dags/example_latest_only_with_trigger.py took 0.065 seconds
