[2023-06-13T23:54:19.577+0000] {processor.py:157} INFO - Started process (PID=52) to work on /home/airflow/.local/lib/python3.7/site-packages/airflow/example_dags/example_python_operator.py
[2023-06-13T23:54:19.579+0000] {processor.py:826} INFO - Processing file /home/airflow/.local/lib/python3.7/site-packages/airflow/example_dags/example_python_operator.py for tasks to queue
[2023-06-13T23:54:19.580+0000] {logging_mixin.py:149} INFO - [2023-06-13T23:54:19.580+0000] {dagbag.py:541} INFO - Filling up the DagBag from /home/airflow/.local/lib/python3.7/site-packages/airflow/example_dags/example_python_operator.py
[2023-06-13T23:54:19.589+0000] {logging_mixin.py:149} INFO - [2023-06-13T23:54:19.589+0000] {taskmixin.py:211} WARNING - Dependency <Task(_PythonDecoratedOperator): print_the_context>, log_sql_query already registered for DAG: example_python_operator
[2023-06-13T23:54:19.589+0000] {logging_mixin.py:149} INFO - [2023-06-13T23:54:19.589+0000] {taskmixin.py:211} WARNING - Dependency <Task(_PythonDecoratedOperator): log_sql_query>, print_the_context already registered for DAG: example_python_operator
[2023-06-13T23:54:19.591+0000] {logging_mixin.py:149} INFO - [2023-06-13T23:54:19.590+0000] {taskmixin.py:211} WARNING - Dependency <Task(_PythonDecoratedOperator): print_the_context>, log_sql_query already registered for DAG: example_python_operator
[2023-06-13T23:54:19.592+0000] {logging_mixin.py:149} INFO - [2023-06-13T23:54:19.592+0000] {taskmixin.py:211} WARNING - Dependency <Task(_PythonDecoratedOperator): log_sql_query>, print_the_context already registered for DAG: example_python_operator
[2023-06-13T23:54:19.593+0000] {logging_mixin.py:149} INFO - [2023-06-13T23:54:19.593+0000] {taskmixin.py:211} WARNING - Dependency <Task(_PythonDecoratedOperator): print_the_context>, log_sql_query already registered for DAG: example_python_operator
[2023-06-13T23:54:19.594+0000] {logging_mixin.py:149} INFO - [2023-06-13T23:54:19.593+0000] {taskmixin.py:211} WARNING - Dependency <Task(_PythonDecoratedOperator): log_sql_query>, print_the_context already registered for DAG: example_python_operator
[2023-06-13T23:54:19.595+0000] {logging_mixin.py:149} INFO - [2023-06-13T23:54:19.595+0000] {taskmixin.py:211} WARNING - Dependency <Task(_PythonDecoratedOperator): print_the_context>, log_sql_query already registered for DAG: example_python_operator
[2023-06-13T23:54:19.595+0000] {logging_mixin.py:149} INFO - [2023-06-13T23:54:19.595+0000] {taskmixin.py:211} WARNING - Dependency <Task(_PythonDecoratedOperator): log_sql_query>, print_the_context already registered for DAG: example_python_operator
[2023-06-13T23:54:19.601+0000] {processor.py:836} INFO - DAG(s) dict_keys(['example_python_operator']) retrieved from /home/airflow/.local/lib/python3.7/site-packages/airflow/example_dags/example_python_operator.py
[2023-06-13T23:54:19.794+0000] {logging_mixin.py:149} INFO - [2023-06-13T23:54:19.791+0000] {manager.py:504} INFO - Created Permission View: can read on DAG:example_python_operator
[2023-06-13T23:54:19.827+0000] {logging_mixin.py:149} INFO - [2023-06-13T23:54:19.827+0000] {manager.py:504} INFO - Created Permission View: can delete on DAG:example_python_operator
[2023-06-13T23:54:19.862+0000] {logging_mixin.py:149} INFO - [2023-06-13T23:54:19.862+0000] {manager.py:504} INFO - Created Permission View: can edit on DAG:example_python_operator
[2023-06-13T23:54:19.864+0000] {logging_mixin.py:149} INFO - [2023-06-13T23:54:19.864+0000] {dag.py:2726} INFO - Sync 1 DAGs
[2023-06-13T23:54:19.946+0000] {logging_mixin.py:149} INFO - [2023-06-13T23:54:19.946+0000] {dag.py:2747} INFO - Creating ORM DAG for example_python_operator
[2023-06-13T23:54:19.968+0000] {logging_mixin.py:149} INFO - [2023-06-13T23:54:19.968+0000] {dag.py:3490} INFO - Setting next_dagrun for example_python_operator to None, run_after=None
[2023-06-13T23:54:20.014+0000] {processor.py:179} INFO - Processing /home/airflow/.local/lib/python3.7/site-packages/airflow/example_dags/example_python_operator.py took 0.440 seconds
[2023-06-13T23:54:50.116+0000] {processor.py:157} INFO - Started process (PID=109) to work on /home/airflow/.local/lib/python3.7/site-packages/airflow/example_dags/example_python_operator.py
[2023-06-13T23:54:50.117+0000] {processor.py:826} INFO - Processing file /home/airflow/.local/lib/python3.7/site-packages/airflow/example_dags/example_python_operator.py for tasks to queue
[2023-06-13T23:54:50.118+0000] {logging_mixin.py:149} INFO - [2023-06-13T23:54:50.118+0000] {dagbag.py:541} INFO - Filling up the DagBag from /home/airflow/.local/lib/python3.7/site-packages/airflow/example_dags/example_python_operator.py
[2023-06-13T23:54:50.125+0000] {logging_mixin.py:149} INFO - [2023-06-13T23:54:50.125+0000] {taskmixin.py:211} WARNING - Dependency <Task(_PythonDecoratedOperator): print_the_context>, log_sql_query already registered for DAG: example_python_operator
[2023-06-13T23:54:50.126+0000] {logging_mixin.py:149} INFO - [2023-06-13T23:54:50.126+0000] {taskmixin.py:211} WARNING - Dependency <Task(_PythonDecoratedOperator): log_sql_query>, print_the_context already registered for DAG: example_python_operator
[2023-06-13T23:54:50.126+0000] {logging_mixin.py:149} INFO - [2023-06-13T23:54:50.126+0000] {taskmixin.py:211} WARNING - Dependency <Task(_PythonDecoratedOperator): print_the_context>, log_sql_query already registered for DAG: example_python_operator
[2023-06-13T23:54:50.127+0000] {logging_mixin.py:149} INFO - [2023-06-13T23:54:50.127+0000] {taskmixin.py:211} WARNING - Dependency <Task(_PythonDecoratedOperator): log_sql_query>, print_the_context already registered for DAG: example_python_operator
[2023-06-13T23:54:50.128+0000] {logging_mixin.py:149} INFO - [2023-06-13T23:54:50.128+0000] {taskmixin.py:211} WARNING - Dependency <Task(_PythonDecoratedOperator): print_the_context>, log_sql_query already registered for DAG: example_python_operator
[2023-06-13T23:54:50.128+0000] {logging_mixin.py:149} INFO - [2023-06-13T23:54:50.128+0000] {taskmixin.py:211} WARNING - Dependency <Task(_PythonDecoratedOperator): log_sql_query>, print_the_context already registered for DAG: example_python_operator
[2023-06-13T23:54:50.129+0000] {logging_mixin.py:149} INFO - [2023-06-13T23:54:50.129+0000] {taskmixin.py:211} WARNING - Dependency <Task(_PythonDecoratedOperator): print_the_context>, log_sql_query already registered for DAG: example_python_operator
[2023-06-13T23:54:50.129+0000] {logging_mixin.py:149} INFO - [2023-06-13T23:54:50.129+0000] {taskmixin.py:211} WARNING - Dependency <Task(_PythonDecoratedOperator): log_sql_query>, print_the_context already registered for DAG: example_python_operator
[2023-06-13T23:54:50.131+0000] {processor.py:836} INFO - DAG(s) dict_keys(['example_python_operator']) retrieved from /home/airflow/.local/lib/python3.7/site-packages/airflow/example_dags/example_python_operator.py
[2023-06-13T23:54:50.156+0000] {logging_mixin.py:149} INFO - [2023-06-13T23:54:50.156+0000] {dag.py:2726} INFO - Sync 1 DAGs
[2023-06-13T23:54:50.186+0000] {logging_mixin.py:149} INFO - [2023-06-13T23:54:50.185+0000] {dag.py:3490} INFO - Setting next_dagrun for example_python_operator to None, run_after=None
[2023-06-13T23:54:50.214+0000] {processor.py:179} INFO - Processing /home/airflow/.local/lib/python3.7/site-packages/airflow/example_dags/example_python_operator.py took 0.101 seconds
[2023-06-13T23:55:21.248+0000] {processor.py:157} INFO - Started process (PID=165) to work on /home/airflow/.local/lib/python3.7/site-packages/airflow/example_dags/example_python_operator.py
[2023-06-13T23:55:21.249+0000] {processor.py:826} INFO - Processing file /home/airflow/.local/lib/python3.7/site-packages/airflow/example_dags/example_python_operator.py for tasks to queue
[2023-06-13T23:55:21.250+0000] {logging_mixin.py:149} INFO - [2023-06-13T23:55:21.250+0000] {dagbag.py:541} INFO - Filling up the DagBag from /home/airflow/.local/lib/python3.7/site-packages/airflow/example_dags/example_python_operator.py
[2023-06-13T23:55:21.256+0000] {logging_mixin.py:149} INFO - [2023-06-13T23:55:21.256+0000] {taskmixin.py:211} WARNING - Dependency <Task(_PythonDecoratedOperator): print_the_context>, log_sql_query already registered for DAG: example_python_operator
[2023-06-13T23:55:21.257+0000] {logging_mixin.py:149} INFO - [2023-06-13T23:55:21.257+0000] {taskmixin.py:211} WARNING - Dependency <Task(_PythonDecoratedOperator): log_sql_query>, print_the_context already registered for DAG: example_python_operator
[2023-06-13T23:55:21.258+0000] {logging_mixin.py:149} INFO - [2023-06-13T23:55:21.258+0000] {taskmixin.py:211} WARNING - Dependency <Task(_PythonDecoratedOperator): print_the_context>, log_sql_query already registered for DAG: example_python_operator
[2023-06-13T23:55:21.258+0000] {logging_mixin.py:149} INFO - [2023-06-13T23:55:21.258+0000] {taskmixin.py:211} WARNING - Dependency <Task(_PythonDecoratedOperator): log_sql_query>, print_the_context already registered for DAG: example_python_operator
[2023-06-13T23:55:21.259+0000] {logging_mixin.py:149} INFO - [2023-06-13T23:55:21.259+0000] {taskmixin.py:211} WARNING - Dependency <Task(_PythonDecoratedOperator): print_the_context>, log_sql_query already registered for DAG: example_python_operator
[2023-06-13T23:55:21.260+0000] {logging_mixin.py:149} INFO - [2023-06-13T23:55:21.259+0000] {taskmixin.py:211} WARNING - Dependency <Task(_PythonDecoratedOperator): log_sql_query>, print_the_context already registered for DAG: example_python_operator
[2023-06-13T23:55:21.260+0000] {logging_mixin.py:149} INFO - [2023-06-13T23:55:21.260+0000] {taskmixin.py:211} WARNING - Dependency <Task(_PythonDecoratedOperator): print_the_context>, log_sql_query already registered for DAG: example_python_operator
[2023-06-13T23:55:21.261+0000] {logging_mixin.py:149} INFO - [2023-06-13T23:55:21.261+0000] {taskmixin.py:211} WARNING - Dependency <Task(_PythonDecoratedOperator): log_sql_query>, print_the_context already registered for DAG: example_python_operator
[2023-06-13T23:55:21.263+0000] {processor.py:836} INFO - DAG(s) dict_keys(['example_python_operator']) retrieved from /home/airflow/.local/lib/python3.7/site-packages/airflow/example_dags/example_python_operator.py
[2023-06-13T23:55:21.286+0000] {logging_mixin.py:149} INFO - [2023-06-13T23:55:21.286+0000] {dag.py:2726} INFO - Sync 1 DAGs
[2023-06-13T23:55:21.302+0000] {logging_mixin.py:149} INFO - [2023-06-13T23:55:21.302+0000] {dag.py:3490} INFO - Setting next_dagrun for example_python_operator to None, run_after=None
[2023-06-13T23:55:21.316+0000] {processor.py:179} INFO - Processing /home/airflow/.local/lib/python3.7/site-packages/airflow/example_dags/example_python_operator.py took 0.071 seconds
[2023-06-13T23:55:51.730+0000] {processor.py:157} INFO - Started process (PID=221) to work on /home/airflow/.local/lib/python3.7/site-packages/airflow/example_dags/example_python_operator.py
[2023-06-13T23:55:51.732+0000] {processor.py:826} INFO - Processing file /home/airflow/.local/lib/python3.7/site-packages/airflow/example_dags/example_python_operator.py for tasks to queue
[2023-06-13T23:55:51.733+0000] {logging_mixin.py:149} INFO - [2023-06-13T23:55:51.733+0000] {dagbag.py:541} INFO - Filling up the DagBag from /home/airflow/.local/lib/python3.7/site-packages/airflow/example_dags/example_python_operator.py
[2023-06-13T23:55:51.738+0000] {logging_mixin.py:149} INFO - [2023-06-13T23:55:51.738+0000] {taskmixin.py:211} WARNING - Dependency <Task(_PythonDecoratedOperator): print_the_context>, log_sql_query already registered for DAG: example_python_operator
[2023-06-13T23:55:51.739+0000] {logging_mixin.py:149} INFO - [2023-06-13T23:55:51.739+0000] {taskmixin.py:211} WARNING - Dependency <Task(_PythonDecoratedOperator): log_sql_query>, print_the_context already registered for DAG: example_python_operator
[2023-06-13T23:55:51.740+0000] {logging_mixin.py:149} INFO - [2023-06-13T23:55:51.739+0000] {taskmixin.py:211} WARNING - Dependency <Task(_PythonDecoratedOperator): print_the_context>, log_sql_query already registered for DAG: example_python_operator
[2023-06-13T23:55:51.740+0000] {logging_mixin.py:149} INFO - [2023-06-13T23:55:51.740+0000] {taskmixin.py:211} WARNING - Dependency <Task(_PythonDecoratedOperator): log_sql_query>, print_the_context already registered for DAG: example_python_operator
[2023-06-13T23:55:51.741+0000] {logging_mixin.py:149} INFO - [2023-06-13T23:55:51.741+0000] {taskmixin.py:211} WARNING - Dependency <Task(_PythonDecoratedOperator): print_the_context>, log_sql_query already registered for DAG: example_python_operator
[2023-06-13T23:55:51.742+0000] {logging_mixin.py:149} INFO - [2023-06-13T23:55:51.742+0000] {taskmixin.py:211} WARNING - Dependency <Task(_PythonDecoratedOperator): log_sql_query>, print_the_context already registered for DAG: example_python_operator
[2023-06-13T23:55:51.743+0000] {logging_mixin.py:149} INFO - [2023-06-13T23:55:51.742+0000] {taskmixin.py:211} WARNING - Dependency <Task(_PythonDecoratedOperator): print_the_context>, log_sql_query already registered for DAG: example_python_operator
[2023-06-13T23:55:51.743+0000] {logging_mixin.py:149} INFO - [2023-06-13T23:55:51.743+0000] {taskmixin.py:211} WARNING - Dependency <Task(_PythonDecoratedOperator): log_sql_query>, print_the_context already registered for DAG: example_python_operator
[2023-06-13T23:55:51.745+0000] {processor.py:836} INFO - DAG(s) dict_keys(['example_python_operator']) retrieved from /home/airflow/.local/lib/python3.7/site-packages/airflow/example_dags/example_python_operator.py
[2023-06-13T23:55:51.768+0000] {logging_mixin.py:149} INFO - [2023-06-13T23:55:51.767+0000] {dag.py:2726} INFO - Sync 1 DAGs
[2023-06-13T23:55:51.783+0000] {logging_mixin.py:149} INFO - [2023-06-13T23:55:51.783+0000] {dag.py:3490} INFO - Setting next_dagrun for example_python_operator to None, run_after=None
[2023-06-13T23:55:51.796+0000] {processor.py:179} INFO - Processing /home/airflow/.local/lib/python3.7/site-packages/airflow/example_dags/example_python_operator.py took 0.068 seconds
[2023-06-13T23:56:22.295+0000] {processor.py:157} INFO - Started process (PID=277) to work on /home/airflow/.local/lib/python3.7/site-packages/airflow/example_dags/example_python_operator.py
[2023-06-13T23:56:22.296+0000] {processor.py:826} INFO - Processing file /home/airflow/.local/lib/python3.7/site-packages/airflow/example_dags/example_python_operator.py for tasks to queue
[2023-06-13T23:56:22.297+0000] {logging_mixin.py:149} INFO - [2023-06-13T23:56:22.297+0000] {dagbag.py:541} INFO - Filling up the DagBag from /home/airflow/.local/lib/python3.7/site-packages/airflow/example_dags/example_python_operator.py
[2023-06-13T23:56:22.302+0000] {logging_mixin.py:149} INFO - [2023-06-13T23:56:22.302+0000] {taskmixin.py:211} WARNING - Dependency <Task(_PythonDecoratedOperator): print_the_context>, log_sql_query already registered for DAG: example_python_operator
[2023-06-13T23:56:22.303+0000] {logging_mixin.py:149} INFO - [2023-06-13T23:56:22.303+0000] {taskmixin.py:211} WARNING - Dependency <Task(_PythonDecoratedOperator): log_sql_query>, print_the_context already registered for DAG: example_python_operator
[2023-06-13T23:56:22.304+0000] {logging_mixin.py:149} INFO - [2023-06-13T23:56:22.304+0000] {taskmixin.py:211} WARNING - Dependency <Task(_PythonDecoratedOperator): print_the_context>, log_sql_query already registered for DAG: example_python_operator
[2023-06-13T23:56:22.304+0000] {logging_mixin.py:149} INFO - [2023-06-13T23:56:22.304+0000] {taskmixin.py:211} WARNING - Dependency <Task(_PythonDecoratedOperator): log_sql_query>, print_the_context already registered for DAG: example_python_operator
[2023-06-13T23:56:22.305+0000] {logging_mixin.py:149} INFO - [2023-06-13T23:56:22.305+0000] {taskmixin.py:211} WARNING - Dependency <Task(_PythonDecoratedOperator): print_the_context>, log_sql_query already registered for DAG: example_python_operator
[2023-06-13T23:56:22.306+0000] {logging_mixin.py:149} INFO - [2023-06-13T23:56:22.306+0000] {taskmixin.py:211} WARNING - Dependency <Task(_PythonDecoratedOperator): log_sql_query>, print_the_context already registered for DAG: example_python_operator
[2023-06-13T23:56:22.306+0000] {logging_mixin.py:149} INFO - [2023-06-13T23:56:22.306+0000] {taskmixin.py:211} WARNING - Dependency <Task(_PythonDecoratedOperator): print_the_context>, log_sql_query already registered for DAG: example_python_operator
[2023-06-13T23:56:22.307+0000] {logging_mixin.py:149} INFO - [2023-06-13T23:56:22.307+0000] {taskmixin.py:211} WARNING - Dependency <Task(_PythonDecoratedOperator): log_sql_query>, print_the_context already registered for DAG: example_python_operator
[2023-06-13T23:56:22.309+0000] {processor.py:836} INFO - DAG(s) dict_keys(['example_python_operator']) retrieved from /home/airflow/.local/lib/python3.7/site-packages/airflow/example_dags/example_python_operator.py
[2023-06-13T23:56:22.332+0000] {logging_mixin.py:149} INFO - [2023-06-13T23:56:22.332+0000] {dag.py:2726} INFO - Sync 1 DAGs
[2023-06-13T23:56:22.348+0000] {logging_mixin.py:149} INFO - [2023-06-13T23:56:22.348+0000] {dag.py:3490} INFO - Setting next_dagrun for example_python_operator to None, run_after=None
[2023-06-13T23:56:22.360+0000] {processor.py:179} INFO - Processing /home/airflow/.local/lib/python3.7/site-packages/airflow/example_dags/example_python_operator.py took 0.068 seconds
[2023-06-13T23:56:52.903+0000] {processor.py:157} INFO - Started process (PID=333) to work on /home/airflow/.local/lib/python3.7/site-packages/airflow/example_dags/example_python_operator.py
[2023-06-13T23:56:52.904+0000] {processor.py:826} INFO - Processing file /home/airflow/.local/lib/python3.7/site-packages/airflow/example_dags/example_python_operator.py for tasks to queue
[2023-06-13T23:56:52.905+0000] {logging_mixin.py:149} INFO - [2023-06-13T23:56:52.905+0000] {dagbag.py:541} INFO - Filling up the DagBag from /home/airflow/.local/lib/python3.7/site-packages/airflow/example_dags/example_python_operator.py
[2023-06-13T23:56:52.910+0000] {logging_mixin.py:149} INFO - [2023-06-13T23:56:52.910+0000] {taskmixin.py:211} WARNING - Dependency <Task(_PythonDecoratedOperator): print_the_context>, log_sql_query already registered for DAG: example_python_operator
[2023-06-13T23:56:52.910+0000] {logging_mixin.py:149} INFO - [2023-06-13T23:56:52.910+0000] {taskmixin.py:211} WARNING - Dependency <Task(_PythonDecoratedOperator): log_sql_query>, print_the_context already registered for DAG: example_python_operator
[2023-06-13T23:56:52.911+0000] {logging_mixin.py:149} INFO - [2023-06-13T23:56:52.911+0000] {taskmixin.py:211} WARNING - Dependency <Task(_PythonDecoratedOperator): print_the_context>, log_sql_query already registered for DAG: example_python_operator
[2023-06-13T23:56:52.912+0000] {logging_mixin.py:149} INFO - [2023-06-13T23:56:52.912+0000] {taskmixin.py:211} WARNING - Dependency <Task(_PythonDecoratedOperator): log_sql_query>, print_the_context already registered for DAG: example_python_operator
[2023-06-13T23:56:52.913+0000] {logging_mixin.py:149} INFO - [2023-06-13T23:56:52.913+0000] {taskmixin.py:211} WARNING - Dependency <Task(_PythonDecoratedOperator): print_the_context>, log_sql_query already registered for DAG: example_python_operator
[2023-06-13T23:56:52.913+0000] {logging_mixin.py:149} INFO - [2023-06-13T23:56:52.913+0000] {taskmixin.py:211} WARNING - Dependency <Task(_PythonDecoratedOperator): log_sql_query>, print_the_context already registered for DAG: example_python_operator
[2023-06-13T23:56:52.914+0000] {logging_mixin.py:149} INFO - [2023-06-13T23:56:52.914+0000] {taskmixin.py:211} WARNING - Dependency <Task(_PythonDecoratedOperator): print_the_context>, log_sql_query already registered for DAG: example_python_operator
[2023-06-13T23:56:52.915+0000] {logging_mixin.py:149} INFO - [2023-06-13T23:56:52.914+0000] {taskmixin.py:211} WARNING - Dependency <Task(_PythonDecoratedOperator): log_sql_query>, print_the_context already registered for DAG: example_python_operator
[2023-06-13T23:56:52.917+0000] {processor.py:836} INFO - DAG(s) dict_keys(['example_python_operator']) retrieved from /home/airflow/.local/lib/python3.7/site-packages/airflow/example_dags/example_python_operator.py
[2023-06-13T23:56:52.940+0000] {logging_mixin.py:149} INFO - [2023-06-13T23:56:52.940+0000] {dag.py:2726} INFO - Sync 1 DAGs
[2023-06-13T23:56:52.957+0000] {logging_mixin.py:149} INFO - [2023-06-13T23:56:52.956+0000] {dag.py:3490} INFO - Setting next_dagrun for example_python_operator to None, run_after=None
[2023-06-13T23:56:52.972+0000] {processor.py:179} INFO - Processing /home/airflow/.local/lib/python3.7/site-packages/airflow/example_dags/example_python_operator.py took 0.072 seconds
[2023-06-13T23:57:23.560+0000] {processor.py:157} INFO - Started process (PID=389) to work on /home/airflow/.local/lib/python3.7/site-packages/airflow/example_dags/example_python_operator.py
[2023-06-13T23:57:23.561+0000] {processor.py:826} INFO - Processing file /home/airflow/.local/lib/python3.7/site-packages/airflow/example_dags/example_python_operator.py for tasks to queue
[2023-06-13T23:57:23.562+0000] {logging_mixin.py:149} INFO - [2023-06-13T23:57:23.562+0000] {dagbag.py:541} INFO - Filling up the DagBag from /home/airflow/.local/lib/python3.7/site-packages/airflow/example_dags/example_python_operator.py
[2023-06-13T23:57:23.568+0000] {logging_mixin.py:149} INFO - [2023-06-13T23:57:23.568+0000] {taskmixin.py:211} WARNING - Dependency <Task(_PythonDecoratedOperator): print_the_context>, log_sql_query already registered for DAG: example_python_operator
[2023-06-13T23:57:23.568+0000] {logging_mixin.py:149} INFO - [2023-06-13T23:57:23.568+0000] {taskmixin.py:211} WARNING - Dependency <Task(_PythonDecoratedOperator): log_sql_query>, print_the_context already registered for DAG: example_python_operator
[2023-06-13T23:57:23.569+0000] {logging_mixin.py:149} INFO - [2023-06-13T23:57:23.569+0000] {taskmixin.py:211} WARNING - Dependency <Task(_PythonDecoratedOperator): print_the_context>, log_sql_query already registered for DAG: example_python_operator
[2023-06-13T23:57:23.570+0000] {logging_mixin.py:149} INFO - [2023-06-13T23:57:23.570+0000] {taskmixin.py:211} WARNING - Dependency <Task(_PythonDecoratedOperator): log_sql_query>, print_the_context already registered for DAG: example_python_operator
[2023-06-13T23:57:23.571+0000] {logging_mixin.py:149} INFO - [2023-06-13T23:57:23.571+0000] {taskmixin.py:211} WARNING - Dependency <Task(_PythonDecoratedOperator): print_the_context>, log_sql_query already registered for DAG: example_python_operator
[2023-06-13T23:57:23.571+0000] {logging_mixin.py:149} INFO - [2023-06-13T23:57:23.571+0000] {taskmixin.py:211} WARNING - Dependency <Task(_PythonDecoratedOperator): log_sql_query>, print_the_context already registered for DAG: example_python_operator
[2023-06-13T23:57:23.572+0000] {logging_mixin.py:149} INFO - [2023-06-13T23:57:23.572+0000] {taskmixin.py:211} WARNING - Dependency <Task(_PythonDecoratedOperator): print_the_context>, log_sql_query already registered for DAG: example_python_operator
[2023-06-13T23:57:23.573+0000] {logging_mixin.py:149} INFO - [2023-06-13T23:57:23.573+0000] {taskmixin.py:211} WARNING - Dependency <Task(_PythonDecoratedOperator): log_sql_query>, print_the_context already registered for DAG: example_python_operator
[2023-06-13T23:57:23.575+0000] {processor.py:836} INFO - DAG(s) dict_keys(['example_python_operator']) retrieved from /home/airflow/.local/lib/python3.7/site-packages/airflow/example_dags/example_python_operator.py
[2023-06-13T23:57:23.598+0000] {logging_mixin.py:149} INFO - [2023-06-13T23:57:23.598+0000] {dag.py:2726} INFO - Sync 1 DAGs
[2023-06-13T23:57:23.615+0000] {logging_mixin.py:149} INFO - [2023-06-13T23:57:23.615+0000] {dag.py:3490} INFO - Setting next_dagrun for example_python_operator to None, run_after=None
[2023-06-13T23:57:23.629+0000] {processor.py:179} INFO - Processing /home/airflow/.local/lib/python3.7/site-packages/airflow/example_dags/example_python_operator.py took 0.072 seconds
[2023-06-13T23:57:54.194+0000] {processor.py:157} INFO - Started process (PID=445) to work on /home/airflow/.local/lib/python3.7/site-packages/airflow/example_dags/example_python_operator.py
[2023-06-13T23:57:54.195+0000] {processor.py:826} INFO - Processing file /home/airflow/.local/lib/python3.7/site-packages/airflow/example_dags/example_python_operator.py for tasks to queue
[2023-06-13T23:57:54.197+0000] {logging_mixin.py:149} INFO - [2023-06-13T23:57:54.197+0000] {dagbag.py:541} INFO - Filling up the DagBag from /home/airflow/.local/lib/python3.7/site-packages/airflow/example_dags/example_python_operator.py
[2023-06-13T23:57:54.203+0000] {logging_mixin.py:149} INFO - [2023-06-13T23:57:54.203+0000] {taskmixin.py:211} WARNING - Dependency <Task(_PythonDecoratedOperator): print_the_context>, log_sql_query already registered for DAG: example_python_operator
[2023-06-13T23:57:54.203+0000] {logging_mixin.py:149} INFO - [2023-06-13T23:57:54.203+0000] {taskmixin.py:211} WARNING - Dependency <Task(_PythonDecoratedOperator): log_sql_query>, print_the_context already registered for DAG: example_python_operator
[2023-06-13T23:57:54.204+0000] {logging_mixin.py:149} INFO - [2023-06-13T23:57:54.204+0000] {taskmixin.py:211} WARNING - Dependency <Task(_PythonDecoratedOperator): print_the_context>, log_sql_query already registered for DAG: example_python_operator
[2023-06-13T23:57:54.205+0000] {logging_mixin.py:149} INFO - [2023-06-13T23:57:54.205+0000] {taskmixin.py:211} WARNING - Dependency <Task(_PythonDecoratedOperator): log_sql_query>, print_the_context already registered for DAG: example_python_operator
[2023-06-13T23:57:54.206+0000] {logging_mixin.py:149} INFO - [2023-06-13T23:57:54.206+0000] {taskmixin.py:211} WARNING - Dependency <Task(_PythonDecoratedOperator): print_the_context>, log_sql_query already registered for DAG: example_python_operator
[2023-06-13T23:57:54.206+0000] {logging_mixin.py:149} INFO - [2023-06-13T23:57:54.206+0000] {taskmixin.py:211} WARNING - Dependency <Task(_PythonDecoratedOperator): log_sql_query>, print_the_context already registered for DAG: example_python_operator
[2023-06-13T23:57:54.207+0000] {logging_mixin.py:149} INFO - [2023-06-13T23:57:54.207+0000] {taskmixin.py:211} WARNING - Dependency <Task(_PythonDecoratedOperator): print_the_context>, log_sql_query already registered for DAG: example_python_operator
[2023-06-13T23:57:54.208+0000] {logging_mixin.py:149} INFO - [2023-06-13T23:57:54.208+0000] {taskmixin.py:211} WARNING - Dependency <Task(_PythonDecoratedOperator): log_sql_query>, print_the_context already registered for DAG: example_python_operator
[2023-06-13T23:57:54.210+0000] {processor.py:836} INFO - DAG(s) dict_keys(['example_python_operator']) retrieved from /home/airflow/.local/lib/python3.7/site-packages/airflow/example_dags/example_python_operator.py
[2023-06-13T23:57:54.235+0000] {logging_mixin.py:149} INFO - [2023-06-13T23:57:54.235+0000] {dag.py:2726} INFO - Sync 1 DAGs
[2023-06-13T23:57:54.253+0000] {logging_mixin.py:149} INFO - [2023-06-13T23:57:54.253+0000] {dag.py:3490} INFO - Setting next_dagrun for example_python_operator to None, run_after=None
[2023-06-13T23:57:54.282+0000] {processor.py:179} INFO - Processing /home/airflow/.local/lib/python3.7/site-packages/airflow/example_dags/example_python_operator.py took 0.091 seconds
[2023-06-13T23:58:24.975+0000] {processor.py:157} INFO - Started process (PID=501) to work on /home/airflow/.local/lib/python3.7/site-packages/airflow/example_dags/example_python_operator.py
[2023-06-13T23:58:24.976+0000] {processor.py:826} INFO - Processing file /home/airflow/.local/lib/python3.7/site-packages/airflow/example_dags/example_python_operator.py for tasks to queue
[2023-06-13T23:58:24.977+0000] {logging_mixin.py:149} INFO - [2023-06-13T23:58:24.977+0000] {dagbag.py:541} INFO - Filling up the DagBag from /home/airflow/.local/lib/python3.7/site-packages/airflow/example_dags/example_python_operator.py
[2023-06-13T23:58:24.982+0000] {logging_mixin.py:149} INFO - [2023-06-13T23:58:24.982+0000] {taskmixin.py:211} WARNING - Dependency <Task(_PythonDecoratedOperator): print_the_context>, log_sql_query already registered for DAG: example_python_operator
[2023-06-13T23:58:24.983+0000] {logging_mixin.py:149} INFO - [2023-06-13T23:58:24.983+0000] {taskmixin.py:211} WARNING - Dependency <Task(_PythonDecoratedOperator): log_sql_query>, print_the_context already registered for DAG: example_python_operator
[2023-06-13T23:58:24.985+0000] {logging_mixin.py:149} INFO - [2023-06-13T23:58:24.984+0000] {taskmixin.py:211} WARNING - Dependency <Task(_PythonDecoratedOperator): print_the_context>, log_sql_query already registered for DAG: example_python_operator
[2023-06-13T23:58:24.986+0000] {logging_mixin.py:149} INFO - [2023-06-13T23:58:24.986+0000] {taskmixin.py:211} WARNING - Dependency <Task(_PythonDecoratedOperator): log_sql_query>, print_the_context already registered for DAG: example_python_operator
[2023-06-13T23:58:24.987+0000] {logging_mixin.py:149} INFO - [2023-06-13T23:58:24.987+0000] {taskmixin.py:211} WARNING - Dependency <Task(_PythonDecoratedOperator): print_the_context>, log_sql_query already registered for DAG: example_python_operator
[2023-06-13T23:58:24.988+0000] {logging_mixin.py:149} INFO - [2023-06-13T23:58:24.988+0000] {taskmixin.py:211} WARNING - Dependency <Task(_PythonDecoratedOperator): log_sql_query>, print_the_context already registered for DAG: example_python_operator
[2023-06-13T23:58:24.989+0000] {logging_mixin.py:149} INFO - [2023-06-13T23:58:24.989+0000] {taskmixin.py:211} WARNING - Dependency <Task(_PythonDecoratedOperator): print_the_context>, log_sql_query already registered for DAG: example_python_operator
[2023-06-13T23:58:24.989+0000] {logging_mixin.py:149} INFO - [2023-06-13T23:58:24.989+0000] {taskmixin.py:211} WARNING - Dependency <Task(_PythonDecoratedOperator): log_sql_query>, print_the_context already registered for DAG: example_python_operator
[2023-06-13T23:58:24.992+0000] {processor.py:836} INFO - DAG(s) dict_keys(['example_python_operator']) retrieved from /home/airflow/.local/lib/python3.7/site-packages/airflow/example_dags/example_python_operator.py
[2023-06-13T23:58:25.022+0000] {logging_mixin.py:149} INFO - [2023-06-13T23:58:25.022+0000] {dag.py:2726} INFO - Sync 1 DAGs
[2023-06-13T23:58:25.041+0000] {logging_mixin.py:149} INFO - [2023-06-13T23:58:25.041+0000] {dag.py:3490} INFO - Setting next_dagrun for example_python_operator to None, run_after=None
[2023-06-13T23:58:25.059+0000] {processor.py:179} INFO - Processing /home/airflow/.local/lib/python3.7/site-packages/airflow/example_dags/example_python_operator.py took 0.087 seconds
[2023-06-13T23:58:55.469+0000] {processor.py:157} INFO - Started process (PID=557) to work on /home/airflow/.local/lib/python3.7/site-packages/airflow/example_dags/example_python_operator.py
[2023-06-13T23:58:55.470+0000] {processor.py:826} INFO - Processing file /home/airflow/.local/lib/python3.7/site-packages/airflow/example_dags/example_python_operator.py for tasks to queue
[2023-06-13T23:58:55.471+0000] {logging_mixin.py:149} INFO - [2023-06-13T23:58:55.471+0000] {dagbag.py:541} INFO - Filling up the DagBag from /home/airflow/.local/lib/python3.7/site-packages/airflow/example_dags/example_python_operator.py
[2023-06-13T23:58:55.476+0000] {logging_mixin.py:149} INFO - [2023-06-13T23:58:55.476+0000] {taskmixin.py:211} WARNING - Dependency <Task(_PythonDecoratedOperator): print_the_context>, log_sql_query already registered for DAG: example_python_operator
[2023-06-13T23:58:55.477+0000] {logging_mixin.py:149} INFO - [2023-06-13T23:58:55.477+0000] {taskmixin.py:211} WARNING - Dependency <Task(_PythonDecoratedOperator): log_sql_query>, print_the_context already registered for DAG: example_python_operator
[2023-06-13T23:58:55.478+0000] {logging_mixin.py:149} INFO - [2023-06-13T23:58:55.478+0000] {taskmixin.py:211} WARNING - Dependency <Task(_PythonDecoratedOperator): print_the_context>, log_sql_query already registered for DAG: example_python_operator
[2023-06-13T23:58:55.478+0000] {logging_mixin.py:149} INFO - [2023-06-13T23:58:55.478+0000] {taskmixin.py:211} WARNING - Dependency <Task(_PythonDecoratedOperator): log_sql_query>, print_the_context already registered for DAG: example_python_operator
[2023-06-13T23:58:55.479+0000] {logging_mixin.py:149} INFO - [2023-06-13T23:58:55.479+0000] {taskmixin.py:211} WARNING - Dependency <Task(_PythonDecoratedOperator): print_the_context>, log_sql_query already registered for DAG: example_python_operator
[2023-06-13T23:58:55.480+0000] {logging_mixin.py:149} INFO - [2023-06-13T23:58:55.480+0000] {taskmixin.py:211} WARNING - Dependency <Task(_PythonDecoratedOperator): log_sql_query>, print_the_context already registered for DAG: example_python_operator
[2023-06-13T23:58:55.481+0000] {logging_mixin.py:149} INFO - [2023-06-13T23:58:55.481+0000] {taskmixin.py:211} WARNING - Dependency <Task(_PythonDecoratedOperator): print_the_context>, log_sql_query already registered for DAG: example_python_operator
[2023-06-13T23:58:55.482+0000] {logging_mixin.py:149} INFO - [2023-06-13T23:58:55.481+0000] {taskmixin.py:211} WARNING - Dependency <Task(_PythonDecoratedOperator): log_sql_query>, print_the_context already registered for DAG: example_python_operator
[2023-06-13T23:58:55.483+0000] {processor.py:836} INFO - DAG(s) dict_keys(['example_python_operator']) retrieved from /home/airflow/.local/lib/python3.7/site-packages/airflow/example_dags/example_python_operator.py
[2023-06-13T23:58:55.505+0000] {logging_mixin.py:149} INFO - [2023-06-13T23:58:55.505+0000] {dag.py:2726} INFO - Sync 1 DAGs
[2023-06-13T23:58:55.521+0000] {logging_mixin.py:149} INFO - [2023-06-13T23:58:55.521+0000] {dag.py:3490} INFO - Setting next_dagrun for example_python_operator to None, run_after=None
[2023-06-13T23:58:55.533+0000] {processor.py:179} INFO - Processing /home/airflow/.local/lib/python3.7/site-packages/airflow/example_dags/example_python_operator.py took 0.066 seconds
[2023-06-13T23:59:26.105+0000] {processor.py:157} INFO - Started process (PID=612) to work on /home/airflow/.local/lib/python3.7/site-packages/airflow/example_dags/example_python_operator.py
[2023-06-13T23:59:26.106+0000] {processor.py:826} INFO - Processing file /home/airflow/.local/lib/python3.7/site-packages/airflow/example_dags/example_python_operator.py for tasks to queue
[2023-06-13T23:59:26.107+0000] {logging_mixin.py:149} INFO - [2023-06-13T23:59:26.107+0000] {dagbag.py:541} INFO - Filling up the DagBag from /home/airflow/.local/lib/python3.7/site-packages/airflow/example_dags/example_python_operator.py
[2023-06-13T23:59:26.113+0000] {logging_mixin.py:149} INFO - [2023-06-13T23:59:26.113+0000] {taskmixin.py:211} WARNING - Dependency <Task(_PythonDecoratedOperator): print_the_context>, log_sql_query already registered for DAG: example_python_operator
[2023-06-13T23:59:26.113+0000] {logging_mixin.py:149} INFO - [2023-06-13T23:59:26.113+0000] {taskmixin.py:211} WARNING - Dependency <Task(_PythonDecoratedOperator): log_sql_query>, print_the_context already registered for DAG: example_python_operator
[2023-06-13T23:59:26.114+0000] {logging_mixin.py:149} INFO - [2023-06-13T23:59:26.114+0000] {taskmixin.py:211} WARNING - Dependency <Task(_PythonDecoratedOperator): print_the_context>, log_sql_query already registered for DAG: example_python_operator
[2023-06-13T23:59:26.115+0000] {logging_mixin.py:149} INFO - [2023-06-13T23:59:26.115+0000] {taskmixin.py:211} WARNING - Dependency <Task(_PythonDecoratedOperator): log_sql_query>, print_the_context already registered for DAG: example_python_operator
[2023-06-13T23:59:26.116+0000] {logging_mixin.py:149} INFO - [2023-06-13T23:59:26.116+0000] {taskmixin.py:211} WARNING - Dependency <Task(_PythonDecoratedOperator): print_the_context>, log_sql_query already registered for DAG: example_python_operator
[2023-06-13T23:59:26.116+0000] {logging_mixin.py:149} INFO - [2023-06-13T23:59:26.116+0000] {taskmixin.py:211} WARNING - Dependency <Task(_PythonDecoratedOperator): log_sql_query>, print_the_context already registered for DAG: example_python_operator
[2023-06-13T23:59:26.117+0000] {logging_mixin.py:149} INFO - [2023-06-13T23:59:26.117+0000] {taskmixin.py:211} WARNING - Dependency <Task(_PythonDecoratedOperator): print_the_context>, log_sql_query already registered for DAG: example_python_operator
[2023-06-13T23:59:26.118+0000] {logging_mixin.py:149} INFO - [2023-06-13T23:59:26.117+0000] {taskmixin.py:211} WARNING - Dependency <Task(_PythonDecoratedOperator): log_sql_query>, print_the_context already registered for DAG: example_python_operator
[2023-06-13T23:59:26.119+0000] {processor.py:836} INFO - DAG(s) dict_keys(['example_python_operator']) retrieved from /home/airflow/.local/lib/python3.7/site-packages/airflow/example_dags/example_python_operator.py
[2023-06-13T23:59:26.142+0000] {logging_mixin.py:149} INFO - [2023-06-13T23:59:26.142+0000] {dag.py:2726} INFO - Sync 1 DAGs
[2023-06-13T23:59:26.158+0000] {logging_mixin.py:149} INFO - [2023-06-13T23:59:26.158+0000] {dag.py:3490} INFO - Setting next_dagrun for example_python_operator to None, run_after=None
[2023-06-13T23:59:26.172+0000] {processor.py:179} INFO - Processing /home/airflow/.local/lib/python3.7/site-packages/airflow/example_dags/example_python_operator.py took 0.069 seconds
[2023-06-13T23:59:56.641+0000] {processor.py:157} INFO - Started process (PID=668) to work on /home/airflow/.local/lib/python3.7/site-packages/airflow/example_dags/example_python_operator.py
[2023-06-13T23:59:56.643+0000] {processor.py:826} INFO - Processing file /home/airflow/.local/lib/python3.7/site-packages/airflow/example_dags/example_python_operator.py for tasks to queue
[2023-06-13T23:59:56.645+0000] {logging_mixin.py:149} INFO - [2023-06-13T23:59:56.645+0000] {dagbag.py:541} INFO - Filling up the DagBag from /home/airflow/.local/lib/python3.7/site-packages/airflow/example_dags/example_python_operator.py
[2023-06-13T23:59:56.654+0000] {logging_mixin.py:149} INFO - [2023-06-13T23:59:56.653+0000] {taskmixin.py:211} WARNING - Dependency <Task(_PythonDecoratedOperator): print_the_context>, log_sql_query already registered for DAG: example_python_operator
[2023-06-13T23:59:56.654+0000] {logging_mixin.py:149} INFO - [2023-06-13T23:59:56.654+0000] {taskmixin.py:211} WARNING - Dependency <Task(_PythonDecoratedOperator): log_sql_query>, print_the_context already registered for DAG: example_python_operator
[2023-06-13T23:59:56.656+0000] {logging_mixin.py:149} INFO - [2023-06-13T23:59:56.656+0000] {taskmixin.py:211} WARNING - Dependency <Task(_PythonDecoratedOperator): print_the_context>, log_sql_query already registered for DAG: example_python_operator
[2023-06-13T23:59:56.657+0000] {logging_mixin.py:149} INFO - [2023-06-13T23:59:56.656+0000] {taskmixin.py:211} WARNING - Dependency <Task(_PythonDecoratedOperator): log_sql_query>, print_the_context already registered for DAG: example_python_operator
[2023-06-13T23:59:56.658+0000] {logging_mixin.py:149} INFO - [2023-06-13T23:59:56.658+0000] {taskmixin.py:211} WARNING - Dependency <Task(_PythonDecoratedOperator): print_the_context>, log_sql_query already registered for DAG: example_python_operator
[2023-06-13T23:59:56.658+0000] {logging_mixin.py:149} INFO - [2023-06-13T23:59:56.658+0000] {taskmixin.py:211} WARNING - Dependency <Task(_PythonDecoratedOperator): log_sql_query>, print_the_context already registered for DAG: example_python_operator
[2023-06-13T23:59:56.660+0000] {logging_mixin.py:149} INFO - [2023-06-13T23:59:56.660+0000] {taskmixin.py:211} WARNING - Dependency <Task(_PythonDecoratedOperator): print_the_context>, log_sql_query already registered for DAG: example_python_operator
[2023-06-13T23:59:56.661+0000] {logging_mixin.py:149} INFO - [2023-06-13T23:59:56.661+0000] {taskmixin.py:211} WARNING - Dependency <Task(_PythonDecoratedOperator): log_sql_query>, print_the_context already registered for DAG: example_python_operator
[2023-06-13T23:59:56.664+0000] {processor.py:836} INFO - DAG(s) dict_keys(['example_python_operator']) retrieved from /home/airflow/.local/lib/python3.7/site-packages/airflow/example_dags/example_python_operator.py
[2023-06-13T23:59:56.696+0000] {logging_mixin.py:149} INFO - [2023-06-13T23:59:56.696+0000] {dag.py:2726} INFO - Sync 1 DAGs
[2023-06-13T23:59:56.723+0000] {logging_mixin.py:149} INFO - [2023-06-13T23:59:56.723+0000] {dag.py:3490} INFO - Setting next_dagrun for example_python_operator to None, run_after=None
[2023-06-13T23:59:56.743+0000] {processor.py:179} INFO - Processing /home/airflow/.local/lib/python3.7/site-packages/airflow/example_dags/example_python_operator.py took 0.106 seconds
