[2023-06-13T23:54:21.774+0000] {processor.py:157} INFO - Started process (PID=66) to work on /home/airflow/.local/lib/python3.7/site-packages/airflow/example_dags/example_subdag_operator.py
[2023-06-13T23:54:21.777+0000] {processor.py:826} INFO - Processing file /home/airflow/.local/lib/python3.7/site-packages/airflow/example_dags/example_subdag_operator.py for tasks to queue
[2023-06-13T23:54:21.779+0000] {logging_mixin.py:149} INFO - [2023-06-13T23:54:21.779+0000] {dagbag.py:541} INFO - Filling up the DagBag from /home/airflow/.local/lib/python3.7/site-packages/airflow/example_dags/example_subdag_operator.py
[2023-06-13T23:54:21.807+0000] {processor.py:836} INFO - DAG(s) dict_keys(['example_subdag_operator.section-1', 'example_subdag_operator.section-2', 'example_subdag_operator']) retrieved from /home/airflow/.local/lib/python3.7/site-packages/airflow/example_dags/example_subdag_operator.py
[2023-06-13T23:54:21.875+0000] {logging_mixin.py:149} INFO - [2023-06-13T23:54:21.875+0000] {manager.py:504} INFO - Created Permission View: can read on DAG:example_subdag_operator
[2023-06-13T23:54:21.881+0000] {logging_mixin.py:149} INFO - [2023-06-13T23:54:21.881+0000] {manager.py:504} INFO - Created Permission View: can delete on DAG:example_subdag_operator
[2023-06-13T23:54:21.886+0000] {logging_mixin.py:149} INFO - [2023-06-13T23:54:21.886+0000] {manager.py:504} INFO - Created Permission View: can edit on DAG:example_subdag_operator
[2023-06-13T23:54:21.887+0000] {logging_mixin.py:149} INFO - [2023-06-13T23:54:21.887+0000] {dag.py:2726} INFO - Sync 3 DAGs
[2023-06-13T23:54:21.896+0000] {logging_mixin.py:149} INFO - [2023-06-13T23:54:21.896+0000] {dag.py:2747} INFO - Creating ORM DAG for example_subdag_operator.section-1
[2023-06-13T23:54:21.897+0000] {logging_mixin.py:149} INFO - [2023-06-13T23:54:21.897+0000] {dag.py:2747} INFO - Creating ORM DAG for example_subdag_operator
[2023-06-13T23:54:21.897+0000] {logging_mixin.py:149} INFO - [2023-06-13T23:54:21.897+0000] {dag.py:2747} INFO - Creating ORM DAG for example_subdag_operator.section-2
[2023-06-13T23:54:21.905+0000] {logging_mixin.py:149} INFO - [2023-06-13T23:54:21.905+0000] {dag.py:3490} INFO - Setting next_dagrun for example_subdag_operator to 2022-01-01T00:00:00+00:00, run_after=2022-01-01T00:00:00+00:00
[2023-06-13T23:54:21.906+0000] {logging_mixin.py:149} INFO - [2023-06-13T23:54:21.906+0000] {dag.py:3490} INFO - Setting next_dagrun for example_subdag_operator.section-1 to None, run_after=None
[2023-06-13T23:54:21.907+0000] {logging_mixin.py:149} INFO - [2023-06-13T23:54:21.907+0000] {dag.py:3490} INFO - Setting next_dagrun for example_subdag_operator.section-2 to None, run_after=None
[2023-06-13T23:54:21.916+0000] {logging_mixin.py:149} INFO - [2023-06-13T23:54:21.916+0000] {dag.py:2726} INFO - Sync 2 DAGs
[2023-06-13T23:54:21.920+0000] {logging_mixin.py:149} INFO - [2023-06-13T23:54:21.920+0000] {dag.py:3490} INFO - Setting next_dagrun for example_subdag_operator.section-1 to None, run_after=None
[2023-06-13T23:54:21.923+0000] {logging_mixin.py:149} INFO - [2023-06-13T23:54:21.923+0000] {dag.py:3490} INFO - Setting next_dagrun for example_subdag_operator.section-2 to None, run_after=None
[2023-06-13T23:54:21.932+0000] {processor.py:179} INFO - Processing /home/airflow/.local/lib/python3.7/site-packages/airflow/example_dags/example_subdag_operator.py took 0.163 seconds
[2023-06-13T23:54:52.012+0000] {processor.py:157} INFO - Started process (PID=123) to work on /home/airflow/.local/lib/python3.7/site-packages/airflow/example_dags/example_subdag_operator.py
[2023-06-13T23:54:52.014+0000] {processor.py:826} INFO - Processing file /home/airflow/.local/lib/python3.7/site-packages/airflow/example_dags/example_subdag_operator.py for tasks to queue
[2023-06-13T23:54:52.015+0000] {logging_mixin.py:149} INFO - [2023-06-13T23:54:52.015+0000] {dagbag.py:541} INFO - Filling up the DagBag from /home/airflow/.local/lib/python3.7/site-packages/airflow/example_dags/example_subdag_operator.py
[2023-06-13T23:54:52.040+0000] {processor.py:836} INFO - DAG(s) dict_keys(['example_subdag_operator.section-1', 'example_subdag_operator.section-2', 'example_subdag_operator']) retrieved from /home/airflow/.local/lib/python3.7/site-packages/airflow/example_dags/example_subdag_operator.py
[2023-06-13T23:54:52.057+0000] {logging_mixin.py:149} INFO - [2023-06-13T23:54:52.057+0000] {dag.py:2726} INFO - Sync 3 DAGs
[2023-06-13T23:54:52.073+0000] {logging_mixin.py:149} INFO - [2023-06-13T23:54:52.073+0000] {dag.py:3490} INFO - Setting next_dagrun for example_subdag_operator to 2022-01-01T00:00:00+00:00, run_after=2022-01-01T00:00:00+00:00
[2023-06-13T23:54:52.076+0000] {logging_mixin.py:149} INFO - [2023-06-13T23:54:52.076+0000] {dag.py:3490} INFO - Setting next_dagrun for example_subdag_operator.section-1 to None, run_after=None
[2023-06-13T23:54:52.078+0000] {logging_mixin.py:149} INFO - [2023-06-13T23:54:52.078+0000] {dag.py:3490} INFO - Setting next_dagrun for example_subdag_operator.section-2 to None, run_after=None
[2023-06-13T23:54:52.084+0000] {logging_mixin.py:149} INFO - [2023-06-13T23:54:52.084+0000] {dag.py:2726} INFO - Sync 2 DAGs
[2023-06-13T23:54:52.088+0000] {logging_mixin.py:149} INFO - [2023-06-13T23:54:52.088+0000] {dag.py:3490} INFO - Setting next_dagrun for example_subdag_operator.section-1 to None, run_after=None
[2023-06-13T23:54:52.089+0000] {logging_mixin.py:149} INFO - [2023-06-13T23:54:52.089+0000] {dag.py:3490} INFO - Setting next_dagrun for example_subdag_operator.section-2 to None, run_after=None
[2023-06-13T23:54:52.098+0000] {processor.py:179} INFO - Processing /home/airflow/.local/lib/python3.7/site-packages/airflow/example_dags/example_subdag_operator.py took 0.088 seconds
[2023-06-13T23:55:22.856+0000] {processor.py:157} INFO - Started process (PID=179) to work on /home/airflow/.local/lib/python3.7/site-packages/airflow/example_dags/example_subdag_operator.py
[2023-06-13T23:55:22.857+0000] {processor.py:826} INFO - Processing file /home/airflow/.local/lib/python3.7/site-packages/airflow/example_dags/example_subdag_operator.py for tasks to queue
[2023-06-13T23:55:22.858+0000] {logging_mixin.py:149} INFO - [2023-06-13T23:55:22.858+0000] {dagbag.py:541} INFO - Filling up the DagBag from /home/airflow/.local/lib/python3.7/site-packages/airflow/example_dags/example_subdag_operator.py
[2023-06-13T23:55:22.881+0000] {processor.py:836} INFO - DAG(s) dict_keys(['example_subdag_operator.section-1', 'example_subdag_operator.section-2', 'example_subdag_operator']) retrieved from /home/airflow/.local/lib/python3.7/site-packages/airflow/example_dags/example_subdag_operator.py
[2023-06-13T23:55:22.894+0000] {logging_mixin.py:149} INFO - [2023-06-13T23:55:22.894+0000] {dag.py:2726} INFO - Sync 3 DAGs
[2023-06-13T23:55:22.911+0000] {logging_mixin.py:149} INFO - [2023-06-13T23:55:22.911+0000] {dag.py:3490} INFO - Setting next_dagrun for example_subdag_operator to 2022-01-01T00:00:00+00:00, run_after=2022-01-01T00:00:00+00:00
[2023-06-13T23:55:22.914+0000] {logging_mixin.py:149} INFO - [2023-06-13T23:55:22.914+0000] {dag.py:3490} INFO - Setting next_dagrun for example_subdag_operator.section-1 to None, run_after=None
[2023-06-13T23:55:22.915+0000] {logging_mixin.py:149} INFO - [2023-06-13T23:55:22.915+0000] {dag.py:3490} INFO - Setting next_dagrun for example_subdag_operator.section-2 to None, run_after=None
[2023-06-13T23:55:22.921+0000] {logging_mixin.py:149} INFO - [2023-06-13T23:55:22.920+0000] {dag.py:2726} INFO - Sync 2 DAGs
[2023-06-13T23:55:22.924+0000] {logging_mixin.py:149} INFO - [2023-06-13T23:55:22.924+0000] {dag.py:3490} INFO - Setting next_dagrun for example_subdag_operator.section-1 to None, run_after=None
[2023-06-13T23:55:22.925+0000] {logging_mixin.py:149} INFO - [2023-06-13T23:55:22.925+0000] {dag.py:3490} INFO - Setting next_dagrun for example_subdag_operator.section-2 to None, run_after=None
[2023-06-13T23:55:22.932+0000] {processor.py:179} INFO - Processing /home/airflow/.local/lib/python3.7/site-packages/airflow/example_dags/example_subdag_operator.py took 0.079 seconds
[2023-06-13T23:55:53.422+0000] {processor.py:157} INFO - Started process (PID=235) to work on /home/airflow/.local/lib/python3.7/site-packages/airflow/example_dags/example_subdag_operator.py
[2023-06-13T23:55:53.425+0000] {processor.py:826} INFO - Processing file /home/airflow/.local/lib/python3.7/site-packages/airflow/example_dags/example_subdag_operator.py for tasks to queue
[2023-06-13T23:55:53.428+0000] {logging_mixin.py:149} INFO - [2023-06-13T23:55:53.427+0000] {dagbag.py:541} INFO - Filling up the DagBag from /home/airflow/.local/lib/python3.7/site-packages/airflow/example_dags/example_subdag_operator.py
[2023-06-13T23:55:53.451+0000] {processor.py:836} INFO - DAG(s) dict_keys(['example_subdag_operator.section-1', 'example_subdag_operator.section-2', 'example_subdag_operator']) retrieved from /home/airflow/.local/lib/python3.7/site-packages/airflow/example_dags/example_subdag_operator.py
[2023-06-13T23:55:53.465+0000] {logging_mixin.py:149} INFO - [2023-06-13T23:55:53.464+0000] {dag.py:2726} INFO - Sync 3 DAGs
[2023-06-13T23:55:53.482+0000] {logging_mixin.py:149} INFO - [2023-06-13T23:55:53.482+0000] {dag.py:3490} INFO - Setting next_dagrun for example_subdag_operator to 2022-01-01T00:00:00+00:00, run_after=2022-01-01T00:00:00+00:00
[2023-06-13T23:55:53.486+0000] {logging_mixin.py:149} INFO - [2023-06-13T23:55:53.486+0000] {dag.py:3490} INFO - Setting next_dagrun for example_subdag_operator.section-1 to None, run_after=None
[2023-06-13T23:55:53.488+0000] {logging_mixin.py:149} INFO - [2023-06-13T23:55:53.488+0000] {dag.py:3490} INFO - Setting next_dagrun for example_subdag_operator.section-2 to None, run_after=None
[2023-06-13T23:55:53.493+0000] {logging_mixin.py:149} INFO - [2023-06-13T23:55:53.493+0000] {dag.py:2726} INFO - Sync 2 DAGs
[2023-06-13T23:55:53.498+0000] {logging_mixin.py:149} INFO - [2023-06-13T23:55:53.498+0000] {dag.py:3490} INFO - Setting next_dagrun for example_subdag_operator.section-1 to None, run_after=None
[2023-06-13T23:55:53.499+0000] {logging_mixin.py:149} INFO - [2023-06-13T23:55:53.499+0000] {dag.py:3490} INFO - Setting next_dagrun for example_subdag_operator.section-2 to None, run_after=None
[2023-06-13T23:55:53.506+0000] {processor.py:179} INFO - Processing /home/airflow/.local/lib/python3.7/site-packages/airflow/example_dags/example_subdag_operator.py took 0.087 seconds
[2023-06-13T23:56:23.997+0000] {processor.py:157} INFO - Started process (PID=291) to work on /home/airflow/.local/lib/python3.7/site-packages/airflow/example_dags/example_subdag_operator.py
[2023-06-13T23:56:23.998+0000] {processor.py:826} INFO - Processing file /home/airflow/.local/lib/python3.7/site-packages/airflow/example_dags/example_subdag_operator.py for tasks to queue
[2023-06-13T23:56:23.999+0000] {logging_mixin.py:149} INFO - [2023-06-13T23:56:23.999+0000] {dagbag.py:541} INFO - Filling up the DagBag from /home/airflow/.local/lib/python3.7/site-packages/airflow/example_dags/example_subdag_operator.py
[2023-06-13T23:56:24.021+0000] {processor.py:836} INFO - DAG(s) dict_keys(['example_subdag_operator.section-1', 'example_subdag_operator.section-2', 'example_subdag_operator']) retrieved from /home/airflow/.local/lib/python3.7/site-packages/airflow/example_dags/example_subdag_operator.py
[2023-06-13T23:56:24.035+0000] {logging_mixin.py:149} INFO - [2023-06-13T23:56:24.034+0000] {dag.py:2726} INFO - Sync 3 DAGs
[2023-06-13T23:56:24.051+0000] {logging_mixin.py:149} INFO - [2023-06-13T23:56:24.051+0000] {dag.py:3490} INFO - Setting next_dagrun for example_subdag_operator to 2022-01-01T00:00:00+00:00, run_after=2022-01-01T00:00:00+00:00
[2023-06-13T23:56:24.053+0000] {logging_mixin.py:149} INFO - [2023-06-13T23:56:24.053+0000] {dag.py:3490} INFO - Setting next_dagrun for example_subdag_operator.section-1 to None, run_after=None
[2023-06-13T23:56:24.055+0000] {logging_mixin.py:149} INFO - [2023-06-13T23:56:24.055+0000] {dag.py:3490} INFO - Setting next_dagrun for example_subdag_operator.section-2 to None, run_after=None
[2023-06-13T23:56:24.061+0000] {logging_mixin.py:149} INFO - [2023-06-13T23:56:24.061+0000] {dag.py:2726} INFO - Sync 2 DAGs
[2023-06-13T23:56:24.065+0000] {logging_mixin.py:149} INFO - [2023-06-13T23:56:24.065+0000] {dag.py:3490} INFO - Setting next_dagrun for example_subdag_operator.section-1 to None, run_after=None
[2023-06-13T23:56:24.067+0000] {logging_mixin.py:149} INFO - [2023-06-13T23:56:24.066+0000] {dag.py:3490} INFO - Setting next_dagrun for example_subdag_operator.section-2 to None, run_after=None
[2023-06-13T23:56:24.074+0000] {processor.py:179} INFO - Processing /home/airflow/.local/lib/python3.7/site-packages/airflow/example_dags/example_subdag_operator.py took 0.080 seconds
[2023-06-13T23:56:54.618+0000] {processor.py:157} INFO - Started process (PID=347) to work on /home/airflow/.local/lib/python3.7/site-packages/airflow/example_dags/example_subdag_operator.py
[2023-06-13T23:56:54.620+0000] {processor.py:826} INFO - Processing file /home/airflow/.local/lib/python3.7/site-packages/airflow/example_dags/example_subdag_operator.py for tasks to queue
[2023-06-13T23:56:54.620+0000] {logging_mixin.py:149} INFO - [2023-06-13T23:56:54.620+0000] {dagbag.py:541} INFO - Filling up the DagBag from /home/airflow/.local/lib/python3.7/site-packages/airflow/example_dags/example_subdag_operator.py
[2023-06-13T23:56:54.642+0000] {processor.py:836} INFO - DAG(s) dict_keys(['example_subdag_operator.section-1', 'example_subdag_operator.section-2', 'example_subdag_operator']) retrieved from /home/airflow/.local/lib/python3.7/site-packages/airflow/example_dags/example_subdag_operator.py
[2023-06-13T23:56:54.655+0000] {logging_mixin.py:149} INFO - [2023-06-13T23:56:54.655+0000] {dag.py:2726} INFO - Sync 3 DAGs
[2023-06-13T23:56:54.671+0000] {logging_mixin.py:149} INFO - [2023-06-13T23:56:54.671+0000] {dag.py:3490} INFO - Setting next_dagrun for example_subdag_operator to 2022-01-01T00:00:00+00:00, run_after=2022-01-01T00:00:00+00:00
[2023-06-13T23:56:54.675+0000] {logging_mixin.py:149} INFO - [2023-06-13T23:56:54.675+0000] {dag.py:3490} INFO - Setting next_dagrun for example_subdag_operator.section-1 to None, run_after=None
[2023-06-13T23:56:54.676+0000] {logging_mixin.py:149} INFO - [2023-06-13T23:56:54.676+0000] {dag.py:3490} INFO - Setting next_dagrun for example_subdag_operator.section-2 to None, run_after=None
[2023-06-13T23:56:54.681+0000] {logging_mixin.py:149} INFO - [2023-06-13T23:56:54.681+0000] {dag.py:2726} INFO - Sync 2 DAGs
[2023-06-13T23:56:54.685+0000] {logging_mixin.py:149} INFO - [2023-06-13T23:56:54.685+0000] {dag.py:3490} INFO - Setting next_dagrun for example_subdag_operator.section-1 to None, run_after=None
[2023-06-13T23:56:54.686+0000] {logging_mixin.py:149} INFO - [2023-06-13T23:56:54.686+0000] {dag.py:3490} INFO - Setting next_dagrun for example_subdag_operator.section-2 to None, run_after=None
[2023-06-13T23:56:54.694+0000] {processor.py:179} INFO - Processing /home/airflow/.local/lib/python3.7/site-packages/airflow/example_dags/example_subdag_operator.py took 0.078 seconds
[2023-06-13T23:57:25.228+0000] {processor.py:157} INFO - Started process (PID=403) to work on /home/airflow/.local/lib/python3.7/site-packages/airflow/example_dags/example_subdag_operator.py
[2023-06-13T23:57:25.230+0000] {processor.py:826} INFO - Processing file /home/airflow/.local/lib/python3.7/site-packages/airflow/example_dags/example_subdag_operator.py for tasks to queue
[2023-06-13T23:57:25.233+0000] {logging_mixin.py:149} INFO - [2023-06-13T23:57:25.232+0000] {dagbag.py:541} INFO - Filling up the DagBag from /home/airflow/.local/lib/python3.7/site-packages/airflow/example_dags/example_subdag_operator.py
[2023-06-13T23:57:25.256+0000] {processor.py:836} INFO - DAG(s) dict_keys(['example_subdag_operator.section-1', 'example_subdag_operator.section-2', 'example_subdag_operator']) retrieved from /home/airflow/.local/lib/python3.7/site-packages/airflow/example_dags/example_subdag_operator.py
[2023-06-13T23:57:25.274+0000] {logging_mixin.py:149} INFO - [2023-06-13T23:57:25.274+0000] {dag.py:2726} INFO - Sync 3 DAGs
[2023-06-13T23:57:25.293+0000] {logging_mixin.py:149} INFO - [2023-06-13T23:57:25.293+0000] {dag.py:3490} INFO - Setting next_dagrun for example_subdag_operator to 2022-01-01T00:00:00+00:00, run_after=2022-01-01T00:00:00+00:00
[2023-06-13T23:57:25.297+0000] {logging_mixin.py:149} INFO - [2023-06-13T23:57:25.296+0000] {dag.py:3490} INFO - Setting next_dagrun for example_subdag_operator.section-1 to None, run_after=None
[2023-06-13T23:57:25.298+0000] {logging_mixin.py:149} INFO - [2023-06-13T23:57:25.297+0000] {dag.py:3490} INFO - Setting next_dagrun for example_subdag_operator.section-2 to None, run_after=None
[2023-06-13T23:57:25.302+0000] {logging_mixin.py:149} INFO - [2023-06-13T23:57:25.302+0000] {dag.py:2726} INFO - Sync 2 DAGs
[2023-06-13T23:57:25.306+0000] {logging_mixin.py:149} INFO - [2023-06-13T23:57:25.306+0000] {dag.py:3490} INFO - Setting next_dagrun for example_subdag_operator.section-1 to None, run_after=None
[2023-06-13T23:57:25.307+0000] {logging_mixin.py:149} INFO - [2023-06-13T23:57:25.307+0000] {dag.py:3490} INFO - Setting next_dagrun for example_subdag_operator.section-2 to None, run_after=None
[2023-06-13T23:57:25.315+0000] {processor.py:179} INFO - Processing /home/airflow/.local/lib/python3.7/site-packages/airflow/example_dags/example_subdag_operator.py took 0.092 seconds
[2023-06-13T23:57:56.038+0000] {processor.py:157} INFO - Started process (PID=459) to work on /home/airflow/.local/lib/python3.7/site-packages/airflow/example_dags/example_subdag_operator.py
[2023-06-13T23:57:56.039+0000] {processor.py:826} INFO - Processing file /home/airflow/.local/lib/python3.7/site-packages/airflow/example_dags/example_subdag_operator.py for tasks to queue
[2023-06-13T23:57:56.040+0000] {logging_mixin.py:149} INFO - [2023-06-13T23:57:56.040+0000] {dagbag.py:541} INFO - Filling up the DagBag from /home/airflow/.local/lib/python3.7/site-packages/airflow/example_dags/example_subdag_operator.py
[2023-06-13T23:57:56.061+0000] {processor.py:836} INFO - DAG(s) dict_keys(['example_subdag_operator.section-1', 'example_subdag_operator.section-2', 'example_subdag_operator']) retrieved from /home/airflow/.local/lib/python3.7/site-packages/airflow/example_dags/example_subdag_operator.py
[2023-06-13T23:57:56.074+0000] {logging_mixin.py:149} INFO - [2023-06-13T23:57:56.074+0000] {dag.py:2726} INFO - Sync 3 DAGs
[2023-06-13T23:57:56.090+0000] {logging_mixin.py:149} INFO - [2023-06-13T23:57:56.090+0000] {dag.py:3490} INFO - Setting next_dagrun for example_subdag_operator to 2022-01-01T00:00:00+00:00, run_after=2022-01-01T00:00:00+00:00
[2023-06-13T23:57:56.093+0000] {logging_mixin.py:149} INFO - [2023-06-13T23:57:56.093+0000] {dag.py:3490} INFO - Setting next_dagrun for example_subdag_operator.section-1 to None, run_after=None
[2023-06-13T23:57:56.095+0000] {logging_mixin.py:149} INFO - [2023-06-13T23:57:56.095+0000] {dag.py:3490} INFO - Setting next_dagrun for example_subdag_operator.section-2 to None, run_after=None
[2023-06-13T23:57:56.100+0000] {logging_mixin.py:149} INFO - [2023-06-13T23:57:56.100+0000] {dag.py:2726} INFO - Sync 2 DAGs
[2023-06-13T23:57:56.103+0000] {logging_mixin.py:149} INFO - [2023-06-13T23:57:56.103+0000] {dag.py:3490} INFO - Setting next_dagrun for example_subdag_operator.section-1 to None, run_after=None
[2023-06-13T23:57:56.104+0000] {logging_mixin.py:149} INFO - [2023-06-13T23:57:56.104+0000] {dag.py:3490} INFO - Setting next_dagrun for example_subdag_operator.section-2 to None, run_after=None
[2023-06-13T23:57:56.111+0000] {processor.py:179} INFO - Processing /home/airflow/.local/lib/python3.7/site-packages/airflow/example_dags/example_subdag_operator.py took 0.076 seconds
[2023-06-13T23:58:26.715+0000] {processor.py:157} INFO - Started process (PID=515) to work on /home/airflow/.local/lib/python3.7/site-packages/airflow/example_dags/example_subdag_operator.py
[2023-06-13T23:58:26.717+0000] {processor.py:826} INFO - Processing file /home/airflow/.local/lib/python3.7/site-packages/airflow/example_dags/example_subdag_operator.py for tasks to queue
[2023-06-13T23:58:26.718+0000] {logging_mixin.py:149} INFO - [2023-06-13T23:58:26.718+0000] {dagbag.py:541} INFO - Filling up the DagBag from /home/airflow/.local/lib/python3.7/site-packages/airflow/example_dags/example_subdag_operator.py
[2023-06-13T23:58:26.743+0000] {processor.py:836} INFO - DAG(s) dict_keys(['example_subdag_operator.section-1', 'example_subdag_operator.section-2', 'example_subdag_operator']) retrieved from /home/airflow/.local/lib/python3.7/site-packages/airflow/example_dags/example_subdag_operator.py
[2023-06-13T23:58:26.757+0000] {logging_mixin.py:149} INFO - [2023-06-13T23:58:26.757+0000] {dag.py:2726} INFO - Sync 3 DAGs
[2023-06-13T23:58:26.775+0000] {logging_mixin.py:149} INFO - [2023-06-13T23:58:26.775+0000] {dag.py:3490} INFO - Setting next_dagrun for example_subdag_operator to 2022-01-01T00:00:00+00:00, run_after=2022-01-01T00:00:00+00:00
[2023-06-13T23:58:26.778+0000] {logging_mixin.py:149} INFO - [2023-06-13T23:58:26.778+0000] {dag.py:3490} INFO - Setting next_dagrun for example_subdag_operator.section-1 to None, run_after=None
[2023-06-13T23:58:26.781+0000] {logging_mixin.py:149} INFO - [2023-06-13T23:58:26.781+0000] {dag.py:3490} INFO - Setting next_dagrun for example_subdag_operator.section-2 to None, run_after=None
[2023-06-13T23:58:26.788+0000] {logging_mixin.py:149} INFO - [2023-06-13T23:58:26.788+0000] {dag.py:2726} INFO - Sync 2 DAGs
[2023-06-13T23:58:26.793+0000] {logging_mixin.py:149} INFO - [2023-06-13T23:58:26.793+0000] {dag.py:3490} INFO - Setting next_dagrun for example_subdag_operator.section-1 to None, run_after=None
[2023-06-13T23:58:26.793+0000] {logging_mixin.py:149} INFO - [2023-06-13T23:58:26.793+0000] {dag.py:3490} INFO - Setting next_dagrun for example_subdag_operator.section-2 to None, run_after=None
[2023-06-13T23:58:26.801+0000] {processor.py:179} INFO - Processing /home/airflow/.local/lib/python3.7/site-packages/airflow/example_dags/example_subdag_operator.py took 0.090 seconds
[2023-06-13T23:58:57.098+0000] {processor.py:157} INFO - Started process (PID=571) to work on /home/airflow/.local/lib/python3.7/site-packages/airflow/example_dags/example_subdag_operator.py
[2023-06-13T23:58:57.100+0000] {processor.py:826} INFO - Processing file /home/airflow/.local/lib/python3.7/site-packages/airflow/example_dags/example_subdag_operator.py for tasks to queue
[2023-06-13T23:58:57.101+0000] {logging_mixin.py:149} INFO - [2023-06-13T23:58:57.101+0000] {dagbag.py:541} INFO - Filling up the DagBag from /home/airflow/.local/lib/python3.7/site-packages/airflow/example_dags/example_subdag_operator.py
[2023-06-13T23:58:57.122+0000] {processor.py:836} INFO - DAG(s) dict_keys(['example_subdag_operator.section-1', 'example_subdag_operator.section-2', 'example_subdag_operator']) retrieved from /home/airflow/.local/lib/python3.7/site-packages/airflow/example_dags/example_subdag_operator.py
[2023-06-13T23:58:57.135+0000] {logging_mixin.py:149} INFO - [2023-06-13T23:58:57.135+0000] {dag.py:2726} INFO - Sync 3 DAGs
[2023-06-13T23:58:57.152+0000] {logging_mixin.py:149} INFO - [2023-06-13T23:58:57.152+0000] {dag.py:3490} INFO - Setting next_dagrun for example_subdag_operator to 2022-01-01T00:00:00+00:00, run_after=2022-01-01T00:00:00+00:00
[2023-06-13T23:58:57.155+0000] {logging_mixin.py:149} INFO - [2023-06-13T23:58:57.155+0000] {dag.py:3490} INFO - Setting next_dagrun for example_subdag_operator.section-1 to None, run_after=None
[2023-06-13T23:58:57.156+0000] {logging_mixin.py:149} INFO - [2023-06-13T23:58:57.156+0000] {dag.py:3490} INFO - Setting next_dagrun for example_subdag_operator.section-2 to None, run_after=None
[2023-06-13T23:58:57.162+0000] {logging_mixin.py:149} INFO - [2023-06-13T23:58:57.162+0000] {dag.py:2726} INFO - Sync 2 DAGs
[2023-06-13T23:58:57.166+0000] {logging_mixin.py:149} INFO - [2023-06-13T23:58:57.166+0000] {dag.py:3490} INFO - Setting next_dagrun for example_subdag_operator.section-1 to None, run_after=None
[2023-06-13T23:58:57.167+0000] {logging_mixin.py:149} INFO - [2023-06-13T23:58:57.167+0000] {dag.py:3490} INFO - Setting next_dagrun for example_subdag_operator.section-2 to None, run_after=None
[2023-06-13T23:58:57.174+0000] {processor.py:179} INFO - Processing /home/airflow/.local/lib/python3.7/site-packages/airflow/example_dags/example_subdag_operator.py took 0.079 seconds
[2023-06-13T23:59:27.865+0000] {processor.py:157} INFO - Started process (PID=626) to work on /home/airflow/.local/lib/python3.7/site-packages/airflow/example_dags/example_subdag_operator.py
[2023-06-13T23:59:27.867+0000] {processor.py:826} INFO - Processing file /home/airflow/.local/lib/python3.7/site-packages/airflow/example_dags/example_subdag_operator.py for tasks to queue
[2023-06-13T23:59:27.868+0000] {logging_mixin.py:149} INFO - [2023-06-13T23:59:27.868+0000] {dagbag.py:541} INFO - Filling up the DagBag from /home/airflow/.local/lib/python3.7/site-packages/airflow/example_dags/example_subdag_operator.py
[2023-06-13T23:59:27.890+0000] {processor.py:836} INFO - DAG(s) dict_keys(['example_subdag_operator.section-1', 'example_subdag_operator.section-2', 'example_subdag_operator']) retrieved from /home/airflow/.local/lib/python3.7/site-packages/airflow/example_dags/example_subdag_operator.py
[2023-06-13T23:59:27.903+0000] {logging_mixin.py:149} INFO - [2023-06-13T23:59:27.903+0000] {dag.py:2726} INFO - Sync 3 DAGs
[2023-06-13T23:59:27.920+0000] {logging_mixin.py:149} INFO - [2023-06-13T23:59:27.920+0000] {dag.py:3490} INFO - Setting next_dagrun for example_subdag_operator to 2022-01-01T00:00:00+00:00, run_after=2022-01-01T00:00:00+00:00
[2023-06-13T23:59:27.923+0000] {logging_mixin.py:149} INFO - [2023-06-13T23:59:27.923+0000] {dag.py:3490} INFO - Setting next_dagrun for example_subdag_operator.section-1 to None, run_after=None
[2023-06-13T23:59:27.924+0000] {logging_mixin.py:149} INFO - [2023-06-13T23:59:27.924+0000] {dag.py:3490} INFO - Setting next_dagrun for example_subdag_operator.section-2 to None, run_after=None
[2023-06-13T23:59:27.929+0000] {logging_mixin.py:149} INFO - [2023-06-13T23:59:27.929+0000] {dag.py:2726} INFO - Sync 2 DAGs
[2023-06-13T23:59:27.934+0000] {logging_mixin.py:149} INFO - [2023-06-13T23:59:27.933+0000] {dag.py:3490} INFO - Setting next_dagrun for example_subdag_operator.section-1 to None, run_after=None
[2023-06-13T23:59:27.934+0000] {logging_mixin.py:149} INFO - [2023-06-13T23:59:27.934+0000] {dag.py:3490} INFO - Setting next_dagrun for example_subdag_operator.section-2 to None, run_after=None
[2023-06-13T23:59:27.941+0000] {processor.py:179} INFO - Processing /home/airflow/.local/lib/python3.7/site-packages/airflow/example_dags/example_subdag_operator.py took 0.080 seconds
[2023-06-13T23:59:58.389+0000] {processor.py:157} INFO - Started process (PID=682) to work on /home/airflow/.local/lib/python3.7/site-packages/airflow/example_dags/example_subdag_operator.py
[2023-06-13T23:59:58.391+0000] {processor.py:826} INFO - Processing file /home/airflow/.local/lib/python3.7/site-packages/airflow/example_dags/example_subdag_operator.py for tasks to queue
[2023-06-13T23:59:58.392+0000] {logging_mixin.py:149} INFO - [2023-06-13T23:59:58.392+0000] {dagbag.py:541} INFO - Filling up the DagBag from /home/airflow/.local/lib/python3.7/site-packages/airflow/example_dags/example_subdag_operator.py
[2023-06-13T23:59:58.415+0000] {processor.py:836} INFO - DAG(s) dict_keys(['example_subdag_operator.section-1', 'example_subdag_operator.section-2', 'example_subdag_operator']) retrieved from /home/airflow/.local/lib/python3.7/site-packages/airflow/example_dags/example_subdag_operator.py
[2023-06-13T23:59:58.428+0000] {logging_mixin.py:149} INFO - [2023-06-13T23:59:58.428+0000] {dag.py:2726} INFO - Sync 3 DAGs
[2023-06-13T23:59:58.444+0000] {logging_mixin.py:149} INFO - [2023-06-13T23:59:58.444+0000] {dag.py:3490} INFO - Setting next_dagrun for example_subdag_operator to 2022-01-01T00:00:00+00:00, run_after=2022-01-01T00:00:00+00:00
[2023-06-13T23:59:58.447+0000] {logging_mixin.py:149} INFO - [2023-06-13T23:59:58.447+0000] {dag.py:3490} INFO - Setting next_dagrun for example_subdag_operator.section-1 to None, run_after=None
[2023-06-13T23:59:58.448+0000] {logging_mixin.py:149} INFO - [2023-06-13T23:59:58.448+0000] {dag.py:3490} INFO - Setting next_dagrun for example_subdag_operator.section-2 to None, run_after=None
[2023-06-13T23:59:58.453+0000] {logging_mixin.py:149} INFO - [2023-06-13T23:59:58.453+0000] {dag.py:2726} INFO - Sync 2 DAGs
[2023-06-13T23:59:58.457+0000] {logging_mixin.py:149} INFO - [2023-06-13T23:59:58.457+0000] {dag.py:3490} INFO - Setting next_dagrun for example_subdag_operator.section-1 to None, run_after=None
[2023-06-13T23:59:58.458+0000] {logging_mixin.py:149} INFO - [2023-06-13T23:59:58.458+0000] {dag.py:3490} INFO - Setting next_dagrun for example_subdag_operator.section-2 to None, run_after=None
[2023-06-13T23:59:58.465+0000] {processor.py:179} INFO - Processing /home/airflow/.local/lib/python3.7/site-packages/airflow/example_dags/example_subdag_operator.py took 0.078 seconds
