[2023-06-13T23:54:21.191+0000] {processor.py:157} INFO - Started process (PID=61) to work on /home/airflow/.local/lib/python3.7/site-packages/airflow/example_dags/example_datasets.py
[2023-06-13T23:54:21.193+0000] {processor.py:826} INFO - Processing file /home/airflow/.local/lib/python3.7/site-packages/airflow/example_dags/example_datasets.py for tasks to queue
[2023-06-13T23:54:21.194+0000] {logging_mixin.py:149} INFO - [2023-06-13T23:54:21.194+0000] {dagbag.py:541} INFO - Filling up the DagBag from /home/airflow/.local/lib/python3.7/site-packages/airflow/example_dags/example_datasets.py
[2023-06-13T23:54:21.202+0000] {processor.py:836} INFO - DAG(s) dict_keys(['dataset_produces_2', 'dataset_produces_1', 'dataset_consumes_1', 'dataset_consumes_1_never_scheduled', 'dataset_consumes_unknown_never_scheduled', 'dataset_consumes_1_and_2']) retrieved from /home/airflow/.local/lib/python3.7/site-packages/airflow/example_dags/example_datasets.py
[2023-06-13T23:54:21.302+0000] {logging_mixin.py:149} INFO - [2023-06-13T23:54:21.302+0000] {manager.py:504} INFO - Created Permission View: can read on DAG:dataset_produces_2
[2023-06-13T23:54:21.309+0000] {logging_mixin.py:149} INFO - [2023-06-13T23:54:21.309+0000] {manager.py:504} INFO - Created Permission View: can delete on DAG:dataset_produces_2
[2023-06-13T23:54:21.314+0000] {logging_mixin.py:149} INFO - [2023-06-13T23:54:21.314+0000] {manager.py:504} INFO - Created Permission View: can edit on DAG:dataset_produces_2
[2023-06-13T23:54:21.323+0000] {logging_mixin.py:149} INFO - [2023-06-13T23:54:21.323+0000] {manager.py:504} INFO - Created Permission View: can read on DAG:dataset_produces_1
[2023-06-13T23:54:21.328+0000] {logging_mixin.py:149} INFO - [2023-06-13T23:54:21.328+0000] {manager.py:504} INFO - Created Permission View: can delete on DAG:dataset_produces_1
[2023-06-13T23:54:21.332+0000] {logging_mixin.py:149} INFO - [2023-06-13T23:54:21.332+0000] {manager.py:504} INFO - Created Permission View: can edit on DAG:dataset_produces_1
[2023-06-13T23:54:21.342+0000] {logging_mixin.py:149} INFO - [2023-06-13T23:54:21.342+0000] {manager.py:504} INFO - Created Permission View: can read on DAG:dataset_consumes_1
[2023-06-13T23:54:21.347+0000] {logging_mixin.py:149} INFO - [2023-06-13T23:54:21.346+0000] {manager.py:504} INFO - Created Permission View: can delete on DAG:dataset_consumes_1
[2023-06-13T23:54:21.352+0000] {logging_mixin.py:149} INFO - [2023-06-13T23:54:21.352+0000] {manager.py:504} INFO - Created Permission View: can edit on DAG:dataset_consumes_1
[2023-06-13T23:54:21.362+0000] {logging_mixin.py:149} INFO - [2023-06-13T23:54:21.362+0000] {manager.py:504} INFO - Created Permission View: can read on DAG:dataset_consumes_1_never_scheduled
[2023-06-13T23:54:21.369+0000] {logging_mixin.py:149} INFO - [2023-06-13T23:54:21.369+0000] {manager.py:504} INFO - Created Permission View: can delete on DAG:dataset_consumes_1_never_scheduled
[2023-06-13T23:54:21.377+0000] {logging_mixin.py:149} INFO - [2023-06-13T23:54:21.376+0000] {manager.py:504} INFO - Created Permission View: can edit on DAG:dataset_consumes_1_never_scheduled
[2023-06-13T23:54:21.399+0000] {logging_mixin.py:149} INFO - [2023-06-13T23:54:21.399+0000] {manager.py:504} INFO - Created Permission View: can read on DAG:dataset_consumes_unknown_never_scheduled
[2023-06-13T23:54:21.411+0000] {logging_mixin.py:149} INFO - [2023-06-13T23:54:21.411+0000] {manager.py:504} INFO - Created Permission View: can delete on DAG:dataset_consumes_unknown_never_scheduled
[2023-06-13T23:54:21.416+0000] {logging_mixin.py:149} INFO - [2023-06-13T23:54:21.416+0000] {manager.py:504} INFO - Created Permission View: can edit on DAG:dataset_consumes_unknown_never_scheduled
[2023-06-13T23:54:21.425+0000] {logging_mixin.py:149} INFO - [2023-06-13T23:54:21.425+0000] {manager.py:504} INFO - Created Permission View: can read on DAG:dataset_consumes_1_and_2
[2023-06-13T23:54:21.430+0000] {logging_mixin.py:149} INFO - [2023-06-13T23:54:21.430+0000] {manager.py:504} INFO - Created Permission View: can delete on DAG:dataset_consumes_1_and_2
[2023-06-13T23:54:21.435+0000] {logging_mixin.py:149} INFO - [2023-06-13T23:54:21.435+0000] {manager.py:504} INFO - Created Permission View: can edit on DAG:dataset_consumes_1_and_2
[2023-06-13T23:54:21.436+0000] {logging_mixin.py:149} INFO - [2023-06-13T23:54:21.436+0000] {dag.py:2726} INFO - Sync 6 DAGs
[2023-06-13T23:54:21.445+0000] {logging_mixin.py:149} INFO - [2023-06-13T23:54:21.445+0000] {dag.py:2747} INFO - Creating ORM DAG for dataset_consumes_1
[2023-06-13T23:54:21.446+0000] {logging_mixin.py:149} INFO - [2023-06-13T23:54:21.446+0000] {dag.py:2747} INFO - Creating ORM DAG for dataset_produces_1
[2023-06-13T23:54:21.446+0000] {logging_mixin.py:149} INFO - [2023-06-13T23:54:21.446+0000] {dag.py:2747} INFO - Creating ORM DAG for dataset_produces_2
[2023-06-13T23:54:21.447+0000] {logging_mixin.py:149} INFO - [2023-06-13T23:54:21.447+0000] {dag.py:2747} INFO - Creating ORM DAG for dataset_consumes_unknown_never_scheduled
[2023-06-13T23:54:21.448+0000] {logging_mixin.py:149} INFO - [2023-06-13T23:54:21.448+0000] {dag.py:2747} INFO - Creating ORM DAG for dataset_consumes_1_never_scheduled
[2023-06-13T23:54:21.449+0000] {logging_mixin.py:149} INFO - [2023-06-13T23:54:21.449+0000] {dag.py:2747} INFO - Creating ORM DAG for dataset_consumes_1_and_2
[2023-06-13T23:54:21.456+0000] {logging_mixin.py:149} INFO - [2023-06-13T23:54:21.456+0000] {dag.py:3490} INFO - Setting next_dagrun for dataset_consumes_1 to None, run_after=None
[2023-06-13T23:54:21.457+0000] {logging_mixin.py:149} INFO - [2023-06-13T23:54:21.457+0000] {dag.py:3490} INFO - Setting next_dagrun for dataset_consumes_1_and_2 to None, run_after=None
[2023-06-13T23:54:21.458+0000] {logging_mixin.py:149} INFO - [2023-06-13T23:54:21.458+0000] {dag.py:3490} INFO - Setting next_dagrun for dataset_consumes_1_never_scheduled to None, run_after=None
[2023-06-13T23:54:21.459+0000] {logging_mixin.py:149} INFO - [2023-06-13T23:54:21.459+0000] {dag.py:3490} INFO - Setting next_dagrun for dataset_consumes_unknown_never_scheduled to None, run_after=None
[2023-06-13T23:54:21.461+0000] {logging_mixin.py:149} INFO - [2023-06-13T23:54:21.461+0000] {dag.py:3490} INFO - Setting next_dagrun for dataset_produces_1 to 2023-06-12T00:00:00+00:00, run_after=2023-06-13T00:00:00+00:00
[2023-06-13T23:54:21.461+0000] {logging_mixin.py:149} INFO - [2023-06-13T23:54:21.461+0000] {dag.py:3490} INFO - Setting next_dagrun for dataset_produces_2 to None, run_after=None
[2023-06-13T23:54:21.489+0000] {processor.py:179} INFO - Processing /home/airflow/.local/lib/python3.7/site-packages/airflow/example_dags/example_datasets.py took 0.301 seconds
[2023-06-13T23:54:51.707+0000] {processor.py:157} INFO - Started process (PID=118) to work on /home/airflow/.local/lib/python3.7/site-packages/airflow/example_dags/example_datasets.py
[2023-06-13T23:54:51.709+0000] {processor.py:826} INFO - Processing file /home/airflow/.local/lib/python3.7/site-packages/airflow/example_dags/example_datasets.py for tasks to queue
[2023-06-13T23:54:51.710+0000] {logging_mixin.py:149} INFO - [2023-06-13T23:54:51.710+0000] {dagbag.py:541} INFO - Filling up the DagBag from /home/airflow/.local/lib/python3.7/site-packages/airflow/example_dags/example_datasets.py
[2023-06-13T23:54:51.717+0000] {processor.py:836} INFO - DAG(s) dict_keys(['dataset_consumes_1', 'dataset_produces_2', 'dataset_consumes_1_and_2', 'dataset_produces_1', 'dataset_consumes_unknown_never_scheduled', 'dataset_consumes_1_never_scheduled']) retrieved from /home/airflow/.local/lib/python3.7/site-packages/airflow/example_dags/example_datasets.py
[2023-06-13T23:54:51.758+0000] {logging_mixin.py:149} INFO - [2023-06-13T23:54:51.758+0000] {dag.py:2726} INFO - Sync 6 DAGs
[2023-06-13T23:54:51.778+0000] {logging_mixin.py:149} INFO - [2023-06-13T23:54:51.778+0000] {dag.py:3490} INFO - Setting next_dagrun for dataset_consumes_1 to None, run_after=None
[2023-06-13T23:54:51.782+0000] {logging_mixin.py:149} INFO - [2023-06-13T23:54:51.782+0000] {dag.py:3490} INFO - Setting next_dagrun for dataset_consumes_1_and_2 to None, run_after=None
[2023-06-13T23:54:51.784+0000] {logging_mixin.py:149} INFO - [2023-06-13T23:54:51.784+0000] {dag.py:3490} INFO - Setting next_dagrun for dataset_consumes_1_never_scheduled to None, run_after=None
[2023-06-13T23:54:51.787+0000] {logging_mixin.py:149} INFO - [2023-06-13T23:54:51.787+0000] {dag.py:3490} INFO - Setting next_dagrun for dataset_consumes_unknown_never_scheduled to None, run_after=None
[2023-06-13T23:54:51.789+0000] {logging_mixin.py:149} INFO - [2023-06-13T23:54:51.789+0000] {dag.py:3490} INFO - Setting next_dagrun for dataset_produces_1 to 2023-06-12T00:00:00+00:00, run_after=2023-06-13T00:00:00+00:00
[2023-06-13T23:54:51.790+0000] {logging_mixin.py:149} INFO - [2023-06-13T23:54:51.790+0000] {dag.py:3490} INFO - Setting next_dagrun for dataset_produces_2 to None, run_after=None
[2023-06-13T23:54:51.819+0000] {processor.py:179} INFO - Processing /home/airflow/.local/lib/python3.7/site-packages/airflow/example_dags/example_datasets.py took 0.116 seconds
[2023-06-13T23:55:22.626+0000] {processor.py:157} INFO - Started process (PID=174) to work on /home/airflow/.local/lib/python3.7/site-packages/airflow/example_dags/example_datasets.py
[2023-06-13T23:55:22.627+0000] {processor.py:826} INFO - Processing file /home/airflow/.local/lib/python3.7/site-packages/airflow/example_dags/example_datasets.py for tasks to queue
[2023-06-13T23:55:22.628+0000] {logging_mixin.py:149} INFO - [2023-06-13T23:55:22.628+0000] {dagbag.py:541} INFO - Filling up the DagBag from /home/airflow/.local/lib/python3.7/site-packages/airflow/example_dags/example_datasets.py
[2023-06-13T23:55:22.635+0000] {processor.py:836} INFO - DAG(s) dict_keys(['dataset_consumes_1', 'dataset_produces_1', 'dataset_consumes_unknown_never_scheduled', 'dataset_consumes_1_and_2', 'dataset_consumes_1_never_scheduled', 'dataset_produces_2']) retrieved from /home/airflow/.local/lib/python3.7/site-packages/airflow/example_dags/example_datasets.py
[2023-06-13T23:55:22.667+0000] {logging_mixin.py:149} INFO - [2023-06-13T23:55:22.667+0000] {dag.py:2726} INFO - Sync 6 DAGs
[2023-06-13T23:55:22.685+0000] {logging_mixin.py:149} INFO - [2023-06-13T23:55:22.685+0000] {dag.py:3490} INFO - Setting next_dagrun for dataset_consumes_1 to None, run_after=None
[2023-06-13T23:55:22.687+0000] {logging_mixin.py:149} INFO - [2023-06-13T23:55:22.687+0000] {dag.py:3490} INFO - Setting next_dagrun for dataset_consumes_1_and_2 to None, run_after=None
[2023-06-13T23:55:22.688+0000] {logging_mixin.py:149} INFO - [2023-06-13T23:55:22.688+0000] {dag.py:3490} INFO - Setting next_dagrun for dataset_consumes_1_never_scheduled to None, run_after=None
[2023-06-13T23:55:22.689+0000] {logging_mixin.py:149} INFO - [2023-06-13T23:55:22.689+0000] {dag.py:3490} INFO - Setting next_dagrun for dataset_consumes_unknown_never_scheduled to None, run_after=None
[2023-06-13T23:55:22.691+0000] {logging_mixin.py:149} INFO - [2023-06-13T23:55:22.691+0000] {dag.py:3490} INFO - Setting next_dagrun for dataset_produces_1 to 2023-06-12T00:00:00+00:00, run_after=2023-06-13T00:00:00+00:00
[2023-06-13T23:55:22.693+0000] {logging_mixin.py:149} INFO - [2023-06-13T23:55:22.693+0000] {dag.py:3490} INFO - Setting next_dagrun for dataset_produces_2 to None, run_after=None
[2023-06-13T23:55:22.713+0000] {processor.py:179} INFO - Processing /home/airflow/.local/lib/python3.7/site-packages/airflow/example_dags/example_datasets.py took 0.091 seconds
[2023-06-13T23:55:53.167+0000] {processor.py:157} INFO - Started process (PID=230) to work on /home/airflow/.local/lib/python3.7/site-packages/airflow/example_dags/example_datasets.py
[2023-06-13T23:55:53.168+0000] {processor.py:826} INFO - Processing file /home/airflow/.local/lib/python3.7/site-packages/airflow/example_dags/example_datasets.py for tasks to queue
[2023-06-13T23:55:53.169+0000] {logging_mixin.py:149} INFO - [2023-06-13T23:55:53.169+0000] {dagbag.py:541} INFO - Filling up the DagBag from /home/airflow/.local/lib/python3.7/site-packages/airflow/example_dags/example_datasets.py
[2023-06-13T23:55:53.176+0000] {processor.py:836} INFO - DAG(s) dict_keys(['dataset_produces_2', 'dataset_consumes_1_and_2', 'dataset_consumes_1', 'dataset_consumes_unknown_never_scheduled', 'dataset_produces_1', 'dataset_consumes_1_never_scheduled']) retrieved from /home/airflow/.local/lib/python3.7/site-packages/airflow/example_dags/example_datasets.py
[2023-06-13T23:55:53.206+0000] {logging_mixin.py:149} INFO - [2023-06-13T23:55:53.206+0000] {dag.py:2726} INFO - Sync 6 DAGs
[2023-06-13T23:55:53.230+0000] {logging_mixin.py:149} INFO - [2023-06-13T23:55:53.230+0000] {dag.py:3490} INFO - Setting next_dagrun for dataset_consumes_1 to None, run_after=None
[2023-06-13T23:55:53.235+0000] {logging_mixin.py:149} INFO - [2023-06-13T23:55:53.234+0000] {dag.py:3490} INFO - Setting next_dagrun for dataset_consumes_1_and_2 to None, run_after=None
[2023-06-13T23:55:53.237+0000] {logging_mixin.py:149} INFO - [2023-06-13T23:55:53.237+0000] {dag.py:3490} INFO - Setting next_dagrun for dataset_consumes_1_never_scheduled to None, run_after=None
[2023-06-13T23:55:53.239+0000] {logging_mixin.py:149} INFO - [2023-06-13T23:55:53.239+0000] {dag.py:3490} INFO - Setting next_dagrun for dataset_consumes_unknown_never_scheduled to None, run_after=None
[2023-06-13T23:55:53.247+0000] {logging_mixin.py:149} INFO - [2023-06-13T23:55:53.247+0000] {dag.py:3490} INFO - Setting next_dagrun for dataset_produces_1 to 2023-06-12T00:00:00+00:00, run_after=2023-06-13T00:00:00+00:00
[2023-06-13T23:55:53.248+0000] {logging_mixin.py:149} INFO - [2023-06-13T23:55:53.248+0000] {dag.py:3490} INFO - Setting next_dagrun for dataset_produces_2 to None, run_after=None
[2023-06-13T23:55:53.272+0000] {processor.py:179} INFO - Processing /home/airflow/.local/lib/python3.7/site-packages/airflow/example_dags/example_datasets.py took 0.109 seconds
[2023-06-13T23:56:23.725+0000] {processor.py:157} INFO - Started process (PID=286) to work on /home/airflow/.local/lib/python3.7/site-packages/airflow/example_dags/example_datasets.py
[2023-06-13T23:56:23.726+0000] {processor.py:826} INFO - Processing file /home/airflow/.local/lib/python3.7/site-packages/airflow/example_dags/example_datasets.py for tasks to queue
[2023-06-13T23:56:23.727+0000] {logging_mixin.py:149} INFO - [2023-06-13T23:56:23.727+0000] {dagbag.py:541} INFO - Filling up the DagBag from /home/airflow/.local/lib/python3.7/site-packages/airflow/example_dags/example_datasets.py
[2023-06-13T23:56:23.734+0000] {processor.py:836} INFO - DAG(s) dict_keys(['dataset_consumes_1_never_scheduled', 'dataset_produces_2', 'dataset_consumes_1', 'dataset_consumes_1_and_2', 'dataset_consumes_unknown_never_scheduled', 'dataset_produces_1']) retrieved from /home/airflow/.local/lib/python3.7/site-packages/airflow/example_dags/example_datasets.py
[2023-06-13T23:56:23.787+0000] {logging_mixin.py:149} INFO - [2023-06-13T23:56:23.786+0000] {dag.py:2726} INFO - Sync 6 DAGs
[2023-06-13T23:56:23.806+0000] {logging_mixin.py:149} INFO - [2023-06-13T23:56:23.805+0000] {dag.py:3490} INFO - Setting next_dagrun for dataset_consumes_1 to None, run_after=None
[2023-06-13T23:56:23.808+0000] {logging_mixin.py:149} INFO - [2023-06-13T23:56:23.808+0000] {dag.py:3490} INFO - Setting next_dagrun for dataset_consumes_1_and_2 to None, run_after=None
[2023-06-13T23:56:23.810+0000] {logging_mixin.py:149} INFO - [2023-06-13T23:56:23.810+0000] {dag.py:3490} INFO - Setting next_dagrun for dataset_consumes_1_never_scheduled to None, run_after=None
[2023-06-13T23:56:23.811+0000] {logging_mixin.py:149} INFO - [2023-06-13T23:56:23.811+0000] {dag.py:3490} INFO - Setting next_dagrun for dataset_consumes_unknown_never_scheduled to None, run_after=None
[2023-06-13T23:56:23.813+0000] {logging_mixin.py:149} INFO - [2023-06-13T23:56:23.813+0000] {dag.py:3490} INFO - Setting next_dagrun for dataset_produces_1 to 2023-06-12T00:00:00+00:00, run_after=2023-06-13T00:00:00+00:00
[2023-06-13T23:56:23.814+0000] {logging_mixin.py:149} INFO - [2023-06-13T23:56:23.814+0000] {dag.py:3490} INFO - Setting next_dagrun for dataset_produces_2 to None, run_after=None
[2023-06-13T23:56:23.838+0000] {processor.py:179} INFO - Processing /home/airflow/.local/lib/python3.7/site-packages/airflow/example_dags/example_datasets.py took 0.116 seconds
[2023-06-13T23:56:54.365+0000] {processor.py:157} INFO - Started process (PID=342) to work on /home/airflow/.local/lib/python3.7/site-packages/airflow/example_dags/example_datasets.py
[2023-06-13T23:56:54.367+0000] {processor.py:826} INFO - Processing file /home/airflow/.local/lib/python3.7/site-packages/airflow/example_dags/example_datasets.py for tasks to queue
[2023-06-13T23:56:54.368+0000] {logging_mixin.py:149} INFO - [2023-06-13T23:56:54.368+0000] {dagbag.py:541} INFO - Filling up the DagBag from /home/airflow/.local/lib/python3.7/site-packages/airflow/example_dags/example_datasets.py
[2023-06-13T23:56:54.375+0000] {processor.py:836} INFO - DAG(s) dict_keys(['dataset_consumes_unknown_never_scheduled', 'dataset_produces_2', 'dataset_consumes_1', 'dataset_consumes_1_and_2', 'dataset_produces_1', 'dataset_consumes_1_never_scheduled']) retrieved from /home/airflow/.local/lib/python3.7/site-packages/airflow/example_dags/example_datasets.py
[2023-06-13T23:56:54.423+0000] {logging_mixin.py:149} INFO - [2023-06-13T23:56:54.423+0000] {dag.py:2726} INFO - Sync 6 DAGs
[2023-06-13T23:56:54.442+0000] {logging_mixin.py:149} INFO - [2023-06-13T23:56:54.442+0000] {dag.py:3490} INFO - Setting next_dagrun for dataset_consumes_1 to None, run_after=None
[2023-06-13T23:56:54.445+0000] {logging_mixin.py:149} INFO - [2023-06-13T23:56:54.445+0000] {dag.py:3490} INFO - Setting next_dagrun for dataset_consumes_1_and_2 to None, run_after=None
[2023-06-13T23:56:54.447+0000] {logging_mixin.py:149} INFO - [2023-06-13T23:56:54.446+0000] {dag.py:3490} INFO - Setting next_dagrun for dataset_consumes_1_never_scheduled to None, run_after=None
[2023-06-13T23:56:54.448+0000] {logging_mixin.py:149} INFO - [2023-06-13T23:56:54.448+0000] {dag.py:3490} INFO - Setting next_dagrun for dataset_consumes_unknown_never_scheduled to None, run_after=None
[2023-06-13T23:56:54.450+0000] {logging_mixin.py:149} INFO - [2023-06-13T23:56:54.450+0000] {dag.py:3490} INFO - Setting next_dagrun for dataset_produces_1 to 2023-06-12T00:00:00+00:00, run_after=2023-06-13T00:00:00+00:00
[2023-06-13T23:56:54.451+0000] {logging_mixin.py:149} INFO - [2023-06-13T23:56:54.451+0000] {dag.py:3490} INFO - Setting next_dagrun for dataset_produces_2 to None, run_after=None
[2023-06-13T23:56:54.475+0000] {processor.py:179} INFO - Processing /home/airflow/.local/lib/python3.7/site-packages/airflow/example_dags/example_datasets.py took 0.113 seconds
[2023-06-13T23:57:24.991+0000] {processor.py:157} INFO - Started process (PID=398) to work on /home/airflow/.local/lib/python3.7/site-packages/airflow/example_dags/example_datasets.py
[2023-06-13T23:57:24.993+0000] {processor.py:826} INFO - Processing file /home/airflow/.local/lib/python3.7/site-packages/airflow/example_dags/example_datasets.py for tasks to queue
[2023-06-13T23:57:24.994+0000] {logging_mixin.py:149} INFO - [2023-06-13T23:57:24.994+0000] {dagbag.py:541} INFO - Filling up the DagBag from /home/airflow/.local/lib/python3.7/site-packages/airflow/example_dags/example_datasets.py
[2023-06-13T23:57:25.001+0000] {processor.py:836} INFO - DAG(s) dict_keys(['dataset_consumes_1_never_scheduled', 'dataset_consumes_1_and_2', 'dataset_consumes_1', 'dataset_produces_1', 'dataset_produces_2', 'dataset_consumes_unknown_never_scheduled']) retrieved from /home/airflow/.local/lib/python3.7/site-packages/airflow/example_dags/example_datasets.py
[2023-06-13T23:57:25.032+0000] {logging_mixin.py:149} INFO - [2023-06-13T23:57:25.032+0000] {dag.py:2726} INFO - Sync 6 DAGs
[2023-06-13T23:57:25.052+0000] {logging_mixin.py:149} INFO - [2023-06-13T23:57:25.052+0000] {dag.py:3490} INFO - Setting next_dagrun for dataset_consumes_1 to None, run_after=None
[2023-06-13T23:57:25.055+0000] {logging_mixin.py:149} INFO - [2023-06-13T23:57:25.055+0000] {dag.py:3490} INFO - Setting next_dagrun for dataset_consumes_1_and_2 to None, run_after=None
[2023-06-13T23:57:25.057+0000] {logging_mixin.py:149} INFO - [2023-06-13T23:57:25.057+0000] {dag.py:3490} INFO - Setting next_dagrun for dataset_consumes_1_never_scheduled to None, run_after=None
[2023-06-13T23:57:25.058+0000] {logging_mixin.py:149} INFO - [2023-06-13T23:57:25.058+0000] {dag.py:3490} INFO - Setting next_dagrun for dataset_consumes_unknown_never_scheduled to None, run_after=None
[2023-06-13T23:57:25.061+0000] {logging_mixin.py:149} INFO - [2023-06-13T23:57:25.061+0000] {dag.py:3490} INFO - Setting next_dagrun for dataset_produces_1 to 2023-06-12T00:00:00+00:00, run_after=2023-06-13T00:00:00+00:00
[2023-06-13T23:57:25.062+0000] {logging_mixin.py:149} INFO - [2023-06-13T23:57:25.062+0000] {dag.py:3490} INFO - Setting next_dagrun for dataset_produces_2 to None, run_after=None
[2023-06-13T23:57:25.087+0000] {processor.py:179} INFO - Processing /home/airflow/.local/lib/python3.7/site-packages/airflow/example_dags/example_datasets.py took 0.098 seconds
[2023-06-13T23:57:55.715+0000] {processor.py:157} INFO - Started process (PID=454) to work on /home/airflow/.local/lib/python3.7/site-packages/airflow/example_dags/example_datasets.py
[2023-06-13T23:57:55.717+0000] {processor.py:826} INFO - Processing file /home/airflow/.local/lib/python3.7/site-packages/airflow/example_dags/example_datasets.py for tasks to queue
[2023-06-13T23:57:55.718+0000] {logging_mixin.py:149} INFO - [2023-06-13T23:57:55.717+0000] {dagbag.py:541} INFO - Filling up the DagBag from /home/airflow/.local/lib/python3.7/site-packages/airflow/example_dags/example_datasets.py
[2023-06-13T23:57:55.726+0000] {processor.py:836} INFO - DAG(s) dict_keys(['dataset_consumes_unknown_never_scheduled', 'dataset_consumes_1_never_scheduled', 'dataset_consumes_1', 'dataset_consumes_1_and_2', 'dataset_produces_1', 'dataset_produces_2']) retrieved from /home/airflow/.local/lib/python3.7/site-packages/airflow/example_dags/example_datasets.py
[2023-06-13T23:57:55.759+0000] {logging_mixin.py:149} INFO - [2023-06-13T23:57:55.759+0000] {dag.py:2726} INFO - Sync 6 DAGs
[2023-06-13T23:57:55.782+0000] {logging_mixin.py:149} INFO - [2023-06-13T23:57:55.782+0000] {dag.py:3490} INFO - Setting next_dagrun for dataset_consumes_1 to None, run_after=None
[2023-06-13T23:57:55.786+0000] {logging_mixin.py:149} INFO - [2023-06-13T23:57:55.786+0000] {dag.py:3490} INFO - Setting next_dagrun for dataset_consumes_1_and_2 to None, run_after=None
[2023-06-13T23:57:55.789+0000] {logging_mixin.py:149} INFO - [2023-06-13T23:57:55.788+0000] {dag.py:3490} INFO - Setting next_dagrun for dataset_consumes_1_never_scheduled to None, run_after=None
[2023-06-13T23:57:55.790+0000] {logging_mixin.py:149} INFO - [2023-06-13T23:57:55.790+0000] {dag.py:3490} INFO - Setting next_dagrun for dataset_consumes_unknown_never_scheduled to None, run_after=None
[2023-06-13T23:57:55.793+0000] {logging_mixin.py:149} INFO - [2023-06-13T23:57:55.793+0000] {dag.py:3490} INFO - Setting next_dagrun for dataset_produces_1 to 2023-06-12T00:00:00+00:00, run_after=2023-06-13T00:00:00+00:00
[2023-06-13T23:57:55.794+0000] {logging_mixin.py:149} INFO - [2023-06-13T23:57:55.794+0000] {dag.py:3490} INFO - Setting next_dagrun for dataset_produces_2 to None, run_after=None
[2023-06-13T23:57:55.834+0000] {processor.py:179} INFO - Processing /home/airflow/.local/lib/python3.7/site-packages/airflow/example_dags/example_datasets.py took 0.124 seconds
[2023-06-13T23:58:26.417+0000] {processor.py:157} INFO - Started process (PID=510) to work on /home/airflow/.local/lib/python3.7/site-packages/airflow/example_dags/example_datasets.py
[2023-06-13T23:58:26.419+0000] {processor.py:826} INFO - Processing file /home/airflow/.local/lib/python3.7/site-packages/airflow/example_dags/example_datasets.py for tasks to queue
[2023-06-13T23:58:26.420+0000] {logging_mixin.py:149} INFO - [2023-06-13T23:58:26.420+0000] {dagbag.py:541} INFO - Filling up the DagBag from /home/airflow/.local/lib/python3.7/site-packages/airflow/example_dags/example_datasets.py
[2023-06-13T23:58:26.426+0000] {processor.py:836} INFO - DAG(s) dict_keys(['dataset_produces_1', 'dataset_consumes_unknown_never_scheduled', 'dataset_consumes_1_never_scheduled', 'dataset_consumes_1_and_2', 'dataset_produces_2', 'dataset_consumes_1']) retrieved from /home/airflow/.local/lib/python3.7/site-packages/airflow/example_dags/example_datasets.py
[2023-06-13T23:58:26.465+0000] {logging_mixin.py:149} INFO - [2023-06-13T23:58:26.465+0000] {dag.py:2726} INFO - Sync 6 DAGs
[2023-06-13T23:58:26.493+0000] {logging_mixin.py:149} INFO - [2023-06-13T23:58:26.493+0000] {dag.py:3490} INFO - Setting next_dagrun for dataset_consumes_1 to None, run_after=None
[2023-06-13T23:58:26.499+0000] {logging_mixin.py:149} INFO - [2023-06-13T23:58:26.499+0000] {dag.py:3490} INFO - Setting next_dagrun for dataset_consumes_1_and_2 to None, run_after=None
[2023-06-13T23:58:26.502+0000] {logging_mixin.py:149} INFO - [2023-06-13T23:58:26.502+0000] {dag.py:3490} INFO - Setting next_dagrun for dataset_consumes_1_never_scheduled to None, run_after=None
[2023-06-13T23:58:26.503+0000] {logging_mixin.py:149} INFO - [2023-06-13T23:58:26.503+0000] {dag.py:3490} INFO - Setting next_dagrun for dataset_consumes_unknown_never_scheduled to None, run_after=None
[2023-06-13T23:58:26.507+0000] {logging_mixin.py:149} INFO - [2023-06-13T23:58:26.506+0000] {dag.py:3490} INFO - Setting next_dagrun for dataset_produces_1 to 2023-06-12T00:00:00+00:00, run_after=2023-06-13T00:00:00+00:00
[2023-06-13T23:58:26.509+0000] {logging_mixin.py:149} INFO - [2023-06-13T23:58:26.508+0000] {dag.py:3490} INFO - Setting next_dagrun for dataset_produces_2 to None, run_after=None
[2023-06-13T23:58:26.537+0000] {processor.py:179} INFO - Processing /home/airflow/.local/lib/python3.7/site-packages/airflow/example_dags/example_datasets.py took 0.122 seconds
[2023-06-13T23:58:56.873+0000] {processor.py:157} INFO - Started process (PID=566) to work on /home/airflow/.local/lib/python3.7/site-packages/airflow/example_dags/example_datasets.py
[2023-06-13T23:58:56.875+0000] {processor.py:826} INFO - Processing file /home/airflow/.local/lib/python3.7/site-packages/airflow/example_dags/example_datasets.py for tasks to queue
[2023-06-13T23:58:56.875+0000] {logging_mixin.py:149} INFO - [2023-06-13T23:58:56.875+0000] {dagbag.py:541} INFO - Filling up the DagBag from /home/airflow/.local/lib/python3.7/site-packages/airflow/example_dags/example_datasets.py
[2023-06-13T23:58:56.882+0000] {processor.py:836} INFO - DAG(s) dict_keys(['dataset_produces_1', 'dataset_produces_2', 'dataset_consumes_1_and_2', 'dataset_consumes_1_never_scheduled', 'dataset_consumes_unknown_never_scheduled', 'dataset_consumes_1']) retrieved from /home/airflow/.local/lib/python3.7/site-packages/airflow/example_dags/example_datasets.py
[2023-06-13T23:58:56.915+0000] {logging_mixin.py:149} INFO - [2023-06-13T23:58:56.915+0000] {dag.py:2726} INFO - Sync 6 DAGs
[2023-06-13T23:58:56.934+0000] {logging_mixin.py:149} INFO - [2023-06-13T23:58:56.933+0000] {dag.py:3490} INFO - Setting next_dagrun for dataset_consumes_1 to None, run_after=None
[2023-06-13T23:58:56.936+0000] {logging_mixin.py:149} INFO - [2023-06-13T23:58:56.936+0000] {dag.py:3490} INFO - Setting next_dagrun for dataset_consumes_1_and_2 to None, run_after=None
[2023-06-13T23:58:56.937+0000] {logging_mixin.py:149} INFO - [2023-06-13T23:58:56.937+0000] {dag.py:3490} INFO - Setting next_dagrun for dataset_consumes_1_never_scheduled to None, run_after=None
[2023-06-13T23:58:56.938+0000] {logging_mixin.py:149} INFO - [2023-06-13T23:58:56.938+0000] {dag.py:3490} INFO - Setting next_dagrun for dataset_consumes_unknown_never_scheduled to None, run_after=None
[2023-06-13T23:58:56.940+0000] {logging_mixin.py:149} INFO - [2023-06-13T23:58:56.940+0000] {dag.py:3490} INFO - Setting next_dagrun for dataset_produces_1 to 2023-06-12T00:00:00+00:00, run_after=2023-06-13T00:00:00+00:00
[2023-06-13T23:58:56.942+0000] {logging_mixin.py:149} INFO - [2023-06-13T23:58:56.942+0000] {dag.py:3490} INFO - Setting next_dagrun for dataset_produces_2 to None, run_after=None
[2023-06-13T23:58:56.964+0000] {processor.py:179} INFO - Processing /home/airflow/.local/lib/python3.7/site-packages/airflow/example_dags/example_datasets.py took 0.094 seconds
[2023-06-13T23:59:27.586+0000] {processor.py:157} INFO - Started process (PID=621) to work on /home/airflow/.local/lib/python3.7/site-packages/airflow/example_dags/example_datasets.py
[2023-06-13T23:59:27.588+0000] {processor.py:826} INFO - Processing file /home/airflow/.local/lib/python3.7/site-packages/airflow/example_dags/example_datasets.py for tasks to queue
[2023-06-13T23:59:27.590+0000] {logging_mixin.py:149} INFO - [2023-06-13T23:59:27.589+0000] {dagbag.py:541} INFO - Filling up the DagBag from /home/airflow/.local/lib/python3.7/site-packages/airflow/example_dags/example_datasets.py
[2023-06-13T23:59:27.598+0000] {processor.py:836} INFO - DAG(s) dict_keys(['dataset_produces_2', 'dataset_consumes_unknown_never_scheduled', 'dataset_produces_1', 'dataset_consumes_1_and_2', 'dataset_consumes_1', 'dataset_consumes_1_never_scheduled']) retrieved from /home/airflow/.local/lib/python3.7/site-packages/airflow/example_dags/example_datasets.py
[2023-06-13T23:59:27.634+0000] {logging_mixin.py:149} INFO - [2023-06-13T23:59:27.634+0000] {dag.py:2726} INFO - Sync 6 DAGs
[2023-06-13T23:59:27.661+0000] {logging_mixin.py:149} INFO - [2023-06-13T23:59:27.660+0000] {dag.py:3490} INFO - Setting next_dagrun for dataset_consumes_1 to None, run_after=None
[2023-06-13T23:59:27.665+0000] {logging_mixin.py:149} INFO - [2023-06-13T23:59:27.665+0000] {dag.py:3490} INFO - Setting next_dagrun for dataset_consumes_1_and_2 to None, run_after=None
[2023-06-13T23:59:27.667+0000] {logging_mixin.py:149} INFO - [2023-06-13T23:59:27.667+0000] {dag.py:3490} INFO - Setting next_dagrun for dataset_consumes_1_never_scheduled to None, run_after=None
[2023-06-13T23:59:27.670+0000] {logging_mixin.py:149} INFO - [2023-06-13T23:59:27.670+0000] {dag.py:3490} INFO - Setting next_dagrun for dataset_consumes_unknown_never_scheduled to None, run_after=None
[2023-06-13T23:59:27.674+0000] {logging_mixin.py:149} INFO - [2023-06-13T23:59:27.674+0000] {dag.py:3490} INFO - Setting next_dagrun for dataset_produces_1 to 2023-06-12T00:00:00+00:00, run_after=2023-06-13T00:00:00+00:00
[2023-06-13T23:59:27.676+0000] {logging_mixin.py:149} INFO - [2023-06-13T23:59:27.676+0000] {dag.py:3490} INFO - Setting next_dagrun for dataset_produces_2 to None, run_after=None
[2023-06-13T23:59:27.708+0000] {processor.py:179} INFO - Processing /home/airflow/.local/lib/python3.7/site-packages/airflow/example_dags/example_datasets.py took 0.125 seconds
[2023-06-13T23:59:58.090+0000] {processor.py:157} INFO - Started process (PID=677) to work on /home/airflow/.local/lib/python3.7/site-packages/airflow/example_dags/example_datasets.py
[2023-06-13T23:59:58.092+0000] {processor.py:826} INFO - Processing file /home/airflow/.local/lib/python3.7/site-packages/airflow/example_dags/example_datasets.py for tasks to queue
[2023-06-13T23:59:58.093+0000] {logging_mixin.py:149} INFO - [2023-06-13T23:59:58.093+0000] {dagbag.py:541} INFO - Filling up the DagBag from /home/airflow/.local/lib/python3.7/site-packages/airflow/example_dags/example_datasets.py
[2023-06-13T23:59:58.100+0000] {processor.py:836} INFO - DAG(s) dict_keys(['dataset_produces_1', 'dataset_consumes_unknown_never_scheduled', 'dataset_consumes_1_and_2', 'dataset_consumes_1_never_scheduled', 'dataset_produces_2', 'dataset_consumes_1']) retrieved from /home/airflow/.local/lib/python3.7/site-packages/airflow/example_dags/example_datasets.py
[2023-06-13T23:59:58.133+0000] {logging_mixin.py:149} INFO - [2023-06-13T23:59:58.133+0000] {dag.py:2726} INFO - Sync 6 DAGs
[2023-06-13T23:59:58.150+0000] {logging_mixin.py:149} INFO - [2023-06-13T23:59:58.150+0000] {dag.py:3490} INFO - Setting next_dagrun for dataset_consumes_1 to None, run_after=None
[2023-06-13T23:59:58.152+0000] {logging_mixin.py:149} INFO - [2023-06-13T23:59:58.152+0000] {dag.py:3490} INFO - Setting next_dagrun for dataset_consumes_1_and_2 to None, run_after=None
[2023-06-13T23:59:58.154+0000] {logging_mixin.py:149} INFO - [2023-06-13T23:59:58.153+0000] {dag.py:3490} INFO - Setting next_dagrun for dataset_consumes_1_never_scheduled to None, run_after=None
[2023-06-13T23:59:58.155+0000] {logging_mixin.py:149} INFO - [2023-06-13T23:59:58.155+0000] {dag.py:3490} INFO - Setting next_dagrun for dataset_consumes_unknown_never_scheduled to None, run_after=None
[2023-06-13T23:59:58.158+0000] {logging_mixin.py:149} INFO - [2023-06-13T23:59:58.158+0000] {dag.py:3490} INFO - Setting next_dagrun for dataset_produces_1 to 2023-06-12T00:00:00+00:00, run_after=2023-06-13T00:00:00+00:00
[2023-06-13T23:59:58.160+0000] {logging_mixin.py:149} INFO - [2023-06-13T23:59:58.160+0000] {dag.py:3490} INFO - Setting next_dagrun for dataset_produces_2 to None, run_after=None
[2023-06-13T23:59:58.185+0000] {processor.py:179} INFO - Processing /home/airflow/.local/lib/python3.7/site-packages/airflow/example_dags/example_datasets.py took 0.098 seconds
