[2023-06-13T23:54:22.158+0000] {processor.py:157} INFO - Started process (PID=69) to work on /home/airflow/.local/lib/python3.7/site-packages/airflow/example_dags/example_sla_dag.py
[2023-06-13T23:54:22.161+0000] {processor.py:826} INFO - Processing file /home/airflow/.local/lib/python3.7/site-packages/airflow/example_dags/example_sla_dag.py for tasks to queue
[2023-06-13T23:54:22.165+0000] {logging_mixin.py:149} INFO - [2023-06-13T23:54:22.164+0000] {dagbag.py:541} INFO - Filling up the DagBag from /home/airflow/.local/lib/python3.7/site-packages/airflow/example_dags/example_sla_dag.py
[2023-06-13T23:54:22.186+0000] {processor.py:836} INFO - DAG(s) dict_keys(['example_sla_dag']) retrieved from /home/airflow/.local/lib/python3.7/site-packages/airflow/example_dags/example_sla_dag.py
[2023-06-13T23:54:22.269+0000] {logging_mixin.py:149} INFO - [2023-06-13T23:54:22.268+0000] {manager.py:504} INFO - Created Permission View: can read on DAG:example_sla_dag
[2023-06-13T23:54:22.283+0000] {logging_mixin.py:149} INFO - [2023-06-13T23:54:22.282+0000] {manager.py:504} INFO - Created Permission View: can delete on DAG:example_sla_dag
[2023-06-13T23:54:22.289+0000] {logging_mixin.py:149} INFO - [2023-06-13T23:54:22.289+0000] {manager.py:504} INFO - Created Permission View: can edit on DAG:example_sla_dag
[2023-06-13T23:54:22.290+0000] {logging_mixin.py:149} INFO - [2023-06-13T23:54:22.290+0000] {dag.py:2726} INFO - Sync 1 DAGs
[2023-06-13T23:54:22.299+0000] {logging_mixin.py:149} INFO - [2023-06-13T23:54:22.298+0000] {dag.py:2747} INFO - Creating ORM DAG for example_sla_dag
[2023-06-13T23:54:22.308+0000] {logging_mixin.py:149} INFO - [2023-06-13T23:54:22.308+0000] {dag.py:3490} INFO - Setting next_dagrun for example_sla_dag to 2023-06-13T23:52:00+00:00, run_after=2023-06-13T23:54:00+00:00
[2023-06-13T23:54:22.319+0000] {processor.py:179} INFO - Processing /home/airflow/.local/lib/python3.7/site-packages/airflow/example_dags/example_sla_dag.py took 0.167 seconds
[2023-06-13T23:54:53.166+0000] {processor.py:157} INFO - Started process (PID=126) to work on /home/airflow/.local/lib/python3.7/site-packages/airflow/example_dags/example_sla_dag.py
[2023-06-13T23:54:53.168+0000] {processor.py:826} INFO - Processing file /home/airflow/.local/lib/python3.7/site-packages/airflow/example_dags/example_sla_dag.py for tasks to queue
[2023-06-13T23:54:53.168+0000] {logging_mixin.py:149} INFO - [2023-06-13T23:54:53.168+0000] {dagbag.py:541} INFO - Filling up the DagBag from /home/airflow/.local/lib/python3.7/site-packages/airflow/example_dags/example_sla_dag.py
[2023-06-13T23:54:53.175+0000] {processor.py:836} INFO - DAG(s) dict_keys(['example_sla_dag']) retrieved from /home/airflow/.local/lib/python3.7/site-packages/airflow/example_dags/example_sla_dag.py
[2023-06-13T23:54:53.197+0000] {logging_mixin.py:149} INFO - [2023-06-13T23:54:53.197+0000] {dag.py:2726} INFO - Sync 1 DAGs
[2023-06-13T23:54:53.216+0000] {logging_mixin.py:149} INFO - [2023-06-13T23:54:53.216+0000] {dag.py:3490} INFO - Setting next_dagrun for example_sla_dag to 2023-06-13T23:52:00+00:00, run_after=2023-06-13T23:54:00+00:00
[2023-06-13T23:54:53.229+0000] {processor.py:179} INFO - Processing /home/airflow/.local/lib/python3.7/site-packages/airflow/example_dags/example_sla_dag.py took 0.066 seconds
[2023-06-13T23:55:24.030+0000] {processor.py:157} INFO - Started process (PID=182) to work on /home/airflow/.local/lib/python3.7/site-packages/airflow/example_dags/example_sla_dag.py
[2023-06-13T23:55:24.032+0000] {processor.py:826} INFO - Processing file /home/airflow/.local/lib/python3.7/site-packages/airflow/example_dags/example_sla_dag.py for tasks to queue
[2023-06-13T23:55:24.032+0000] {logging_mixin.py:149} INFO - [2023-06-13T23:55:24.032+0000] {dagbag.py:541} INFO - Filling up the DagBag from /home/airflow/.local/lib/python3.7/site-packages/airflow/example_dags/example_sla_dag.py
[2023-06-13T23:55:24.039+0000] {processor.py:836} INFO - DAG(s) dict_keys(['example_sla_dag']) retrieved from /home/airflow/.local/lib/python3.7/site-packages/airflow/example_dags/example_sla_dag.py
[2023-06-13T23:55:24.060+0000] {logging_mixin.py:149} INFO - [2023-06-13T23:55:24.060+0000] {dag.py:2726} INFO - Sync 1 DAGs
[2023-06-13T23:55:24.081+0000] {logging_mixin.py:149} INFO - [2023-06-13T23:55:24.081+0000] {dag.py:3490} INFO - Setting next_dagrun for example_sla_dag to 2023-06-13T23:52:00+00:00, run_after=2023-06-13T23:54:00+00:00
[2023-06-13T23:55:24.094+0000] {processor.py:179} INFO - Processing /home/airflow/.local/lib/python3.7/site-packages/airflow/example_dags/example_sla_dag.py took 0.066 seconds
[2023-06-13T23:55:54.613+0000] {processor.py:157} INFO - Started process (PID=238) to work on /home/airflow/.local/lib/python3.7/site-packages/airflow/example_dags/example_sla_dag.py
[2023-06-13T23:55:54.616+0000] {processor.py:826} INFO - Processing file /home/airflow/.local/lib/python3.7/site-packages/airflow/example_dags/example_sla_dag.py for tasks to queue
[2023-06-13T23:55:54.618+0000] {logging_mixin.py:149} INFO - [2023-06-13T23:55:54.618+0000] {dagbag.py:541} INFO - Filling up the DagBag from /home/airflow/.local/lib/python3.7/site-packages/airflow/example_dags/example_sla_dag.py
[2023-06-13T23:55:54.626+0000] {processor.py:836} INFO - DAG(s) dict_keys(['example_sla_dag']) retrieved from /home/airflow/.local/lib/python3.7/site-packages/airflow/example_dags/example_sla_dag.py
[2023-06-13T23:55:54.650+0000] {logging_mixin.py:149} INFO - [2023-06-13T23:55:54.650+0000] {dag.py:2726} INFO - Sync 1 DAGs
[2023-06-13T23:55:54.679+0000] {logging_mixin.py:149} INFO - [2023-06-13T23:55:54.679+0000] {dag.py:3490} INFO - Setting next_dagrun for example_sla_dag to 2023-06-13T23:52:00+00:00, run_after=2023-06-13T23:54:00+00:00
[2023-06-13T23:55:54.717+0000] {processor.py:179} INFO - Processing /home/airflow/.local/lib/python3.7/site-packages/airflow/example_dags/example_sla_dag.py took 0.108 seconds
[2023-06-13T23:56:25.202+0000] {processor.py:157} INFO - Started process (PID=294) to work on /home/airflow/.local/lib/python3.7/site-packages/airflow/example_dags/example_sla_dag.py
[2023-06-13T23:56:25.204+0000] {processor.py:826} INFO - Processing file /home/airflow/.local/lib/python3.7/site-packages/airflow/example_dags/example_sla_dag.py for tasks to queue
[2023-06-13T23:56:25.206+0000] {logging_mixin.py:149} INFO - [2023-06-13T23:56:25.205+0000] {dagbag.py:541} INFO - Filling up the DagBag from /home/airflow/.local/lib/python3.7/site-packages/airflow/example_dags/example_sla_dag.py
[2023-06-13T23:56:25.215+0000] {processor.py:836} INFO - DAG(s) dict_keys(['example_sla_dag']) retrieved from /home/airflow/.local/lib/python3.7/site-packages/airflow/example_dags/example_sla_dag.py
[2023-06-13T23:56:25.246+0000] {logging_mixin.py:149} INFO - [2023-06-13T23:56:25.246+0000] {dag.py:2726} INFO - Sync 1 DAGs
[2023-06-13T23:56:25.267+0000] {logging_mixin.py:149} INFO - [2023-06-13T23:56:25.267+0000] {dag.py:3490} INFO - Setting next_dagrun for example_sla_dag to 2023-06-13T23:54:00+00:00, run_after=2023-06-13T23:56:00+00:00
[2023-06-13T23:56:25.281+0000] {processor.py:179} INFO - Processing /home/airflow/.local/lib/python3.7/site-packages/airflow/example_dags/example_sla_dag.py took 0.083 seconds
[2023-06-13T23:56:55.793+0000] {processor.py:157} INFO - Started process (PID=350) to work on /home/airflow/.local/lib/python3.7/site-packages/airflow/example_dags/example_sla_dag.py
[2023-06-13T23:56:55.794+0000] {processor.py:826} INFO - Processing file /home/airflow/.local/lib/python3.7/site-packages/airflow/example_dags/example_sla_dag.py for tasks to queue
[2023-06-13T23:56:55.795+0000] {logging_mixin.py:149} INFO - [2023-06-13T23:56:55.795+0000] {dagbag.py:541} INFO - Filling up the DagBag from /home/airflow/.local/lib/python3.7/site-packages/airflow/example_dags/example_sla_dag.py
[2023-06-13T23:56:55.802+0000] {processor.py:836} INFO - DAG(s) dict_keys(['example_sla_dag']) retrieved from /home/airflow/.local/lib/python3.7/site-packages/airflow/example_dags/example_sla_dag.py
[2023-06-13T23:56:55.828+0000] {logging_mixin.py:149} INFO - [2023-06-13T23:56:55.827+0000] {dag.py:2726} INFO - Sync 1 DAGs
[2023-06-13T23:56:55.849+0000] {logging_mixin.py:149} INFO - [2023-06-13T23:56:55.849+0000] {dag.py:3490} INFO - Setting next_dagrun for example_sla_dag to 2023-06-13T23:54:00+00:00, run_after=2023-06-13T23:56:00+00:00
[2023-06-13T23:56:55.863+0000] {processor.py:179} INFO - Processing /home/airflow/.local/lib/python3.7/site-packages/airflow/example_dags/example_sla_dag.py took 0.074 seconds
[2023-06-13T23:57:26.435+0000] {processor.py:157} INFO - Started process (PID=406) to work on /home/airflow/.local/lib/python3.7/site-packages/airflow/example_dags/example_sla_dag.py
[2023-06-13T23:57:26.437+0000] {processor.py:826} INFO - Processing file /home/airflow/.local/lib/python3.7/site-packages/airflow/example_dags/example_sla_dag.py for tasks to queue
[2023-06-13T23:57:26.438+0000] {logging_mixin.py:149} INFO - [2023-06-13T23:57:26.438+0000] {dagbag.py:541} INFO - Filling up the DagBag from /home/airflow/.local/lib/python3.7/site-packages/airflow/example_dags/example_sla_dag.py
[2023-06-13T23:57:26.445+0000] {processor.py:836} INFO - DAG(s) dict_keys(['example_sla_dag']) retrieved from /home/airflow/.local/lib/python3.7/site-packages/airflow/example_dags/example_sla_dag.py
[2023-06-13T23:57:26.467+0000] {logging_mixin.py:149} INFO - [2023-06-13T23:57:26.467+0000] {dag.py:2726} INFO - Sync 1 DAGs
[2023-06-13T23:57:26.489+0000] {logging_mixin.py:149} INFO - [2023-06-13T23:57:26.489+0000] {dag.py:3490} INFO - Setting next_dagrun for example_sla_dag to 2023-06-13T23:54:00+00:00, run_after=2023-06-13T23:56:00+00:00
[2023-06-13T23:57:26.502+0000] {processor.py:179} INFO - Processing /home/airflow/.local/lib/python3.7/site-packages/airflow/example_dags/example_sla_dag.py took 0.069 seconds
[2023-06-13T23:57:57.177+0000] {processor.py:157} INFO - Started process (PID=462) to work on /home/airflow/.local/lib/python3.7/site-packages/airflow/example_dags/example_sla_dag.py
[2023-06-13T23:57:57.179+0000] {processor.py:826} INFO - Processing file /home/airflow/.local/lib/python3.7/site-packages/airflow/example_dags/example_sla_dag.py for tasks to queue
[2023-06-13T23:57:57.180+0000] {logging_mixin.py:149} INFO - [2023-06-13T23:57:57.180+0000] {dagbag.py:541} INFO - Filling up the DagBag from /home/airflow/.local/lib/python3.7/site-packages/airflow/example_dags/example_sla_dag.py
[2023-06-13T23:57:57.187+0000] {processor.py:836} INFO - DAG(s) dict_keys(['example_sla_dag']) retrieved from /home/airflow/.local/lib/python3.7/site-packages/airflow/example_dags/example_sla_dag.py
[2023-06-13T23:57:57.211+0000] {logging_mixin.py:149} INFO - [2023-06-13T23:57:57.211+0000] {dag.py:2726} INFO - Sync 1 DAGs
[2023-06-13T23:57:57.237+0000] {logging_mixin.py:149} INFO - [2023-06-13T23:57:57.236+0000] {dag.py:3490} INFO - Setting next_dagrun for example_sla_dag to 2023-06-13T23:54:00+00:00, run_after=2023-06-13T23:56:00+00:00
[2023-06-13T23:57:57.262+0000] {processor.py:179} INFO - Processing /home/airflow/.local/lib/python3.7/site-packages/airflow/example_dags/example_sla_dag.py took 0.088 seconds
[2023-06-13T23:58:27.899+0000] {processor.py:157} INFO - Started process (PID=518) to work on /home/airflow/.local/lib/python3.7/site-packages/airflow/example_dags/example_sla_dag.py
[2023-06-13T23:58:27.901+0000] {processor.py:826} INFO - Processing file /home/airflow/.local/lib/python3.7/site-packages/airflow/example_dags/example_sla_dag.py for tasks to queue
[2023-06-13T23:58:27.902+0000] {logging_mixin.py:149} INFO - [2023-06-13T23:58:27.902+0000] {dagbag.py:541} INFO - Filling up the DagBag from /home/airflow/.local/lib/python3.7/site-packages/airflow/example_dags/example_sla_dag.py
[2023-06-13T23:58:27.909+0000] {processor.py:836} INFO - DAG(s) dict_keys(['example_sla_dag']) retrieved from /home/airflow/.local/lib/python3.7/site-packages/airflow/example_dags/example_sla_dag.py
[2023-06-13T23:58:27.931+0000] {logging_mixin.py:149} INFO - [2023-06-13T23:58:27.931+0000] {dag.py:2726} INFO - Sync 1 DAGs
[2023-06-13T23:58:27.951+0000] {logging_mixin.py:149} INFO - [2023-06-13T23:58:27.951+0000] {dag.py:3490} INFO - Setting next_dagrun for example_sla_dag to 2023-06-13T23:56:00+00:00, run_after=2023-06-13T23:58:00+00:00
[2023-06-13T23:58:27.966+0000] {processor.py:179} INFO - Processing /home/airflow/.local/lib/python3.7/site-packages/airflow/example_dags/example_sla_dag.py took 0.069 seconds
[2023-06-13T23:58:58.272+0000] {processor.py:157} INFO - Started process (PID=574) to work on /home/airflow/.local/lib/python3.7/site-packages/airflow/example_dags/example_sla_dag.py
[2023-06-13T23:58:58.274+0000] {processor.py:826} INFO - Processing file /home/airflow/.local/lib/python3.7/site-packages/airflow/example_dags/example_sla_dag.py for tasks to queue
[2023-06-13T23:58:58.275+0000] {logging_mixin.py:149} INFO - [2023-06-13T23:58:58.275+0000] {dagbag.py:541} INFO - Filling up the DagBag from /home/airflow/.local/lib/python3.7/site-packages/airflow/example_dags/example_sla_dag.py
[2023-06-13T23:58:58.281+0000] {processor.py:836} INFO - DAG(s) dict_keys(['example_sla_dag']) retrieved from /home/airflow/.local/lib/python3.7/site-packages/airflow/example_dags/example_sla_dag.py
[2023-06-13T23:58:58.304+0000] {logging_mixin.py:149} INFO - [2023-06-13T23:58:58.303+0000] {dag.py:2726} INFO - Sync 1 DAGs
[2023-06-13T23:58:58.322+0000] {logging_mixin.py:149} INFO - [2023-06-13T23:58:58.322+0000] {dag.py:3490} INFO - Setting next_dagrun for example_sla_dag to 2023-06-13T23:56:00+00:00, run_after=2023-06-13T23:58:00+00:00
[2023-06-13T23:58:58.335+0000] {processor.py:179} INFO - Processing /home/airflow/.local/lib/python3.7/site-packages/airflow/example_dags/example_sla_dag.py took 0.066 seconds
[2023-06-13T23:59:29.050+0000] {processor.py:157} INFO - Started process (PID=629) to work on /home/airflow/.local/lib/python3.7/site-packages/airflow/example_dags/example_sla_dag.py
[2023-06-13T23:59:29.051+0000] {processor.py:826} INFO - Processing file /home/airflow/.local/lib/python3.7/site-packages/airflow/example_dags/example_sla_dag.py for tasks to queue
[2023-06-13T23:59:29.052+0000] {logging_mixin.py:149} INFO - [2023-06-13T23:59:29.052+0000] {dagbag.py:541} INFO - Filling up the DagBag from /home/airflow/.local/lib/python3.7/site-packages/airflow/example_dags/example_sla_dag.py
[2023-06-13T23:59:29.059+0000] {processor.py:836} INFO - DAG(s) dict_keys(['example_sla_dag']) retrieved from /home/airflow/.local/lib/python3.7/site-packages/airflow/example_dags/example_sla_dag.py
[2023-06-13T23:59:29.081+0000] {logging_mixin.py:149} INFO - [2023-06-13T23:59:29.080+0000] {dag.py:2726} INFO - Sync 1 DAGs
[2023-06-13T23:59:29.102+0000] {logging_mixin.py:149} INFO - [2023-06-13T23:59:29.102+0000] {dag.py:3490} INFO - Setting next_dagrun for example_sla_dag to 2023-06-13T23:56:00+00:00, run_after=2023-06-13T23:58:00+00:00
[2023-06-13T23:59:29.115+0000] {processor.py:179} INFO - Processing /home/airflow/.local/lib/python3.7/site-packages/airflow/example_dags/example_sla_dag.py took 0.068 seconds
[2023-06-13T23:59:59.561+0000] {processor.py:157} INFO - Started process (PID=685) to work on /home/airflow/.local/lib/python3.7/site-packages/airflow/example_dags/example_sla_dag.py
[2023-06-13T23:59:59.562+0000] {processor.py:826} INFO - Processing file /home/airflow/.local/lib/python3.7/site-packages/airflow/example_dags/example_sla_dag.py for tasks to queue
[2023-06-13T23:59:59.563+0000] {logging_mixin.py:149} INFO - [2023-06-13T23:59:59.563+0000] {dagbag.py:541} INFO - Filling up the DagBag from /home/airflow/.local/lib/python3.7/site-packages/airflow/example_dags/example_sla_dag.py
[2023-06-13T23:59:59.569+0000] {processor.py:836} INFO - DAG(s) dict_keys(['example_sla_dag']) retrieved from /home/airflow/.local/lib/python3.7/site-packages/airflow/example_dags/example_sla_dag.py
[2023-06-13T23:59:59.590+0000] {logging_mixin.py:149} INFO - [2023-06-13T23:59:59.590+0000] {dag.py:2726} INFO - Sync 1 DAGs
[2023-06-13T23:59:59.610+0000] {logging_mixin.py:149} INFO - [2023-06-13T23:59:59.610+0000] {dag.py:3490} INFO - Setting next_dagrun for example_sla_dag to 2023-06-13T23:56:00+00:00, run_after=2023-06-13T23:58:00+00:00
[2023-06-13T23:59:59.623+0000] {processor.py:179} INFO - Processing /home/airflow/.local/lib/python3.7/site-packages/airflow/example_dags/example_sla_dag.py took 0.065 seconds
