[2023-06-13T23:54:17.010+0000] {processor.py:157} INFO - Started process (PID=37) to work on /home/airflow/.local/lib/python3.7/site-packages/airflow/example_dags/example_branch_python_dop_operator_3.py
[2023-06-13T23:54:17.012+0000] {processor.py:826} INFO - Processing file /home/airflow/.local/lib/python3.7/site-packages/airflow/example_dags/example_branch_python_dop_operator_3.py for tasks to queue
[2023-06-13T23:54:17.014+0000] {logging_mixin.py:149} INFO - [2023-06-13T23:54:17.013+0000] {dagbag.py:541} INFO - Filling up the DagBag from /home/airflow/.local/lib/python3.7/site-packages/airflow/example_dags/example_branch_python_dop_operator_3.py
[2023-06-13T23:54:17.033+0000] {processor.py:836} INFO - DAG(s) dict_keys(['example_branch_dop_operator_v3']) retrieved from /home/airflow/.local/lib/python3.7/site-packages/airflow/example_dags/example_branch_python_dop_operator_3.py
[2023-06-13T23:54:17.189+0000] {logging_mixin.py:149} INFO - [2023-06-13T23:54:17.189+0000] {manager.py:504} INFO - Created Permission View: can read on DAG:example_branch_dop_operator_v3
[2023-06-13T23:54:17.203+0000] {logging_mixin.py:149} INFO - [2023-06-13T23:54:17.202+0000] {manager.py:504} INFO - Created Permission View: can delete on DAG:example_branch_dop_operator_v3
[2023-06-13T23:54:17.212+0000] {logging_mixin.py:149} INFO - [2023-06-13T23:54:17.212+0000] {manager.py:504} INFO - Created Permission View: can edit on DAG:example_branch_dop_operator_v3
[2023-06-13T23:54:17.214+0000] {logging_mixin.py:149} INFO - [2023-06-13T23:54:17.214+0000] {dag.py:2726} INFO - Sync 1 DAGs
[2023-06-13T23:54:17.235+0000] {logging_mixin.py:149} INFO - [2023-06-13T23:54:17.235+0000] {dag.py:2747} INFO - Creating ORM DAG for example_branch_dop_operator_v3
[2023-06-13T23:54:17.256+0000] {logging_mixin.py:149} INFO - [2023-06-13T23:54:17.256+0000] {dag.py:3490} INFO - Setting next_dagrun for example_branch_dop_operator_v3 to 2023-06-13T23:53:00+00:00, run_after=2023-06-13T23:54:00+00:00
[2023-06-13T23:54:17.277+0000] {processor.py:179} INFO - Processing /home/airflow/.local/lib/python3.7/site-packages/airflow/example_dags/example_branch_python_dop_operator_3.py took 0.271 seconds
[2023-06-13T23:54:48.227+0000] {processor.py:157} INFO - Started process (PID=94) to work on /home/airflow/.local/lib/python3.7/site-packages/airflow/example_dags/example_branch_python_dop_operator_3.py
[2023-06-13T23:54:48.229+0000] {processor.py:826} INFO - Processing file /home/airflow/.local/lib/python3.7/site-packages/airflow/example_dags/example_branch_python_dop_operator_3.py for tasks to queue
[2023-06-13T23:54:48.231+0000] {logging_mixin.py:149} INFO - [2023-06-13T23:54:48.230+0000] {dagbag.py:541} INFO - Filling up the DagBag from /home/airflow/.local/lib/python3.7/site-packages/airflow/example_dags/example_branch_python_dop_operator_3.py
[2023-06-13T23:54:48.240+0000] {processor.py:836} INFO - DAG(s) dict_keys(['example_branch_dop_operator_v3']) retrieved from /home/airflow/.local/lib/python3.7/site-packages/airflow/example_dags/example_branch_python_dop_operator_3.py
[2023-06-13T23:54:48.274+0000] {logging_mixin.py:149} INFO - [2023-06-13T23:54:48.274+0000] {dag.py:2726} INFO - Sync 1 DAGs
[2023-06-13T23:54:48.299+0000] {logging_mixin.py:149} INFO - [2023-06-13T23:54:48.299+0000] {dag.py:3490} INFO - Setting next_dagrun for example_branch_dop_operator_v3 to 2023-06-13T23:53:00+00:00, run_after=2023-06-13T23:54:00+00:00
[2023-06-13T23:54:48.319+0000] {processor.py:179} INFO - Processing /home/airflow/.local/lib/python3.7/site-packages/airflow/example_dags/example_branch_python_dop_operator_3.py took 0.096 seconds
[2023-06-13T23:55:18.379+0000] {processor.py:157} INFO - Started process (PID=151) to work on /home/airflow/.local/lib/python3.7/site-packages/airflow/example_dags/example_branch_python_dop_operator_3.py
[2023-06-13T23:55:18.381+0000] {processor.py:826} INFO - Processing file /home/airflow/.local/lib/python3.7/site-packages/airflow/example_dags/example_branch_python_dop_operator_3.py for tasks to queue
[2023-06-13T23:55:18.382+0000] {logging_mixin.py:149} INFO - [2023-06-13T23:55:18.382+0000] {dagbag.py:541} INFO - Filling up the DagBag from /home/airflow/.local/lib/python3.7/site-packages/airflow/example_dags/example_branch_python_dop_operator_3.py
[2023-06-13T23:55:18.388+0000] {processor.py:836} INFO - DAG(s) dict_keys(['example_branch_dop_operator_v3']) retrieved from /home/airflow/.local/lib/python3.7/site-packages/airflow/example_dags/example_branch_python_dop_operator_3.py
[2023-06-13T23:55:18.410+0000] {logging_mixin.py:149} INFO - [2023-06-13T23:55:18.410+0000] {dag.py:2726} INFO - Sync 1 DAGs
[2023-06-13T23:55:18.428+0000] {logging_mixin.py:149} INFO - [2023-06-13T23:55:18.427+0000] {dag.py:3490} INFO - Setting next_dagrun for example_branch_dop_operator_v3 to 2023-06-13T23:54:00+00:00, run_after=2023-06-13T23:55:00+00:00
[2023-06-13T23:55:18.441+0000] {processor.py:179} INFO - Processing /home/airflow/.local/lib/python3.7/site-packages/airflow/example_dags/example_branch_python_dop_operator_3.py took 0.065 seconds
[2023-06-13T23:55:48.908+0000] {processor.py:157} INFO - Started process (PID=206) to work on /home/airflow/.local/lib/python3.7/site-packages/airflow/example_dags/example_branch_python_dop_operator_3.py
[2023-06-13T23:55:48.910+0000] {processor.py:826} INFO - Processing file /home/airflow/.local/lib/python3.7/site-packages/airflow/example_dags/example_branch_python_dop_operator_3.py for tasks to queue
[2023-06-13T23:55:48.912+0000] {logging_mixin.py:149} INFO - [2023-06-13T23:55:48.911+0000] {dagbag.py:541} INFO - Filling up the DagBag from /home/airflow/.local/lib/python3.7/site-packages/airflow/example_dags/example_branch_python_dop_operator_3.py
[2023-06-13T23:55:48.919+0000] {processor.py:836} INFO - DAG(s) dict_keys(['example_branch_dop_operator_v3']) retrieved from /home/airflow/.local/lib/python3.7/site-packages/airflow/example_dags/example_branch_python_dop_operator_3.py
[2023-06-13T23:55:48.940+0000] {logging_mixin.py:149} INFO - [2023-06-13T23:55:48.940+0000] {dag.py:2726} INFO - Sync 1 DAGs
[2023-06-13T23:55:48.959+0000] {logging_mixin.py:149} INFO - [2023-06-13T23:55:48.959+0000] {dag.py:3490} INFO - Setting next_dagrun for example_branch_dop_operator_v3 to 2023-06-13T23:54:00+00:00, run_after=2023-06-13T23:55:00+00:00
[2023-06-13T23:55:48.974+0000] {processor.py:179} INFO - Processing /home/airflow/.local/lib/python3.7/site-packages/airflow/example_dags/example_branch_python_dop_operator_3.py took 0.070 seconds
[2023-06-13T23:56:19.563+0000] {processor.py:157} INFO - Started process (PID=262) to work on /home/airflow/.local/lib/python3.7/site-packages/airflow/example_dags/example_branch_python_dop_operator_3.py
[2023-06-13T23:56:19.565+0000] {processor.py:826} INFO - Processing file /home/airflow/.local/lib/python3.7/site-packages/airflow/example_dags/example_branch_python_dop_operator_3.py for tasks to queue
[2023-06-13T23:56:19.567+0000] {logging_mixin.py:149} INFO - [2023-06-13T23:56:19.567+0000] {dagbag.py:541} INFO - Filling up the DagBag from /home/airflow/.local/lib/python3.7/site-packages/airflow/example_dags/example_branch_python_dop_operator_3.py
[2023-06-13T23:56:19.575+0000] {processor.py:836} INFO - DAG(s) dict_keys(['example_branch_dop_operator_v3']) retrieved from /home/airflow/.local/lib/python3.7/site-packages/airflow/example_dags/example_branch_python_dop_operator_3.py
[2023-06-13T23:56:19.598+0000] {logging_mixin.py:149} INFO - [2023-06-13T23:56:19.598+0000] {dag.py:2726} INFO - Sync 1 DAGs
[2023-06-13T23:56:19.619+0000] {logging_mixin.py:149} INFO - [2023-06-13T23:56:19.619+0000] {dag.py:3490} INFO - Setting next_dagrun for example_branch_dop_operator_v3 to 2023-06-13T23:55:00+00:00, run_after=2023-06-13T23:56:00+00:00
[2023-06-13T23:56:19.633+0000] {processor.py:179} INFO - Processing /home/airflow/.local/lib/python3.7/site-packages/airflow/example_dags/example_branch_python_dop_operator_3.py took 0.073 seconds
[2023-06-13T23:56:50.129+0000] {processor.py:157} INFO - Started process (PID=318) to work on /home/airflow/.local/lib/python3.7/site-packages/airflow/example_dags/example_branch_python_dop_operator_3.py
[2023-06-13T23:56:50.130+0000] {processor.py:826} INFO - Processing file /home/airflow/.local/lib/python3.7/site-packages/airflow/example_dags/example_branch_python_dop_operator_3.py for tasks to queue
[2023-06-13T23:56:50.132+0000] {logging_mixin.py:149} INFO - [2023-06-13T23:56:50.132+0000] {dagbag.py:541} INFO - Filling up the DagBag from /home/airflow/.local/lib/python3.7/site-packages/airflow/example_dags/example_branch_python_dop_operator_3.py
[2023-06-13T23:56:50.139+0000] {processor.py:836} INFO - DAG(s) dict_keys(['example_branch_dop_operator_v3']) retrieved from /home/airflow/.local/lib/python3.7/site-packages/airflow/example_dags/example_branch_python_dop_operator_3.py
[2023-06-13T23:56:50.165+0000] {logging_mixin.py:149} INFO - [2023-06-13T23:56:50.165+0000] {dag.py:2726} INFO - Sync 1 DAGs
[2023-06-13T23:56:50.187+0000] {logging_mixin.py:149} INFO - [2023-06-13T23:56:50.187+0000] {dag.py:3490} INFO - Setting next_dagrun for example_branch_dop_operator_v3 to 2023-06-13T23:55:00+00:00, run_after=2023-06-13T23:56:00+00:00
[2023-06-13T23:56:50.201+0000] {processor.py:179} INFO - Processing /home/airflow/.local/lib/python3.7/site-packages/airflow/example_dags/example_branch_python_dop_operator_3.py took 0.077 seconds
[2023-06-13T23:57:20.698+0000] {processor.py:157} INFO - Started process (PID=374) to work on /home/airflow/.local/lib/python3.7/site-packages/airflow/example_dags/example_branch_python_dop_operator_3.py
[2023-06-13T23:57:20.702+0000] {processor.py:826} INFO - Processing file /home/airflow/.local/lib/python3.7/site-packages/airflow/example_dags/example_branch_python_dop_operator_3.py for tasks to queue
[2023-06-13T23:57:20.705+0000] {logging_mixin.py:149} INFO - [2023-06-13T23:57:20.705+0000] {dagbag.py:541} INFO - Filling up the DagBag from /home/airflow/.local/lib/python3.7/site-packages/airflow/example_dags/example_branch_python_dop_operator_3.py
[2023-06-13T23:57:20.715+0000] {processor.py:836} INFO - DAG(s) dict_keys(['example_branch_dop_operator_v3']) retrieved from /home/airflow/.local/lib/python3.7/site-packages/airflow/example_dags/example_branch_python_dop_operator_3.py
[2023-06-13T23:57:20.745+0000] {logging_mixin.py:149} INFO - [2023-06-13T23:57:20.744+0000] {dag.py:2726} INFO - Sync 1 DAGs
[2023-06-13T23:57:20.768+0000] {logging_mixin.py:149} INFO - [2023-06-13T23:57:20.768+0000] {dag.py:3490} INFO - Setting next_dagrun for example_branch_dop_operator_v3 to 2023-06-13T23:56:00+00:00, run_after=2023-06-13T23:57:00+00:00
[2023-06-13T23:57:20.786+0000] {processor.py:179} INFO - Processing /home/airflow/.local/lib/python3.7/site-packages/airflow/example_dags/example_branch_python_dop_operator_3.py took 0.091 seconds
[2023-06-13T23:57:51.362+0000] {processor.py:157} INFO - Started process (PID=430) to work on /home/airflow/.local/lib/python3.7/site-packages/airflow/example_dags/example_branch_python_dop_operator_3.py
[2023-06-13T23:57:51.364+0000] {processor.py:826} INFO - Processing file /home/airflow/.local/lib/python3.7/site-packages/airflow/example_dags/example_branch_python_dop_operator_3.py for tasks to queue
[2023-06-13T23:57:51.365+0000] {logging_mixin.py:149} INFO - [2023-06-13T23:57:51.365+0000] {dagbag.py:541} INFO - Filling up the DagBag from /home/airflow/.local/lib/python3.7/site-packages/airflow/example_dags/example_branch_python_dop_operator_3.py
[2023-06-13T23:57:51.371+0000] {processor.py:836} INFO - DAG(s) dict_keys(['example_branch_dop_operator_v3']) retrieved from /home/airflow/.local/lib/python3.7/site-packages/airflow/example_dags/example_branch_python_dop_operator_3.py
[2023-06-13T23:57:51.418+0000] {logging_mixin.py:149} INFO - [2023-06-13T23:57:51.418+0000] {dag.py:2726} INFO - Sync 1 DAGs
[2023-06-13T23:57:51.439+0000] {logging_mixin.py:149} INFO - [2023-06-13T23:57:51.439+0000] {dag.py:3490} INFO - Setting next_dagrun for example_branch_dop_operator_v3 to 2023-06-13T23:56:00+00:00, run_after=2023-06-13T23:57:00+00:00
[2023-06-13T23:57:51.452+0000] {processor.py:179} INFO - Processing /home/airflow/.local/lib/python3.7/site-packages/airflow/example_dags/example_branch_python_dop_operator_3.py took 0.094 seconds
[2023-06-13T23:58:22.195+0000] {processor.py:157} INFO - Started process (PID=486) to work on /home/airflow/.local/lib/python3.7/site-packages/airflow/example_dags/example_branch_python_dop_operator_3.py
[2023-06-13T23:58:22.197+0000] {processor.py:826} INFO - Processing file /home/airflow/.local/lib/python3.7/site-packages/airflow/example_dags/example_branch_python_dop_operator_3.py for tasks to queue
[2023-06-13T23:58:22.198+0000] {logging_mixin.py:149} INFO - [2023-06-13T23:58:22.198+0000] {dagbag.py:541} INFO - Filling up the DagBag from /home/airflow/.local/lib/python3.7/site-packages/airflow/example_dags/example_branch_python_dop_operator_3.py
[2023-06-13T23:58:22.206+0000] {processor.py:836} INFO - DAG(s) dict_keys(['example_branch_dop_operator_v3']) retrieved from /home/airflow/.local/lib/python3.7/site-packages/airflow/example_dags/example_branch_python_dop_operator_3.py
[2023-06-13T23:58:22.228+0000] {logging_mixin.py:149} INFO - [2023-06-13T23:58:22.228+0000] {dag.py:2726} INFO - Sync 1 DAGs
[2023-06-13T23:58:22.248+0000] {logging_mixin.py:149} INFO - [2023-06-13T23:58:22.248+0000] {dag.py:3490} INFO - Setting next_dagrun for example_branch_dop_operator_v3 to 2023-06-13T23:57:00+00:00, run_after=2023-06-13T23:58:00+00:00
[2023-06-13T23:58:22.260+0000] {processor.py:179} INFO - Processing /home/airflow/.local/lib/python3.7/site-packages/airflow/example_dags/example_branch_python_dop_operator_3.py took 0.068 seconds
[2023-06-13T23:58:52.724+0000] {processor.py:157} INFO - Started process (PID=542) to work on /home/airflow/.local/lib/python3.7/site-packages/airflow/example_dags/example_branch_python_dop_operator_3.py
[2023-06-13T23:58:52.725+0000] {processor.py:826} INFO - Processing file /home/airflow/.local/lib/python3.7/site-packages/airflow/example_dags/example_branch_python_dop_operator_3.py for tasks to queue
[2023-06-13T23:58:52.726+0000] {logging_mixin.py:149} INFO - [2023-06-13T23:58:52.726+0000] {dagbag.py:541} INFO - Filling up the DagBag from /home/airflow/.local/lib/python3.7/site-packages/airflow/example_dags/example_branch_python_dop_operator_3.py
[2023-06-13T23:58:52.732+0000] {processor.py:836} INFO - DAG(s) dict_keys(['example_branch_dop_operator_v3']) retrieved from /home/airflow/.local/lib/python3.7/site-packages/airflow/example_dags/example_branch_python_dop_operator_3.py
[2023-06-13T23:58:52.754+0000] {logging_mixin.py:149} INFO - [2023-06-13T23:58:52.754+0000] {dag.py:2726} INFO - Sync 1 DAGs
[2023-06-13T23:58:52.781+0000] {logging_mixin.py:149} INFO - [2023-06-13T23:58:52.780+0000] {dag.py:3490} INFO - Setting next_dagrun for example_branch_dop_operator_v3 to 2023-06-13T23:57:00+00:00, run_after=2023-06-13T23:58:00+00:00
[2023-06-13T23:58:52.796+0000] {processor.py:179} INFO - Processing /home/airflow/.local/lib/python3.7/site-packages/airflow/example_dags/example_branch_python_dop_operator_3.py took 0.075 seconds
[2023-06-13T23:59:23.395+0000] {processor.py:157} INFO - Started process (PID=597) to work on /home/airflow/.local/lib/python3.7/site-packages/airflow/example_dags/example_branch_python_dop_operator_3.py
[2023-06-13T23:59:23.397+0000] {processor.py:826} INFO - Processing file /home/airflow/.local/lib/python3.7/site-packages/airflow/example_dags/example_branch_python_dop_operator_3.py for tasks to queue
[2023-06-13T23:59:23.398+0000] {logging_mixin.py:149} INFO - [2023-06-13T23:59:23.398+0000] {dagbag.py:541} INFO - Filling up the DagBag from /home/airflow/.local/lib/python3.7/site-packages/airflow/example_dags/example_branch_python_dop_operator_3.py
[2023-06-13T23:59:23.404+0000] {processor.py:836} INFO - DAG(s) dict_keys(['example_branch_dop_operator_v3']) retrieved from /home/airflow/.local/lib/python3.7/site-packages/airflow/example_dags/example_branch_python_dop_operator_3.py
[2023-06-13T23:59:23.426+0000] {logging_mixin.py:149} INFO - [2023-06-13T23:59:23.425+0000] {dag.py:2726} INFO - Sync 1 DAGs
[2023-06-13T23:59:23.444+0000] {logging_mixin.py:149} INFO - [2023-06-13T23:59:23.444+0000] {dag.py:3490} INFO - Setting next_dagrun for example_branch_dop_operator_v3 to 2023-06-13T23:58:00+00:00, run_after=2023-06-13T23:59:00+00:00
[2023-06-13T23:59:23.457+0000] {processor.py:179} INFO - Processing /home/airflow/.local/lib/python3.7/site-packages/airflow/example_dags/example_branch_python_dop_operator_3.py took 0.065 seconds
[2023-06-13T23:59:53.914+0000] {processor.py:157} INFO - Started process (PID=653) to work on /home/airflow/.local/lib/python3.7/site-packages/airflow/example_dags/example_branch_python_dop_operator_3.py
[2023-06-13T23:59:53.916+0000] {processor.py:826} INFO - Processing file /home/airflow/.local/lib/python3.7/site-packages/airflow/example_dags/example_branch_python_dop_operator_3.py for tasks to queue
[2023-06-13T23:59:53.917+0000] {logging_mixin.py:149} INFO - [2023-06-13T23:59:53.917+0000] {dagbag.py:541} INFO - Filling up the DagBag from /home/airflow/.local/lib/python3.7/site-packages/airflow/example_dags/example_branch_python_dop_operator_3.py
[2023-06-13T23:59:53.924+0000] {processor.py:836} INFO - DAG(s) dict_keys(['example_branch_dop_operator_v3']) retrieved from /home/airflow/.local/lib/python3.7/site-packages/airflow/example_dags/example_branch_python_dop_operator_3.py
[2023-06-13T23:59:53.965+0000] {logging_mixin.py:149} INFO - [2023-06-13T23:59:53.965+0000] {dag.py:2726} INFO - Sync 1 DAGs
[2023-06-13T23:59:53.991+0000] {logging_mixin.py:149} INFO - [2023-06-13T23:59:53.991+0000] {dag.py:3490} INFO - Setting next_dagrun for example_branch_dop_operator_v3 to 2023-06-13T23:58:00+00:00, run_after=2023-06-13T23:59:00+00:00
[2023-06-13T23:59:54.003+0000] {processor.py:179} INFO - Processing /home/airflow/.local/lib/python3.7/site-packages/airflow/example_dags/example_branch_python_dop_operator_3.py took 0.092 seconds
