[2023-06-13T23:54:17.667+0000] {processor.py:157} INFO - Started process (PID=42) to work on /home/airflow/.local/lib/python3.7/site-packages/airflow/example_dags/example_sensors.py
[2023-06-13T23:54:17.670+0000] {processor.py:826} INFO - Processing file /home/airflow/.local/lib/python3.7/site-packages/airflow/example_dags/example_sensors.py for tasks to queue
[2023-06-13T23:54:17.673+0000] {logging_mixin.py:149} INFO - [2023-06-13T23:54:17.672+0000] {dagbag.py:541} INFO - Filling up the DagBag from /home/airflow/.local/lib/python3.7/site-packages/airflow/example_dags/example_sensors.py
[2023-06-13T23:54:17.699+0000] {processor.py:836} INFO - DAG(s) dict_keys(['example_sensors']) retrieved from /home/airflow/.local/lib/python3.7/site-packages/airflow/example_dags/example_sensors.py
[2023-06-13T23:54:17.905+0000] {logging_mixin.py:149} INFO - [2023-06-13T23:54:17.905+0000] {manager.py:504} INFO - Created Permission View: can read on DAG:example_sensors
[2023-06-13T23:54:17.928+0000] {logging_mixin.py:149} INFO - [2023-06-13T23:54:17.928+0000] {manager.py:504} INFO - Created Permission View: can delete on DAG:example_sensors
[2023-06-13T23:54:17.940+0000] {logging_mixin.py:149} INFO - [2023-06-13T23:54:17.940+0000] {manager.py:504} INFO - Created Permission View: can edit on DAG:example_sensors
[2023-06-13T23:54:17.941+0000] {logging_mixin.py:149} INFO - [2023-06-13T23:54:17.941+0000] {dag.py:2726} INFO - Sync 1 DAGs
[2023-06-13T23:54:17.960+0000] {logging_mixin.py:149} INFO - [2023-06-13T23:54:17.960+0000] {dag.py:2747} INFO - Creating ORM DAG for example_sensors
[2023-06-13T23:54:17.977+0000] {logging_mixin.py:149} INFO - [2023-06-13T23:54:17.976+0000] {dag.py:3490} INFO - Setting next_dagrun for example_sensors to None, run_after=None
[2023-06-13T23:54:18.019+0000] {processor.py:179} INFO - Processing /home/airflow/.local/lib/python3.7/site-packages/airflow/example_dags/example_sensors.py took 0.360 seconds
[2023-06-13T23:54:48.564+0000] {processor.py:157} INFO - Started process (PID=99) to work on /home/airflow/.local/lib/python3.7/site-packages/airflow/example_dags/example_sensors.py
[2023-06-13T23:54:48.566+0000] {processor.py:826} INFO - Processing file /home/airflow/.local/lib/python3.7/site-packages/airflow/example_dags/example_sensors.py for tasks to queue
[2023-06-13T23:54:48.567+0000] {logging_mixin.py:149} INFO - [2023-06-13T23:54:48.567+0000] {dagbag.py:541} INFO - Filling up the DagBag from /home/airflow/.local/lib/python3.7/site-packages/airflow/example_dags/example_sensors.py
[2023-06-13T23:54:48.575+0000] {processor.py:836} INFO - DAG(s) dict_keys(['example_sensors']) retrieved from /home/airflow/.local/lib/python3.7/site-packages/airflow/example_dags/example_sensors.py
[2023-06-13T23:54:48.602+0000] {logging_mixin.py:149} INFO - [2023-06-13T23:54:48.602+0000] {dag.py:2726} INFO - Sync 1 DAGs
[2023-06-13T23:54:48.623+0000] {logging_mixin.py:149} INFO - [2023-06-13T23:54:48.623+0000] {dag.py:3490} INFO - Setting next_dagrun for example_sensors to None, run_after=None
[2023-06-13T23:54:48.637+0000] {processor.py:179} INFO - Processing /home/airflow/.local/lib/python3.7/site-packages/airflow/example_dags/example_sensors.py took 0.075 seconds
[2023-06-13T23:55:19.567+0000] {processor.py:157} INFO - Started process (PID=155) to work on /home/airflow/.local/lib/python3.7/site-packages/airflow/example_dags/example_sensors.py
[2023-06-13T23:55:19.568+0000] {processor.py:826} INFO - Processing file /home/airflow/.local/lib/python3.7/site-packages/airflow/example_dags/example_sensors.py for tasks to queue
[2023-06-13T23:55:19.569+0000] {logging_mixin.py:149} INFO - [2023-06-13T23:55:19.569+0000] {dagbag.py:541} INFO - Filling up the DagBag from /home/airflow/.local/lib/python3.7/site-packages/airflow/example_dags/example_sensors.py
[2023-06-13T23:55:19.576+0000] {processor.py:836} INFO - DAG(s) dict_keys(['example_sensors']) retrieved from /home/airflow/.local/lib/python3.7/site-packages/airflow/example_dags/example_sensors.py
[2023-06-13T23:55:19.597+0000] {logging_mixin.py:149} INFO - [2023-06-13T23:55:19.597+0000] {dag.py:2726} INFO - Sync 1 DAGs
[2023-06-13T23:55:19.613+0000] {logging_mixin.py:149} INFO - [2023-06-13T23:55:19.613+0000] {dag.py:3490} INFO - Setting next_dagrun for example_sensors to None, run_after=None
[2023-06-13T23:55:19.626+0000] {processor.py:179} INFO - Processing /home/airflow/.local/lib/python3.7/site-packages/airflow/example_dags/example_sensors.py took 0.062 seconds
[2023-06-13T23:55:50.109+0000] {processor.py:157} INFO - Started process (PID=211) to work on /home/airflow/.local/lib/python3.7/site-packages/airflow/example_dags/example_sensors.py
[2023-06-13T23:55:50.110+0000] {processor.py:826} INFO - Processing file /home/airflow/.local/lib/python3.7/site-packages/airflow/example_dags/example_sensors.py for tasks to queue
[2023-06-13T23:55:50.111+0000] {logging_mixin.py:149} INFO - [2023-06-13T23:55:50.111+0000] {dagbag.py:541} INFO - Filling up the DagBag from /home/airflow/.local/lib/python3.7/site-packages/airflow/example_dags/example_sensors.py
[2023-06-13T23:55:50.119+0000] {processor.py:836} INFO - DAG(s) dict_keys(['example_sensors']) retrieved from /home/airflow/.local/lib/python3.7/site-packages/airflow/example_dags/example_sensors.py
[2023-06-13T23:55:50.141+0000] {logging_mixin.py:149} INFO - [2023-06-13T23:55:50.141+0000] {dag.py:2726} INFO - Sync 1 DAGs
[2023-06-13T23:55:50.159+0000] {logging_mixin.py:149} INFO - [2023-06-13T23:55:50.159+0000] {dag.py:3490} INFO - Setting next_dagrun for example_sensors to None, run_after=None
[2023-06-13T23:55:50.173+0000] {processor.py:179} INFO - Processing /home/airflow/.local/lib/python3.7/site-packages/airflow/example_dags/example_sensors.py took 0.067 seconds
[2023-06-13T23:56:20.753+0000] {processor.py:157} INFO - Started process (PID=267) to work on /home/airflow/.local/lib/python3.7/site-packages/airflow/example_dags/example_sensors.py
[2023-06-13T23:56:20.755+0000] {processor.py:826} INFO - Processing file /home/airflow/.local/lib/python3.7/site-packages/airflow/example_dags/example_sensors.py for tasks to queue
[2023-06-13T23:56:20.756+0000] {logging_mixin.py:149} INFO - [2023-06-13T23:56:20.755+0000] {dagbag.py:541} INFO - Filling up the DagBag from /home/airflow/.local/lib/python3.7/site-packages/airflow/example_dags/example_sensors.py
[2023-06-13T23:56:20.762+0000] {processor.py:836} INFO - DAG(s) dict_keys(['example_sensors']) retrieved from /home/airflow/.local/lib/python3.7/site-packages/airflow/example_dags/example_sensors.py
[2023-06-13T23:56:20.784+0000] {logging_mixin.py:149} INFO - [2023-06-13T23:56:20.784+0000] {dag.py:2726} INFO - Sync 1 DAGs
[2023-06-13T23:56:20.800+0000] {logging_mixin.py:149} INFO - [2023-06-13T23:56:20.800+0000] {dag.py:3490} INFO - Setting next_dagrun for example_sensors to None, run_after=None
[2023-06-13T23:56:20.813+0000] {processor.py:179} INFO - Processing /home/airflow/.local/lib/python3.7/site-packages/airflow/example_dags/example_sensors.py took 0.063 seconds
[2023-06-13T23:56:51.316+0000] {processor.py:157} INFO - Started process (PID=323) to work on /home/airflow/.local/lib/python3.7/site-packages/airflow/example_dags/example_sensors.py
[2023-06-13T23:56:51.317+0000] {processor.py:826} INFO - Processing file /home/airflow/.local/lib/python3.7/site-packages/airflow/example_dags/example_sensors.py for tasks to queue
[2023-06-13T23:56:51.318+0000] {logging_mixin.py:149} INFO - [2023-06-13T23:56:51.318+0000] {dagbag.py:541} INFO - Filling up the DagBag from /home/airflow/.local/lib/python3.7/site-packages/airflow/example_dags/example_sensors.py
[2023-06-13T23:56:51.325+0000] {processor.py:836} INFO - DAG(s) dict_keys(['example_sensors']) retrieved from /home/airflow/.local/lib/python3.7/site-packages/airflow/example_dags/example_sensors.py
[2023-06-13T23:56:51.347+0000] {logging_mixin.py:149} INFO - [2023-06-13T23:56:51.347+0000] {dag.py:2726} INFO - Sync 1 DAGs
[2023-06-13T23:56:51.365+0000] {logging_mixin.py:149} INFO - [2023-06-13T23:56:51.365+0000] {dag.py:3490} INFO - Setting next_dagrun for example_sensors to None, run_after=None
[2023-06-13T23:56:51.392+0000] {processor.py:179} INFO - Processing /home/airflow/.local/lib/python3.7/site-packages/airflow/example_dags/example_sensors.py took 0.078 seconds
[2023-06-13T23:57:21.981+0000] {processor.py:157} INFO - Started process (PID=379) to work on /home/airflow/.local/lib/python3.7/site-packages/airflow/example_dags/example_sensors.py
[2023-06-13T23:57:21.983+0000] {processor.py:826} INFO - Processing file /home/airflow/.local/lib/python3.7/site-packages/airflow/example_dags/example_sensors.py for tasks to queue
[2023-06-13T23:57:21.985+0000] {logging_mixin.py:149} INFO - [2023-06-13T23:57:21.984+0000] {dagbag.py:541} INFO - Filling up the DagBag from /home/airflow/.local/lib/python3.7/site-packages/airflow/example_dags/example_sensors.py
[2023-06-13T23:57:21.998+0000] {processor.py:836} INFO - DAG(s) dict_keys(['example_sensors']) retrieved from /home/airflow/.local/lib/python3.7/site-packages/airflow/example_dags/example_sensors.py
[2023-06-13T23:57:22.031+0000] {logging_mixin.py:149} INFO - [2023-06-13T23:57:22.030+0000] {dag.py:2726} INFO - Sync 1 DAGs
[2023-06-13T23:57:22.055+0000] {logging_mixin.py:149} INFO - [2023-06-13T23:57:22.055+0000] {dag.py:3490} INFO - Setting next_dagrun for example_sensors to None, run_after=None
[2023-06-13T23:57:22.091+0000] {processor.py:179} INFO - Processing /home/airflow/.local/lib/python3.7/site-packages/airflow/example_dags/example_sensors.py took 0.113 seconds
[2023-06-13T23:57:52.620+0000] {processor.py:157} INFO - Started process (PID=435) to work on /home/airflow/.local/lib/python3.7/site-packages/airflow/example_dags/example_sensors.py
[2023-06-13T23:57:52.622+0000] {processor.py:826} INFO - Processing file /home/airflow/.local/lib/python3.7/site-packages/airflow/example_dags/example_sensors.py for tasks to queue
[2023-06-13T23:57:52.624+0000] {logging_mixin.py:149} INFO - [2023-06-13T23:57:52.624+0000] {dagbag.py:541} INFO - Filling up the DagBag from /home/airflow/.local/lib/python3.7/site-packages/airflow/example_dags/example_sensors.py
[2023-06-13T23:57:52.635+0000] {processor.py:836} INFO - DAG(s) dict_keys(['example_sensors']) retrieved from /home/airflow/.local/lib/python3.7/site-packages/airflow/example_dags/example_sensors.py
[2023-06-13T23:57:52.661+0000] {logging_mixin.py:149} INFO - [2023-06-13T23:57:52.661+0000] {dag.py:2726} INFO - Sync 1 DAGs
[2023-06-13T23:57:52.680+0000] {logging_mixin.py:149} INFO - [2023-06-13T23:57:52.679+0000] {dag.py:3490} INFO - Setting next_dagrun for example_sensors to None, run_after=None
[2023-06-13T23:57:52.693+0000] {processor.py:179} INFO - Processing /home/airflow/.local/lib/python3.7/site-packages/airflow/example_dags/example_sensors.py took 0.076 seconds
[2023-06-13T23:58:23.408+0000] {processor.py:157} INFO - Started process (PID=491) to work on /home/airflow/.local/lib/python3.7/site-packages/airflow/example_dags/example_sensors.py
[2023-06-13T23:58:23.409+0000] {processor.py:826} INFO - Processing file /home/airflow/.local/lib/python3.7/site-packages/airflow/example_dags/example_sensors.py for tasks to queue
[2023-06-13T23:58:23.410+0000] {logging_mixin.py:149} INFO - [2023-06-13T23:58:23.410+0000] {dagbag.py:541} INFO - Filling up the DagBag from /home/airflow/.local/lib/python3.7/site-packages/airflow/example_dags/example_sensors.py
[2023-06-13T23:58:23.417+0000] {processor.py:836} INFO - DAG(s) dict_keys(['example_sensors']) retrieved from /home/airflow/.local/lib/python3.7/site-packages/airflow/example_dags/example_sensors.py
[2023-06-13T23:58:23.440+0000] {logging_mixin.py:149} INFO - [2023-06-13T23:58:23.439+0000] {dag.py:2726} INFO - Sync 1 DAGs
[2023-06-13T23:58:23.456+0000] {logging_mixin.py:149} INFO - [2023-06-13T23:58:23.456+0000] {dag.py:3490} INFO - Setting next_dagrun for example_sensors to None, run_after=None
[2023-06-13T23:58:23.468+0000] {processor.py:179} INFO - Processing /home/airflow/.local/lib/python3.7/site-packages/airflow/example_dags/example_sensors.py took 0.063 seconds
[2023-06-13T23:58:53.932+0000] {processor.py:157} INFO - Started process (PID=547) to work on /home/airflow/.local/lib/python3.7/site-packages/airflow/example_dags/example_sensors.py
[2023-06-13T23:58:53.934+0000] {processor.py:826} INFO - Processing file /home/airflow/.local/lib/python3.7/site-packages/airflow/example_dags/example_sensors.py for tasks to queue
[2023-06-13T23:58:53.935+0000] {logging_mixin.py:149} INFO - [2023-06-13T23:58:53.935+0000] {dagbag.py:541} INFO - Filling up the DagBag from /home/airflow/.local/lib/python3.7/site-packages/airflow/example_dags/example_sensors.py
[2023-06-13T23:58:53.941+0000] {processor.py:836} INFO - DAG(s) dict_keys(['example_sensors']) retrieved from /home/airflow/.local/lib/python3.7/site-packages/airflow/example_dags/example_sensors.py
[2023-06-13T23:58:53.964+0000] {logging_mixin.py:149} INFO - [2023-06-13T23:58:53.964+0000] {dag.py:2726} INFO - Sync 1 DAGs
[2023-06-13T23:58:53.981+0000] {logging_mixin.py:149} INFO - [2023-06-13T23:58:53.980+0000] {dag.py:3490} INFO - Setting next_dagrun for example_sensors to None, run_after=None
[2023-06-13T23:58:53.994+0000] {processor.py:179} INFO - Processing /home/airflow/.local/lib/python3.7/site-packages/airflow/example_dags/example_sensors.py took 0.064 seconds
[2023-06-13T23:59:24.583+0000] {processor.py:157} INFO - Started process (PID=602) to work on /home/airflow/.local/lib/python3.7/site-packages/airflow/example_dags/example_sensors.py
[2023-06-13T23:59:24.584+0000] {processor.py:826} INFO - Processing file /home/airflow/.local/lib/python3.7/site-packages/airflow/example_dags/example_sensors.py for tasks to queue
[2023-06-13T23:59:24.585+0000] {logging_mixin.py:149} INFO - [2023-06-13T23:59:24.585+0000] {dagbag.py:541} INFO - Filling up the DagBag from /home/airflow/.local/lib/python3.7/site-packages/airflow/example_dags/example_sensors.py
[2023-06-13T23:59:24.593+0000] {processor.py:836} INFO - DAG(s) dict_keys(['example_sensors']) retrieved from /home/airflow/.local/lib/python3.7/site-packages/airflow/example_dags/example_sensors.py
[2023-06-13T23:59:24.616+0000] {logging_mixin.py:149} INFO - [2023-06-13T23:59:24.616+0000] {dag.py:2726} INFO - Sync 1 DAGs
[2023-06-13T23:59:24.634+0000] {logging_mixin.py:149} INFO - [2023-06-13T23:59:24.633+0000] {dag.py:3490} INFO - Setting next_dagrun for example_sensors to None, run_after=None
[2023-06-13T23:59:24.646+0000] {processor.py:179} INFO - Processing /home/airflow/.local/lib/python3.7/site-packages/airflow/example_dags/example_sensors.py took 0.066 seconds
[2023-06-13T23:59:55.136+0000] {processor.py:157} INFO - Started process (PID=658) to work on /home/airflow/.local/lib/python3.7/site-packages/airflow/example_dags/example_sensors.py
[2023-06-13T23:59:55.138+0000] {processor.py:826} INFO - Processing file /home/airflow/.local/lib/python3.7/site-packages/airflow/example_dags/example_sensors.py for tasks to queue
[2023-06-13T23:59:55.139+0000] {logging_mixin.py:149} INFO - [2023-06-13T23:59:55.139+0000] {dagbag.py:541} INFO - Filling up the DagBag from /home/airflow/.local/lib/python3.7/site-packages/airflow/example_dags/example_sensors.py
[2023-06-13T23:59:55.146+0000] {processor.py:836} INFO - DAG(s) dict_keys(['example_sensors']) retrieved from /home/airflow/.local/lib/python3.7/site-packages/airflow/example_dags/example_sensors.py
[2023-06-13T23:59:55.171+0000] {logging_mixin.py:149} INFO - [2023-06-13T23:59:55.171+0000] {dag.py:2726} INFO - Sync 1 DAGs
[2023-06-13T23:59:55.188+0000] {logging_mixin.py:149} INFO - [2023-06-13T23:59:55.188+0000] {dag.py:3490} INFO - Setting next_dagrun for example_sensors to None, run_after=None
[2023-06-13T23:59:55.199+0000] {processor.py:179} INFO - Processing /home/airflow/.local/lib/python3.7/site-packages/airflow/example_dags/example_sensors.py took 0.067 seconds
