[2023-06-13T23:54:22.584+0000] {processor.py:157} INFO - Started process (PID=71) to work on /home/airflow/.local/lib/python3.7/site-packages/airflow/example_dags/example_kubernetes_executor.py
[2023-06-13T23:54:22.586+0000] {processor.py:826} INFO - Processing file /home/airflow/.local/lib/python3.7/site-packages/airflow/example_dags/example_kubernetes_executor.py for tasks to queue
[2023-06-13T23:54:22.587+0000] {logging_mixin.py:149} INFO - [2023-06-13T23:54:22.587+0000] {dagbag.py:541} INFO - Filling up the DagBag from /home/airflow/.local/lib/python3.7/site-packages/airflow/example_dags/example_kubernetes_executor.py
[2023-06-13T23:54:22.726+0000] {processor.py:836} INFO - DAG(s) dict_keys(['example_kubernetes_executor']) retrieved from /home/airflow/.local/lib/python3.7/site-packages/airflow/example_dags/example_kubernetes_executor.py
[2023-06-13T23:54:22.826+0000] {logging_mixin.py:149} INFO - [2023-06-13T23:54:22.826+0000] {manager.py:504} INFO - Created Permission View: can read on DAG:example_kubernetes_executor
[2023-06-13T23:54:22.832+0000] {logging_mixin.py:149} INFO - [2023-06-13T23:54:22.832+0000] {manager.py:504} INFO - Created Permission View: can delete on DAG:example_kubernetes_executor
[2023-06-13T23:54:22.839+0000] {logging_mixin.py:149} INFO - [2023-06-13T23:54:22.839+0000] {manager.py:504} INFO - Created Permission View: can edit on DAG:example_kubernetes_executor
[2023-06-13T23:54:22.840+0000] {logging_mixin.py:149} INFO - [2023-06-13T23:54:22.840+0000] {dag.py:2726} INFO - Sync 1 DAGs
[2023-06-13T23:54:22.853+0000] {logging_mixin.py:149} INFO - [2023-06-13T23:54:22.853+0000] {dag.py:2747} INFO - Creating ORM DAG for example_kubernetes_executor
[2023-06-13T23:54:22.863+0000] {logging_mixin.py:149} INFO - [2023-06-13T23:54:22.863+0000] {dag.py:3490} INFO - Setting next_dagrun for example_kubernetes_executor to None, run_after=None
[2023-06-13T23:54:22.878+0000] {processor.py:179} INFO - Processing /home/airflow/.local/lib/python3.7/site-packages/airflow/example_dags/example_kubernetes_executor.py took 0.296 seconds
[2023-06-13T23:54:53.335+0000] {processor.py:157} INFO - Started process (PID=128) to work on /home/airflow/.local/lib/python3.7/site-packages/airflow/example_dags/example_kubernetes_executor.py
[2023-06-13T23:54:53.337+0000] {processor.py:826} INFO - Processing file /home/airflow/.local/lib/python3.7/site-packages/airflow/example_dags/example_kubernetes_executor.py for tasks to queue
[2023-06-13T23:54:53.338+0000] {logging_mixin.py:149} INFO - [2023-06-13T23:54:53.338+0000] {dagbag.py:541} INFO - Filling up the DagBag from /home/airflow/.local/lib/python3.7/site-packages/airflow/example_dags/example_kubernetes_executor.py
[2023-06-13T23:54:53.456+0000] {processor.py:836} INFO - DAG(s) dict_keys(['example_kubernetes_executor']) retrieved from /home/airflow/.local/lib/python3.7/site-packages/airflow/example_dags/example_kubernetes_executor.py
[2023-06-13T23:54:53.487+0000] {logging_mixin.py:149} INFO - [2023-06-13T23:54:53.486+0000] {dag.py:2726} INFO - Sync 1 DAGs
[2023-06-13T23:54:53.503+0000] {logging_mixin.py:149} INFO - [2023-06-13T23:54:53.503+0000] {dag.py:3490} INFO - Setting next_dagrun for example_kubernetes_executor to None, run_after=None
[2023-06-13T23:54:53.515+0000] {processor.py:179} INFO - Processing /home/airflow/.local/lib/python3.7/site-packages/airflow/example_dags/example_kubernetes_executor.py took 0.183 seconds
[2023-06-13T23:55:24.152+0000] {processor.py:157} INFO - Started process (PID=184) to work on /home/airflow/.local/lib/python3.7/site-packages/airflow/example_dags/example_kubernetes_executor.py
[2023-06-13T23:55:24.153+0000] {processor.py:826} INFO - Processing file /home/airflow/.local/lib/python3.7/site-packages/airflow/example_dags/example_kubernetes_executor.py for tasks to queue
[2023-06-13T23:55:24.154+0000] {logging_mixin.py:149} INFO - [2023-06-13T23:55:24.154+0000] {dagbag.py:541} INFO - Filling up the DagBag from /home/airflow/.local/lib/python3.7/site-packages/airflow/example_dags/example_kubernetes_executor.py
[2023-06-13T23:55:24.302+0000] {processor.py:836} INFO - DAG(s) dict_keys(['example_kubernetes_executor']) retrieved from /home/airflow/.local/lib/python3.7/site-packages/airflow/example_dags/example_kubernetes_executor.py
[2023-06-13T23:55:24.333+0000] {logging_mixin.py:149} INFO - [2023-06-13T23:55:24.333+0000] {dag.py:2726} INFO - Sync 1 DAGs
[2023-06-13T23:55:24.350+0000] {logging_mixin.py:149} INFO - [2023-06-13T23:55:24.350+0000] {dag.py:3490} INFO - Setting next_dagrun for example_kubernetes_executor to None, run_after=None
[2023-06-13T23:55:24.363+0000] {processor.py:179} INFO - Processing /home/airflow/.local/lib/python3.7/site-packages/airflow/example_dags/example_kubernetes_executor.py took 0.214 seconds
[2023-06-13T23:55:54.792+0000] {processor.py:157} INFO - Started process (PID=240) to work on /home/airflow/.local/lib/python3.7/site-packages/airflow/example_dags/example_kubernetes_executor.py
[2023-06-13T23:55:54.793+0000] {processor.py:826} INFO - Processing file /home/airflow/.local/lib/python3.7/site-packages/airflow/example_dags/example_kubernetes_executor.py for tasks to queue
[2023-06-13T23:55:54.794+0000] {logging_mixin.py:149} INFO - [2023-06-13T23:55:54.794+0000] {dagbag.py:541} INFO - Filling up the DagBag from /home/airflow/.local/lib/python3.7/site-packages/airflow/example_dags/example_kubernetes_executor.py
[2023-06-13T23:55:54.923+0000] {processor.py:836} INFO - DAG(s) dict_keys(['example_kubernetes_executor']) retrieved from /home/airflow/.local/lib/python3.7/site-packages/airflow/example_dags/example_kubernetes_executor.py
[2023-06-13T23:55:54.952+0000] {logging_mixin.py:149} INFO - [2023-06-13T23:55:54.952+0000] {dag.py:2726} INFO - Sync 1 DAGs
[2023-06-13T23:55:54.969+0000] {logging_mixin.py:149} INFO - [2023-06-13T23:55:54.968+0000] {dag.py:3490} INFO - Setting next_dagrun for example_kubernetes_executor to None, run_after=None
[2023-06-13T23:55:54.980+0000] {processor.py:179} INFO - Processing /home/airflow/.local/lib/python3.7/site-packages/airflow/example_dags/example_kubernetes_executor.py took 0.192 seconds
[2023-06-13T23:56:25.326+0000] {processor.py:157} INFO - Started process (PID=296) to work on /home/airflow/.local/lib/python3.7/site-packages/airflow/example_dags/example_kubernetes_executor.py
[2023-06-13T23:56:25.328+0000] {processor.py:826} INFO - Processing file /home/airflow/.local/lib/python3.7/site-packages/airflow/example_dags/example_kubernetes_executor.py for tasks to queue
[2023-06-13T23:56:25.329+0000] {logging_mixin.py:149} INFO - [2023-06-13T23:56:25.329+0000] {dagbag.py:541} INFO - Filling up the DagBag from /home/airflow/.local/lib/python3.7/site-packages/airflow/example_dags/example_kubernetes_executor.py
[2023-06-13T23:56:25.487+0000] {processor.py:836} INFO - DAG(s) dict_keys(['example_kubernetes_executor']) retrieved from /home/airflow/.local/lib/python3.7/site-packages/airflow/example_dags/example_kubernetes_executor.py
[2023-06-13T23:56:25.530+0000] {logging_mixin.py:149} INFO - [2023-06-13T23:56:25.529+0000] {dag.py:2726} INFO - Sync 1 DAGs
[2023-06-13T23:56:25.556+0000] {logging_mixin.py:149} INFO - [2023-06-13T23:56:25.556+0000] {dag.py:3490} INFO - Setting next_dagrun for example_kubernetes_executor to None, run_after=None
[2023-06-13T23:56:25.576+0000] {processor.py:179} INFO - Processing /home/airflow/.local/lib/python3.7/site-packages/airflow/example_dags/example_kubernetes_executor.py took 0.254 seconds
[2023-06-13T23:56:55.925+0000] {processor.py:157} INFO - Started process (PID=352) to work on /home/airflow/.local/lib/python3.7/site-packages/airflow/example_dags/example_kubernetes_executor.py
[2023-06-13T23:56:55.929+0000] {processor.py:826} INFO - Processing file /home/airflow/.local/lib/python3.7/site-packages/airflow/example_dags/example_kubernetes_executor.py for tasks to queue
[2023-06-13T23:56:55.930+0000] {logging_mixin.py:149} INFO - [2023-06-13T23:56:55.930+0000] {dagbag.py:541} INFO - Filling up the DagBag from /home/airflow/.local/lib/python3.7/site-packages/airflow/example_dags/example_kubernetes_executor.py
[2023-06-13T23:56:56.045+0000] {processor.py:836} INFO - DAG(s) dict_keys(['example_kubernetes_executor']) retrieved from /home/airflow/.local/lib/python3.7/site-packages/airflow/example_dags/example_kubernetes_executor.py
[2023-06-13T23:56:56.075+0000] {logging_mixin.py:149} INFO - [2023-06-13T23:56:56.075+0000] {dag.py:2726} INFO - Sync 1 DAGs
[2023-06-13T23:56:56.090+0000] {logging_mixin.py:149} INFO - [2023-06-13T23:56:56.090+0000] {dag.py:3490} INFO - Setting next_dagrun for example_kubernetes_executor to None, run_after=None
[2023-06-13T23:56:56.102+0000] {processor.py:179} INFO - Processing /home/airflow/.local/lib/python3.7/site-packages/airflow/example_dags/example_kubernetes_executor.py took 0.179 seconds
[2023-06-13T23:57:26.579+0000] {processor.py:157} INFO - Started process (PID=408) to work on /home/airflow/.local/lib/python3.7/site-packages/airflow/example_dags/example_kubernetes_executor.py
[2023-06-13T23:57:26.581+0000] {processor.py:826} INFO - Processing file /home/airflow/.local/lib/python3.7/site-packages/airflow/example_dags/example_kubernetes_executor.py for tasks to queue
[2023-06-13T23:57:26.582+0000] {logging_mixin.py:149} INFO - [2023-06-13T23:57:26.582+0000] {dagbag.py:541} INFO - Filling up the DagBag from /home/airflow/.local/lib/python3.7/site-packages/airflow/example_dags/example_kubernetes_executor.py
[2023-06-13T23:57:26.722+0000] {processor.py:836} INFO - DAG(s) dict_keys(['example_kubernetes_executor']) retrieved from /home/airflow/.local/lib/python3.7/site-packages/airflow/example_dags/example_kubernetes_executor.py
[2023-06-13T23:57:26.758+0000] {logging_mixin.py:149} INFO - [2023-06-13T23:57:26.758+0000] {dag.py:2726} INFO - Sync 1 DAGs
[2023-06-13T23:57:26.775+0000] {logging_mixin.py:149} INFO - [2023-06-13T23:57:26.775+0000] {dag.py:3490} INFO - Setting next_dagrun for example_kubernetes_executor to None, run_after=None
[2023-06-13T23:57:26.789+0000] {processor.py:179} INFO - Processing /home/airflow/.local/lib/python3.7/site-packages/airflow/example_dags/example_kubernetes_executor.py took 0.212 seconds
[2023-06-13T23:57:57.347+0000] {processor.py:157} INFO - Started process (PID=464) to work on /home/airflow/.local/lib/python3.7/site-packages/airflow/example_dags/example_kubernetes_executor.py
[2023-06-13T23:57:57.348+0000] {processor.py:826} INFO - Processing file /home/airflow/.local/lib/python3.7/site-packages/airflow/example_dags/example_kubernetes_executor.py for tasks to queue
[2023-06-13T23:57:57.349+0000] {logging_mixin.py:149} INFO - [2023-06-13T23:57:57.349+0000] {dagbag.py:541} INFO - Filling up the DagBag from /home/airflow/.local/lib/python3.7/site-packages/airflow/example_dags/example_kubernetes_executor.py
[2023-06-13T23:57:57.479+0000] {processor.py:836} INFO - DAG(s) dict_keys(['example_kubernetes_executor']) retrieved from /home/airflow/.local/lib/python3.7/site-packages/airflow/example_dags/example_kubernetes_executor.py
[2023-06-13T23:57:57.509+0000] {logging_mixin.py:149} INFO - [2023-06-13T23:57:57.509+0000] {dag.py:2726} INFO - Sync 1 DAGs
[2023-06-13T23:57:57.528+0000] {logging_mixin.py:149} INFO - [2023-06-13T23:57:57.528+0000] {dag.py:3490} INFO - Setting next_dagrun for example_kubernetes_executor to None, run_after=None
[2023-06-13T23:57:57.541+0000] {processor.py:179} INFO - Processing /home/airflow/.local/lib/python3.7/site-packages/airflow/example_dags/example_kubernetes_executor.py took 0.197 seconds
[2023-06-13T23:58:28.027+0000] {processor.py:157} INFO - Started process (PID=520) to work on /home/airflow/.local/lib/python3.7/site-packages/airflow/example_dags/example_kubernetes_executor.py
[2023-06-13T23:58:28.029+0000] {processor.py:826} INFO - Processing file /home/airflow/.local/lib/python3.7/site-packages/airflow/example_dags/example_kubernetes_executor.py for tasks to queue
[2023-06-13T23:58:28.030+0000] {logging_mixin.py:149} INFO - [2023-06-13T23:58:28.030+0000] {dagbag.py:541} INFO - Filling up the DagBag from /home/airflow/.local/lib/python3.7/site-packages/airflow/example_dags/example_kubernetes_executor.py
[2023-06-13T23:58:28.167+0000] {processor.py:836} INFO - DAG(s) dict_keys(['example_kubernetes_executor']) retrieved from /home/airflow/.local/lib/python3.7/site-packages/airflow/example_dags/example_kubernetes_executor.py
[2023-06-13T23:58:28.197+0000] {logging_mixin.py:149} INFO - [2023-06-13T23:58:28.197+0000] {dag.py:2726} INFO - Sync 1 DAGs
[2023-06-13T23:58:28.214+0000] {logging_mixin.py:149} INFO - [2023-06-13T23:58:28.214+0000] {dag.py:3490} INFO - Setting next_dagrun for example_kubernetes_executor to None, run_after=None
[2023-06-13T23:58:28.226+0000] {processor.py:179} INFO - Processing /home/airflow/.local/lib/python3.7/site-packages/airflow/example_dags/example_kubernetes_executor.py took 0.202 seconds
[2023-06-13T23:58:58.429+0000] {processor.py:157} INFO - Started process (PID=577) to work on /home/airflow/.local/lib/python3.7/site-packages/airflow/example_dags/example_kubernetes_executor.py
[2023-06-13T23:58:58.431+0000] {processor.py:826} INFO - Processing file /home/airflow/.local/lib/python3.7/site-packages/airflow/example_dags/example_kubernetes_executor.py for tasks to queue
[2023-06-13T23:58:58.432+0000] {logging_mixin.py:149} INFO - [2023-06-13T23:58:58.432+0000] {dagbag.py:541} INFO - Filling up the DagBag from /home/airflow/.local/lib/python3.7/site-packages/airflow/example_dags/example_kubernetes_executor.py
[2023-06-13T23:58:58.550+0000] {processor.py:836} INFO - DAG(s) dict_keys(['example_kubernetes_executor']) retrieved from /home/airflow/.local/lib/python3.7/site-packages/airflow/example_dags/example_kubernetes_executor.py
[2023-06-13T23:58:58.578+0000] {logging_mixin.py:149} INFO - [2023-06-13T23:58:58.578+0000] {dag.py:2726} INFO - Sync 1 DAGs
[2023-06-13T23:58:58.594+0000] {logging_mixin.py:149} INFO - [2023-06-13T23:58:58.593+0000] {dag.py:3490} INFO - Setting next_dagrun for example_kubernetes_executor to None, run_after=None
[2023-06-13T23:58:58.607+0000] {processor.py:179} INFO - Processing /home/airflow/.local/lib/python3.7/site-packages/airflow/example_dags/example_kubernetes_executor.py took 0.181 seconds
[2023-06-13T23:59:29.189+0000] {processor.py:157} INFO - Started process (PID=631) to work on /home/airflow/.local/lib/python3.7/site-packages/airflow/example_dags/example_kubernetes_executor.py
[2023-06-13T23:59:29.191+0000] {processor.py:826} INFO - Processing file /home/airflow/.local/lib/python3.7/site-packages/airflow/example_dags/example_kubernetes_executor.py for tasks to queue
[2023-06-13T23:59:29.191+0000] {logging_mixin.py:149} INFO - [2023-06-13T23:59:29.191+0000] {dagbag.py:541} INFO - Filling up the DagBag from /home/airflow/.local/lib/python3.7/site-packages/airflow/example_dags/example_kubernetes_executor.py
[2023-06-13T23:59:29.324+0000] {processor.py:836} INFO - DAG(s) dict_keys(['example_kubernetes_executor']) retrieved from /home/airflow/.local/lib/python3.7/site-packages/airflow/example_dags/example_kubernetes_executor.py
[2023-06-13T23:59:29.363+0000] {logging_mixin.py:149} INFO - [2023-06-13T23:59:29.363+0000] {dag.py:2726} INFO - Sync 1 DAGs
[2023-06-13T23:59:29.379+0000] {logging_mixin.py:149} INFO - [2023-06-13T23:59:29.379+0000] {dag.py:3490} INFO - Setting next_dagrun for example_kubernetes_executor to None, run_after=None
[2023-06-13T23:59:29.393+0000] {processor.py:179} INFO - Processing /home/airflow/.local/lib/python3.7/site-packages/airflow/example_dags/example_kubernetes_executor.py took 0.206 seconds
[2023-06-13T23:59:59.680+0000] {processor.py:157} INFO - Started process (PID=687) to work on /home/airflow/.local/lib/python3.7/site-packages/airflow/example_dags/example_kubernetes_executor.py
[2023-06-13T23:59:59.682+0000] {processor.py:826} INFO - Processing file /home/airflow/.local/lib/python3.7/site-packages/airflow/example_dags/example_kubernetes_executor.py for tasks to queue
[2023-06-13T23:59:59.682+0000] {logging_mixin.py:149} INFO - [2023-06-13T23:59:59.682+0000] {dagbag.py:541} INFO - Filling up the DagBag from /home/airflow/.local/lib/python3.7/site-packages/airflow/example_dags/example_kubernetes_executor.py
[2023-06-13T23:59:59.797+0000] {processor.py:836} INFO - DAG(s) dict_keys(['example_kubernetes_executor']) retrieved from /home/airflow/.local/lib/python3.7/site-packages/airflow/example_dags/example_kubernetes_executor.py
[2023-06-13T23:59:59.827+0000] {logging_mixin.py:149} INFO - [2023-06-13T23:59:59.827+0000] {dag.py:2726} INFO - Sync 1 DAGs
[2023-06-13T23:59:59.844+0000] {logging_mixin.py:149} INFO - [2023-06-13T23:59:59.844+0000] {dag.py:3490} INFO - Setting next_dagrun for example_kubernetes_executor to None, run_after=None
[2023-06-13T23:59:59.856+0000] {processor.py:179} INFO - Processing /home/airflow/.local/lib/python3.7/site-packages/airflow/example_dags/example_kubernetes_executor.py took 0.178 seconds
