[2023-06-13T23:54:18.529+0000] {processor.py:157} INFO - Started process (PID=46) to work on /home/airflow/.local/lib/python3.7/site-packages/airflow/example_dags/example_branch_labels.py
[2023-06-13T23:54:18.532+0000] {processor.py:826} INFO - Processing file /home/airflow/.local/lib/python3.7/site-packages/airflow/example_dags/example_branch_labels.py for tasks to queue
[2023-06-13T23:54:18.534+0000] {logging_mixin.py:149} INFO - [2023-06-13T23:54:18.534+0000] {dagbag.py:541} INFO - Filling up the DagBag from /home/airflow/.local/lib/python3.7/site-packages/airflow/example_dags/example_branch_labels.py
[2023-06-13T23:54:18.548+0000] {processor.py:836} INFO - DAG(s) dict_keys(['example_branch_labels']) retrieved from /home/airflow/.local/lib/python3.7/site-packages/airflow/example_dags/example_branch_labels.py
[2023-06-13T23:54:18.710+0000] {logging_mixin.py:149} INFO - [2023-06-13T23:54:18.710+0000] {manager.py:504} INFO - Created Permission View: can read on DAG:example_branch_labels
[2023-06-13T23:54:18.773+0000] {logging_mixin.py:149} INFO - [2023-06-13T23:54:18.773+0000] {manager.py:504} INFO - Created Permission View: can delete on DAG:example_branch_labels
[2023-06-13T23:54:18.783+0000] {logging_mixin.py:149} INFO - [2023-06-13T23:54:18.783+0000] {manager.py:504} INFO - Created Permission View: can edit on DAG:example_branch_labels
[2023-06-13T23:54:18.800+0000] {logging_mixin.py:149} INFO - [2023-06-13T23:54:18.800+0000] {dag.py:2726} INFO - Sync 1 DAGs
[2023-06-13T23:54:18.843+0000] {logging_mixin.py:149} INFO - [2023-06-13T23:54:18.843+0000] {dag.py:2747} INFO - Creating ORM DAG for example_branch_labels
[2023-06-13T23:54:18.864+0000] {logging_mixin.py:149} INFO - [2023-06-13T23:54:18.864+0000] {dag.py:3490} INFO - Setting next_dagrun for example_branch_labels to 2023-06-12T00:00:00+00:00, run_after=2023-06-13T00:00:00+00:00
[2023-06-13T23:54:18.879+0000] {processor.py:179} INFO - Processing /home/airflow/.local/lib/python3.7/site-packages/airflow/example_dags/example_branch_labels.py took 0.365 seconds
[2023-06-13T23:54:49.788+0000] {processor.py:157} INFO - Started process (PID=103) to work on /home/airflow/.local/lib/python3.7/site-packages/airflow/example_dags/example_branch_labels.py
[2023-06-13T23:54:49.790+0000] {processor.py:826} INFO - Processing file /home/airflow/.local/lib/python3.7/site-packages/airflow/example_dags/example_branch_labels.py for tasks to queue
[2023-06-13T23:54:49.791+0000] {logging_mixin.py:149} INFO - [2023-06-13T23:54:49.791+0000] {dagbag.py:541} INFO - Filling up the DagBag from /home/airflow/.local/lib/python3.7/site-packages/airflow/example_dags/example_branch_labels.py
[2023-06-13T23:54:49.798+0000] {processor.py:836} INFO - DAG(s) dict_keys(['example_branch_labels']) retrieved from /home/airflow/.local/lib/python3.7/site-packages/airflow/example_dags/example_branch_labels.py
[2023-06-13T23:54:49.822+0000] {logging_mixin.py:149} INFO - [2023-06-13T23:54:49.822+0000] {dag.py:2726} INFO - Sync 1 DAGs
[2023-06-13T23:54:49.840+0000] {logging_mixin.py:149} INFO - [2023-06-13T23:54:49.840+0000] {dag.py:3490} INFO - Setting next_dagrun for example_branch_labels to 2023-06-12T00:00:00+00:00, run_after=2023-06-13T00:00:00+00:00
[2023-06-13T23:54:49.856+0000] {processor.py:179} INFO - Processing /home/airflow/.local/lib/python3.7/site-packages/airflow/example_dags/example_branch_labels.py took 0.071 seconds
[2023-06-13T23:55:20.837+0000] {processor.py:157} INFO - Started process (PID=159) to work on /home/airflow/.local/lib/python3.7/site-packages/airflow/example_dags/example_branch_labels.py
[2023-06-13T23:55:20.840+0000] {processor.py:826} INFO - Processing file /home/airflow/.local/lib/python3.7/site-packages/airflow/example_dags/example_branch_labels.py for tasks to queue
[2023-06-13T23:55:20.842+0000] {logging_mixin.py:149} INFO - [2023-06-13T23:55:20.841+0000] {dagbag.py:541} INFO - Filling up the DagBag from /home/airflow/.local/lib/python3.7/site-packages/airflow/example_dags/example_branch_labels.py
[2023-06-13T23:55:20.851+0000] {processor.py:836} INFO - DAG(s) dict_keys(['example_branch_labels']) retrieved from /home/airflow/.local/lib/python3.7/site-packages/airflow/example_dags/example_branch_labels.py
[2023-06-13T23:55:20.883+0000] {logging_mixin.py:149} INFO - [2023-06-13T23:55:20.883+0000] {dag.py:2726} INFO - Sync 1 DAGs
[2023-06-13T23:55:20.905+0000] {logging_mixin.py:149} INFO - [2023-06-13T23:55:20.905+0000] {dag.py:3490} INFO - Setting next_dagrun for example_branch_labels to 2023-06-12T00:00:00+00:00, run_after=2023-06-13T00:00:00+00:00
[2023-06-13T23:55:20.926+0000] {processor.py:179} INFO - Processing /home/airflow/.local/lib/python3.7/site-packages/airflow/example_dags/example_branch_labels.py took 0.093 seconds
[2023-06-13T23:55:51.406+0000] {processor.py:157} INFO - Started process (PID=215) to work on /home/airflow/.local/lib/python3.7/site-packages/airflow/example_dags/example_branch_labels.py
[2023-06-13T23:55:51.409+0000] {processor.py:826} INFO - Processing file /home/airflow/.local/lib/python3.7/site-packages/airflow/example_dags/example_branch_labels.py for tasks to queue
[2023-06-13T23:55:51.410+0000] {logging_mixin.py:149} INFO - [2023-06-13T23:55:51.410+0000] {dagbag.py:541} INFO - Filling up the DagBag from /home/airflow/.local/lib/python3.7/site-packages/airflow/example_dags/example_branch_labels.py
[2023-06-13T23:55:51.417+0000] {processor.py:836} INFO - DAG(s) dict_keys(['example_branch_labels']) retrieved from /home/airflow/.local/lib/python3.7/site-packages/airflow/example_dags/example_branch_labels.py
[2023-06-13T23:55:51.441+0000] {logging_mixin.py:149} INFO - [2023-06-13T23:55:51.441+0000] {dag.py:2726} INFO - Sync 1 DAGs
[2023-06-13T23:55:51.458+0000] {logging_mixin.py:149} INFO - [2023-06-13T23:55:51.458+0000] {dag.py:3490} INFO - Setting next_dagrun for example_branch_labels to 2023-06-12T00:00:00+00:00, run_after=2023-06-13T00:00:00+00:00
[2023-06-13T23:55:51.471+0000] {processor.py:179} INFO - Processing /home/airflow/.local/lib/python3.7/site-packages/airflow/example_dags/example_branch_labels.py took 0.067 seconds
[2023-06-13T23:56:21.984+0000] {processor.py:157} INFO - Started process (PID=271) to work on /home/airflow/.local/lib/python3.7/site-packages/airflow/example_dags/example_branch_labels.py
[2023-06-13T23:56:21.986+0000] {processor.py:826} INFO - Processing file /home/airflow/.local/lib/python3.7/site-packages/airflow/example_dags/example_branch_labels.py for tasks to queue
[2023-06-13T23:56:21.987+0000] {logging_mixin.py:149} INFO - [2023-06-13T23:56:21.986+0000] {dagbag.py:541} INFO - Filling up the DagBag from /home/airflow/.local/lib/python3.7/site-packages/airflow/example_dags/example_branch_labels.py
[2023-06-13T23:56:21.993+0000] {processor.py:836} INFO - DAG(s) dict_keys(['example_branch_labels']) retrieved from /home/airflow/.local/lib/python3.7/site-packages/airflow/example_dags/example_branch_labels.py
[2023-06-13T23:56:22.016+0000] {logging_mixin.py:149} INFO - [2023-06-13T23:56:22.016+0000] {dag.py:2726} INFO - Sync 1 DAGs
[2023-06-13T23:56:22.033+0000] {logging_mixin.py:149} INFO - [2023-06-13T23:56:22.033+0000] {dag.py:3490} INFO - Setting next_dagrun for example_branch_labels to 2023-06-12T00:00:00+00:00, run_after=2023-06-13T00:00:00+00:00
[2023-06-13T23:56:22.045+0000] {processor.py:179} INFO - Processing /home/airflow/.local/lib/python3.7/site-packages/airflow/example_dags/example_branch_labels.py took 0.064 seconds
[2023-06-13T23:56:52.539+0000] {processor.py:157} INFO - Started process (PID=327) to work on /home/airflow/.local/lib/python3.7/site-packages/airflow/example_dags/example_branch_labels.py
[2023-06-13T23:56:52.540+0000] {processor.py:826} INFO - Processing file /home/airflow/.local/lib/python3.7/site-packages/airflow/example_dags/example_branch_labels.py for tasks to queue
[2023-06-13T23:56:52.541+0000] {logging_mixin.py:149} INFO - [2023-06-13T23:56:52.541+0000] {dagbag.py:541} INFO - Filling up the DagBag from /home/airflow/.local/lib/python3.7/site-packages/airflow/example_dags/example_branch_labels.py
[2023-06-13T23:56:52.549+0000] {processor.py:836} INFO - DAG(s) dict_keys(['example_branch_labels']) retrieved from /home/airflow/.local/lib/python3.7/site-packages/airflow/example_dags/example_branch_labels.py
[2023-06-13T23:56:52.578+0000] {logging_mixin.py:149} INFO - [2023-06-13T23:56:52.578+0000] {dag.py:2726} INFO - Sync 1 DAGs
[2023-06-13T23:56:52.599+0000] {logging_mixin.py:149} INFO - [2023-06-13T23:56:52.599+0000] {dag.py:3490} INFO - Setting next_dagrun for example_branch_labels to 2023-06-12T00:00:00+00:00, run_after=2023-06-13T00:00:00+00:00
[2023-06-13T23:56:52.618+0000] {processor.py:179} INFO - Processing /home/airflow/.local/lib/python3.7/site-packages/airflow/example_dags/example_branch_labels.py took 0.083 seconds
[2023-06-13T23:57:23.248+0000] {processor.py:157} INFO - Started process (PID=383) to work on /home/airflow/.local/lib/python3.7/site-packages/airflow/example_dags/example_branch_labels.py
[2023-06-13T23:57:23.251+0000] {processor.py:826} INFO - Processing file /home/airflow/.local/lib/python3.7/site-packages/airflow/example_dags/example_branch_labels.py for tasks to queue
[2023-06-13T23:57:23.252+0000] {logging_mixin.py:149} INFO - [2023-06-13T23:57:23.252+0000] {dagbag.py:541} INFO - Filling up the DagBag from /home/airflow/.local/lib/python3.7/site-packages/airflow/example_dags/example_branch_labels.py
[2023-06-13T23:57:23.259+0000] {processor.py:836} INFO - DAG(s) dict_keys(['example_branch_labels']) retrieved from /home/airflow/.local/lib/python3.7/site-packages/airflow/example_dags/example_branch_labels.py
[2023-06-13T23:57:23.282+0000] {logging_mixin.py:149} INFO - [2023-06-13T23:57:23.282+0000] {dag.py:2726} INFO - Sync 1 DAGs
[2023-06-13T23:57:23.300+0000] {logging_mixin.py:149} INFO - [2023-06-13T23:57:23.300+0000] {dag.py:3490} INFO - Setting next_dagrun for example_branch_labels to 2023-06-12T00:00:00+00:00, run_after=2023-06-13T00:00:00+00:00
[2023-06-13T23:57:23.316+0000] {processor.py:179} INFO - Processing /home/airflow/.local/lib/python3.7/site-packages/airflow/example_dags/example_branch_labels.py took 0.071 seconds
[2023-06-13T23:57:53.859+0000] {processor.py:157} INFO - Started process (PID=439) to work on /home/airflow/.local/lib/python3.7/site-packages/airflow/example_dags/example_branch_labels.py
[2023-06-13T23:57:53.861+0000] {processor.py:826} INFO - Processing file /home/airflow/.local/lib/python3.7/site-packages/airflow/example_dags/example_branch_labels.py for tasks to queue
[2023-06-13T23:57:53.862+0000] {logging_mixin.py:149} INFO - [2023-06-13T23:57:53.862+0000] {dagbag.py:541} INFO - Filling up the DagBag from /home/airflow/.local/lib/python3.7/site-packages/airflow/example_dags/example_branch_labels.py
[2023-06-13T23:57:53.871+0000] {processor.py:836} INFO - DAG(s) dict_keys(['example_branch_labels']) retrieved from /home/airflow/.local/lib/python3.7/site-packages/airflow/example_dags/example_branch_labels.py
[2023-06-13T23:57:53.903+0000] {logging_mixin.py:149} INFO - [2023-06-13T23:57:53.903+0000] {dag.py:2726} INFO - Sync 1 DAGs
[2023-06-13T23:57:53.925+0000] {logging_mixin.py:149} INFO - [2023-06-13T23:57:53.925+0000] {dag.py:3490} INFO - Setting next_dagrun for example_branch_labels to 2023-06-12T00:00:00+00:00, run_after=2023-06-13T00:00:00+00:00
[2023-06-13T23:57:53.940+0000] {processor.py:179} INFO - Processing /home/airflow/.local/lib/python3.7/site-packages/airflow/example_dags/example_branch_labels.py took 0.084 seconds
[2023-06-13T23:58:24.642+0000] {processor.py:157} INFO - Started process (PID=495) to work on /home/airflow/.local/lib/python3.7/site-packages/airflow/example_dags/example_branch_labels.py
[2023-06-13T23:58:24.645+0000] {processor.py:826} INFO - Processing file /home/airflow/.local/lib/python3.7/site-packages/airflow/example_dags/example_branch_labels.py for tasks to queue
[2023-06-13T23:58:24.646+0000] {logging_mixin.py:149} INFO - [2023-06-13T23:58:24.646+0000] {dagbag.py:541} INFO - Filling up the DagBag from /home/airflow/.local/lib/python3.7/site-packages/airflow/example_dags/example_branch_labels.py
[2023-06-13T23:58:24.653+0000] {processor.py:836} INFO - DAG(s) dict_keys(['example_branch_labels']) retrieved from /home/airflow/.local/lib/python3.7/site-packages/airflow/example_dags/example_branch_labels.py
[2023-06-13T23:58:24.681+0000] {logging_mixin.py:149} INFO - [2023-06-13T23:58:24.681+0000] {dag.py:2726} INFO - Sync 1 DAGs
[2023-06-13T23:58:24.700+0000] {logging_mixin.py:149} INFO - [2023-06-13T23:58:24.700+0000] {dag.py:3490} INFO - Setting next_dagrun for example_branch_labels to 2023-06-12T00:00:00+00:00, run_after=2023-06-13T00:00:00+00:00
[2023-06-13T23:58:24.714+0000] {processor.py:179} INFO - Processing /home/airflow/.local/lib/python3.7/site-packages/airflow/example_dags/example_branch_labels.py took 0.075 seconds
[2023-06-13T23:58:55.178+0000] {processor.py:157} INFO - Started process (PID=551) to work on /home/airflow/.local/lib/python3.7/site-packages/airflow/example_dags/example_branch_labels.py
[2023-06-13T23:58:55.179+0000] {processor.py:826} INFO - Processing file /home/airflow/.local/lib/python3.7/site-packages/airflow/example_dags/example_branch_labels.py for tasks to queue
[2023-06-13T23:58:55.180+0000] {logging_mixin.py:149} INFO - [2023-06-13T23:58:55.180+0000] {dagbag.py:541} INFO - Filling up the DagBag from /home/airflow/.local/lib/python3.7/site-packages/airflow/example_dags/example_branch_labels.py
[2023-06-13T23:58:55.186+0000] {processor.py:836} INFO - DAG(s) dict_keys(['example_branch_labels']) retrieved from /home/airflow/.local/lib/python3.7/site-packages/airflow/example_dags/example_branch_labels.py
[2023-06-13T23:58:55.209+0000] {logging_mixin.py:149} INFO - [2023-06-13T23:58:55.209+0000] {dag.py:2726} INFO - Sync 1 DAGs
[2023-06-13T23:58:55.226+0000] {logging_mixin.py:149} INFO - [2023-06-13T23:58:55.226+0000] {dag.py:3490} INFO - Setting next_dagrun for example_branch_labels to 2023-06-12T00:00:00+00:00, run_after=2023-06-13T00:00:00+00:00
[2023-06-13T23:58:55.238+0000] {processor.py:179} INFO - Processing /home/airflow/.local/lib/python3.7/site-packages/airflow/example_dags/example_branch_labels.py took 0.063 seconds
[2023-06-13T23:59:25.778+0000] {processor.py:157} INFO - Started process (PID=606) to work on /home/airflow/.local/lib/python3.7/site-packages/airflow/example_dags/example_branch_labels.py
[2023-06-13T23:59:25.780+0000] {processor.py:826} INFO - Processing file /home/airflow/.local/lib/python3.7/site-packages/airflow/example_dags/example_branch_labels.py for tasks to queue
[2023-06-13T23:59:25.781+0000] {logging_mixin.py:149} INFO - [2023-06-13T23:59:25.780+0000] {dagbag.py:541} INFO - Filling up the DagBag from /home/airflow/.local/lib/python3.7/site-packages/airflow/example_dags/example_branch_labels.py
[2023-06-13T23:59:25.790+0000] {processor.py:836} INFO - DAG(s) dict_keys(['example_branch_labels']) retrieved from /home/airflow/.local/lib/python3.7/site-packages/airflow/example_dags/example_branch_labels.py
[2023-06-13T23:59:25.814+0000] {logging_mixin.py:149} INFO - [2023-06-13T23:59:25.814+0000] {dag.py:2726} INFO - Sync 1 DAGs
[2023-06-13T23:59:25.831+0000] {logging_mixin.py:149} INFO - [2023-06-13T23:59:25.831+0000] {dag.py:3490} INFO - Setting next_dagrun for example_branch_labels to 2023-06-12T00:00:00+00:00, run_after=2023-06-13T00:00:00+00:00
[2023-06-13T23:59:25.844+0000] {processor.py:179} INFO - Processing /home/airflow/.local/lib/python3.7/site-packages/airflow/example_dags/example_branch_labels.py took 0.070 seconds
[2023-06-13T23:59:56.320+0000] {processor.py:157} INFO - Started process (PID=662) to work on /home/airflow/.local/lib/python3.7/site-packages/airflow/example_dags/example_branch_labels.py
[2023-06-13T23:59:56.322+0000] {processor.py:826} INFO - Processing file /home/airflow/.local/lib/python3.7/site-packages/airflow/example_dags/example_branch_labels.py for tasks to queue
[2023-06-13T23:59:56.323+0000] {logging_mixin.py:149} INFO - [2023-06-13T23:59:56.323+0000] {dagbag.py:541} INFO - Filling up the DagBag from /home/airflow/.local/lib/python3.7/site-packages/airflow/example_dags/example_branch_labels.py
[2023-06-13T23:59:56.329+0000] {processor.py:836} INFO - DAG(s) dict_keys(['example_branch_labels']) retrieved from /home/airflow/.local/lib/python3.7/site-packages/airflow/example_dags/example_branch_labels.py
[2023-06-13T23:59:56.351+0000] {logging_mixin.py:149} INFO - [2023-06-13T23:59:56.351+0000] {dag.py:2726} INFO - Sync 1 DAGs
[2023-06-13T23:59:56.368+0000] {logging_mixin.py:149} INFO - [2023-06-13T23:59:56.368+0000] {dag.py:3490} INFO - Setting next_dagrun for example_branch_labels to 2023-06-12T00:00:00+00:00, run_after=2023-06-13T00:00:00+00:00
[2023-06-13T23:59:56.382+0000] {processor.py:179} INFO - Processing /home/airflow/.local/lib/python3.7/site-packages/airflow/example_dags/example_branch_labels.py took 0.065 seconds
