[2023-06-13T23:54:15.778+0000] {processor.py:157} INFO - Started process (PID=31) to work on /home/airflow/.local/lib/python3.7/site-packages/airflow/example_dags/example_sensor_decorator.py
[2023-06-13T23:54:15.782+0000] {processor.py:826} INFO - Processing file /home/airflow/.local/lib/python3.7/site-packages/airflow/example_dags/example_sensor_decorator.py for tasks to queue
[2023-06-13T23:54:15.787+0000] {logging_mixin.py:149} INFO - [2023-06-13T23:54:15.787+0000] {dagbag.py:541} INFO - Filling up the DagBag from /home/airflow/.local/lib/python3.7/site-packages/airflow/example_dags/example_sensor_decorator.py
[2023-06-13T23:54:15.827+0000] {processor.py:836} INFO - DAG(s) dict_keys(['example_sensor_decorator']) retrieved from /home/airflow/.local/lib/python3.7/site-packages/airflow/example_dags/example_sensor_decorator.py
[2023-06-13T23:54:16.296+0000] {logging_mixin.py:149} INFO - [2023-06-13T23:54:16.296+0000] {manager.py:504} INFO - Created Permission View: can read on DAG:example_sensor_decorator
[2023-06-13T23:54:16.314+0000] {logging_mixin.py:149} INFO - [2023-06-13T23:54:16.314+0000] {manager.py:504} INFO - Created Permission View: can delete on DAG:example_sensor_decorator
[2023-06-13T23:54:16.325+0000] {logging_mixin.py:149} INFO - [2023-06-13T23:54:16.325+0000] {manager.py:504} INFO - Created Permission View: can edit on DAG:example_sensor_decorator
[2023-06-13T23:54:16.327+0000] {logging_mixin.py:149} INFO - [2023-06-13T23:54:16.327+0000] {dag.py:2726} INFO - Sync 1 DAGs
[2023-06-13T23:54:16.346+0000] {logging_mixin.py:149} INFO - [2023-06-13T23:54:16.345+0000] {dag.py:2747} INFO - Creating ORM DAG for example_sensor_decorator
[2023-06-13T23:54:16.366+0000] {logging_mixin.py:149} INFO - [2023-06-13T23:54:16.366+0000] {dag.py:3490} INFO - Setting next_dagrun for example_sensor_decorator to None, run_after=None
[2023-06-13T23:54:16.394+0000] {processor.py:179} INFO - Processing /home/airflow/.local/lib/python3.7/site-packages/airflow/example_dags/example_sensor_decorator.py took 0.646 seconds
[2023-06-13T23:54:46.889+0000] {processor.py:157} INFO - Started process (PID=88) to work on /home/airflow/.local/lib/python3.7/site-packages/airflow/example_dags/example_sensor_decorator.py
[2023-06-13T23:54:46.890+0000] {processor.py:826} INFO - Processing file /home/airflow/.local/lib/python3.7/site-packages/airflow/example_dags/example_sensor_decorator.py for tasks to queue
[2023-06-13T23:54:46.892+0000] {logging_mixin.py:149} INFO - [2023-06-13T23:54:46.891+0000] {dagbag.py:541} INFO - Filling up the DagBag from /home/airflow/.local/lib/python3.7/site-packages/airflow/example_dags/example_sensor_decorator.py
[2023-06-13T23:54:46.901+0000] {processor.py:836} INFO - DAG(s) dict_keys(['example_sensor_decorator']) retrieved from /home/airflow/.local/lib/python3.7/site-packages/airflow/example_dags/example_sensor_decorator.py
[2023-06-13T23:54:46.939+0000] {logging_mixin.py:149} INFO - [2023-06-13T23:54:46.939+0000] {dag.py:2726} INFO - Sync 1 DAGs
[2023-06-13T23:54:46.962+0000] {logging_mixin.py:149} INFO - [2023-06-13T23:54:46.962+0000] {dag.py:3490} INFO - Setting next_dagrun for example_sensor_decorator to None, run_after=None
[2023-06-13T23:54:46.978+0000] {processor.py:179} INFO - Processing /home/airflow/.local/lib/python3.7/site-packages/airflow/example_dags/example_sensor_decorator.py took 0.093 seconds
[2023-06-13T23:55:17.086+0000] {processor.py:157} INFO - Started process (PID=144) to work on /home/airflow/.local/lib/python3.7/site-packages/airflow/example_dags/example_sensor_decorator.py
[2023-06-13T23:55:17.088+0000] {processor.py:826} INFO - Processing file /home/airflow/.local/lib/python3.7/site-packages/airflow/example_dags/example_sensor_decorator.py for tasks to queue
[2023-06-13T23:55:17.089+0000] {logging_mixin.py:149} INFO - [2023-06-13T23:55:17.089+0000] {dagbag.py:541} INFO - Filling up the DagBag from /home/airflow/.local/lib/python3.7/site-packages/airflow/example_dags/example_sensor_decorator.py
[2023-06-13T23:55:17.096+0000] {processor.py:836} INFO - DAG(s) dict_keys(['example_sensor_decorator']) retrieved from /home/airflow/.local/lib/python3.7/site-packages/airflow/example_dags/example_sensor_decorator.py
[2023-06-13T23:55:17.118+0000] {logging_mixin.py:149} INFO - [2023-06-13T23:55:17.118+0000] {dag.py:2726} INFO - Sync 1 DAGs
[2023-06-13T23:55:17.134+0000] {logging_mixin.py:149} INFO - [2023-06-13T23:55:17.134+0000] {dag.py:3490} INFO - Setting next_dagrun for example_sensor_decorator to None, run_after=None
[2023-06-13T23:55:17.148+0000] {processor.py:179} INFO - Processing /home/airflow/.local/lib/python3.7/site-packages/airflow/example_dags/example_sensor_decorator.py took 0.065 seconds
[2023-06-13T23:55:47.617+0000] {processor.py:157} INFO - Started process (PID=200) to work on /home/airflow/.local/lib/python3.7/site-packages/airflow/example_dags/example_sensor_decorator.py
[2023-06-13T23:55:47.619+0000] {processor.py:826} INFO - Processing file /home/airflow/.local/lib/python3.7/site-packages/airflow/example_dags/example_sensor_decorator.py for tasks to queue
[2023-06-13T23:55:47.620+0000] {logging_mixin.py:149} INFO - [2023-06-13T23:55:47.620+0000] {dagbag.py:541} INFO - Filling up the DagBag from /home/airflow/.local/lib/python3.7/site-packages/airflow/example_dags/example_sensor_decorator.py
[2023-06-13T23:55:47.627+0000] {processor.py:836} INFO - DAG(s) dict_keys(['example_sensor_decorator']) retrieved from /home/airflow/.local/lib/python3.7/site-packages/airflow/example_dags/example_sensor_decorator.py
[2023-06-13T23:55:47.651+0000] {logging_mixin.py:149} INFO - [2023-06-13T23:55:47.651+0000] {dag.py:2726} INFO - Sync 1 DAGs
[2023-06-13T23:55:47.669+0000] {logging_mixin.py:149} INFO - [2023-06-13T23:55:47.669+0000] {dag.py:3490} INFO - Setting next_dagrun for example_sensor_decorator to None, run_after=None
[2023-06-13T23:55:47.683+0000] {processor.py:179} INFO - Processing /home/airflow/.local/lib/python3.7/site-packages/airflow/example_dags/example_sensor_decorator.py took 0.068 seconds
[2023-06-13T23:56:18.268+0000] {processor.py:157} INFO - Started process (PID=256) to work on /home/airflow/.local/lib/python3.7/site-packages/airflow/example_dags/example_sensor_decorator.py
[2023-06-13T23:56:18.270+0000] {processor.py:826} INFO - Processing file /home/airflow/.local/lib/python3.7/site-packages/airflow/example_dags/example_sensor_decorator.py for tasks to queue
[2023-06-13T23:56:18.271+0000] {logging_mixin.py:149} INFO - [2023-06-13T23:56:18.271+0000] {dagbag.py:541} INFO - Filling up the DagBag from /home/airflow/.local/lib/python3.7/site-packages/airflow/example_dags/example_sensor_decorator.py
[2023-06-13T23:56:18.277+0000] {processor.py:836} INFO - DAG(s) dict_keys(['example_sensor_decorator']) retrieved from /home/airflow/.local/lib/python3.7/site-packages/airflow/example_dags/example_sensor_decorator.py
[2023-06-13T23:56:18.302+0000] {logging_mixin.py:149} INFO - [2023-06-13T23:56:18.301+0000] {dag.py:2726} INFO - Sync 1 DAGs
[2023-06-13T23:56:18.323+0000] {logging_mixin.py:149} INFO - [2023-06-13T23:56:18.323+0000] {dag.py:3490} INFO - Setting next_dagrun for example_sensor_decorator to None, run_after=None
[2023-06-13T23:56:18.340+0000] {processor.py:179} INFO - Processing /home/airflow/.local/lib/python3.7/site-packages/airflow/example_dags/example_sensor_decorator.py took 0.076 seconds
[2023-06-13T23:56:48.844+0000] {processor.py:157} INFO - Started process (PID=312) to work on /home/airflow/.local/lib/python3.7/site-packages/airflow/example_dags/example_sensor_decorator.py
[2023-06-13T23:56:48.846+0000] {processor.py:826} INFO - Processing file /home/airflow/.local/lib/python3.7/site-packages/airflow/example_dags/example_sensor_decorator.py for tasks to queue
[2023-06-13T23:56:48.847+0000] {logging_mixin.py:149} INFO - [2023-06-13T23:56:48.847+0000] {dagbag.py:541} INFO - Filling up the DagBag from /home/airflow/.local/lib/python3.7/site-packages/airflow/example_dags/example_sensor_decorator.py
[2023-06-13T23:56:48.854+0000] {processor.py:836} INFO - DAG(s) dict_keys(['example_sensor_decorator']) retrieved from /home/airflow/.local/lib/python3.7/site-packages/airflow/example_dags/example_sensor_decorator.py
[2023-06-13T23:56:48.878+0000] {logging_mixin.py:149} INFO - [2023-06-13T23:56:48.878+0000] {dag.py:2726} INFO - Sync 1 DAGs
[2023-06-13T23:56:48.896+0000] {logging_mixin.py:149} INFO - [2023-06-13T23:56:48.896+0000] {dag.py:3490} INFO - Setting next_dagrun for example_sensor_decorator to None, run_after=None
[2023-06-13T23:56:48.912+0000] {processor.py:179} INFO - Processing /home/airflow/.local/lib/python3.7/site-packages/airflow/example_dags/example_sensor_decorator.py took 0.072 seconds
[2023-06-13T23:57:19.386+0000] {processor.py:157} INFO - Started process (PID=368) to work on /home/airflow/.local/lib/python3.7/site-packages/airflow/example_dags/example_sensor_decorator.py
[2023-06-13T23:57:19.389+0000] {processor.py:826} INFO - Processing file /home/airflow/.local/lib/python3.7/site-packages/airflow/example_dags/example_sensor_decorator.py for tasks to queue
[2023-06-13T23:57:19.391+0000] {logging_mixin.py:149} INFO - [2023-06-13T23:57:19.391+0000] {dagbag.py:541} INFO - Filling up the DagBag from /home/airflow/.local/lib/python3.7/site-packages/airflow/example_dags/example_sensor_decorator.py
[2023-06-13T23:57:19.399+0000] {processor.py:836} INFO - DAG(s) dict_keys(['example_sensor_decorator']) retrieved from /home/airflow/.local/lib/python3.7/site-packages/airflow/example_dags/example_sensor_decorator.py
[2023-06-13T23:57:19.429+0000] {logging_mixin.py:149} INFO - [2023-06-13T23:57:19.429+0000] {dag.py:2726} INFO - Sync 1 DAGs
[2023-06-13T23:57:19.452+0000] {logging_mixin.py:149} INFO - [2023-06-13T23:57:19.451+0000] {dag.py:3490} INFO - Setting next_dagrun for example_sensor_decorator to None, run_after=None
[2023-06-13T23:57:19.473+0000] {processor.py:179} INFO - Processing /home/airflow/.local/lib/python3.7/site-packages/airflow/example_dags/example_sensor_decorator.py took 0.092 seconds
[2023-06-13T23:57:50.068+0000] {processor.py:157} INFO - Started process (PID=424) to work on /home/airflow/.local/lib/python3.7/site-packages/airflow/example_dags/example_sensor_decorator.py
[2023-06-13T23:57:50.070+0000] {processor.py:826} INFO - Processing file /home/airflow/.local/lib/python3.7/site-packages/airflow/example_dags/example_sensor_decorator.py for tasks to queue
[2023-06-13T23:57:50.071+0000] {logging_mixin.py:149} INFO - [2023-06-13T23:57:50.071+0000] {dagbag.py:541} INFO - Filling up the DagBag from /home/airflow/.local/lib/python3.7/site-packages/airflow/example_dags/example_sensor_decorator.py
[2023-06-13T23:57:50.077+0000] {processor.py:836} INFO - DAG(s) dict_keys(['example_sensor_decorator']) retrieved from /home/airflow/.local/lib/python3.7/site-packages/airflow/example_dags/example_sensor_decorator.py
[2023-06-13T23:57:50.108+0000] {logging_mixin.py:149} INFO - [2023-06-13T23:57:50.108+0000] {dag.py:2726} INFO - Sync 1 DAGs
[2023-06-13T23:57:50.126+0000] {logging_mixin.py:149} INFO - [2023-06-13T23:57:50.126+0000] {dag.py:3490} INFO - Setting next_dagrun for example_sensor_decorator to None, run_after=None
[2023-06-13T23:57:50.141+0000] {processor.py:179} INFO - Processing /home/airflow/.local/lib/python3.7/site-packages/airflow/example_dags/example_sensor_decorator.py took 0.076 seconds
[2023-06-13T23:58:20.778+0000] {processor.py:157} INFO - Started process (PID=480) to work on /home/airflow/.local/lib/python3.7/site-packages/airflow/example_dags/example_sensor_decorator.py
[2023-06-13T23:58:20.780+0000] {processor.py:826} INFO - Processing file /home/airflow/.local/lib/python3.7/site-packages/airflow/example_dags/example_sensor_decorator.py for tasks to queue
[2023-06-13T23:58:20.781+0000] {logging_mixin.py:149} INFO - [2023-06-13T23:58:20.781+0000] {dagbag.py:541} INFO - Filling up the DagBag from /home/airflow/.local/lib/python3.7/site-packages/airflow/example_dags/example_sensor_decorator.py
[2023-06-13T23:58:20.787+0000] {processor.py:836} INFO - DAG(s) dict_keys(['example_sensor_decorator']) retrieved from /home/airflow/.local/lib/python3.7/site-packages/airflow/example_dags/example_sensor_decorator.py
[2023-06-13T23:58:20.835+0000] {logging_mixin.py:149} INFO - [2023-06-13T23:58:20.835+0000] {dag.py:2726} INFO - Sync 1 DAGs
[2023-06-13T23:58:20.870+0000] {logging_mixin.py:149} INFO - [2023-06-13T23:58:20.869+0000] {dag.py:3490} INFO - Setting next_dagrun for example_sensor_decorator to None, run_after=None
[2023-06-13T23:58:20.896+0000] {processor.py:179} INFO - Processing /home/airflow/.local/lib/python3.7/site-packages/airflow/example_dags/example_sensor_decorator.py took 0.122 seconds
[2023-06-13T23:58:51.443+0000] {processor.py:157} INFO - Started process (PID=536) to work on /home/airflow/.local/lib/python3.7/site-packages/airflow/example_dags/example_sensor_decorator.py
[2023-06-13T23:58:51.446+0000] {processor.py:826} INFO - Processing file /home/airflow/.local/lib/python3.7/site-packages/airflow/example_dags/example_sensor_decorator.py for tasks to queue
[2023-06-13T23:58:51.447+0000] {logging_mixin.py:149} INFO - [2023-06-13T23:58:51.447+0000] {dagbag.py:541} INFO - Filling up the DagBag from /home/airflow/.local/lib/python3.7/site-packages/airflow/example_dags/example_sensor_decorator.py
[2023-06-13T23:58:51.453+0000] {processor.py:836} INFO - DAG(s) dict_keys(['example_sensor_decorator']) retrieved from /home/airflow/.local/lib/python3.7/site-packages/airflow/example_dags/example_sensor_decorator.py
[2023-06-13T23:58:51.482+0000] {logging_mixin.py:149} INFO - [2023-06-13T23:58:51.482+0000] {dag.py:2726} INFO - Sync 1 DAGs
[2023-06-13T23:58:51.500+0000] {logging_mixin.py:149} INFO - [2023-06-13T23:58:51.500+0000] {dag.py:3490} INFO - Setting next_dagrun for example_sensor_decorator to None, run_after=None
[2023-06-13T23:58:51.512+0000] {processor.py:179} INFO - Processing /home/airflow/.local/lib/python3.7/site-packages/airflow/example_dags/example_sensor_decorator.py took 0.072 seconds
[2023-06-13T23:59:21.907+0000] {processor.py:157} INFO - Started process (PID=591) to work on /home/airflow/.local/lib/python3.7/site-packages/airflow/example_dags/example_sensor_decorator.py
[2023-06-13T23:59:21.910+0000] {processor.py:826} INFO - Processing file /home/airflow/.local/lib/python3.7/site-packages/airflow/example_dags/example_sensor_decorator.py for tasks to queue
[2023-06-13T23:59:21.912+0000] {logging_mixin.py:149} INFO - [2023-06-13T23:59:21.911+0000] {dagbag.py:541} INFO - Filling up the DagBag from /home/airflow/.local/lib/python3.7/site-packages/airflow/example_dags/example_sensor_decorator.py
[2023-06-13T23:59:21.920+0000] {processor.py:836} INFO - DAG(s) dict_keys(['example_sensor_decorator']) retrieved from /home/airflow/.local/lib/python3.7/site-packages/airflow/example_dags/example_sensor_decorator.py
[2023-06-13T23:59:21.951+0000] {logging_mixin.py:149} INFO - [2023-06-13T23:59:21.951+0000] {dag.py:2726} INFO - Sync 1 DAGs
[2023-06-13T23:59:21.987+0000] {logging_mixin.py:149} INFO - [2023-06-13T23:59:21.987+0000] {dag.py:3490} INFO - Setting next_dagrun for example_sensor_decorator to None, run_after=None
[2023-06-13T23:59:22.057+0000] {processor.py:179} INFO - Processing /home/airflow/.local/lib/python3.7/site-packages/airflow/example_dags/example_sensor_decorator.py took 0.154 seconds
[2023-06-13T23:59:52.643+0000] {processor.py:157} INFO - Started process (PID=647) to work on /home/airflow/.local/lib/python3.7/site-packages/airflow/example_dags/example_sensor_decorator.py
[2023-06-13T23:59:52.645+0000] {processor.py:826} INFO - Processing file /home/airflow/.local/lib/python3.7/site-packages/airflow/example_dags/example_sensor_decorator.py for tasks to queue
[2023-06-13T23:59:52.646+0000] {logging_mixin.py:149} INFO - [2023-06-13T23:59:52.646+0000] {dagbag.py:541} INFO - Filling up the DagBag from /home/airflow/.local/lib/python3.7/site-packages/airflow/example_dags/example_sensor_decorator.py
[2023-06-13T23:59:52.653+0000] {processor.py:836} INFO - DAG(s) dict_keys(['example_sensor_decorator']) retrieved from /home/airflow/.local/lib/python3.7/site-packages/airflow/example_dags/example_sensor_decorator.py
[2023-06-13T23:59:52.678+0000] {logging_mixin.py:149} INFO - [2023-06-13T23:59:52.678+0000] {dag.py:2726} INFO - Sync 1 DAGs
[2023-06-13T23:59:52.694+0000] {logging_mixin.py:149} INFO - [2023-06-13T23:59:52.694+0000] {dag.py:3490} INFO - Setting next_dagrun for example_sensor_decorator to None, run_after=None
[2023-06-13T23:59:52.708+0000] {processor.py:179} INFO - Processing /home/airflow/.local/lib/python3.7/site-packages/airflow/example_dags/example_sensor_decorator.py took 0.069 seconds
