[2023-06-13T23:54:17.576+0000] {processor.py:157} INFO - Started process (PID=41) to work on /home/airflow/.local/lib/python3.7/site-packages/airflow/example_dags/example_nested_branch_dag.py
[2023-06-13T23:54:17.578+0000] {processor.py:826} INFO - Processing file /home/airflow/.local/lib/python3.7/site-packages/airflow/example_dags/example_nested_branch_dag.py for tasks to queue
[2023-06-13T23:54:17.580+0000] {logging_mixin.py:149} INFO - [2023-06-13T23:54:17.580+0000] {dagbag.py:541} INFO - Filling up the DagBag from /home/airflow/.local/lib/python3.7/site-packages/airflow/example_dags/example_nested_branch_dag.py
[2023-06-13T23:54:17.590+0000] {processor.py:836} INFO - DAG(s) dict_keys(['example_nested_branch_dag']) retrieved from /home/airflow/.local/lib/python3.7/site-packages/airflow/example_dags/example_nested_branch_dag.py
[2023-06-13T23:54:17.709+0000] {logging_mixin.py:149} INFO - [2023-06-13T23:54:17.709+0000] {manager.py:504} INFO - Created Permission View: can read on DAG:example_nested_branch_dag
[2023-06-13T23:54:17.727+0000] {logging_mixin.py:149} INFO - [2023-06-13T23:54:17.726+0000] {manager.py:504} INFO - Created Permission View: can delete on DAG:example_nested_branch_dag
[2023-06-13T23:54:17.739+0000] {logging_mixin.py:149} INFO - [2023-06-13T23:54:17.738+0000] {manager.py:504} INFO - Created Permission View: can edit on DAG:example_nested_branch_dag
[2023-06-13T23:54:17.741+0000] {logging_mixin.py:149} INFO - [2023-06-13T23:54:17.740+0000] {dag.py:2726} INFO - Sync 1 DAGs
[2023-06-13T23:54:17.765+0000] {logging_mixin.py:149} INFO - [2023-06-13T23:54:17.765+0000] {dag.py:2747} INFO - Creating ORM DAG for example_nested_branch_dag
[2023-06-13T23:54:17.786+0000] {logging_mixin.py:149} INFO - [2023-06-13T23:54:17.786+0000] {dag.py:3490} INFO - Setting next_dagrun for example_nested_branch_dag to 2023-06-12T00:00:00+00:00, run_after=2023-06-13T00:00:00+00:00
[2023-06-13T23:54:17.827+0000] {processor.py:179} INFO - Processing /home/airflow/.local/lib/python3.7/site-packages/airflow/example_dags/example_nested_branch_dag.py took 0.254 seconds
[2023-06-13T23:54:48.459+0000] {processor.py:157} INFO - Started process (PID=98) to work on /home/airflow/.local/lib/python3.7/site-packages/airflow/example_dags/example_nested_branch_dag.py
[2023-06-13T23:54:48.462+0000] {processor.py:826} INFO - Processing file /home/airflow/.local/lib/python3.7/site-packages/airflow/example_dags/example_nested_branch_dag.py for tasks to queue
[2023-06-13T23:54:48.463+0000] {logging_mixin.py:149} INFO - [2023-06-13T23:54:48.463+0000] {dagbag.py:541} INFO - Filling up the DagBag from /home/airflow/.local/lib/python3.7/site-packages/airflow/example_dags/example_nested_branch_dag.py
[2023-06-13T23:54:48.472+0000] {processor.py:836} INFO - DAG(s) dict_keys(['example_nested_branch_dag']) retrieved from /home/airflow/.local/lib/python3.7/site-packages/airflow/example_dags/example_nested_branch_dag.py
[2023-06-13T23:54:48.507+0000] {logging_mixin.py:149} INFO - [2023-06-13T23:54:48.507+0000] {dag.py:2726} INFO - Sync 1 DAGs
[2023-06-13T23:54:48.526+0000] {logging_mixin.py:149} INFO - [2023-06-13T23:54:48.525+0000] {dag.py:3490} INFO - Setting next_dagrun for example_nested_branch_dag to 2023-06-12T00:00:00+00:00, run_after=2023-06-13T00:00:00+00:00
[2023-06-13T23:54:48.546+0000] {processor.py:179} INFO - Processing /home/airflow/.local/lib/python3.7/site-packages/airflow/example_dags/example_nested_branch_dag.py took 0.090 seconds
[2023-06-13T23:55:19.489+0000] {processor.py:157} INFO - Started process (PID=154) to work on /home/airflow/.local/lib/python3.7/site-packages/airflow/example_dags/example_nested_branch_dag.py
[2023-06-13T23:55:19.490+0000] {processor.py:826} INFO - Processing file /home/airflow/.local/lib/python3.7/site-packages/airflow/example_dags/example_nested_branch_dag.py for tasks to queue
[2023-06-13T23:55:19.491+0000] {logging_mixin.py:149} INFO - [2023-06-13T23:55:19.491+0000] {dagbag.py:541} INFO - Filling up the DagBag from /home/airflow/.local/lib/python3.7/site-packages/airflow/example_dags/example_nested_branch_dag.py
[2023-06-13T23:55:19.498+0000] {processor.py:836} INFO - DAG(s) dict_keys(['example_nested_branch_dag']) retrieved from /home/airflow/.local/lib/python3.7/site-packages/airflow/example_dags/example_nested_branch_dag.py
[2023-06-13T23:55:19.520+0000] {logging_mixin.py:149} INFO - [2023-06-13T23:55:19.519+0000] {dag.py:2726} INFO - Sync 1 DAGs
[2023-06-13T23:55:19.536+0000] {logging_mixin.py:149} INFO - [2023-06-13T23:55:19.536+0000] {dag.py:3490} INFO - Setting next_dagrun for example_nested_branch_dag to 2023-06-12T00:00:00+00:00, run_after=2023-06-13T00:00:00+00:00
[2023-06-13T23:55:19.547+0000] {processor.py:179} INFO - Processing /home/airflow/.local/lib/python3.7/site-packages/airflow/example_dags/example_nested_branch_dag.py took 0.061 seconds
[2023-06-13T23:55:50.027+0000] {processor.py:157} INFO - Started process (PID=210) to work on /home/airflow/.local/lib/python3.7/site-packages/airflow/example_dags/example_nested_branch_dag.py
[2023-06-13T23:55:50.028+0000] {processor.py:826} INFO - Processing file /home/airflow/.local/lib/python3.7/site-packages/airflow/example_dags/example_nested_branch_dag.py for tasks to queue
[2023-06-13T23:55:50.029+0000] {logging_mixin.py:149} INFO - [2023-06-13T23:55:50.029+0000] {dagbag.py:541} INFO - Filling up the DagBag from /home/airflow/.local/lib/python3.7/site-packages/airflow/example_dags/example_nested_branch_dag.py
[2023-06-13T23:55:50.037+0000] {processor.py:836} INFO - DAG(s) dict_keys(['example_nested_branch_dag']) retrieved from /home/airflow/.local/lib/python3.7/site-packages/airflow/example_dags/example_nested_branch_dag.py
[2023-06-13T23:55:50.057+0000] {logging_mixin.py:149} INFO - [2023-06-13T23:55:50.057+0000] {dag.py:2726} INFO - Sync 1 DAGs
[2023-06-13T23:55:50.075+0000] {logging_mixin.py:149} INFO - [2023-06-13T23:55:50.075+0000] {dag.py:3490} INFO - Setting next_dagrun for example_nested_branch_dag to 2023-06-12T00:00:00+00:00, run_after=2023-06-13T00:00:00+00:00
[2023-06-13T23:55:50.091+0000] {processor.py:179} INFO - Processing /home/airflow/.local/lib/python3.7/site-packages/airflow/example_dags/example_nested_branch_dag.py took 0.067 seconds
[2023-06-13T23:56:20.671+0000] {processor.py:157} INFO - Started process (PID=266) to work on /home/airflow/.local/lib/python3.7/site-packages/airflow/example_dags/example_nested_branch_dag.py
[2023-06-13T23:56:20.672+0000] {processor.py:826} INFO - Processing file /home/airflow/.local/lib/python3.7/site-packages/airflow/example_dags/example_nested_branch_dag.py for tasks to queue
[2023-06-13T23:56:20.673+0000] {logging_mixin.py:149} INFO - [2023-06-13T23:56:20.673+0000] {dagbag.py:541} INFO - Filling up the DagBag from /home/airflow/.local/lib/python3.7/site-packages/airflow/example_dags/example_nested_branch_dag.py
[2023-06-13T23:56:20.683+0000] {processor.py:836} INFO - DAG(s) dict_keys(['example_nested_branch_dag']) retrieved from /home/airflow/.local/lib/python3.7/site-packages/airflow/example_dags/example_nested_branch_dag.py
[2023-06-13T23:56:20.705+0000] {logging_mixin.py:149} INFO - [2023-06-13T23:56:20.705+0000] {dag.py:2726} INFO - Sync 1 DAGs
[2023-06-13T23:56:20.722+0000] {logging_mixin.py:149} INFO - [2023-06-13T23:56:20.722+0000] {dag.py:3490} INFO - Setting next_dagrun for example_nested_branch_dag to 2023-06-12T00:00:00+00:00, run_after=2023-06-13T00:00:00+00:00
[2023-06-13T23:56:20.735+0000] {processor.py:179} INFO - Processing /home/airflow/.local/lib/python3.7/site-packages/airflow/example_dags/example_nested_branch_dag.py took 0.066 seconds
[2023-06-13T23:56:51.236+0000] {processor.py:157} INFO - Started process (PID=322) to work on /home/airflow/.local/lib/python3.7/site-packages/airflow/example_dags/example_nested_branch_dag.py
[2023-06-13T23:56:51.237+0000] {processor.py:826} INFO - Processing file /home/airflow/.local/lib/python3.7/site-packages/airflow/example_dags/example_nested_branch_dag.py for tasks to queue
[2023-06-13T23:56:51.238+0000] {logging_mixin.py:149} INFO - [2023-06-13T23:56:51.238+0000] {dagbag.py:541} INFO - Filling up the DagBag from /home/airflow/.local/lib/python3.7/site-packages/airflow/example_dags/example_nested_branch_dag.py
[2023-06-13T23:56:51.246+0000] {processor.py:836} INFO - DAG(s) dict_keys(['example_nested_branch_dag']) retrieved from /home/airflow/.local/lib/python3.7/site-packages/airflow/example_dags/example_nested_branch_dag.py
[2023-06-13T23:56:51.269+0000] {logging_mixin.py:149} INFO - [2023-06-13T23:56:51.269+0000] {dag.py:2726} INFO - Sync 1 DAGs
[2023-06-13T23:56:51.287+0000] {logging_mixin.py:149} INFO - [2023-06-13T23:56:51.287+0000] {dag.py:3490} INFO - Setting next_dagrun for example_nested_branch_dag to 2023-06-12T00:00:00+00:00, run_after=2023-06-13T00:00:00+00:00
[2023-06-13T23:56:51.299+0000] {processor.py:179} INFO - Processing /home/airflow/.local/lib/python3.7/site-packages/airflow/example_dags/example_nested_branch_dag.py took 0.066 seconds
[2023-06-13T23:57:21.849+0000] {processor.py:157} INFO - Started process (PID=378) to work on /home/airflow/.local/lib/python3.7/site-packages/airflow/example_dags/example_nested_branch_dag.py
[2023-06-13T23:57:21.851+0000] {processor.py:826} INFO - Processing file /home/airflow/.local/lib/python3.7/site-packages/airflow/example_dags/example_nested_branch_dag.py for tasks to queue
[2023-06-13T23:57:21.852+0000] {logging_mixin.py:149} INFO - [2023-06-13T23:57:21.852+0000] {dagbag.py:541} INFO - Filling up the DagBag from /home/airflow/.local/lib/python3.7/site-packages/airflow/example_dags/example_nested_branch_dag.py
[2023-06-13T23:57:21.860+0000] {processor.py:836} INFO - DAG(s) dict_keys(['example_nested_branch_dag']) retrieved from /home/airflow/.local/lib/python3.7/site-packages/airflow/example_dags/example_nested_branch_dag.py
[2023-06-13T23:57:21.887+0000] {logging_mixin.py:149} INFO - [2023-06-13T23:57:21.887+0000] {dag.py:2726} INFO - Sync 1 DAGs
[2023-06-13T23:57:21.911+0000] {logging_mixin.py:149} INFO - [2023-06-13T23:57:21.911+0000] {dag.py:3490} INFO - Setting next_dagrun for example_nested_branch_dag to 2023-06-12T00:00:00+00:00, run_after=2023-06-13T00:00:00+00:00
[2023-06-13T23:57:21.934+0000] {processor.py:179} INFO - Processing /home/airflow/.local/lib/python3.7/site-packages/airflow/example_dags/example_nested_branch_dag.py took 0.089 seconds
[2023-06-13T23:57:52.510+0000] {processor.py:157} INFO - Started process (PID=434) to work on /home/airflow/.local/lib/python3.7/site-packages/airflow/example_dags/example_nested_branch_dag.py
[2023-06-13T23:57:52.513+0000] {processor.py:826} INFO - Processing file /home/airflow/.local/lib/python3.7/site-packages/airflow/example_dags/example_nested_branch_dag.py for tasks to queue
[2023-06-13T23:57:52.515+0000] {logging_mixin.py:149} INFO - [2023-06-13T23:57:52.515+0000] {dagbag.py:541} INFO - Filling up the DagBag from /home/airflow/.local/lib/python3.7/site-packages/airflow/example_dags/example_nested_branch_dag.py
[2023-06-13T23:57:52.525+0000] {processor.py:836} INFO - DAG(s) dict_keys(['example_nested_branch_dag']) retrieved from /home/airflow/.local/lib/python3.7/site-packages/airflow/example_dags/example_nested_branch_dag.py
[2023-06-13T23:57:52.561+0000] {logging_mixin.py:149} INFO - [2023-06-13T23:57:52.560+0000] {dag.py:2726} INFO - Sync 1 DAGs
[2023-06-13T23:57:52.585+0000] {logging_mixin.py:149} INFO - [2023-06-13T23:57:52.585+0000] {dag.py:3490} INFO - Setting next_dagrun for example_nested_branch_dag to 2023-06-12T00:00:00+00:00, run_after=2023-06-13T00:00:00+00:00
[2023-06-13T23:57:52.609+0000] {processor.py:179} INFO - Processing /home/airflow/.local/lib/python3.7/site-packages/airflow/example_dags/example_nested_branch_dag.py took 0.103 seconds
[2023-06-13T23:58:23.314+0000] {processor.py:157} INFO - Started process (PID=490) to work on /home/airflow/.local/lib/python3.7/site-packages/airflow/example_dags/example_nested_branch_dag.py
[2023-06-13T23:58:23.316+0000] {processor.py:826} INFO - Processing file /home/airflow/.local/lib/python3.7/site-packages/airflow/example_dags/example_nested_branch_dag.py for tasks to queue
[2023-06-13T23:58:23.318+0000] {logging_mixin.py:149} INFO - [2023-06-13T23:58:23.317+0000] {dagbag.py:541} INFO - Filling up the DagBag from /home/airflow/.local/lib/python3.7/site-packages/airflow/example_dags/example_nested_branch_dag.py
[2023-06-13T23:58:23.327+0000] {processor.py:836} INFO - DAG(s) dict_keys(['example_nested_branch_dag']) retrieved from /home/airflow/.local/lib/python3.7/site-packages/airflow/example_dags/example_nested_branch_dag.py
[2023-06-13T23:58:23.352+0000] {logging_mixin.py:149} INFO - [2023-06-13T23:58:23.352+0000] {dag.py:2726} INFO - Sync 1 DAGs
[2023-06-13T23:58:23.375+0000] {logging_mixin.py:149} INFO - [2023-06-13T23:58:23.375+0000] {dag.py:3490} INFO - Setting next_dagrun for example_nested_branch_dag to 2023-06-12T00:00:00+00:00, run_after=2023-06-13T00:00:00+00:00
[2023-06-13T23:58:23.388+0000] {processor.py:179} INFO - Processing /home/airflow/.local/lib/python3.7/site-packages/airflow/example_dags/example_nested_branch_dag.py took 0.077 seconds
[2023-06-13T23:58:53.850+0000] {processor.py:157} INFO - Started process (PID=546) to work on /home/airflow/.local/lib/python3.7/site-packages/airflow/example_dags/example_nested_branch_dag.py
[2023-06-13T23:58:53.851+0000] {processor.py:826} INFO - Processing file /home/airflow/.local/lib/python3.7/site-packages/airflow/example_dags/example_nested_branch_dag.py for tasks to queue
[2023-06-13T23:58:53.852+0000] {logging_mixin.py:149} INFO - [2023-06-13T23:58:53.852+0000] {dagbag.py:541} INFO - Filling up the DagBag from /home/airflow/.local/lib/python3.7/site-packages/airflow/example_dags/example_nested_branch_dag.py
[2023-06-13T23:58:53.859+0000] {processor.py:836} INFO - DAG(s) dict_keys(['example_nested_branch_dag']) retrieved from /home/airflow/.local/lib/python3.7/site-packages/airflow/example_dags/example_nested_branch_dag.py
[2023-06-13T23:58:53.880+0000] {logging_mixin.py:149} INFO - [2023-06-13T23:58:53.880+0000] {dag.py:2726} INFO - Sync 1 DAGs
[2023-06-13T23:58:53.901+0000] {logging_mixin.py:149} INFO - [2023-06-13T23:58:53.900+0000] {dag.py:3490} INFO - Setting next_dagrun for example_nested_branch_dag to 2023-06-12T00:00:00+00:00, run_after=2023-06-13T00:00:00+00:00
[2023-06-13T23:58:53.913+0000] {processor.py:179} INFO - Processing /home/airflow/.local/lib/python3.7/site-packages/airflow/example_dags/example_nested_branch_dag.py took 0.067 seconds
[2023-06-13T23:59:24.492+0000] {processor.py:157} INFO - Started process (PID=601) to work on /home/airflow/.local/lib/python3.7/site-packages/airflow/example_dags/example_nested_branch_dag.py
[2023-06-13T23:59:24.493+0000] {processor.py:826} INFO - Processing file /home/airflow/.local/lib/python3.7/site-packages/airflow/example_dags/example_nested_branch_dag.py for tasks to queue
[2023-06-13T23:59:24.494+0000] {logging_mixin.py:149} INFO - [2023-06-13T23:59:24.494+0000] {dagbag.py:541} INFO - Filling up the DagBag from /home/airflow/.local/lib/python3.7/site-packages/airflow/example_dags/example_nested_branch_dag.py
[2023-06-13T23:59:24.501+0000] {processor.py:836} INFO - DAG(s) dict_keys(['example_nested_branch_dag']) retrieved from /home/airflow/.local/lib/python3.7/site-packages/airflow/example_dags/example_nested_branch_dag.py
[2023-06-13T23:59:24.525+0000] {logging_mixin.py:149} INFO - [2023-06-13T23:59:24.525+0000] {dag.py:2726} INFO - Sync 1 DAGs
[2023-06-13T23:59:24.542+0000] {logging_mixin.py:149} INFO - [2023-06-13T23:59:24.542+0000] {dag.py:3490} INFO - Setting next_dagrun for example_nested_branch_dag to 2023-06-12T00:00:00+00:00, run_after=2023-06-13T00:00:00+00:00
[2023-06-13T23:59:24.557+0000] {processor.py:179} INFO - Processing /home/airflow/.local/lib/python3.7/site-packages/airflow/example_dags/example_nested_branch_dag.py took 0.068 seconds
[2023-06-13T23:59:55.055+0000] {processor.py:157} INFO - Started process (PID=657) to work on /home/airflow/.local/lib/python3.7/site-packages/airflow/example_dags/example_nested_branch_dag.py
[2023-06-13T23:59:55.056+0000] {processor.py:826} INFO - Processing file /home/airflow/.local/lib/python3.7/site-packages/airflow/example_dags/example_nested_branch_dag.py for tasks to queue
[2023-06-13T23:59:55.057+0000] {logging_mixin.py:149} INFO - [2023-06-13T23:59:55.057+0000] {dagbag.py:541} INFO - Filling up the DagBag from /home/airflow/.local/lib/python3.7/site-packages/airflow/example_dags/example_nested_branch_dag.py
[2023-06-13T23:59:55.065+0000] {processor.py:836} INFO - DAG(s) dict_keys(['example_nested_branch_dag']) retrieved from /home/airflow/.local/lib/python3.7/site-packages/airflow/example_dags/example_nested_branch_dag.py
[2023-06-13T23:59:55.086+0000] {logging_mixin.py:149} INFO - [2023-06-13T23:59:55.085+0000] {dag.py:2726} INFO - Sync 1 DAGs
[2023-06-13T23:59:55.103+0000] {logging_mixin.py:149} INFO - [2023-06-13T23:59:55.103+0000] {dag.py:3490} INFO - Setting next_dagrun for example_nested_branch_dag to 2023-06-12T00:00:00+00:00, run_after=2023-06-13T00:00:00+00:00
[2023-06-13T23:59:55.114+0000] {processor.py:179} INFO - Processing /home/airflow/.local/lib/python3.7/site-packages/airflow/example_dags/example_nested_branch_dag.py took 0.061 seconds
