[2023-06-13T23:54:19.713+0000] {processor.py:157} INFO - Started process (PID=53) to work on /home/airflow/.local/lib/python3.7/site-packages/airflow/example_dags/example_short_circuit_decorator.py
[2023-06-13T23:54:19.715+0000] {processor.py:826} INFO - Processing file /home/airflow/.local/lib/python3.7/site-packages/airflow/example_dags/example_short_circuit_decorator.py for tasks to queue
[2023-06-13T23:54:19.717+0000] {logging_mixin.py:149} INFO - [2023-06-13T23:54:19.717+0000] {dagbag.py:541} INFO - Filling up the DagBag from /home/airflow/.local/lib/python3.7/site-packages/airflow/example_dags/example_short_circuit_decorator.py
[2023-06-13T23:54:19.775+0000] {processor.py:836} INFO - DAG(s) dict_keys(['example_short_circuit_decorator']) retrieved from /home/airflow/.local/lib/python3.7/site-packages/airflow/example_dags/example_short_circuit_decorator.py
[2023-06-13T23:54:20.070+0000] {logging_mixin.py:149} INFO - [2023-06-13T23:54:20.070+0000] {manager.py:504} INFO - Created Permission View: can read on DAG:example_short_circuit_decorator
[2023-06-13T23:54:20.081+0000] {logging_mixin.py:149} INFO - [2023-06-13T23:54:20.081+0000] {manager.py:504} INFO - Created Permission View: can delete on DAG:example_short_circuit_decorator
[2023-06-13T23:54:20.087+0000] {logging_mixin.py:149} INFO - [2023-06-13T23:54:20.087+0000] {manager.py:504} INFO - Created Permission View: can edit on DAG:example_short_circuit_decorator
[2023-06-13T23:54:20.088+0000] {logging_mixin.py:149} INFO - [2023-06-13T23:54:20.088+0000] {dag.py:2726} INFO - Sync 1 DAGs
[2023-06-13T23:54:20.102+0000] {logging_mixin.py:149} INFO - [2023-06-13T23:54:20.102+0000] {dag.py:2747} INFO - Creating ORM DAG for example_short_circuit_decorator
[2023-06-13T23:54:20.119+0000] {logging_mixin.py:149} INFO - [2023-06-13T23:54:20.119+0000] {dag.py:3490} INFO - Setting next_dagrun for example_short_circuit_decorator to 2023-06-12T23:54:20.119507+00:00, run_after=2023-06-13T23:54:20.119507+00:00
[2023-06-13T23:54:20.149+0000] {processor.py:179} INFO - Processing /home/airflow/.local/lib/python3.7/site-packages/airflow/example_dags/example_short_circuit_decorator.py took 0.442 seconds
[2023-06-13T23:54:50.259+0000] {processor.py:157} INFO - Started process (PID=110) to work on /home/airflow/.local/lib/python3.7/site-packages/airflow/example_dags/example_short_circuit_decorator.py
[2023-06-13T23:54:50.260+0000] {processor.py:826} INFO - Processing file /home/airflow/.local/lib/python3.7/site-packages/airflow/example_dags/example_short_circuit_decorator.py for tasks to queue
[2023-06-13T23:54:50.262+0000] {logging_mixin.py:149} INFO - [2023-06-13T23:54:50.262+0000] {dagbag.py:541} INFO - Filling up the DagBag from /home/airflow/.local/lib/python3.7/site-packages/airflow/example_dags/example_short_circuit_decorator.py
[2023-06-13T23:54:50.271+0000] {processor.py:836} INFO - DAG(s) dict_keys(['example_short_circuit_decorator']) retrieved from /home/airflow/.local/lib/python3.7/site-packages/airflow/example_dags/example_short_circuit_decorator.py
[2023-06-13T23:54:50.300+0000] {logging_mixin.py:149} INFO - [2023-06-13T23:54:50.300+0000] {dag.py:2726} INFO - Sync 1 DAGs
[2023-06-13T23:54:50.321+0000] {logging_mixin.py:149} INFO - [2023-06-13T23:54:50.321+0000] {dag.py:3490} INFO - Setting next_dagrun for example_short_circuit_decorator to 2023-06-12T23:54:50.321635+00:00, run_after=2023-06-13T23:54:50.321635+00:00
[2023-06-13T23:54:50.334+0000] {processor.py:179} INFO - Processing /home/airflow/.local/lib/python3.7/site-packages/airflow/example_dags/example_short_circuit_decorator.py took 0.078 seconds
[2023-06-13T23:55:21.340+0000] {processor.py:157} INFO - Started process (PID=166) to work on /home/airflow/.local/lib/python3.7/site-packages/airflow/example_dags/example_short_circuit_decorator.py
[2023-06-13T23:55:21.344+0000] {processor.py:826} INFO - Processing file /home/airflow/.local/lib/python3.7/site-packages/airflow/example_dags/example_short_circuit_decorator.py for tasks to queue
[2023-06-13T23:55:21.346+0000] {logging_mixin.py:149} INFO - [2023-06-13T23:55:21.346+0000] {dagbag.py:541} INFO - Filling up the DagBag from /home/airflow/.local/lib/python3.7/site-packages/airflow/example_dags/example_short_circuit_decorator.py
[2023-06-13T23:55:21.355+0000] {processor.py:836} INFO - DAG(s) dict_keys(['example_short_circuit_decorator']) retrieved from /home/airflow/.local/lib/python3.7/site-packages/airflow/example_dags/example_short_circuit_decorator.py
[2023-06-13T23:55:21.378+0000] {logging_mixin.py:149} INFO - [2023-06-13T23:55:21.378+0000] {dag.py:2726} INFO - Sync 1 DAGs
[2023-06-13T23:55:21.394+0000] {logging_mixin.py:149} INFO - [2023-06-13T23:55:21.394+0000] {dag.py:3490} INFO - Setting next_dagrun for example_short_circuit_decorator to 2023-06-12T23:55:21.394660+00:00, run_after=2023-06-13T23:55:21.394660+00:00
[2023-06-13T23:55:21.407+0000] {processor.py:179} INFO - Processing /home/airflow/.local/lib/python3.7/site-packages/airflow/example_dags/example_short_circuit_decorator.py took 0.070 seconds
[2023-06-13T23:55:51.818+0000] {processor.py:157} INFO - Started process (PID=222) to work on /home/airflow/.local/lib/python3.7/site-packages/airflow/example_dags/example_short_circuit_decorator.py
[2023-06-13T23:55:51.819+0000] {processor.py:826} INFO - Processing file /home/airflow/.local/lib/python3.7/site-packages/airflow/example_dags/example_short_circuit_decorator.py for tasks to queue
[2023-06-13T23:55:51.820+0000] {logging_mixin.py:149} INFO - [2023-06-13T23:55:51.820+0000] {dagbag.py:541} INFO - Filling up the DagBag from /home/airflow/.local/lib/python3.7/site-packages/airflow/example_dags/example_short_circuit_decorator.py
[2023-06-13T23:55:51.828+0000] {processor.py:836} INFO - DAG(s) dict_keys(['example_short_circuit_decorator']) retrieved from /home/airflow/.local/lib/python3.7/site-packages/airflow/example_dags/example_short_circuit_decorator.py
[2023-06-13T23:55:51.854+0000] {logging_mixin.py:149} INFO - [2023-06-13T23:55:51.853+0000] {dag.py:2726} INFO - Sync 1 DAGs
[2023-06-13T23:55:51.871+0000] {logging_mixin.py:149} INFO - [2023-06-13T23:55:51.871+0000] {dag.py:3490} INFO - Setting next_dagrun for example_short_circuit_decorator to 2023-06-12T23:55:51.870844+00:00, run_after=2023-06-13T23:55:51.870844+00:00
[2023-06-13T23:55:51.884+0000] {processor.py:179} INFO - Processing /home/airflow/.local/lib/python3.7/site-packages/airflow/example_dags/example_short_circuit_decorator.py took 0.069 seconds
[2023-06-13T23:56:22.382+0000] {processor.py:157} INFO - Started process (PID=278) to work on /home/airflow/.local/lib/python3.7/site-packages/airflow/example_dags/example_short_circuit_decorator.py
[2023-06-13T23:56:22.386+0000] {processor.py:826} INFO - Processing file /home/airflow/.local/lib/python3.7/site-packages/airflow/example_dags/example_short_circuit_decorator.py for tasks to queue
[2023-06-13T23:56:22.390+0000] {logging_mixin.py:149} INFO - [2023-06-13T23:56:22.390+0000] {dagbag.py:541} INFO - Filling up the DagBag from /home/airflow/.local/lib/python3.7/site-packages/airflow/example_dags/example_short_circuit_decorator.py
[2023-06-13T23:56:22.397+0000] {processor.py:836} INFO - DAG(s) dict_keys(['example_short_circuit_decorator']) retrieved from /home/airflow/.local/lib/python3.7/site-packages/airflow/example_dags/example_short_circuit_decorator.py
[2023-06-13T23:56:22.418+0000] {logging_mixin.py:149} INFO - [2023-06-13T23:56:22.418+0000] {dag.py:2726} INFO - Sync 1 DAGs
[2023-06-13T23:56:22.435+0000] {logging_mixin.py:149} INFO - [2023-06-13T23:56:22.434+0000] {dag.py:3490} INFO - Setting next_dagrun for example_short_circuit_decorator to 2023-06-12T23:56:22.434736+00:00, run_after=2023-06-13T23:56:22.434736+00:00
[2023-06-13T23:56:22.455+0000] {processor.py:179} INFO - Processing /home/airflow/.local/lib/python3.7/site-packages/airflow/example_dags/example_short_circuit_decorator.py took 0.076 seconds
[2023-06-13T23:56:52.996+0000] {processor.py:157} INFO - Started process (PID=334) to work on /home/airflow/.local/lib/python3.7/site-packages/airflow/example_dags/example_short_circuit_decorator.py
[2023-06-13T23:56:52.997+0000] {processor.py:826} INFO - Processing file /home/airflow/.local/lib/python3.7/site-packages/airflow/example_dags/example_short_circuit_decorator.py for tasks to queue
[2023-06-13T23:56:52.999+0000] {logging_mixin.py:149} INFO - [2023-06-13T23:56:52.998+0000] {dagbag.py:541} INFO - Filling up the DagBag from /home/airflow/.local/lib/python3.7/site-packages/airflow/example_dags/example_short_circuit_decorator.py
[2023-06-13T23:56:53.007+0000] {processor.py:836} INFO - DAG(s) dict_keys(['example_short_circuit_decorator']) retrieved from /home/airflow/.local/lib/python3.7/site-packages/airflow/example_dags/example_short_circuit_decorator.py
[2023-06-13T23:56:53.036+0000] {logging_mixin.py:149} INFO - [2023-06-13T23:56:53.036+0000] {dag.py:2726} INFO - Sync 1 DAGs
[2023-06-13T23:56:53.062+0000] {logging_mixin.py:149} INFO - [2023-06-13T23:56:53.062+0000] {dag.py:3490} INFO - Setting next_dagrun for example_short_circuit_decorator to 2023-06-12T23:56:53.061901+00:00, run_after=2023-06-13T23:56:53.061901+00:00
[2023-06-13T23:56:53.083+0000] {processor.py:179} INFO - Processing /home/airflow/.local/lib/python3.7/site-packages/airflow/example_dags/example_short_circuit_decorator.py took 0.090 seconds
[2023-06-13T23:57:23.651+0000] {processor.py:157} INFO - Started process (PID=390) to work on /home/airflow/.local/lib/python3.7/site-packages/airflow/example_dags/example_short_circuit_decorator.py
[2023-06-13T23:57:23.652+0000] {processor.py:826} INFO - Processing file /home/airflow/.local/lib/python3.7/site-packages/airflow/example_dags/example_short_circuit_decorator.py for tasks to queue
[2023-06-13T23:57:23.653+0000] {logging_mixin.py:149} INFO - [2023-06-13T23:57:23.653+0000] {dagbag.py:541} INFO - Filling up the DagBag from /home/airflow/.local/lib/python3.7/site-packages/airflow/example_dags/example_short_circuit_decorator.py
[2023-06-13T23:57:23.661+0000] {processor.py:836} INFO - DAG(s) dict_keys(['example_short_circuit_decorator']) retrieved from /home/airflow/.local/lib/python3.7/site-packages/airflow/example_dags/example_short_circuit_decorator.py
[2023-06-13T23:57:23.684+0000] {logging_mixin.py:149} INFO - [2023-06-13T23:57:23.683+0000] {dag.py:2726} INFO - Sync 1 DAGs
[2023-06-13T23:57:23.703+0000] {logging_mixin.py:149} INFO - [2023-06-13T23:57:23.703+0000] {dag.py:3490} INFO - Setting next_dagrun for example_short_circuit_decorator to 2023-06-12T23:57:23.703028+00:00, run_after=2023-06-13T23:57:23.703028+00:00
[2023-06-13T23:57:23.718+0000] {processor.py:179} INFO - Processing /home/airflow/.local/lib/python3.7/site-packages/airflow/example_dags/example_short_circuit_decorator.py took 0.070 seconds
[2023-06-13T23:57:54.321+0000] {processor.py:157} INFO - Started process (PID=446) to work on /home/airflow/.local/lib/python3.7/site-packages/airflow/example_dags/example_short_circuit_decorator.py
[2023-06-13T23:57:54.324+0000] {processor.py:826} INFO - Processing file /home/airflow/.local/lib/python3.7/site-packages/airflow/example_dags/example_short_circuit_decorator.py for tasks to queue
[2023-06-13T23:57:54.327+0000] {logging_mixin.py:149} INFO - [2023-06-13T23:57:54.327+0000] {dagbag.py:541} INFO - Filling up the DagBag from /home/airflow/.local/lib/python3.7/site-packages/airflow/example_dags/example_short_circuit_decorator.py
[2023-06-13T23:57:54.341+0000] {processor.py:836} INFO - DAG(s) dict_keys(['example_short_circuit_decorator']) retrieved from /home/airflow/.local/lib/python3.7/site-packages/airflow/example_dags/example_short_circuit_decorator.py
[2023-06-13T23:57:54.374+0000] {logging_mixin.py:149} INFO - [2023-06-13T23:57:54.374+0000] {dag.py:2726} INFO - Sync 1 DAGs
[2023-06-13T23:57:54.396+0000] {logging_mixin.py:149} INFO - [2023-06-13T23:57:54.396+0000] {dag.py:3490} INFO - Setting next_dagrun for example_short_circuit_decorator to 2023-06-12T23:57:54.395919+00:00, run_after=2023-06-13T23:57:54.395919+00:00
[2023-06-13T23:57:54.416+0000] {processor.py:179} INFO - Processing /home/airflow/.local/lib/python3.7/site-packages/airflow/example_dags/example_short_circuit_decorator.py took 0.100 seconds
[2023-06-13T23:58:24.990+0000] {processor.py:157} INFO - Started process (PID=502) to work on /home/airflow/.local/lib/python3.7/site-packages/airflow/example_dags/example_short_circuit_decorator.py
[2023-06-13T23:58:24.992+0000] {processor.py:826} INFO - Processing file /home/airflow/.local/lib/python3.7/site-packages/airflow/example_dags/example_short_circuit_decorator.py for tasks to queue
[2023-06-13T23:58:24.993+0000] {logging_mixin.py:149} INFO - [2023-06-13T23:58:24.993+0000] {dagbag.py:541} INFO - Filling up the DagBag from /home/airflow/.local/lib/python3.7/site-packages/airflow/example_dags/example_short_circuit_decorator.py
[2023-06-13T23:58:25.006+0000] {processor.py:836} INFO - DAG(s) dict_keys(['example_short_circuit_decorator']) retrieved from /home/airflow/.local/lib/python3.7/site-packages/airflow/example_dags/example_short_circuit_decorator.py
[2023-06-13T23:58:25.033+0000] {logging_mixin.py:149} INFO - [2023-06-13T23:58:25.033+0000] {dag.py:2726} INFO - Sync 1 DAGs
[2023-06-13T23:58:25.053+0000] {logging_mixin.py:149} INFO - [2023-06-13T23:58:25.053+0000] {dag.py:3490} INFO - Setting next_dagrun for example_short_circuit_decorator to 2023-06-12T23:58:25.053463+00:00, run_after=2023-06-13T23:58:25.053463+00:00
[2023-06-13T23:58:25.073+0000] {processor.py:179} INFO - Processing /home/airflow/.local/lib/python3.7/site-packages/airflow/example_dags/example_short_circuit_decorator.py took 0.086 seconds
[2023-06-13T23:58:55.555+0000] {processor.py:157} INFO - Started process (PID=558) to work on /home/airflow/.local/lib/python3.7/site-packages/airflow/example_dags/example_short_circuit_decorator.py
[2023-06-13T23:58:55.557+0000] {processor.py:826} INFO - Processing file /home/airflow/.local/lib/python3.7/site-packages/airflow/example_dags/example_short_circuit_decorator.py for tasks to queue
[2023-06-13T23:58:55.558+0000] {logging_mixin.py:149} INFO - [2023-06-13T23:58:55.558+0000] {dagbag.py:541} INFO - Filling up the DagBag from /home/airflow/.local/lib/python3.7/site-packages/airflow/example_dags/example_short_circuit_decorator.py
[2023-06-13T23:58:55.565+0000] {processor.py:836} INFO - DAG(s) dict_keys(['example_short_circuit_decorator']) retrieved from /home/airflow/.local/lib/python3.7/site-packages/airflow/example_dags/example_short_circuit_decorator.py
[2023-06-13T23:58:55.587+0000] {logging_mixin.py:149} INFO - [2023-06-13T23:58:55.587+0000] {dag.py:2726} INFO - Sync 1 DAGs
[2023-06-13T23:58:55.603+0000] {logging_mixin.py:149} INFO - [2023-06-13T23:58:55.603+0000] {dag.py:3490} INFO - Setting next_dagrun for example_short_circuit_decorator to 2023-06-12T23:58:55.603075+00:00, run_after=2023-06-13T23:58:55.603075+00:00
[2023-06-13T23:58:55.616+0000] {processor.py:179} INFO - Processing /home/airflow/.local/lib/python3.7/site-packages/airflow/example_dags/example_short_circuit_decorator.py took 0.063 seconds
[2023-06-13T23:59:26.114+0000] {processor.py:157} INFO - Started process (PID=613) to work on /home/airflow/.local/lib/python3.7/site-packages/airflow/example_dags/example_short_circuit_decorator.py
[2023-06-13T23:59:26.115+0000] {processor.py:826} INFO - Processing file /home/airflow/.local/lib/python3.7/site-packages/airflow/example_dags/example_short_circuit_decorator.py for tasks to queue
[2023-06-13T23:59:26.116+0000] {logging_mixin.py:149} INFO - [2023-06-13T23:59:26.116+0000] {dagbag.py:541} INFO - Filling up the DagBag from /home/airflow/.local/lib/python3.7/site-packages/airflow/example_dags/example_short_circuit_decorator.py
[2023-06-13T23:59:26.123+0000] {processor.py:836} INFO - DAG(s) dict_keys(['example_short_circuit_decorator']) retrieved from /home/airflow/.local/lib/python3.7/site-packages/airflow/example_dags/example_short_circuit_decorator.py
[2023-06-13T23:59:26.144+0000] {logging_mixin.py:149} INFO - [2023-06-13T23:59:26.144+0000] {dag.py:2726} INFO - Sync 1 DAGs
[2023-06-13T23:59:26.161+0000] {logging_mixin.py:149} INFO - [2023-06-13T23:59:26.161+0000] {dag.py:3490} INFO - Setting next_dagrun for example_short_circuit_decorator to 2023-06-12T23:59:26.161561+00:00, run_after=2023-06-13T23:59:26.161561+00:00
[2023-06-13T23:59:26.174+0000] {processor.py:179} INFO - Processing /home/airflow/.local/lib/python3.7/site-packages/airflow/example_dags/example_short_circuit_decorator.py took 0.063 seconds
[2023-06-13T23:59:56.656+0000] {processor.py:157} INFO - Started process (PID=669) to work on /home/airflow/.local/lib/python3.7/site-packages/airflow/example_dags/example_short_circuit_decorator.py
[2023-06-13T23:59:56.658+0000] {processor.py:826} INFO - Processing file /home/airflow/.local/lib/python3.7/site-packages/airflow/example_dags/example_short_circuit_decorator.py for tasks to queue
[2023-06-13T23:59:56.659+0000] {logging_mixin.py:149} INFO - [2023-06-13T23:59:56.659+0000] {dagbag.py:541} INFO - Filling up the DagBag from /home/airflow/.local/lib/python3.7/site-packages/airflow/example_dags/example_short_circuit_decorator.py
[2023-06-13T23:59:56.668+0000] {processor.py:836} INFO - DAG(s) dict_keys(['example_short_circuit_decorator']) retrieved from /home/airflow/.local/lib/python3.7/site-packages/airflow/example_dags/example_short_circuit_decorator.py
[2023-06-13T23:59:56.702+0000] {logging_mixin.py:149} INFO - [2023-06-13T23:59:56.702+0000] {dag.py:2726} INFO - Sync 1 DAGs
[2023-06-13T23:59:56.726+0000] {logging_mixin.py:149} INFO - [2023-06-13T23:59:56.726+0000] {dag.py:3490} INFO - Setting next_dagrun for example_short_circuit_decorator to 2023-06-12T23:59:56.726210+00:00, run_after=2023-06-13T23:59:56.726210+00:00
[2023-06-13T23:59:56.755+0000] {processor.py:179} INFO - Processing /home/airflow/.local/lib/python3.7/site-packages/airflow/example_dags/example_short_circuit_decorator.py took 0.104 seconds
