[2023-06-13T23:54:20.242+0000] {processor.py:157} INFO - Started process (PID=55) to work on /home/airflow/.local/lib/python3.7/site-packages/airflow/example_dags/example_latest_only.py
[2023-06-13T23:54:20.256+0000] {processor.py:826} INFO - Processing file /home/airflow/.local/lib/python3.7/site-packages/airflow/example_dags/example_latest_only.py for tasks to queue
[2023-06-13T23:54:20.264+0000] {logging_mixin.py:149} INFO - [2023-06-13T23:54:20.264+0000] {dagbag.py:541} INFO - Filling up the DagBag from /home/airflow/.local/lib/python3.7/site-packages/airflow/example_dags/example_latest_only.py
[2023-06-13T23:54:20.293+0000] {processor.py:836} INFO - DAG(s) dict_keys(['latest_only']) retrieved from /home/airflow/.local/lib/python3.7/site-packages/airflow/example_dags/example_latest_only.py
[2023-06-13T23:54:20.632+0000] {logging_mixin.py:149} INFO - [2023-06-13T23:54:20.632+0000] {manager.py:504} INFO - Created Permission View: can read on DAG:latest_only
[2023-06-13T23:54:20.641+0000] {logging_mixin.py:149} INFO - [2023-06-13T23:54:20.641+0000] {manager.py:504} INFO - Created Permission View: can delete on DAG:latest_only
[2023-06-13T23:54:20.646+0000] {logging_mixin.py:149} INFO - [2023-06-13T23:54:20.646+0000] {manager.py:504} INFO - Created Permission View: can edit on DAG:latest_only
[2023-06-13T23:54:20.647+0000] {logging_mixin.py:149} INFO - [2023-06-13T23:54:20.647+0000] {dag.py:2726} INFO - Sync 1 DAGs
[2023-06-13T23:54:20.670+0000] {logging_mixin.py:149} INFO - [2023-06-13T23:54:20.669+0000] {dag.py:2747} INFO - Creating ORM DAG for latest_only
[2023-06-13T23:54:20.683+0000] {logging_mixin.py:149} INFO - [2023-06-13T23:54:20.683+0000] {dag.py:3490} INFO - Setting next_dagrun for latest_only to 2023-06-13T19:54:20.683105+00:00, run_after=2023-06-13T23:54:20.683105+00:00
[2023-06-13T23:54:20.700+0000] {processor.py:179} INFO - Processing /home/airflow/.local/lib/python3.7/site-packages/airflow/example_dags/example_latest_only.py took 0.461 seconds
[2023-06-13T23:54:51.292+0000] {processor.py:157} INFO - Started process (PID=112) to work on /home/airflow/.local/lib/python3.7/site-packages/airflow/example_dags/example_latest_only.py
[2023-06-13T23:54:51.294+0000] {processor.py:826} INFO - Processing file /home/airflow/.local/lib/python3.7/site-packages/airflow/example_dags/example_latest_only.py for tasks to queue
[2023-06-13T23:54:51.296+0000] {logging_mixin.py:149} INFO - [2023-06-13T23:54:51.296+0000] {dagbag.py:541} INFO - Filling up the DagBag from /home/airflow/.local/lib/python3.7/site-packages/airflow/example_dags/example_latest_only.py
[2023-06-13T23:54:51.301+0000] {processor.py:836} INFO - DAG(s) dict_keys(['latest_only']) retrieved from /home/airflow/.local/lib/python3.7/site-packages/airflow/example_dags/example_latest_only.py
[2023-06-13T23:54:51.327+0000] {logging_mixin.py:149} INFO - [2023-06-13T23:54:51.326+0000] {dag.py:2726} INFO - Sync 1 DAGs
[2023-06-13T23:54:51.346+0000] {logging_mixin.py:149} INFO - [2023-06-13T23:54:51.346+0000] {dag.py:3490} INFO - Setting next_dagrun for latest_only to 2023-06-13T19:54:51.346031+00:00, run_after=2023-06-13T23:54:51.346031+00:00
[2023-06-13T23:54:51.365+0000] {processor.py:179} INFO - Processing /home/airflow/.local/lib/python3.7/site-packages/airflow/example_dags/example_latest_only.py took 0.075 seconds
[2023-06-13T23:55:21.444+0000] {processor.py:157} INFO - Started process (PID=168) to work on /home/airflow/.local/lib/python3.7/site-packages/airflow/example_dags/example_latest_only.py
[2023-06-13T23:55:21.445+0000] {processor.py:826} INFO - Processing file /home/airflow/.local/lib/python3.7/site-packages/airflow/example_dags/example_latest_only.py for tasks to queue
[2023-06-13T23:55:21.446+0000] {logging_mixin.py:149} INFO - [2023-06-13T23:55:21.446+0000] {dagbag.py:541} INFO - Filling up the DagBag from /home/airflow/.local/lib/python3.7/site-packages/airflow/example_dags/example_latest_only.py
[2023-06-13T23:55:21.451+0000] {processor.py:836} INFO - DAG(s) dict_keys(['latest_only']) retrieved from /home/airflow/.local/lib/python3.7/site-packages/airflow/example_dags/example_latest_only.py
[2023-06-13T23:55:21.471+0000] {logging_mixin.py:149} INFO - [2023-06-13T23:55:21.471+0000] {dag.py:2726} INFO - Sync 1 DAGs
[2023-06-13T23:55:21.488+0000] {logging_mixin.py:149} INFO - [2023-06-13T23:55:21.488+0000] {dag.py:3490} INFO - Setting next_dagrun for latest_only to 2023-06-13T19:55:21.487824+00:00, run_after=2023-06-13T23:55:21.487824+00:00
[2023-06-13T23:55:21.500+0000] {processor.py:179} INFO - Processing /home/airflow/.local/lib/python3.7/site-packages/airflow/example_dags/example_latest_only.py took 0.061 seconds
[2023-06-13T23:55:51.909+0000] {processor.py:157} INFO - Started process (PID=224) to work on /home/airflow/.local/lib/python3.7/site-packages/airflow/example_dags/example_latest_only.py
[2023-06-13T23:55:51.910+0000] {processor.py:826} INFO - Processing file /home/airflow/.local/lib/python3.7/site-packages/airflow/example_dags/example_latest_only.py for tasks to queue
[2023-06-13T23:55:51.911+0000] {logging_mixin.py:149} INFO - [2023-06-13T23:55:51.911+0000] {dagbag.py:541} INFO - Filling up the DagBag from /home/airflow/.local/lib/python3.7/site-packages/airflow/example_dags/example_latest_only.py
[2023-06-13T23:55:51.916+0000] {processor.py:836} INFO - DAG(s) dict_keys(['latest_only']) retrieved from /home/airflow/.local/lib/python3.7/site-packages/airflow/example_dags/example_latest_only.py
[2023-06-13T23:55:51.936+0000] {logging_mixin.py:149} INFO - [2023-06-13T23:55:51.936+0000] {dag.py:2726} INFO - Sync 1 DAGs
[2023-06-13T23:55:51.954+0000] {logging_mixin.py:149} INFO - [2023-06-13T23:55:51.954+0000] {dag.py:3490} INFO - Setting next_dagrun for latest_only to 2023-06-13T19:55:51.954187+00:00, run_after=2023-06-13T23:55:51.954187+00:00
[2023-06-13T23:55:51.967+0000] {processor.py:179} INFO - Processing /home/airflow/.local/lib/python3.7/site-packages/airflow/example_dags/example_latest_only.py took 0.061 seconds
[2023-06-13T23:56:22.481+0000] {processor.py:157} INFO - Started process (PID=280) to work on /home/airflow/.local/lib/python3.7/site-packages/airflow/example_dags/example_latest_only.py
[2023-06-13T23:56:22.482+0000] {processor.py:826} INFO - Processing file /home/airflow/.local/lib/python3.7/site-packages/airflow/example_dags/example_latest_only.py for tasks to queue
[2023-06-13T23:56:22.483+0000] {logging_mixin.py:149} INFO - [2023-06-13T23:56:22.483+0000] {dagbag.py:541} INFO - Filling up the DagBag from /home/airflow/.local/lib/python3.7/site-packages/airflow/example_dags/example_latest_only.py
[2023-06-13T23:56:22.488+0000] {processor.py:836} INFO - DAG(s) dict_keys(['latest_only']) retrieved from /home/airflow/.local/lib/python3.7/site-packages/airflow/example_dags/example_latest_only.py
[2023-06-13T23:56:22.511+0000] {logging_mixin.py:149} INFO - [2023-06-13T23:56:22.511+0000] {dag.py:2726} INFO - Sync 1 DAGs
[2023-06-13T23:56:22.528+0000] {logging_mixin.py:149} INFO - [2023-06-13T23:56:22.528+0000] {dag.py:3490} INFO - Setting next_dagrun for latest_only to 2023-06-13T19:56:22.528285+00:00, run_after=2023-06-13T23:56:22.528285+00:00
[2023-06-13T23:56:22.541+0000] {processor.py:179} INFO - Processing /home/airflow/.local/lib/python3.7/site-packages/airflow/example_dags/example_latest_only.py took 0.063 seconds
[2023-06-13T23:56:53.120+0000] {processor.py:157} INFO - Started process (PID=336) to work on /home/airflow/.local/lib/python3.7/site-packages/airflow/example_dags/example_latest_only.py
[2023-06-13T23:56:53.123+0000] {processor.py:826} INFO - Processing file /home/airflow/.local/lib/python3.7/site-packages/airflow/example_dags/example_latest_only.py for tasks to queue
[2023-06-13T23:56:53.124+0000] {logging_mixin.py:149} INFO - [2023-06-13T23:56:53.124+0000] {dagbag.py:541} INFO - Filling up the DagBag from /home/airflow/.local/lib/python3.7/site-packages/airflow/example_dags/example_latest_only.py
[2023-06-13T23:56:53.131+0000] {processor.py:836} INFO - DAG(s) dict_keys(['latest_only']) retrieved from /home/airflow/.local/lib/python3.7/site-packages/airflow/example_dags/example_latest_only.py
[2023-06-13T23:56:53.155+0000] {logging_mixin.py:149} INFO - [2023-06-13T23:56:53.155+0000] {dag.py:2726} INFO - Sync 1 DAGs
[2023-06-13T23:56:53.174+0000] {logging_mixin.py:149} INFO - [2023-06-13T23:56:53.174+0000] {dag.py:3490} INFO - Setting next_dagrun for latest_only to 2023-06-13T19:56:53.174354+00:00, run_after=2023-06-13T23:56:53.174354+00:00
[2023-06-13T23:56:53.191+0000] {processor.py:179} INFO - Processing /home/airflow/.local/lib/python3.7/site-packages/airflow/example_dags/example_latest_only.py took 0.077 seconds
[2023-06-13T23:57:23.742+0000] {processor.py:157} INFO - Started process (PID=392) to work on /home/airflow/.local/lib/python3.7/site-packages/airflow/example_dags/example_latest_only.py
[2023-06-13T23:57:23.743+0000] {processor.py:826} INFO - Processing file /home/airflow/.local/lib/python3.7/site-packages/airflow/example_dags/example_latest_only.py for tasks to queue
[2023-06-13T23:57:23.744+0000] {logging_mixin.py:149} INFO - [2023-06-13T23:57:23.744+0000] {dagbag.py:541} INFO - Filling up the DagBag from /home/airflow/.local/lib/python3.7/site-packages/airflow/example_dags/example_latest_only.py
[2023-06-13T23:57:23.751+0000] {processor.py:836} INFO - DAG(s) dict_keys(['latest_only']) retrieved from /home/airflow/.local/lib/python3.7/site-packages/airflow/example_dags/example_latest_only.py
[2023-06-13T23:57:23.773+0000] {logging_mixin.py:149} INFO - [2023-06-13T23:57:23.773+0000] {dag.py:2726} INFO - Sync 1 DAGs
[2023-06-13T23:57:23.790+0000] {logging_mixin.py:149} INFO - [2023-06-13T23:57:23.790+0000] {dag.py:3490} INFO - Setting next_dagrun for latest_only to 2023-06-13T19:57:23.790466+00:00, run_after=2023-06-13T23:57:23.790466+00:00
[2023-06-13T23:57:23.804+0000] {processor.py:179} INFO - Processing /home/airflow/.local/lib/python3.7/site-packages/airflow/example_dags/example_latest_only.py took 0.065 seconds
[2023-06-13T23:57:54.448+0000] {processor.py:157} INFO - Started process (PID=448) to work on /home/airflow/.local/lib/python3.7/site-packages/airflow/example_dags/example_latest_only.py
[2023-06-13T23:57:54.450+0000] {processor.py:826} INFO - Processing file /home/airflow/.local/lib/python3.7/site-packages/airflow/example_dags/example_latest_only.py for tasks to queue
[2023-06-13T23:57:54.451+0000] {logging_mixin.py:149} INFO - [2023-06-13T23:57:54.451+0000] {dagbag.py:541} INFO - Filling up the DagBag from /home/airflow/.local/lib/python3.7/site-packages/airflow/example_dags/example_latest_only.py
[2023-06-13T23:57:54.458+0000] {processor.py:836} INFO - DAG(s) dict_keys(['latest_only']) retrieved from /home/airflow/.local/lib/python3.7/site-packages/airflow/example_dags/example_latest_only.py
[2023-06-13T23:57:54.480+0000] {logging_mixin.py:149} INFO - [2023-06-13T23:57:54.480+0000] {dag.py:2726} INFO - Sync 1 DAGs
[2023-06-13T23:57:54.501+0000] {logging_mixin.py:149} INFO - [2023-06-13T23:57:54.501+0000] {dag.py:3490} INFO - Setting next_dagrun for latest_only to 2023-06-13T19:57:54.500931+00:00, run_after=2023-06-13T23:57:54.500931+00:00
[2023-06-13T23:57:54.521+0000] {processor.py:179} INFO - Processing /home/airflow/.local/lib/python3.7/site-packages/airflow/example_dags/example_latest_only.py took 0.076 seconds
[2023-06-13T23:58:25.099+0000] {processor.py:157} INFO - Started process (PID=504) to work on /home/airflow/.local/lib/python3.7/site-packages/airflow/example_dags/example_latest_only.py
[2023-06-13T23:58:25.100+0000] {processor.py:826} INFO - Processing file /home/airflow/.local/lib/python3.7/site-packages/airflow/example_dags/example_latest_only.py for tasks to queue
[2023-06-13T23:58:25.102+0000] {logging_mixin.py:149} INFO - [2023-06-13T23:58:25.102+0000] {dagbag.py:541} INFO - Filling up the DagBag from /home/airflow/.local/lib/python3.7/site-packages/airflow/example_dags/example_latest_only.py
[2023-06-13T23:58:25.107+0000] {processor.py:836} INFO - DAG(s) dict_keys(['latest_only']) retrieved from /home/airflow/.local/lib/python3.7/site-packages/airflow/example_dags/example_latest_only.py
[2023-06-13T23:58:25.133+0000] {logging_mixin.py:149} INFO - [2023-06-13T23:58:25.133+0000] {dag.py:2726} INFO - Sync 1 DAGs
[2023-06-13T23:58:25.155+0000] {logging_mixin.py:149} INFO - [2023-06-13T23:58:25.155+0000] {dag.py:3490} INFO - Setting next_dagrun for latest_only to 2023-06-13T19:58:25.155319+00:00, run_after=2023-06-13T23:58:25.155319+00:00
[2023-06-13T23:58:25.181+0000] {processor.py:179} INFO - Processing /home/airflow/.local/lib/python3.7/site-packages/airflow/example_dags/example_latest_only.py took 0.085 seconds
[2023-06-13T23:58:55.646+0000] {processor.py:157} INFO - Started process (PID=560) to work on /home/airflow/.local/lib/python3.7/site-packages/airflow/example_dags/example_latest_only.py
[2023-06-13T23:58:55.647+0000] {processor.py:826} INFO - Processing file /home/airflow/.local/lib/python3.7/site-packages/airflow/example_dags/example_latest_only.py for tasks to queue
[2023-06-13T23:58:55.649+0000] {logging_mixin.py:149} INFO - [2023-06-13T23:58:55.648+0000] {dagbag.py:541} INFO - Filling up the DagBag from /home/airflow/.local/lib/python3.7/site-packages/airflow/example_dags/example_latest_only.py
[2023-06-13T23:58:55.657+0000] {processor.py:836} INFO - DAG(s) dict_keys(['latest_only']) retrieved from /home/airflow/.local/lib/python3.7/site-packages/airflow/example_dags/example_latest_only.py
[2023-06-13T23:58:55.684+0000] {logging_mixin.py:149} INFO - [2023-06-13T23:58:55.684+0000] {dag.py:2726} INFO - Sync 1 DAGs
[2023-06-13T23:58:55.703+0000] {logging_mixin.py:149} INFO - [2023-06-13T23:58:55.702+0000] {dag.py:3490} INFO - Setting next_dagrun for latest_only to 2023-06-13T19:58:55.702652+00:00, run_after=2023-06-13T23:58:55.702652+00:00
[2023-06-13T23:58:55.719+0000] {processor.py:179} INFO - Processing /home/airflow/.local/lib/python3.7/site-packages/airflow/example_dags/example_latest_only.py took 0.077 seconds
[2023-06-13T23:59:26.280+0000] {processor.py:157} INFO - Started process (PID=615) to work on /home/airflow/.local/lib/python3.7/site-packages/airflow/example_dags/example_latest_only.py
[2023-06-13T23:59:26.281+0000] {processor.py:826} INFO - Processing file /home/airflow/.local/lib/python3.7/site-packages/airflow/example_dags/example_latest_only.py for tasks to queue
[2023-06-13T23:59:26.282+0000] {logging_mixin.py:149} INFO - [2023-06-13T23:59:26.282+0000] {dagbag.py:541} INFO - Filling up the DagBag from /home/airflow/.local/lib/python3.7/site-packages/airflow/example_dags/example_latest_only.py
[2023-06-13T23:59:26.287+0000] {processor.py:836} INFO - DAG(s) dict_keys(['latest_only']) retrieved from /home/airflow/.local/lib/python3.7/site-packages/airflow/example_dags/example_latest_only.py
[2023-06-13T23:59:26.307+0000] {logging_mixin.py:149} INFO - [2023-06-13T23:59:26.307+0000] {dag.py:2726} INFO - Sync 1 DAGs
[2023-06-13T23:59:26.323+0000] {logging_mixin.py:149} INFO - [2023-06-13T23:59:26.323+0000] {dag.py:3490} INFO - Setting next_dagrun for latest_only to 2023-06-13T19:59:26.323488+00:00, run_after=2023-06-13T23:59:26.323488+00:00
[2023-06-13T23:59:26.336+0000] {processor.py:179} INFO - Processing /home/airflow/.local/lib/python3.7/site-packages/airflow/example_dags/example_latest_only.py took 0.059 seconds
[2023-06-13T23:59:56.788+0000] {processor.py:157} INFO - Started process (PID=671) to work on /home/airflow/.local/lib/python3.7/site-packages/airflow/example_dags/example_latest_only.py
[2023-06-13T23:59:56.789+0000] {processor.py:826} INFO - Processing file /home/airflow/.local/lib/python3.7/site-packages/airflow/example_dags/example_latest_only.py for tasks to queue
[2023-06-13T23:59:56.790+0000] {logging_mixin.py:149} INFO - [2023-06-13T23:59:56.789+0000] {dagbag.py:541} INFO - Filling up the DagBag from /home/airflow/.local/lib/python3.7/site-packages/airflow/example_dags/example_latest_only.py
[2023-06-13T23:59:56.794+0000] {processor.py:836} INFO - DAG(s) dict_keys(['latest_only']) retrieved from /home/airflow/.local/lib/python3.7/site-packages/airflow/example_dags/example_latest_only.py
[2023-06-13T23:59:56.815+0000] {logging_mixin.py:149} INFO - [2023-06-13T23:59:56.815+0000] {dag.py:2726} INFO - Sync 1 DAGs
[2023-06-13T23:59:56.833+0000] {logging_mixin.py:149} INFO - [2023-06-13T23:59:56.832+0000] {dag.py:3490} INFO - Setting next_dagrun for latest_only to 2023-06-13T19:59:56.832694+00:00, run_after=2023-06-13T23:59:56.832694+00:00
[2023-06-13T23:59:56.846+0000] {processor.py:179} INFO - Processing /home/airflow/.local/lib/python3.7/site-packages/airflow/example_dags/example_latest_only.py took 0.061 seconds
