[2023-06-13T23:54:20.745+0000] {processor.py:157} INFO - Started process (PID=57) to work on /home/airflow/.local/lib/python3.7/site-packages/airflow/example_dags/example_short_circuit_operator.py
[2023-06-13T23:54:20.752+0000] {processor.py:826} INFO - Processing file /home/airflow/.local/lib/python3.7/site-packages/airflow/example_dags/example_short_circuit_operator.py for tasks to queue
[2023-06-13T23:54:20.754+0000] {logging_mixin.py:149} INFO - [2023-06-13T23:54:20.753+0000] {dagbag.py:541} INFO - Filling up the DagBag from /home/airflow/.local/lib/python3.7/site-packages/airflow/example_dags/example_short_circuit_operator.py
[2023-06-13T23:54:20.784+0000] {processor.py:836} INFO - DAG(s) dict_keys(['example_short_circuit_operator']) retrieved from /home/airflow/.local/lib/python3.7/site-packages/airflow/example_dags/example_short_circuit_operator.py
[2023-06-13T23:54:20.946+0000] {logging_mixin.py:149} INFO - [2023-06-13T23:54:20.946+0000] {manager.py:504} INFO - Created Permission View: can read on DAG:example_short_circuit_operator
[2023-06-13T23:54:20.969+0000] {logging_mixin.py:149} INFO - [2023-06-13T23:54:20.969+0000] {manager.py:504} INFO - Created Permission View: can delete on DAG:example_short_circuit_operator
[2023-06-13T23:54:20.987+0000] {logging_mixin.py:149} INFO - [2023-06-13T23:54:20.986+0000] {manager.py:504} INFO - Created Permission View: can edit on DAG:example_short_circuit_operator
[2023-06-13T23:54:20.988+0000] {logging_mixin.py:149} INFO - [2023-06-13T23:54:20.988+0000] {dag.py:2726} INFO - Sync 1 DAGs
[2023-06-13T23:54:21.010+0000] {logging_mixin.py:149} INFO - [2023-06-13T23:54:21.010+0000] {dag.py:2747} INFO - Creating ORM DAG for example_short_circuit_operator
[2023-06-13T23:54:21.028+0000] {logging_mixin.py:149} INFO - [2023-06-13T23:54:21.028+0000] {dag.py:3490} INFO - Setting next_dagrun for example_short_circuit_operator to 2023-06-12T23:54:21.028487+00:00, run_after=2023-06-13T23:54:21.028487+00:00
[2023-06-13T23:54:21.045+0000] {processor.py:179} INFO - Processing /home/airflow/.local/lib/python3.7/site-packages/airflow/example_dags/example_short_circuit_operator.py took 0.304 seconds
[2023-06-13T23:54:51.544+0000] {processor.py:157} INFO - Started process (PID=114) to work on /home/airflow/.local/lib/python3.7/site-packages/airflow/example_dags/example_short_circuit_operator.py
[2023-06-13T23:54:51.545+0000] {processor.py:826} INFO - Processing file /home/airflow/.local/lib/python3.7/site-packages/airflow/example_dags/example_short_circuit_operator.py for tasks to queue
[2023-06-13T23:54:51.547+0000] {logging_mixin.py:149} INFO - [2023-06-13T23:54:51.547+0000] {dagbag.py:541} INFO - Filling up the DagBag from /home/airflow/.local/lib/python3.7/site-packages/airflow/example_dags/example_short_circuit_operator.py
[2023-06-13T23:54:51.556+0000] {processor.py:836} INFO - DAG(s) dict_keys(['example_short_circuit_operator']) retrieved from /home/airflow/.local/lib/python3.7/site-packages/airflow/example_dags/example_short_circuit_operator.py
[2023-06-13T23:54:51.585+0000] {logging_mixin.py:149} INFO - [2023-06-13T23:54:51.585+0000] {dag.py:2726} INFO - Sync 1 DAGs
[2023-06-13T23:54:51.607+0000] {logging_mixin.py:149} INFO - [2023-06-13T23:54:51.607+0000] {dag.py:3490} INFO - Setting next_dagrun for example_short_circuit_operator to 2023-06-12T23:54:51.606827+00:00, run_after=2023-06-13T23:54:51.606827+00:00
[2023-06-13T23:54:51.623+0000] {processor.py:179} INFO - Processing /home/airflow/.local/lib/python3.7/site-packages/airflow/example_dags/example_short_circuit_operator.py took 0.084 seconds
[2023-06-13T23:55:22.461+0000] {processor.py:157} INFO - Started process (PID=170) to work on /home/airflow/.local/lib/python3.7/site-packages/airflow/example_dags/example_short_circuit_operator.py
[2023-06-13T23:55:22.463+0000] {processor.py:826} INFO - Processing file /home/airflow/.local/lib/python3.7/site-packages/airflow/example_dags/example_short_circuit_operator.py for tasks to queue
[2023-06-13T23:55:22.464+0000] {logging_mixin.py:149} INFO - [2023-06-13T23:55:22.464+0000] {dagbag.py:541} INFO - Filling up the DagBag from /home/airflow/.local/lib/python3.7/site-packages/airflow/example_dags/example_short_circuit_operator.py
[2023-06-13T23:55:22.471+0000] {processor.py:836} INFO - DAG(s) dict_keys(['example_short_circuit_operator']) retrieved from /home/airflow/.local/lib/python3.7/site-packages/airflow/example_dags/example_short_circuit_operator.py
[2023-06-13T23:55:22.493+0000] {logging_mixin.py:149} INFO - [2023-06-13T23:55:22.493+0000] {dag.py:2726} INFO - Sync 1 DAGs
[2023-06-13T23:55:22.510+0000] {logging_mixin.py:149} INFO - [2023-06-13T23:55:22.510+0000] {dag.py:3490} INFO - Setting next_dagrun for example_short_circuit_operator to 2023-06-12T23:55:22.510447+00:00, run_after=2023-06-13T23:55:22.510447+00:00
[2023-06-13T23:55:22.524+0000] {processor.py:179} INFO - Processing /home/airflow/.local/lib/python3.7/site-packages/airflow/example_dags/example_short_circuit_operator.py took 0.065 seconds
[2023-06-13T23:55:52.941+0000] {processor.py:157} INFO - Started process (PID=226) to work on /home/airflow/.local/lib/python3.7/site-packages/airflow/example_dags/example_short_circuit_operator.py
[2023-06-13T23:55:52.942+0000] {processor.py:826} INFO - Processing file /home/airflow/.local/lib/python3.7/site-packages/airflow/example_dags/example_short_circuit_operator.py for tasks to queue
[2023-06-13T23:55:52.943+0000] {logging_mixin.py:149} INFO - [2023-06-13T23:55:52.943+0000] {dagbag.py:541} INFO - Filling up the DagBag from /home/airflow/.local/lib/python3.7/site-packages/airflow/example_dags/example_short_circuit_operator.py
[2023-06-13T23:55:52.950+0000] {processor.py:836} INFO - DAG(s) dict_keys(['example_short_circuit_operator']) retrieved from /home/airflow/.local/lib/python3.7/site-packages/airflow/example_dags/example_short_circuit_operator.py
[2023-06-13T23:55:52.974+0000] {logging_mixin.py:149} INFO - [2023-06-13T23:55:52.974+0000] {dag.py:2726} INFO - Sync 1 DAGs
[2023-06-13T23:55:53.008+0000] {logging_mixin.py:149} INFO - [2023-06-13T23:55:53.008+0000] {dag.py:3490} INFO - Setting next_dagrun for example_short_circuit_operator to 2023-06-12T23:55:53.008276+00:00, run_after=2023-06-13T23:55:53.008276+00:00
[2023-06-13T23:55:53.026+0000] {processor.py:179} INFO - Processing /home/airflow/.local/lib/python3.7/site-packages/airflow/example_dags/example_short_circuit_operator.py took 0.087 seconds
[2023-06-13T23:56:23.511+0000] {processor.py:157} INFO - Started process (PID=282) to work on /home/airflow/.local/lib/python3.7/site-packages/airflow/example_dags/example_short_circuit_operator.py
[2023-06-13T23:56:23.513+0000] {processor.py:826} INFO - Processing file /home/airflow/.local/lib/python3.7/site-packages/airflow/example_dags/example_short_circuit_operator.py for tasks to queue
[2023-06-13T23:56:23.514+0000] {logging_mixin.py:149} INFO - [2023-06-13T23:56:23.514+0000] {dagbag.py:541} INFO - Filling up the DagBag from /home/airflow/.local/lib/python3.7/site-packages/airflow/example_dags/example_short_circuit_operator.py
[2023-06-13T23:56:23.520+0000] {processor.py:836} INFO - DAG(s) dict_keys(['example_short_circuit_operator']) retrieved from /home/airflow/.local/lib/python3.7/site-packages/airflow/example_dags/example_short_circuit_operator.py
[2023-06-13T23:56:23.542+0000] {logging_mixin.py:149} INFO - [2023-06-13T23:56:23.541+0000] {dag.py:2726} INFO - Sync 1 DAGs
[2023-06-13T23:56:23.557+0000] {logging_mixin.py:149} INFO - [2023-06-13T23:56:23.557+0000] {dag.py:3490} INFO - Setting next_dagrun for example_short_circuit_operator to 2023-06-12T23:56:23.557388+00:00, run_after=2023-06-13T23:56:23.557388+00:00
[2023-06-13T23:56:23.572+0000] {processor.py:179} INFO - Processing /home/airflow/.local/lib/python3.7/site-packages/airflow/example_dags/example_short_circuit_operator.py took 0.064 seconds
[2023-06-13T23:56:54.143+0000] {processor.py:157} INFO - Started process (PID=338) to work on /home/airflow/.local/lib/python3.7/site-packages/airflow/example_dags/example_short_circuit_operator.py
[2023-06-13T23:56:54.145+0000] {processor.py:826} INFO - Processing file /home/airflow/.local/lib/python3.7/site-packages/airflow/example_dags/example_short_circuit_operator.py for tasks to queue
[2023-06-13T23:56:54.146+0000] {logging_mixin.py:149} INFO - [2023-06-13T23:56:54.146+0000] {dagbag.py:541} INFO - Filling up the DagBag from /home/airflow/.local/lib/python3.7/site-packages/airflow/example_dags/example_short_circuit_operator.py
[2023-06-13T23:56:54.152+0000] {processor.py:836} INFO - DAG(s) dict_keys(['example_short_circuit_operator']) retrieved from /home/airflow/.local/lib/python3.7/site-packages/airflow/example_dags/example_short_circuit_operator.py
[2023-06-13T23:56:54.176+0000] {logging_mixin.py:149} INFO - [2023-06-13T23:56:54.176+0000] {dag.py:2726} INFO - Sync 1 DAGs
[2023-06-13T23:56:54.195+0000] {logging_mixin.py:149} INFO - [2023-06-13T23:56:54.195+0000] {dag.py:3490} INFO - Setting next_dagrun for example_short_circuit_operator to 2023-06-12T23:56:54.194658+00:00, run_after=2023-06-13T23:56:54.194658+00:00
[2023-06-13T23:56:54.212+0000] {processor.py:179} INFO - Processing /home/airflow/.local/lib/python3.7/site-packages/airflow/example_dags/example_short_circuit_operator.py took 0.072 seconds
[2023-06-13T23:57:24.773+0000] {processor.py:157} INFO - Started process (PID=394) to work on /home/airflow/.local/lib/python3.7/site-packages/airflow/example_dags/example_short_circuit_operator.py
[2023-06-13T23:57:24.775+0000] {processor.py:826} INFO - Processing file /home/airflow/.local/lib/python3.7/site-packages/airflow/example_dags/example_short_circuit_operator.py for tasks to queue
[2023-06-13T23:57:24.776+0000] {logging_mixin.py:149} INFO - [2023-06-13T23:57:24.775+0000] {dagbag.py:541} INFO - Filling up the DagBag from /home/airflow/.local/lib/python3.7/site-packages/airflow/example_dags/example_short_circuit_operator.py
[2023-06-13T23:57:24.784+0000] {processor.py:836} INFO - DAG(s) dict_keys(['example_short_circuit_operator']) retrieved from /home/airflow/.local/lib/python3.7/site-packages/airflow/example_dags/example_short_circuit_operator.py
[2023-06-13T23:57:24.808+0000] {logging_mixin.py:149} INFO - [2023-06-13T23:57:24.807+0000] {dag.py:2726} INFO - Sync 1 DAGs
[2023-06-13T23:57:24.825+0000] {logging_mixin.py:149} INFO - [2023-06-13T23:57:24.825+0000] {dag.py:3490} INFO - Setting next_dagrun for example_short_circuit_operator to 2023-06-12T23:57:24.825407+00:00, run_after=2023-06-13T23:57:24.825407+00:00
[2023-06-13T23:57:24.838+0000] {processor.py:179} INFO - Processing /home/airflow/.local/lib/python3.7/site-packages/airflow/example_dags/example_short_circuit_operator.py took 0.067 seconds
[2023-06-13T23:57:55.484+0000] {processor.py:157} INFO - Started process (PID=450) to work on /home/airflow/.local/lib/python3.7/site-packages/airflow/example_dags/example_short_circuit_operator.py
[2023-06-13T23:57:55.485+0000] {processor.py:826} INFO - Processing file /home/airflow/.local/lib/python3.7/site-packages/airflow/example_dags/example_short_circuit_operator.py for tasks to queue
[2023-06-13T23:57:55.487+0000] {logging_mixin.py:149} INFO - [2023-06-13T23:57:55.486+0000] {dagbag.py:541} INFO - Filling up the DagBag from /home/airflow/.local/lib/python3.7/site-packages/airflow/example_dags/example_short_circuit_operator.py
[2023-06-13T23:57:55.493+0000] {processor.py:836} INFO - DAG(s) dict_keys(['example_short_circuit_operator']) retrieved from /home/airflow/.local/lib/python3.7/site-packages/airflow/example_dags/example_short_circuit_operator.py
[2023-06-13T23:57:55.515+0000] {logging_mixin.py:149} INFO - [2023-06-13T23:57:55.515+0000] {dag.py:2726} INFO - Sync 1 DAGs
[2023-06-13T23:57:55.532+0000] {logging_mixin.py:149} INFO - [2023-06-13T23:57:55.532+0000] {dag.py:3490} INFO - Setting next_dagrun for example_short_circuit_operator to 2023-06-12T23:57:55.531826+00:00, run_after=2023-06-13T23:57:55.531826+00:00
[2023-06-13T23:57:55.547+0000] {processor.py:179} INFO - Processing /home/airflow/.local/lib/python3.7/site-packages/airflow/example_dags/example_short_circuit_operator.py took 0.066 seconds
[2023-06-13T23:58:26.219+0000] {processor.py:157} INFO - Started process (PID=506) to work on /home/airflow/.local/lib/python3.7/site-packages/airflow/example_dags/example_short_circuit_operator.py
[2023-06-13T23:58:26.221+0000] {processor.py:826} INFO - Processing file /home/airflow/.local/lib/python3.7/site-packages/airflow/example_dags/example_short_circuit_operator.py for tasks to queue
[2023-06-13T23:58:26.221+0000] {logging_mixin.py:149} INFO - [2023-06-13T23:58:26.221+0000] {dagbag.py:541} INFO - Filling up the DagBag from /home/airflow/.local/lib/python3.7/site-packages/airflow/example_dags/example_short_circuit_operator.py
[2023-06-13T23:58:26.228+0000] {processor.py:836} INFO - DAG(s) dict_keys(['example_short_circuit_operator']) retrieved from /home/airflow/.local/lib/python3.7/site-packages/airflow/example_dags/example_short_circuit_operator.py
[2023-06-13T23:58:26.249+0000] {logging_mixin.py:149} INFO - [2023-06-13T23:58:26.249+0000] {dag.py:2726} INFO - Sync 1 DAGs
[2023-06-13T23:58:26.266+0000] {logging_mixin.py:149} INFO - [2023-06-13T23:58:26.266+0000] {dag.py:3490} INFO - Setting next_dagrun for example_short_circuit_operator to 2023-06-12T23:58:26.265647+00:00, run_after=2023-06-13T23:58:26.265647+00:00
[2023-06-13T23:58:26.279+0000] {processor.py:179} INFO - Processing /home/airflow/.local/lib/python3.7/site-packages/airflow/example_dags/example_short_circuit_operator.py took 0.064 seconds
[2023-06-13T23:58:56.673+0000] {processor.py:157} INFO - Started process (PID=562) to work on /home/airflow/.local/lib/python3.7/site-packages/airflow/example_dags/example_short_circuit_operator.py
[2023-06-13T23:58:56.674+0000] {processor.py:826} INFO - Processing file /home/airflow/.local/lib/python3.7/site-packages/airflow/example_dags/example_short_circuit_operator.py for tasks to queue
[2023-06-13T23:58:56.675+0000] {logging_mixin.py:149} INFO - [2023-06-13T23:58:56.675+0000] {dagbag.py:541} INFO - Filling up the DagBag from /home/airflow/.local/lib/python3.7/site-packages/airflow/example_dags/example_short_circuit_operator.py
[2023-06-13T23:58:56.681+0000] {processor.py:836} INFO - DAG(s) dict_keys(['example_short_circuit_operator']) retrieved from /home/airflow/.local/lib/python3.7/site-packages/airflow/example_dags/example_short_circuit_operator.py
[2023-06-13T23:58:56.703+0000] {logging_mixin.py:149} INFO - [2023-06-13T23:58:56.703+0000] {dag.py:2726} INFO - Sync 1 DAGs
[2023-06-13T23:58:56.719+0000] {logging_mixin.py:149} INFO - [2023-06-13T23:58:56.719+0000] {dag.py:3490} INFO - Setting next_dagrun for example_short_circuit_operator to 2023-06-12T23:58:56.719174+00:00, run_after=2023-06-13T23:58:56.719174+00:00
[2023-06-13T23:58:56.732+0000] {processor.py:179} INFO - Processing /home/airflow/.local/lib/python3.7/site-packages/airflow/example_dags/example_short_circuit_operator.py took 0.062 seconds
[2023-06-13T23:59:27.318+0000] {processor.py:157} INFO - Started process (PID=617) to work on /home/airflow/.local/lib/python3.7/site-packages/airflow/example_dags/example_short_circuit_operator.py
[2023-06-13T23:59:27.320+0000] {processor.py:826} INFO - Processing file /home/airflow/.local/lib/python3.7/site-packages/airflow/example_dags/example_short_circuit_operator.py for tasks to queue
[2023-06-13T23:59:27.321+0000] {logging_mixin.py:149} INFO - [2023-06-13T23:59:27.321+0000] {dagbag.py:541} INFO - Filling up the DagBag from /home/airflow/.local/lib/python3.7/site-packages/airflow/example_dags/example_short_circuit_operator.py
[2023-06-13T23:59:27.327+0000] {processor.py:836} INFO - DAG(s) dict_keys(['example_short_circuit_operator']) retrieved from /home/airflow/.local/lib/python3.7/site-packages/airflow/example_dags/example_short_circuit_operator.py
[2023-06-13T23:59:27.348+0000] {logging_mixin.py:149} INFO - [2023-06-13T23:59:27.348+0000] {dag.py:2726} INFO - Sync 1 DAGs
[2023-06-13T23:59:27.367+0000] {logging_mixin.py:149} INFO - [2023-06-13T23:59:27.366+0000] {dag.py:3490} INFO - Setting next_dagrun for example_short_circuit_operator to 2023-06-12T23:59:27.366706+00:00, run_after=2023-06-13T23:59:27.366706+00:00
[2023-06-13T23:59:27.381+0000] {processor.py:179} INFO - Processing /home/airflow/.local/lib/python3.7/site-packages/airflow/example_dags/example_short_circuit_operator.py took 0.066 seconds
[2023-06-13T23:59:57.885+0000] {processor.py:157} INFO - Started process (PID=673) to work on /home/airflow/.local/lib/python3.7/site-packages/airflow/example_dags/example_short_circuit_operator.py
[2023-06-13T23:59:57.886+0000] {processor.py:826} INFO - Processing file /home/airflow/.local/lib/python3.7/site-packages/airflow/example_dags/example_short_circuit_operator.py for tasks to queue
[2023-06-13T23:59:57.887+0000] {logging_mixin.py:149} INFO - [2023-06-13T23:59:57.887+0000] {dagbag.py:541} INFO - Filling up the DagBag from /home/airflow/.local/lib/python3.7/site-packages/airflow/example_dags/example_short_circuit_operator.py
[2023-06-13T23:59:57.893+0000] {processor.py:836} INFO - DAG(s) dict_keys(['example_short_circuit_operator']) retrieved from /home/airflow/.local/lib/python3.7/site-packages/airflow/example_dags/example_short_circuit_operator.py
[2023-06-13T23:59:57.913+0000] {logging_mixin.py:149} INFO - [2023-06-13T23:59:57.913+0000] {dag.py:2726} INFO - Sync 1 DAGs
[2023-06-13T23:59:57.929+0000] {logging_mixin.py:149} INFO - [2023-06-13T23:59:57.929+0000] {dag.py:3490} INFO - Setting next_dagrun for example_short_circuit_operator to 2023-06-12T23:59:57.929177+00:00, run_after=2023-06-13T23:59:57.929177+00:00
[2023-06-13T23:59:57.945+0000] {processor.py:179} INFO - Processing /home/airflow/.local/lib/python3.7/site-packages/airflow/example_dags/example_short_circuit_operator.py took 0.063 seconds
