[2023-06-13T23:54:21.120+0000] {processor.py:157} INFO - Started process (PID=60) to work on /home/airflow/.local/lib/python3.7/site-packages/airflow/example_dags/example_task_group_decorator.py
[2023-06-13T23:54:21.121+0000] {processor.py:826} INFO - Processing file /home/airflow/.local/lib/python3.7/site-packages/airflow/example_dags/example_task_group_decorator.py for tasks to queue
[2023-06-13T23:54:21.122+0000] {logging_mixin.py:149} INFO - [2023-06-13T23:54:21.122+0000] {dagbag.py:541} INFO - Filling up the DagBag from /home/airflow/.local/lib/python3.7/site-packages/airflow/example_dags/example_task_group_decorator.py
[2023-06-13T23:54:21.134+0000] {processor.py:836} INFO - DAG(s) dict_keys(['example_task_group_decorator']) retrieved from /home/airflow/.local/lib/python3.7/site-packages/airflow/example_dags/example_task_group_decorator.py
[2023-06-13T23:54:21.219+0000] {logging_mixin.py:149} INFO - [2023-06-13T23:54:21.219+0000] {manager.py:504} INFO - Created Permission View: can read on DAG:example_task_group_decorator
[2023-06-13T23:54:21.228+0000] {logging_mixin.py:149} INFO - [2023-06-13T23:54:21.228+0000] {manager.py:504} INFO - Created Permission View: can delete on DAG:example_task_group_decorator
[2023-06-13T23:54:21.233+0000] {logging_mixin.py:149} INFO - [2023-06-13T23:54:21.233+0000] {manager.py:504} INFO - Created Permission View: can edit on DAG:example_task_group_decorator
[2023-06-13T23:54:21.234+0000] {logging_mixin.py:149} INFO - [2023-06-13T23:54:21.234+0000] {dag.py:2726} INFO - Sync 1 DAGs
[2023-06-13T23:54:21.245+0000] {logging_mixin.py:149} INFO - [2023-06-13T23:54:21.245+0000] {dag.py:2747} INFO - Creating ORM DAG for example_task_group_decorator
[2023-06-13T23:54:21.258+0000] {logging_mixin.py:149} INFO - [2023-06-13T23:54:21.258+0000] {dag.py:3490} INFO - Setting next_dagrun for example_task_group_decorator to 2023-06-12T23:54:21.257357+00:00, run_after=2023-06-13T23:54:21.257357+00:00
[2023-06-13T23:54:21.276+0000] {processor.py:179} INFO - Processing /home/airflow/.local/lib/python3.7/site-packages/airflow/example_dags/example_task_group_decorator.py took 0.159 seconds
[2023-06-13T23:54:51.699+0000] {processor.py:157} INFO - Started process (PID=117) to work on /home/airflow/.local/lib/python3.7/site-packages/airflow/example_dags/example_task_group_decorator.py
[2023-06-13T23:54:51.700+0000] {processor.py:826} INFO - Processing file /home/airflow/.local/lib/python3.7/site-packages/airflow/example_dags/example_task_group_decorator.py for tasks to queue
[2023-06-13T23:54:51.702+0000] {logging_mixin.py:149} INFO - [2023-06-13T23:54:51.701+0000] {dagbag.py:541} INFO - Filling up the DagBag from /home/airflow/.local/lib/python3.7/site-packages/airflow/example_dags/example_task_group_decorator.py
[2023-06-13T23:54:51.713+0000] {processor.py:836} INFO - DAG(s) dict_keys(['example_task_group_decorator']) retrieved from /home/airflow/.local/lib/python3.7/site-packages/airflow/example_dags/example_task_group_decorator.py
[2023-06-13T23:54:51.738+0000] {logging_mixin.py:149} INFO - [2023-06-13T23:54:51.738+0000] {dag.py:2726} INFO - Sync 1 DAGs
[2023-06-13T23:54:51.758+0000] {logging_mixin.py:149} INFO - [2023-06-13T23:54:51.758+0000] {dag.py:3490} INFO - Setting next_dagrun for example_task_group_decorator to 2023-06-12T23:54:51.758523+00:00, run_after=2023-06-13T23:54:51.758523+00:00
[2023-06-13T23:54:51.775+0000] {processor.py:179} INFO - Processing /home/airflow/.local/lib/python3.7/site-packages/airflow/example_dags/example_task_group_decorator.py took 0.081 seconds
[2023-06-13T23:55:22.593+0000] {processor.py:157} INFO - Started process (PID=173) to work on /home/airflow/.local/lib/python3.7/site-packages/airflow/example_dags/example_task_group_decorator.py
[2023-06-13T23:55:22.594+0000] {processor.py:826} INFO - Processing file /home/airflow/.local/lib/python3.7/site-packages/airflow/example_dags/example_task_group_decorator.py for tasks to queue
[2023-06-13T23:55:22.595+0000] {logging_mixin.py:149} INFO - [2023-06-13T23:55:22.595+0000] {dagbag.py:541} INFO - Filling up the DagBag from /home/airflow/.local/lib/python3.7/site-packages/airflow/example_dags/example_task_group_decorator.py
[2023-06-13T23:55:22.605+0000] {processor.py:836} INFO - DAG(s) dict_keys(['example_task_group_decorator']) retrieved from /home/airflow/.local/lib/python3.7/site-packages/airflow/example_dags/example_task_group_decorator.py
[2023-06-13T23:55:22.627+0000] {logging_mixin.py:149} INFO - [2023-06-13T23:55:22.627+0000] {dag.py:2726} INFO - Sync 1 DAGs
[2023-06-13T23:55:22.645+0000] {logging_mixin.py:149} INFO - [2023-06-13T23:55:22.645+0000] {dag.py:3490} INFO - Setting next_dagrun for example_task_group_decorator to 2023-06-12T23:55:22.645282+00:00, run_after=2023-06-13T23:55:22.645282+00:00
[2023-06-13T23:55:22.660+0000] {processor.py:179} INFO - Processing /home/airflow/.local/lib/python3.7/site-packages/airflow/example_dags/example_task_group_decorator.py took 0.070 seconds
[2023-06-13T23:55:53.130+0000] {processor.py:157} INFO - Started process (PID=229) to work on /home/airflow/.local/lib/python3.7/site-packages/airflow/example_dags/example_task_group_decorator.py
[2023-06-13T23:55:53.131+0000] {processor.py:826} INFO - Processing file /home/airflow/.local/lib/python3.7/site-packages/airflow/example_dags/example_task_group_decorator.py for tasks to queue
[2023-06-13T23:55:53.132+0000] {logging_mixin.py:149} INFO - [2023-06-13T23:55:53.131+0000] {dagbag.py:541} INFO - Filling up the DagBag from /home/airflow/.local/lib/python3.7/site-packages/airflow/example_dags/example_task_group_decorator.py
[2023-06-13T23:55:53.141+0000] {processor.py:836} INFO - DAG(s) dict_keys(['example_task_group_decorator']) retrieved from /home/airflow/.local/lib/python3.7/site-packages/airflow/example_dags/example_task_group_decorator.py
[2023-06-13T23:55:53.165+0000] {logging_mixin.py:149} INFO - [2023-06-13T23:55:53.164+0000] {dag.py:2726} INFO - Sync 1 DAGs
[2023-06-13T23:55:53.183+0000] {logging_mixin.py:149} INFO - [2023-06-13T23:55:53.182+0000] {dag.py:3490} INFO - Setting next_dagrun for example_task_group_decorator to 2023-06-12T23:55:53.182651+00:00, run_after=2023-06-13T23:55:53.182651+00:00
[2023-06-13T23:55:53.196+0000] {processor.py:179} INFO - Processing /home/airflow/.local/lib/python3.7/site-packages/airflow/example_dags/example_task_group_decorator.py took 0.069 seconds
[2023-06-13T23:56:23.681+0000] {processor.py:157} INFO - Started process (PID=285) to work on /home/airflow/.local/lib/python3.7/site-packages/airflow/example_dags/example_task_group_decorator.py
[2023-06-13T23:56:23.683+0000] {processor.py:826} INFO - Processing file /home/airflow/.local/lib/python3.7/site-packages/airflow/example_dags/example_task_group_decorator.py for tasks to queue
[2023-06-13T23:56:23.683+0000] {logging_mixin.py:149} INFO - [2023-06-13T23:56:23.683+0000] {dagbag.py:541} INFO - Filling up the DagBag from /home/airflow/.local/lib/python3.7/site-packages/airflow/example_dags/example_task_group_decorator.py
[2023-06-13T23:56:23.693+0000] {processor.py:836} INFO - DAG(s) dict_keys(['example_task_group_decorator']) retrieved from /home/airflow/.local/lib/python3.7/site-packages/airflow/example_dags/example_task_group_decorator.py
[2023-06-13T23:56:23.728+0000] {logging_mixin.py:149} INFO - [2023-06-13T23:56:23.728+0000] {dag.py:2726} INFO - Sync 1 DAGs
[2023-06-13T23:56:23.762+0000] {logging_mixin.py:149} INFO - [2023-06-13T23:56:23.762+0000] {dag.py:3490} INFO - Setting next_dagrun for example_task_group_decorator to 2023-06-12T23:56:23.762352+00:00, run_after=2023-06-13T23:56:23.762352+00:00
[2023-06-13T23:56:23.780+0000] {processor.py:179} INFO - Processing /home/airflow/.local/lib/python3.7/site-packages/airflow/example_dags/example_task_group_decorator.py took 0.101 seconds
[2023-06-13T23:56:54.329+0000] {processor.py:157} INFO - Started process (PID=341) to work on /home/airflow/.local/lib/python3.7/site-packages/airflow/example_dags/example_task_group_decorator.py
[2023-06-13T23:56:54.330+0000] {processor.py:826} INFO - Processing file /home/airflow/.local/lib/python3.7/site-packages/airflow/example_dags/example_task_group_decorator.py for tasks to queue
[2023-06-13T23:56:54.332+0000] {logging_mixin.py:149} INFO - [2023-06-13T23:56:54.332+0000] {dagbag.py:541} INFO - Filling up the DagBag from /home/airflow/.local/lib/python3.7/site-packages/airflow/example_dags/example_task_group_decorator.py
[2023-06-13T23:56:54.342+0000] {processor.py:836} INFO - DAG(s) dict_keys(['example_task_group_decorator']) retrieved from /home/airflow/.local/lib/python3.7/site-packages/airflow/example_dags/example_task_group_decorator.py
[2023-06-13T23:56:54.368+0000] {logging_mixin.py:149} INFO - [2023-06-13T23:56:54.367+0000] {dag.py:2726} INFO - Sync 1 DAGs
[2023-06-13T23:56:54.385+0000] {logging_mixin.py:149} INFO - [2023-06-13T23:56:54.385+0000] {dag.py:3490} INFO - Setting next_dagrun for example_task_group_decorator to 2023-06-12T23:56:54.384621+00:00, run_after=2023-06-13T23:56:54.384621+00:00
[2023-06-13T23:56:54.416+0000] {processor.py:179} INFO - Processing /home/airflow/.local/lib/python3.7/site-packages/airflow/example_dags/example_task_group_decorator.py took 0.090 seconds
[2023-06-13T23:57:24.952+0000] {processor.py:157} INFO - Started process (PID=397) to work on /home/airflow/.local/lib/python3.7/site-packages/airflow/example_dags/example_task_group_decorator.py
[2023-06-13T23:57:24.953+0000] {processor.py:826} INFO - Processing file /home/airflow/.local/lib/python3.7/site-packages/airflow/example_dags/example_task_group_decorator.py for tasks to queue
[2023-06-13T23:57:24.954+0000] {logging_mixin.py:149} INFO - [2023-06-13T23:57:24.954+0000] {dagbag.py:541} INFO - Filling up the DagBag from /home/airflow/.local/lib/python3.7/site-packages/airflow/example_dags/example_task_group_decorator.py
[2023-06-13T23:57:24.964+0000] {processor.py:836} INFO - DAG(s) dict_keys(['example_task_group_decorator']) retrieved from /home/airflow/.local/lib/python3.7/site-packages/airflow/example_dags/example_task_group_decorator.py
[2023-06-13T23:57:24.988+0000] {logging_mixin.py:149} INFO - [2023-06-13T23:57:24.988+0000] {dag.py:2726} INFO - Sync 1 DAGs
[2023-06-13T23:57:25.006+0000] {logging_mixin.py:149} INFO - [2023-06-13T23:57:25.006+0000] {dag.py:3490} INFO - Setting next_dagrun for example_task_group_decorator to 2023-06-12T23:57:25.006603+00:00, run_after=2023-06-13T23:57:25.006603+00:00
[2023-06-13T23:57:25.019+0000] {processor.py:179} INFO - Processing /home/airflow/.local/lib/python3.7/site-packages/airflow/example_dags/example_task_group_decorator.py took 0.070 seconds
[2023-06-13T23:57:55.673+0000] {processor.py:157} INFO - Started process (PID=453) to work on /home/airflow/.local/lib/python3.7/site-packages/airflow/example_dags/example_task_group_decorator.py
[2023-06-13T23:57:55.674+0000] {processor.py:826} INFO - Processing file /home/airflow/.local/lib/python3.7/site-packages/airflow/example_dags/example_task_group_decorator.py for tasks to queue
[2023-06-13T23:57:55.675+0000] {logging_mixin.py:149} INFO - [2023-06-13T23:57:55.675+0000] {dagbag.py:541} INFO - Filling up the DagBag from /home/airflow/.local/lib/python3.7/site-packages/airflow/example_dags/example_task_group_decorator.py
[2023-06-13T23:57:55.685+0000] {processor.py:836} INFO - DAG(s) dict_keys(['example_task_group_decorator']) retrieved from /home/airflow/.local/lib/python3.7/site-packages/airflow/example_dags/example_task_group_decorator.py
[2023-06-13T23:57:55.710+0000] {logging_mixin.py:149} INFO - [2023-06-13T23:57:55.710+0000] {dag.py:2726} INFO - Sync 1 DAGs
[2023-06-13T23:57:55.729+0000] {logging_mixin.py:149} INFO - [2023-06-13T23:57:55.729+0000] {dag.py:3490} INFO - Setting next_dagrun for example_task_group_decorator to 2023-06-12T23:57:55.728773+00:00, run_after=2023-06-13T23:57:55.728773+00:00
[2023-06-13T23:57:55.743+0000] {processor.py:179} INFO - Processing /home/airflow/.local/lib/python3.7/site-packages/airflow/example_dags/example_task_group_decorator.py took 0.073 seconds
[2023-06-13T23:58:26.382+0000] {processor.py:157} INFO - Started process (PID=509) to work on /home/airflow/.local/lib/python3.7/site-packages/airflow/example_dags/example_task_group_decorator.py
[2023-06-13T23:58:26.383+0000] {processor.py:826} INFO - Processing file /home/airflow/.local/lib/python3.7/site-packages/airflow/example_dags/example_task_group_decorator.py for tasks to queue
[2023-06-13T23:58:26.385+0000] {logging_mixin.py:149} INFO - [2023-06-13T23:58:26.384+0000] {dagbag.py:541} INFO - Filling up the DagBag from /home/airflow/.local/lib/python3.7/site-packages/airflow/example_dags/example_task_group_decorator.py
[2023-06-13T23:58:26.394+0000] {processor.py:836} INFO - DAG(s) dict_keys(['example_task_group_decorator']) retrieved from /home/airflow/.local/lib/python3.7/site-packages/airflow/example_dags/example_task_group_decorator.py
[2023-06-13T23:58:26.417+0000] {logging_mixin.py:149} INFO - [2023-06-13T23:58:26.417+0000] {dag.py:2726} INFO - Sync 1 DAGs
[2023-06-13T23:58:26.436+0000] {logging_mixin.py:149} INFO - [2023-06-13T23:58:26.436+0000] {dag.py:3490} INFO - Setting next_dagrun for example_task_group_decorator to 2023-06-12T23:58:26.435822+00:00, run_after=2023-06-13T23:58:26.435822+00:00
[2023-06-13T23:58:26.453+0000] {processor.py:179} INFO - Processing /home/airflow/.local/lib/python3.7/site-packages/airflow/example_dags/example_task_group_decorator.py took 0.074 seconds
[2023-06-13T23:58:56.837+0000] {processor.py:157} INFO - Started process (PID=565) to work on /home/airflow/.local/lib/python3.7/site-packages/airflow/example_dags/example_task_group_decorator.py
[2023-06-13T23:58:56.839+0000] {processor.py:826} INFO - Processing file /home/airflow/.local/lib/python3.7/site-packages/airflow/example_dags/example_task_group_decorator.py for tasks to queue
[2023-06-13T23:58:56.840+0000] {logging_mixin.py:149} INFO - [2023-06-13T23:58:56.840+0000] {dagbag.py:541} INFO - Filling up the DagBag from /home/airflow/.local/lib/python3.7/site-packages/airflow/example_dags/example_task_group_decorator.py
[2023-06-13T23:58:56.850+0000] {processor.py:836} INFO - DAG(s) dict_keys(['example_task_group_decorator']) retrieved from /home/airflow/.local/lib/python3.7/site-packages/airflow/example_dags/example_task_group_decorator.py
[2023-06-13T23:58:56.875+0000] {logging_mixin.py:149} INFO - [2023-06-13T23:58:56.874+0000] {dag.py:2726} INFO - Sync 1 DAGs
[2023-06-13T23:58:56.892+0000] {logging_mixin.py:149} INFO - [2023-06-13T23:58:56.892+0000] {dag.py:3490} INFO - Setting next_dagrun for example_task_group_decorator to 2023-06-12T23:58:56.892512+00:00, run_after=2023-06-13T23:58:56.892512+00:00
[2023-06-13T23:58:56.907+0000] {processor.py:179} INFO - Processing /home/airflow/.local/lib/python3.7/site-packages/airflow/example_dags/example_task_group_decorator.py took 0.072 seconds
[2023-06-13T23:59:27.524+0000] {processor.py:157} INFO - Started process (PID=620) to work on /home/airflow/.local/lib/python3.7/site-packages/airflow/example_dags/example_task_group_decorator.py
[2023-06-13T23:59:27.525+0000] {processor.py:826} INFO - Processing file /home/airflow/.local/lib/python3.7/site-packages/airflow/example_dags/example_task_group_decorator.py for tasks to queue
[2023-06-13T23:59:27.527+0000] {logging_mixin.py:149} INFO - [2023-06-13T23:59:27.527+0000] {dagbag.py:541} INFO - Filling up the DagBag from /home/airflow/.local/lib/python3.7/site-packages/airflow/example_dags/example_task_group_decorator.py
[2023-06-13T23:59:27.544+0000] {processor.py:836} INFO - DAG(s) dict_keys(['example_task_group_decorator']) retrieved from /home/airflow/.local/lib/python3.7/site-packages/airflow/example_dags/example_task_group_decorator.py
[2023-06-13T23:59:27.587+0000] {logging_mixin.py:149} INFO - [2023-06-13T23:59:27.586+0000] {dag.py:2726} INFO - Sync 1 DAGs
[2023-06-13T23:59:27.611+0000] {logging_mixin.py:149} INFO - [2023-06-13T23:59:27.611+0000] {dag.py:3490} INFO - Setting next_dagrun for example_task_group_decorator to 2023-06-12T23:59:27.610750+00:00, run_after=2023-06-13T23:59:27.610750+00:00
[2023-06-13T23:59:27.630+0000] {processor.py:179} INFO - Processing /home/airflow/.local/lib/python3.7/site-packages/airflow/example_dags/example_task_group_decorator.py took 0.110 seconds
[2023-06-13T23:59:58.056+0000] {processor.py:157} INFO - Started process (PID=676) to work on /home/airflow/.local/lib/python3.7/site-packages/airflow/example_dags/example_task_group_decorator.py
[2023-06-13T23:59:58.057+0000] {processor.py:826} INFO - Processing file /home/airflow/.local/lib/python3.7/site-packages/airflow/example_dags/example_task_group_decorator.py for tasks to queue
[2023-06-13T23:59:58.058+0000] {logging_mixin.py:149} INFO - [2023-06-13T23:59:58.058+0000] {dagbag.py:541} INFO - Filling up the DagBag from /home/airflow/.local/lib/python3.7/site-packages/airflow/example_dags/example_task_group_decorator.py
[2023-06-13T23:59:58.067+0000] {processor.py:836} INFO - DAG(s) dict_keys(['example_task_group_decorator']) retrieved from /home/airflow/.local/lib/python3.7/site-packages/airflow/example_dags/example_task_group_decorator.py
[2023-06-13T23:59:58.091+0000] {logging_mixin.py:149} INFO - [2023-06-13T23:59:58.091+0000] {dag.py:2726} INFO - Sync 1 DAGs
[2023-06-13T23:59:58.109+0000] {logging_mixin.py:149} INFO - [2023-06-13T23:59:58.109+0000] {dag.py:3490} INFO - Setting next_dagrun for example_task_group_decorator to 2023-06-12T23:59:58.109562+00:00, run_after=2023-06-13T23:59:58.109562+00:00
[2023-06-13T23:59:58.122+0000] {processor.py:179} INFO - Processing /home/airflow/.local/lib/python3.7/site-packages/airflow/example_dags/example_task_group_decorator.py took 0.069 seconds
