[2023-06-13T23:54:21.919+0000] {processor.py:157} INFO - Started process (PID=67) to work on /home/airflow/.local/lib/python3.7/site-packages/airflow/example_dags/example_local_kubernetes_executor.py
[2023-06-13T23:54:21.921+0000] {processor.py:826} INFO - Processing file /home/airflow/.local/lib/python3.7/site-packages/airflow/example_dags/example_local_kubernetes_executor.py for tasks to queue
[2023-06-13T23:54:21.922+0000] {logging_mixin.py:149} INFO - [2023-06-13T23:54:21.922+0000] {dagbag.py:541} INFO - Filling up the DagBag from /home/airflow/.local/lib/python3.7/site-packages/airflow/example_dags/example_local_kubernetes_executor.py
[2023-06-13T23:54:22.630+0000] {processor.py:836} INFO - DAG(s) dict_keys(['example_local_kubernetes_executor']) retrieved from /home/airflow/.local/lib/python3.7/site-packages/airflow/example_dags/example_local_kubernetes_executor.py
[2023-06-13T23:54:22.742+0000] {logging_mixin.py:149} INFO - [2023-06-13T23:54:22.742+0000] {manager.py:504} INFO - Created Permission View: can read on DAG:example_local_kubernetes_executor
[2023-06-13T23:54:22.750+0000] {logging_mixin.py:149} INFO - [2023-06-13T23:54:22.750+0000] {manager.py:504} INFO - Created Permission View: can delete on DAG:example_local_kubernetes_executor
[2023-06-13T23:54:22.760+0000] {logging_mixin.py:149} INFO - [2023-06-13T23:54:22.760+0000] {manager.py:504} INFO - Created Permission View: can edit on DAG:example_local_kubernetes_executor
[2023-06-13T23:54:22.761+0000] {logging_mixin.py:149} INFO - [2023-06-13T23:54:22.761+0000] {dag.py:2726} INFO - Sync 1 DAGs
[2023-06-13T23:54:22.776+0000] {logging_mixin.py:149} INFO - [2023-06-13T23:54:22.776+0000] {dag.py:2747} INFO - Creating ORM DAG for example_local_kubernetes_executor
[2023-06-13T23:54:22.791+0000] {logging_mixin.py:149} INFO - [2023-06-13T23:54:22.791+0000] {dag.py:3490} INFO - Setting next_dagrun for example_local_kubernetes_executor to None, run_after=None
[2023-06-13T23:54:22.803+0000] {processor.py:179} INFO - Processing /home/airflow/.local/lib/python3.7/site-packages/airflow/example_dags/example_local_kubernetes_executor.py took 0.887 seconds
[2023-06-13T23:54:53.070+0000] {processor.py:157} INFO - Started process (PID=124) to work on /home/airflow/.local/lib/python3.7/site-packages/airflow/example_dags/example_local_kubernetes_executor.py
[2023-06-13T23:54:53.072+0000] {processor.py:826} INFO - Processing file /home/airflow/.local/lib/python3.7/site-packages/airflow/example_dags/example_local_kubernetes_executor.py for tasks to queue
[2023-06-13T23:54:53.073+0000] {logging_mixin.py:149} INFO - [2023-06-13T23:54:53.073+0000] {dagbag.py:541} INFO - Filling up the DagBag from /home/airflow/.local/lib/python3.7/site-packages/airflow/example_dags/example_local_kubernetes_executor.py
[2023-06-13T23:54:53.295+0000] {processor.py:836} INFO - DAG(s) dict_keys(['example_local_kubernetes_executor']) retrieved from /home/airflow/.local/lib/python3.7/site-packages/airflow/example_dags/example_local_kubernetes_executor.py
[2023-06-13T23:54:53.325+0000] {logging_mixin.py:149} INFO - [2023-06-13T23:54:53.325+0000] {dag.py:2726} INFO - Sync 1 DAGs
[2023-06-13T23:54:53.342+0000] {logging_mixin.py:149} INFO - [2023-06-13T23:54:53.342+0000] {dag.py:3490} INFO - Setting next_dagrun for example_local_kubernetes_executor to None, run_after=None
[2023-06-13T23:54:53.354+0000] {processor.py:179} INFO - Processing /home/airflow/.local/lib/python3.7/site-packages/airflow/example_dags/example_local_kubernetes_executor.py took 0.288 seconds
[2023-06-13T23:55:23.930+0000] {processor.py:157} INFO - Started process (PID=180) to work on /home/airflow/.local/lib/python3.7/site-packages/airflow/example_dags/example_local_kubernetes_executor.py
[2023-06-13T23:55:23.933+0000] {processor.py:826} INFO - Processing file /home/airflow/.local/lib/python3.7/site-packages/airflow/example_dags/example_local_kubernetes_executor.py for tasks to queue
[2023-06-13T23:55:23.934+0000] {logging_mixin.py:149} INFO - [2023-06-13T23:55:23.934+0000] {dagbag.py:541} INFO - Filling up the DagBag from /home/airflow/.local/lib/python3.7/site-packages/airflow/example_dags/example_local_kubernetes_executor.py
[2023-06-13T23:55:24.065+0000] {processor.py:836} INFO - DAG(s) dict_keys(['example_local_kubernetes_executor']) retrieved from /home/airflow/.local/lib/python3.7/site-packages/airflow/example_dags/example_local_kubernetes_executor.py
[2023-06-13T23:55:24.090+0000] {logging_mixin.py:149} INFO - [2023-06-13T23:55:24.090+0000] {dag.py:2726} INFO - Sync 1 DAGs
[2023-06-13T23:55:24.107+0000] {logging_mixin.py:149} INFO - [2023-06-13T23:55:24.107+0000] {dag.py:3490} INFO - Setting next_dagrun for example_local_kubernetes_executor to None, run_after=None
[2023-06-13T23:55:24.120+0000] {processor.py:179} INFO - Processing /home/airflow/.local/lib/python3.7/site-packages/airflow/example_dags/example_local_kubernetes_executor.py took 0.193 seconds
[2023-06-13T23:55:54.492+0000] {processor.py:157} INFO - Started process (PID=236) to work on /home/airflow/.local/lib/python3.7/site-packages/airflow/example_dags/example_local_kubernetes_executor.py
[2023-06-13T23:55:54.497+0000] {processor.py:826} INFO - Processing file /home/airflow/.local/lib/python3.7/site-packages/airflow/example_dags/example_local_kubernetes_executor.py for tasks to queue
[2023-06-13T23:55:54.499+0000] {logging_mixin.py:149} INFO - [2023-06-13T23:55:54.499+0000] {dagbag.py:541} INFO - Filling up the DagBag from /home/airflow/.local/lib/python3.7/site-packages/airflow/example_dags/example_local_kubernetes_executor.py
[2023-06-13T23:55:54.650+0000] {processor.py:836} INFO - DAG(s) dict_keys(['example_local_kubernetes_executor']) retrieved from /home/airflow/.local/lib/python3.7/site-packages/airflow/example_dags/example_local_kubernetes_executor.py
[2023-06-13T23:55:54.708+0000] {logging_mixin.py:149} INFO - [2023-06-13T23:55:54.708+0000] {dag.py:2726} INFO - Sync 1 DAGs
[2023-06-13T23:55:54.732+0000] {logging_mixin.py:149} INFO - [2023-06-13T23:55:54.732+0000] {dag.py:3490} INFO - Setting next_dagrun for example_local_kubernetes_executor to None, run_after=None
[2023-06-13T23:55:54.756+0000] {processor.py:179} INFO - Processing /home/airflow/.local/lib/python3.7/site-packages/airflow/example_dags/example_local_kubernetes_executor.py took 0.266 seconds
[2023-06-13T23:56:25.078+0000] {processor.py:157} INFO - Started process (PID=292) to work on /home/airflow/.local/lib/python3.7/site-packages/airflow/example_dags/example_local_kubernetes_executor.py
[2023-06-13T23:56:25.080+0000] {processor.py:826} INFO - Processing file /home/airflow/.local/lib/python3.7/site-packages/airflow/example_dags/example_local_kubernetes_executor.py for tasks to queue
[2023-06-13T23:56:25.080+0000] {logging_mixin.py:149} INFO - [2023-06-13T23:56:25.080+0000] {dagbag.py:541} INFO - Filling up the DagBag from /home/airflow/.local/lib/python3.7/site-packages/airflow/example_dags/example_local_kubernetes_executor.py
[2023-06-13T23:56:25.217+0000] {processor.py:836} INFO - DAG(s) dict_keys(['example_local_kubernetes_executor']) retrieved from /home/airflow/.local/lib/python3.7/site-packages/airflow/example_dags/example_local_kubernetes_executor.py
[2023-06-13T23:56:25.252+0000] {logging_mixin.py:149} INFO - [2023-06-13T23:56:25.252+0000] {dag.py:2726} INFO - Sync 1 DAGs
[2023-06-13T23:56:25.269+0000] {logging_mixin.py:149} INFO - [2023-06-13T23:56:25.269+0000] {dag.py:3490} INFO - Setting next_dagrun for example_local_kubernetes_executor to None, run_after=None
[2023-06-13T23:56:25.283+0000] {processor.py:179} INFO - Processing /home/airflow/.local/lib/python3.7/site-packages/airflow/example_dags/example_local_kubernetes_executor.py took 0.208 seconds
[2023-06-13T23:56:55.694+0000] {processor.py:157} INFO - Started process (PID=348) to work on /home/airflow/.local/lib/python3.7/site-packages/airflow/example_dags/example_local_kubernetes_executor.py
[2023-06-13T23:56:55.699+0000] {processor.py:826} INFO - Processing file /home/airflow/.local/lib/python3.7/site-packages/airflow/example_dags/example_local_kubernetes_executor.py for tasks to queue
[2023-06-13T23:56:55.700+0000] {logging_mixin.py:149} INFO - [2023-06-13T23:56:55.700+0000] {dagbag.py:541} INFO - Filling up the DagBag from /home/airflow/.local/lib/python3.7/site-packages/airflow/example_dags/example_local_kubernetes_executor.py
[2023-06-13T23:56:55.833+0000] {processor.py:836} INFO - DAG(s) dict_keys(['example_local_kubernetes_executor']) retrieved from /home/airflow/.local/lib/python3.7/site-packages/airflow/example_dags/example_local_kubernetes_executor.py
[2023-06-13T23:56:55.861+0000] {logging_mixin.py:149} INFO - [2023-06-13T23:56:55.861+0000] {dag.py:2726} INFO - Sync 1 DAGs
[2023-06-13T23:56:55.878+0000] {logging_mixin.py:149} INFO - [2023-06-13T23:56:55.878+0000] {dag.py:3490} INFO - Setting next_dagrun for example_local_kubernetes_executor to None, run_after=None
[2023-06-13T23:56:55.894+0000] {processor.py:179} INFO - Processing /home/airflow/.local/lib/python3.7/site-packages/airflow/example_dags/example_local_kubernetes_executor.py took 0.203 seconds
[2023-06-13T23:57:26.331+0000] {processor.py:157} INFO - Started process (PID=404) to work on /home/airflow/.local/lib/python3.7/site-packages/airflow/example_dags/example_local_kubernetes_executor.py
[2023-06-13T23:57:26.336+0000] {processor.py:826} INFO - Processing file /home/airflow/.local/lib/python3.7/site-packages/airflow/example_dags/example_local_kubernetes_executor.py for tasks to queue
[2023-06-13T23:57:26.338+0000] {logging_mixin.py:149} INFO - [2023-06-13T23:57:26.338+0000] {dagbag.py:541} INFO - Filling up the DagBag from /home/airflow/.local/lib/python3.7/site-packages/airflow/example_dags/example_local_kubernetes_executor.py
[2023-06-13T23:57:26.488+0000] {processor.py:836} INFO - DAG(s) dict_keys(['example_local_kubernetes_executor']) retrieved from /home/airflow/.local/lib/python3.7/site-packages/airflow/example_dags/example_local_kubernetes_executor.py
[2023-06-13T23:57:26.517+0000] {logging_mixin.py:149} INFO - [2023-06-13T23:57:26.517+0000] {dag.py:2726} INFO - Sync 1 DAGs
[2023-06-13T23:57:26.536+0000] {logging_mixin.py:149} INFO - [2023-06-13T23:57:26.536+0000] {dag.py:3490} INFO - Setting next_dagrun for example_local_kubernetes_executor to None, run_after=None
[2023-06-13T23:57:26.548+0000] {processor.py:179} INFO - Processing /home/airflow/.local/lib/python3.7/site-packages/airflow/example_dags/example_local_kubernetes_executor.py took 0.221 seconds
[2023-06-13T23:57:57.073+0000] {processor.py:157} INFO - Started process (PID=460) to work on /home/airflow/.local/lib/python3.7/site-packages/airflow/example_dags/example_local_kubernetes_executor.py
[2023-06-13T23:57:57.075+0000] {processor.py:826} INFO - Processing file /home/airflow/.local/lib/python3.7/site-packages/airflow/example_dags/example_local_kubernetes_executor.py for tasks to queue
[2023-06-13T23:57:57.076+0000] {logging_mixin.py:149} INFO - [2023-06-13T23:57:57.076+0000] {dagbag.py:541} INFO - Filling up the DagBag from /home/airflow/.local/lib/python3.7/site-packages/airflow/example_dags/example_local_kubernetes_executor.py
[2023-06-13T23:57:57.217+0000] {processor.py:836} INFO - DAG(s) dict_keys(['example_local_kubernetes_executor']) retrieved from /home/airflow/.local/lib/python3.7/site-packages/airflow/example_dags/example_local_kubernetes_executor.py
[2023-06-13T23:57:57.263+0000] {logging_mixin.py:149} INFO - [2023-06-13T23:57:57.263+0000] {dag.py:2726} INFO - Sync 1 DAGs
[2023-06-13T23:57:57.285+0000] {logging_mixin.py:149} INFO - [2023-06-13T23:57:57.285+0000] {dag.py:3490} INFO - Setting next_dagrun for example_local_kubernetes_executor to None, run_after=None
[2023-06-13T23:57:57.308+0000] {processor.py:179} INFO - Processing /home/airflow/.local/lib/python3.7/site-packages/airflow/example_dags/example_local_kubernetes_executor.py took 0.238 seconds
[2023-06-13T23:58:27.793+0000] {processor.py:157} INFO - Started process (PID=516) to work on /home/airflow/.local/lib/python3.7/site-packages/airflow/example_dags/example_local_kubernetes_executor.py
[2023-06-13T23:58:27.795+0000] {processor.py:826} INFO - Processing file /home/airflow/.local/lib/python3.7/site-packages/airflow/example_dags/example_local_kubernetes_executor.py for tasks to queue
[2023-06-13T23:58:27.797+0000] {logging_mixin.py:149} INFO - [2023-06-13T23:58:27.797+0000] {dagbag.py:541} INFO - Filling up the DagBag from /home/airflow/.local/lib/python3.7/site-packages/airflow/example_dags/example_local_kubernetes_executor.py
[2023-06-13T23:58:27.929+0000] {processor.py:836} INFO - DAG(s) dict_keys(['example_local_kubernetes_executor']) retrieved from /home/airflow/.local/lib/python3.7/site-packages/airflow/example_dags/example_local_kubernetes_executor.py
[2023-06-13T23:58:27.960+0000] {logging_mixin.py:149} INFO - [2023-06-13T23:58:27.960+0000] {dag.py:2726} INFO - Sync 1 DAGs
[2023-06-13T23:58:27.978+0000] {logging_mixin.py:149} INFO - [2023-06-13T23:58:27.978+0000] {dag.py:3490} INFO - Setting next_dagrun for example_local_kubernetes_executor to None, run_after=None
[2023-06-13T23:58:27.992+0000] {processor.py:179} INFO - Processing /home/airflow/.local/lib/python3.7/site-packages/airflow/example_dags/example_local_kubernetes_executor.py took 0.202 seconds
[2023-06-13T23:58:58.179+0000] {processor.py:157} INFO - Started process (PID=572) to work on /home/airflow/.local/lib/python3.7/site-packages/airflow/example_dags/example_local_kubernetes_executor.py
[2023-06-13T23:58:58.181+0000] {processor.py:826} INFO - Processing file /home/airflow/.local/lib/python3.7/site-packages/airflow/example_dags/example_local_kubernetes_executor.py for tasks to queue
[2023-06-13T23:58:58.182+0000] {logging_mixin.py:149} INFO - [2023-06-13T23:58:58.182+0000] {dagbag.py:541} INFO - Filling up the DagBag from /home/airflow/.local/lib/python3.7/site-packages/airflow/example_dags/example_local_kubernetes_executor.py
[2023-06-13T23:58:58.303+0000] {processor.py:836} INFO - DAG(s) dict_keys(['example_local_kubernetes_executor']) retrieved from /home/airflow/.local/lib/python3.7/site-packages/airflow/example_dags/example_local_kubernetes_executor.py
[2023-06-13T23:58:58.330+0000] {logging_mixin.py:149} INFO - [2023-06-13T23:58:58.330+0000] {dag.py:2726} INFO - Sync 1 DAGs
[2023-06-13T23:58:58.347+0000] {logging_mixin.py:149} INFO - [2023-06-13T23:58:58.347+0000] {dag.py:3490} INFO - Setting next_dagrun for example_local_kubernetes_executor to None, run_after=None
[2023-06-13T23:58:58.359+0000] {processor.py:179} INFO - Processing /home/airflow/.local/lib/python3.7/site-packages/airflow/example_dags/example_local_kubernetes_executor.py took 0.185 seconds
[2023-06-13T23:59:28.951+0000] {processor.py:157} INFO - Started process (PID=627) to work on /home/airflow/.local/lib/python3.7/site-packages/airflow/example_dags/example_local_kubernetes_executor.py
[2023-06-13T23:59:28.953+0000] {processor.py:826} INFO - Processing file /home/airflow/.local/lib/python3.7/site-packages/airflow/example_dags/example_local_kubernetes_executor.py for tasks to queue
[2023-06-13T23:59:28.954+0000] {logging_mixin.py:149} INFO - [2023-06-13T23:59:28.954+0000] {dagbag.py:541} INFO - Filling up the DagBag from /home/airflow/.local/lib/python3.7/site-packages/airflow/example_dags/example_local_kubernetes_executor.py
[2023-06-13T23:59:29.099+0000] {processor.py:836} INFO - DAG(s) dict_keys(['example_local_kubernetes_executor']) retrieved from /home/airflow/.local/lib/python3.7/site-packages/airflow/example_dags/example_local_kubernetes_executor.py
[2023-06-13T23:59:29.127+0000] {logging_mixin.py:149} INFO - [2023-06-13T23:59:29.127+0000] {dag.py:2726} INFO - Sync 1 DAGs
[2023-06-13T23:59:29.144+0000] {logging_mixin.py:149} INFO - [2023-06-13T23:59:29.144+0000] {dag.py:3490} INFO - Setting next_dagrun for example_local_kubernetes_executor to None, run_after=None
[2023-06-13T23:59:29.157+0000] {processor.py:179} INFO - Processing /home/airflow/.local/lib/python3.7/site-packages/airflow/example_dags/example_local_kubernetes_executor.py took 0.208 seconds
[2023-06-13T23:59:59.471+0000] {processor.py:157} INFO - Started process (PID=683) to work on /home/airflow/.local/lib/python3.7/site-packages/airflow/example_dags/example_local_kubernetes_executor.py
[2023-06-13T23:59:59.473+0000] {processor.py:826} INFO - Processing file /home/airflow/.local/lib/python3.7/site-packages/airflow/example_dags/example_local_kubernetes_executor.py for tasks to queue
[2023-06-13T23:59:59.475+0000] {logging_mixin.py:149} INFO - [2023-06-13T23:59:59.474+0000] {dagbag.py:541} INFO - Filling up the DagBag from /home/airflow/.local/lib/python3.7/site-packages/airflow/example_dags/example_local_kubernetes_executor.py
[2023-06-13T23:59:59.590+0000] {processor.py:836} INFO - DAG(s) dict_keys(['example_local_kubernetes_executor']) retrieved from /home/airflow/.local/lib/python3.7/site-packages/airflow/example_dags/example_local_kubernetes_executor.py
[2023-06-13T23:59:59.619+0000] {logging_mixin.py:149} INFO - [2023-06-13T23:59:59.619+0000] {dag.py:2726} INFO - Sync 1 DAGs
[2023-06-13T23:59:59.635+0000] {logging_mixin.py:149} INFO - [2023-06-13T23:59:59.635+0000] {dag.py:3490} INFO - Setting next_dagrun for example_local_kubernetes_executor to None, run_after=None
[2023-06-13T23:59:59.649+0000] {processor.py:179} INFO - Processing /home/airflow/.local/lib/python3.7/site-packages/airflow/example_dags/example_local_kubernetes_executor.py took 0.181 seconds
