[2023-06-13T23:54:21.312+0000] {processor.py:157} INFO - Started process (PID=62) to work on /home/airflow/.local/lib/python3.7/site-packages/airflow/example_dags/example_external_task_marker_dag.py
[2023-06-13T23:54:21.314+0000] {processor.py:826} INFO - Processing file /home/airflow/.local/lib/python3.7/site-packages/airflow/example_dags/example_external_task_marker_dag.py for tasks to queue
[2023-06-13T23:54:21.315+0000] {logging_mixin.py:149} INFO - [2023-06-13T23:54:21.315+0000] {dagbag.py:541} INFO - Filling up the DagBag from /home/airflow/.local/lib/python3.7/site-packages/airflow/example_dags/example_external_task_marker_dag.py
[2023-06-13T23:54:21.322+0000] {processor.py:836} INFO - DAG(s) dict_keys(['example_external_task_marker_child', 'example_external_task_marker_parent']) retrieved from /home/airflow/.local/lib/python3.7/site-packages/airflow/example_dags/example_external_task_marker_dag.py
[2023-06-13T23:54:21.415+0000] {logging_mixin.py:149} INFO - [2023-06-13T23:54:21.415+0000] {manager.py:504} INFO - Created Permission View: can read on DAG:example_external_task_marker_child
[2023-06-13T23:54:21.421+0000] {logging_mixin.py:149} INFO - [2023-06-13T23:54:21.421+0000] {manager.py:504} INFO - Created Permission View: can delete on DAG:example_external_task_marker_child
[2023-06-13T23:54:21.426+0000] {logging_mixin.py:149} INFO - [2023-06-13T23:54:21.426+0000] {manager.py:504} INFO - Created Permission View: can edit on DAG:example_external_task_marker_child
[2023-06-13T23:54:21.436+0000] {logging_mixin.py:149} INFO - [2023-06-13T23:54:21.436+0000] {manager.py:504} INFO - Created Permission View: can read on DAG:example_external_task_marker_parent
[2023-06-13T23:54:21.440+0000] {logging_mixin.py:149} INFO - [2023-06-13T23:54:21.440+0000] {manager.py:504} INFO - Created Permission View: can delete on DAG:example_external_task_marker_parent
[2023-06-13T23:54:21.445+0000] {logging_mixin.py:149} INFO - [2023-06-13T23:54:21.444+0000] {manager.py:504} INFO - Created Permission View: can edit on DAG:example_external_task_marker_parent
[2023-06-13T23:54:21.445+0000] {logging_mixin.py:149} INFO - [2023-06-13T23:54:21.445+0000] {dag.py:2726} INFO - Sync 2 DAGs
[2023-06-13T23:54:21.454+0000] {logging_mixin.py:149} INFO - [2023-06-13T23:54:21.454+0000] {dag.py:2747} INFO - Creating ORM DAG for example_external_task_marker_parent
[2023-06-13T23:54:21.455+0000] {logging_mixin.py:149} INFO - [2023-06-13T23:54:21.455+0000] {dag.py:2747} INFO - Creating ORM DAG for example_external_task_marker_child
[2023-06-13T23:54:21.463+0000] {logging_mixin.py:149} INFO - [2023-06-13T23:54:21.463+0000] {dag.py:3490} INFO - Setting next_dagrun for example_external_task_marker_child to None, run_after=None
[2023-06-13T23:54:21.464+0000] {logging_mixin.py:149} INFO - [2023-06-13T23:54:21.464+0000] {dag.py:3490} INFO - Setting next_dagrun for example_external_task_marker_parent to None, run_after=None
[2023-06-13T23:54:21.478+0000] {processor.py:179} INFO - Processing /home/airflow/.local/lib/python3.7/site-packages/airflow/example_dags/example_external_task_marker_dag.py took 0.169 seconds
[2023-06-13T23:54:51.804+0000] {processor.py:157} INFO - Started process (PID=119) to work on /home/airflow/.local/lib/python3.7/site-packages/airflow/example_dags/example_external_task_marker_dag.py
[2023-06-13T23:54:51.806+0000] {processor.py:826} INFO - Processing file /home/airflow/.local/lib/python3.7/site-packages/airflow/example_dags/example_external_task_marker_dag.py for tasks to queue
[2023-06-13T23:54:51.807+0000] {logging_mixin.py:149} INFO - [2023-06-13T23:54:51.807+0000] {dagbag.py:541} INFO - Filling up the DagBag from /home/airflow/.local/lib/python3.7/site-packages/airflow/example_dags/example_external_task_marker_dag.py
[2023-06-13T23:54:51.812+0000] {processor.py:836} INFO - DAG(s) dict_keys(['example_external_task_marker_child', 'example_external_task_marker_parent']) retrieved from /home/airflow/.local/lib/python3.7/site-packages/airflow/example_dags/example_external_task_marker_dag.py
[2023-06-13T23:54:51.840+0000] {logging_mixin.py:149} INFO - [2023-06-13T23:54:51.840+0000] {dag.py:2726} INFO - Sync 2 DAGs
[2023-06-13T23:54:51.871+0000] {logging_mixin.py:149} INFO - [2023-06-13T23:54:51.871+0000] {dag.py:3490} INFO - Setting next_dagrun for example_external_task_marker_child to None, run_after=None
[2023-06-13T23:54:51.874+0000] {logging_mixin.py:149} INFO - [2023-06-13T23:54:51.874+0000] {dag.py:3490} INFO - Setting next_dagrun for example_external_task_marker_parent to None, run_after=None
[2023-06-13T23:54:51.894+0000] {processor.py:179} INFO - Processing /home/airflow/.local/lib/python3.7/site-packages/airflow/example_dags/example_external_task_marker_dag.py took 0.094 seconds
[2023-06-13T23:55:22.683+0000] {processor.py:157} INFO - Started process (PID=175) to work on /home/airflow/.local/lib/python3.7/site-packages/airflow/example_dags/example_external_task_marker_dag.py
[2023-06-13T23:55:22.685+0000] {processor.py:826} INFO - Processing file /home/airflow/.local/lib/python3.7/site-packages/airflow/example_dags/example_external_task_marker_dag.py for tasks to queue
[2023-06-13T23:55:22.686+0000] {logging_mixin.py:149} INFO - [2023-06-13T23:55:22.686+0000] {dagbag.py:541} INFO - Filling up the DagBag from /home/airflow/.local/lib/python3.7/site-packages/airflow/example_dags/example_external_task_marker_dag.py
[2023-06-13T23:55:22.691+0000] {processor.py:836} INFO - DAG(s) dict_keys(['example_external_task_marker_parent', 'example_external_task_marker_child']) retrieved from /home/airflow/.local/lib/python3.7/site-packages/airflow/example_dags/example_external_task_marker_dag.py
[2023-06-13T23:55:22.714+0000] {logging_mixin.py:149} INFO - [2023-06-13T23:55:22.714+0000] {dag.py:2726} INFO - Sync 2 DAGs
[2023-06-13T23:55:22.733+0000] {logging_mixin.py:149} INFO - [2023-06-13T23:55:22.733+0000] {dag.py:3490} INFO - Setting next_dagrun for example_external_task_marker_child to None, run_after=None
[2023-06-13T23:55:22.736+0000] {logging_mixin.py:149} INFO - [2023-06-13T23:55:22.736+0000] {dag.py:3490} INFO - Setting next_dagrun for example_external_task_marker_parent to None, run_after=None
[2023-06-13T23:55:22.747+0000] {processor.py:179} INFO - Processing /home/airflow/.local/lib/python3.7/site-packages/airflow/example_dags/example_external_task_marker_dag.py took 0.066 seconds
[2023-06-13T23:55:53.224+0000] {processor.py:157} INFO - Started process (PID=231) to work on /home/airflow/.local/lib/python3.7/site-packages/airflow/example_dags/example_external_task_marker_dag.py
[2023-06-13T23:55:53.230+0000] {processor.py:826} INFO - Processing file /home/airflow/.local/lib/python3.7/site-packages/airflow/example_dags/example_external_task_marker_dag.py for tasks to queue
[2023-06-13T23:55:53.232+0000] {logging_mixin.py:149} INFO - [2023-06-13T23:55:53.232+0000] {dagbag.py:541} INFO - Filling up the DagBag from /home/airflow/.local/lib/python3.7/site-packages/airflow/example_dags/example_external_task_marker_dag.py
[2023-06-13T23:55:53.239+0000] {processor.py:836} INFO - DAG(s) dict_keys(['example_external_task_marker_parent', 'example_external_task_marker_child']) retrieved from /home/airflow/.local/lib/python3.7/site-packages/airflow/example_dags/example_external_task_marker_dag.py
[2023-06-13T23:55:53.266+0000] {logging_mixin.py:149} INFO - [2023-06-13T23:55:53.265+0000] {dag.py:2726} INFO - Sync 2 DAGs
[2023-06-13T23:55:53.283+0000] {logging_mixin.py:149} INFO - [2023-06-13T23:55:53.283+0000] {dag.py:3490} INFO - Setting next_dagrun for example_external_task_marker_child to None, run_after=None
[2023-06-13T23:55:53.286+0000] {logging_mixin.py:149} INFO - [2023-06-13T23:55:53.286+0000] {dag.py:3490} INFO - Setting next_dagrun for example_external_task_marker_parent to None, run_after=None
[2023-06-13T23:55:53.299+0000] {processor.py:179} INFO - Processing /home/airflow/.local/lib/python3.7/site-packages/airflow/example_dags/example_external_task_marker_dag.py took 0.080 seconds
[2023-06-13T23:56:23.803+0000] {processor.py:157} INFO - Started process (PID=287) to work on /home/airflow/.local/lib/python3.7/site-packages/airflow/example_dags/example_external_task_marker_dag.py
[2023-06-13T23:56:23.804+0000] {processor.py:826} INFO - Processing file /home/airflow/.local/lib/python3.7/site-packages/airflow/example_dags/example_external_task_marker_dag.py for tasks to queue
[2023-06-13T23:56:23.806+0000] {logging_mixin.py:149} INFO - [2023-06-13T23:56:23.806+0000] {dagbag.py:541} INFO - Filling up the DagBag from /home/airflow/.local/lib/python3.7/site-packages/airflow/example_dags/example_external_task_marker_dag.py
[2023-06-13T23:56:23.811+0000] {processor.py:836} INFO - DAG(s) dict_keys(['example_external_task_marker_parent', 'example_external_task_marker_child']) retrieved from /home/airflow/.local/lib/python3.7/site-packages/airflow/example_dags/example_external_task_marker_dag.py
[2023-06-13T23:56:23.835+0000] {logging_mixin.py:149} INFO - [2023-06-13T23:56:23.835+0000] {dag.py:2726} INFO - Sync 2 DAGs
[2023-06-13T23:56:23.852+0000] {logging_mixin.py:149} INFO - [2023-06-13T23:56:23.852+0000] {dag.py:3490} INFO - Setting next_dagrun for example_external_task_marker_child to None, run_after=None
[2023-06-13T23:56:23.854+0000] {logging_mixin.py:149} INFO - [2023-06-13T23:56:23.854+0000] {dag.py:3490} INFO - Setting next_dagrun for example_external_task_marker_parent to None, run_after=None
[2023-06-13T23:56:23.872+0000] {processor.py:179} INFO - Processing /home/airflow/.local/lib/python3.7/site-packages/airflow/example_dags/example_external_task_marker_dag.py took 0.072 seconds
[2023-06-13T23:56:54.445+0000] {processor.py:157} INFO - Started process (PID=343) to work on /home/airflow/.local/lib/python3.7/site-packages/airflow/example_dags/example_external_task_marker_dag.py
[2023-06-13T23:56:54.446+0000] {processor.py:826} INFO - Processing file /home/airflow/.local/lib/python3.7/site-packages/airflow/example_dags/example_external_task_marker_dag.py for tasks to queue
[2023-06-13T23:56:54.447+0000] {logging_mixin.py:149} INFO - [2023-06-13T23:56:54.447+0000] {dagbag.py:541} INFO - Filling up the DagBag from /home/airflow/.local/lib/python3.7/site-packages/airflow/example_dags/example_external_task_marker_dag.py
[2023-06-13T23:56:54.453+0000] {processor.py:836} INFO - DAG(s) dict_keys(['example_external_task_marker_child', 'example_external_task_marker_parent']) retrieved from /home/airflow/.local/lib/python3.7/site-packages/airflow/example_dags/example_external_task_marker_dag.py
[2023-06-13T23:56:54.478+0000] {logging_mixin.py:149} INFO - [2023-06-13T23:56:54.478+0000] {dag.py:2726} INFO - Sync 2 DAGs
[2023-06-13T23:56:54.496+0000] {logging_mixin.py:149} INFO - [2023-06-13T23:56:54.495+0000] {dag.py:3490} INFO - Setting next_dagrun for example_external_task_marker_child to None, run_after=None
[2023-06-13T23:56:54.499+0000] {logging_mixin.py:149} INFO - [2023-06-13T23:56:54.499+0000] {dag.py:3490} INFO - Setting next_dagrun for example_external_task_marker_parent to None, run_after=None
[2023-06-13T23:56:54.509+0000] {processor.py:179} INFO - Processing /home/airflow/.local/lib/python3.7/site-packages/airflow/example_dags/example_external_task_marker_dag.py took 0.067 seconds
[2023-06-13T23:57:25.041+0000] {processor.py:157} INFO - Started process (PID=399) to work on /home/airflow/.local/lib/python3.7/site-packages/airflow/example_dags/example_external_task_marker_dag.py
[2023-06-13T23:57:25.042+0000] {processor.py:826} INFO - Processing file /home/airflow/.local/lib/python3.7/site-packages/airflow/example_dags/example_external_task_marker_dag.py for tasks to queue
[2023-06-13T23:57:25.043+0000] {logging_mixin.py:149} INFO - [2023-06-13T23:57:25.043+0000] {dagbag.py:541} INFO - Filling up the DagBag from /home/airflow/.local/lib/python3.7/site-packages/airflow/example_dags/example_external_task_marker_dag.py
[2023-06-13T23:57:25.048+0000] {processor.py:836} INFO - DAG(s) dict_keys(['example_external_task_marker_parent', 'example_external_task_marker_child']) retrieved from /home/airflow/.local/lib/python3.7/site-packages/airflow/example_dags/example_external_task_marker_dag.py
[2023-06-13T23:57:25.072+0000] {logging_mixin.py:149} INFO - [2023-06-13T23:57:25.072+0000] {dag.py:2726} INFO - Sync 2 DAGs
[2023-06-13T23:57:25.096+0000] {logging_mixin.py:149} INFO - [2023-06-13T23:57:25.096+0000] {dag.py:3490} INFO - Setting next_dagrun for example_external_task_marker_child to None, run_after=None
[2023-06-13T23:57:25.099+0000] {logging_mixin.py:149} INFO - [2023-06-13T23:57:25.099+0000] {dag.py:3490} INFO - Setting next_dagrun for example_external_task_marker_parent to None, run_after=None
[2023-06-13T23:57:25.111+0000] {processor.py:179} INFO - Processing /home/airflow/.local/lib/python3.7/site-packages/airflow/example_dags/example_external_task_marker_dag.py took 0.072 seconds
[2023-06-13T23:57:55.767+0000] {processor.py:157} INFO - Started process (PID=455) to work on /home/airflow/.local/lib/python3.7/site-packages/airflow/example_dags/example_external_task_marker_dag.py
[2023-06-13T23:57:55.769+0000] {processor.py:826} INFO - Processing file /home/airflow/.local/lib/python3.7/site-packages/airflow/example_dags/example_external_task_marker_dag.py for tasks to queue
[2023-06-13T23:57:55.771+0000] {logging_mixin.py:149} INFO - [2023-06-13T23:57:55.771+0000] {dagbag.py:541} INFO - Filling up the DagBag from /home/airflow/.local/lib/python3.7/site-packages/airflow/example_dags/example_external_task_marker_dag.py
[2023-06-13T23:57:55.776+0000] {processor.py:836} INFO - DAG(s) dict_keys(['example_external_task_marker_parent', 'example_external_task_marker_child']) retrieved from /home/airflow/.local/lib/python3.7/site-packages/airflow/example_dags/example_external_task_marker_dag.py
[2023-06-13T23:57:55.808+0000] {logging_mixin.py:149} INFO - [2023-06-13T23:57:55.808+0000] {dag.py:2726} INFO - Sync 2 DAGs
[2023-06-13T23:57:55.830+0000] {logging_mixin.py:149} INFO - [2023-06-13T23:57:55.830+0000] {dag.py:3490} INFO - Setting next_dagrun for example_external_task_marker_child to None, run_after=None
[2023-06-13T23:57:55.833+0000] {logging_mixin.py:149} INFO - [2023-06-13T23:57:55.833+0000] {dag.py:3490} INFO - Setting next_dagrun for example_external_task_marker_parent to None, run_after=None
[2023-06-13T23:57:55.846+0000] {processor.py:179} INFO - Processing /home/airflow/.local/lib/python3.7/site-packages/airflow/example_dags/example_external_task_marker_dag.py took 0.082 seconds
[2023-06-13T23:58:26.499+0000] {processor.py:157} INFO - Started process (PID=511) to work on /home/airflow/.local/lib/python3.7/site-packages/airflow/example_dags/example_external_task_marker_dag.py
[2023-06-13T23:58:26.502+0000] {processor.py:826} INFO - Processing file /home/airflow/.local/lib/python3.7/site-packages/airflow/example_dags/example_external_task_marker_dag.py for tasks to queue
[2023-06-13T23:58:26.503+0000] {logging_mixin.py:149} INFO - [2023-06-13T23:58:26.503+0000] {dagbag.py:541} INFO - Filling up the DagBag from /home/airflow/.local/lib/python3.7/site-packages/airflow/example_dags/example_external_task_marker_dag.py
[2023-06-13T23:58:26.508+0000] {processor.py:836} INFO - DAG(s) dict_keys(['example_external_task_marker_child', 'example_external_task_marker_parent']) retrieved from /home/airflow/.local/lib/python3.7/site-packages/airflow/example_dags/example_external_task_marker_dag.py
[2023-06-13T23:58:26.537+0000] {logging_mixin.py:149} INFO - [2023-06-13T23:58:26.537+0000] {dag.py:2726} INFO - Sync 2 DAGs
[2023-06-13T23:58:26.557+0000] {logging_mixin.py:149} INFO - [2023-06-13T23:58:26.556+0000] {dag.py:3490} INFO - Setting next_dagrun for example_external_task_marker_child to None, run_after=None
[2023-06-13T23:58:26.560+0000] {logging_mixin.py:149} INFO - [2023-06-13T23:58:26.560+0000] {dag.py:3490} INFO - Setting next_dagrun for example_external_task_marker_parent to None, run_after=None
[2023-06-13T23:58:26.571+0000] {processor.py:179} INFO - Processing /home/airflow/.local/lib/python3.7/site-packages/airflow/example_dags/example_external_task_marker_dag.py took 0.080 seconds
[2023-06-13T23:58:56.931+0000] {processor.py:157} INFO - Started process (PID=567) to work on /home/airflow/.local/lib/python3.7/site-packages/airflow/example_dags/example_external_task_marker_dag.py
[2023-06-13T23:58:56.932+0000] {processor.py:826} INFO - Processing file /home/airflow/.local/lib/python3.7/site-packages/airflow/example_dags/example_external_task_marker_dag.py for tasks to queue
[2023-06-13T23:58:56.934+0000] {logging_mixin.py:149} INFO - [2023-06-13T23:58:56.934+0000] {dagbag.py:541} INFO - Filling up the DagBag from /home/airflow/.local/lib/python3.7/site-packages/airflow/example_dags/example_external_task_marker_dag.py
[2023-06-13T23:58:56.939+0000] {processor.py:836} INFO - DAG(s) dict_keys(['example_external_task_marker_child', 'example_external_task_marker_parent']) retrieved from /home/airflow/.local/lib/python3.7/site-packages/airflow/example_dags/example_external_task_marker_dag.py
[2023-06-13T23:58:56.962+0000] {logging_mixin.py:149} INFO - [2023-06-13T23:58:56.962+0000] {dag.py:2726} INFO - Sync 2 DAGs
[2023-06-13T23:58:56.978+0000] {logging_mixin.py:149} INFO - [2023-06-13T23:58:56.978+0000] {dag.py:3490} INFO - Setting next_dagrun for example_external_task_marker_child to None, run_after=None
[2023-06-13T23:58:56.981+0000] {logging_mixin.py:149} INFO - [2023-06-13T23:58:56.981+0000] {dag.py:3490} INFO - Setting next_dagrun for example_external_task_marker_parent to None, run_after=None
[2023-06-13T23:58:56.994+0000] {processor.py:179} INFO - Processing /home/airflow/.local/lib/python3.7/site-packages/airflow/example_dags/example_external_task_marker_dag.py took 0.066 seconds
[2023-06-13T23:59:27.671+0000] {processor.py:157} INFO - Started process (PID=622) to work on /home/airflow/.local/lib/python3.7/site-packages/airflow/example_dags/example_external_task_marker_dag.py
[2023-06-13T23:59:27.672+0000] {processor.py:826} INFO - Processing file /home/airflow/.local/lib/python3.7/site-packages/airflow/example_dags/example_external_task_marker_dag.py for tasks to queue
[2023-06-13T23:59:27.674+0000] {logging_mixin.py:149} INFO - [2023-06-13T23:59:27.674+0000] {dagbag.py:541} INFO - Filling up the DagBag from /home/airflow/.local/lib/python3.7/site-packages/airflow/example_dags/example_external_task_marker_dag.py
[2023-06-13T23:59:27.680+0000] {processor.py:836} INFO - DAG(s) dict_keys(['example_external_task_marker_parent', 'example_external_task_marker_child']) retrieved from /home/airflow/.local/lib/python3.7/site-packages/airflow/example_dags/example_external_task_marker_dag.py
[2023-06-13T23:59:27.712+0000] {logging_mixin.py:149} INFO - [2023-06-13T23:59:27.712+0000] {dag.py:2726} INFO - Sync 2 DAGs
[2023-06-13T23:59:27.734+0000] {logging_mixin.py:149} INFO - [2023-06-13T23:59:27.734+0000] {dag.py:3490} INFO - Setting next_dagrun for example_external_task_marker_child to None, run_after=None
[2023-06-13T23:59:27.737+0000] {logging_mixin.py:149} INFO - [2023-06-13T23:59:27.737+0000] {dag.py:3490} INFO - Setting next_dagrun for example_external_task_marker_parent to None, run_after=None
[2023-06-13T23:59:27.749+0000] {processor.py:179} INFO - Processing /home/airflow/.local/lib/python3.7/site-packages/airflow/example_dags/example_external_task_marker_dag.py took 0.083 seconds
[2023-06-13T23:59:58.145+0000] {processor.py:157} INFO - Started process (PID=678) to work on /home/airflow/.local/lib/python3.7/site-packages/airflow/example_dags/example_external_task_marker_dag.py
[2023-06-13T23:59:58.146+0000] {processor.py:826} INFO - Processing file /home/airflow/.local/lib/python3.7/site-packages/airflow/example_dags/example_external_task_marker_dag.py for tasks to queue
[2023-06-13T23:59:58.147+0000] {logging_mixin.py:149} INFO - [2023-06-13T23:59:58.147+0000] {dagbag.py:541} INFO - Filling up the DagBag from /home/airflow/.local/lib/python3.7/site-packages/airflow/example_dags/example_external_task_marker_dag.py
[2023-06-13T23:59:58.152+0000] {processor.py:836} INFO - DAG(s) dict_keys(['example_external_task_marker_parent', 'example_external_task_marker_child']) retrieved from /home/airflow/.local/lib/python3.7/site-packages/airflow/example_dags/example_external_task_marker_dag.py
[2023-06-13T23:59:58.177+0000] {logging_mixin.py:149} INFO - [2023-06-13T23:59:58.177+0000] {dag.py:2726} INFO - Sync 2 DAGs
[2023-06-13T23:59:58.198+0000] {logging_mixin.py:149} INFO - [2023-06-13T23:59:58.198+0000] {dag.py:3490} INFO - Setting next_dagrun for example_external_task_marker_child to None, run_after=None
[2023-06-13T23:59:58.200+0000] {logging_mixin.py:149} INFO - [2023-06-13T23:59:58.200+0000] {dag.py:3490} INFO - Setting next_dagrun for example_external_task_marker_parent to None, run_after=None
[2023-06-13T23:59:58.217+0000] {processor.py:179} INFO - Processing /home/airflow/.local/lib/python3.7/site-packages/airflow/example_dags/example_external_task_marker_dag.py took 0.075 seconds
