[2023-06-13T23:54:16.831+0000] {processor.py:157} INFO - Started process (PID=36) to work on /home/airflow/.local/lib/python3.7/site-packages/airflow/example_dags/example_bash_operator.py
[2023-06-13T23:54:16.833+0000] {processor.py:826} INFO - Processing file /home/airflow/.local/lib/python3.7/site-packages/airflow/example_dags/example_bash_operator.py for tasks to queue
[2023-06-13T23:54:16.836+0000] {logging_mixin.py:149} INFO - [2023-06-13T23:54:16.835+0000] {dagbag.py:541} INFO - Filling up the DagBag from /home/airflow/.local/lib/python3.7/site-packages/airflow/example_dags/example_bash_operator.py
[2023-06-13T23:54:16.860+0000] {processor.py:836} INFO - DAG(s) dict_keys(['example_bash_operator']) retrieved from /home/airflow/.local/lib/python3.7/site-packages/airflow/example_dags/example_bash_operator.py
[2023-06-13T23:54:16.991+0000] {logging_mixin.py:149} INFO - [2023-06-13T23:54:16.990+0000] {manager.py:504} INFO - Created Permission View: can read on DAG:example_bash_operator
[2023-06-13T23:54:17.004+0000] {logging_mixin.py:149} INFO - [2023-06-13T23:54:17.004+0000] {manager.py:504} INFO - Created Permission View: can delete on DAG:example_bash_operator
[2023-06-13T23:54:17.016+0000] {logging_mixin.py:149} INFO - [2023-06-13T23:54:17.016+0000] {manager.py:504} INFO - Created Permission View: can edit on DAG:example_bash_operator
[2023-06-13T23:54:17.017+0000] {logging_mixin.py:149} INFO - [2023-06-13T23:54:17.017+0000] {dag.py:2726} INFO - Sync 1 DAGs
[2023-06-13T23:54:17.030+0000] {logging_mixin.py:149} INFO - [2023-06-13T23:54:17.030+0000] {dag.py:2747} INFO - Creating ORM DAG for example_bash_operator
[2023-06-13T23:54:17.047+0000] {logging_mixin.py:149} INFO - [2023-06-13T23:54:17.047+0000] {dag.py:3490} INFO - Setting next_dagrun for example_bash_operator to 2023-06-12T00:00:00+00:00, run_after=2023-06-13T00:00:00+00:00
[2023-06-13T23:54:17.069+0000] {processor.py:179} INFO - Processing /home/airflow/.local/lib/python3.7/site-packages/airflow/example_dags/example_bash_operator.py took 0.245 seconds
[2023-06-13T23:54:47.116+0000] {processor.py:157} INFO - Started process (PID=93) to work on /home/airflow/.local/lib/python3.7/site-packages/airflow/example_dags/example_bash_operator.py
[2023-06-13T23:54:47.118+0000] {processor.py:826} INFO - Processing file /home/airflow/.local/lib/python3.7/site-packages/airflow/example_dags/example_bash_operator.py for tasks to queue
[2023-06-13T23:54:47.119+0000] {logging_mixin.py:149} INFO - [2023-06-13T23:54:47.119+0000] {dagbag.py:541} INFO - Filling up the DagBag from /home/airflow/.local/lib/python3.7/site-packages/airflow/example_dags/example_bash_operator.py
[2023-06-13T23:54:47.130+0000] {processor.py:836} INFO - DAG(s) dict_keys(['example_bash_operator']) retrieved from /home/airflow/.local/lib/python3.7/site-packages/airflow/example_dags/example_bash_operator.py
[2023-06-13T23:54:47.160+0000] {logging_mixin.py:149} INFO - [2023-06-13T23:54:47.160+0000] {dag.py:2726} INFO - Sync 1 DAGs
[2023-06-13T23:54:47.183+0000] {logging_mixin.py:149} INFO - [2023-06-13T23:54:47.183+0000] {dag.py:3490} INFO - Setting next_dagrun for example_bash_operator to 2023-06-12T00:00:00+00:00, run_after=2023-06-13T00:00:00+00:00
[2023-06-13T23:54:47.201+0000] {processor.py:179} INFO - Processing /home/airflow/.local/lib/python3.7/site-packages/airflow/example_dags/example_bash_operator.py took 0.088 seconds
[2023-06-13T23:55:17.277+0000] {processor.py:157} INFO - Started process (PID=149) to work on /home/airflow/.local/lib/python3.7/site-packages/airflow/example_dags/example_bash_operator.py
[2023-06-13T23:55:17.278+0000] {processor.py:826} INFO - Processing file /home/airflow/.local/lib/python3.7/site-packages/airflow/example_dags/example_bash_operator.py for tasks to queue
[2023-06-13T23:55:17.279+0000] {logging_mixin.py:149} INFO - [2023-06-13T23:55:17.279+0000] {dagbag.py:541} INFO - Filling up the DagBag from /home/airflow/.local/lib/python3.7/site-packages/airflow/example_dags/example_bash_operator.py
[2023-06-13T23:55:17.290+0000] {processor.py:836} INFO - DAG(s) dict_keys(['example_bash_operator']) retrieved from /home/airflow/.local/lib/python3.7/site-packages/airflow/example_dags/example_bash_operator.py
[2023-06-13T23:55:17.316+0000] {logging_mixin.py:149} INFO - [2023-06-13T23:55:17.316+0000] {dag.py:2726} INFO - Sync 1 DAGs
[2023-06-13T23:55:17.334+0000] {logging_mixin.py:149} INFO - [2023-06-13T23:55:17.334+0000] {dag.py:3490} INFO - Setting next_dagrun for example_bash_operator to 2023-06-12T00:00:00+00:00, run_after=2023-06-13T00:00:00+00:00
[2023-06-13T23:55:17.347+0000] {processor.py:179} INFO - Processing /home/airflow/.local/lib/python3.7/site-packages/airflow/example_dags/example_bash_operator.py took 0.074 seconds
[2023-06-13T23:55:47.814+0000] {processor.py:157} INFO - Started process (PID=205) to work on /home/airflow/.local/lib/python3.7/site-packages/airflow/example_dags/example_bash_operator.py
[2023-06-13T23:55:47.816+0000] {processor.py:826} INFO - Processing file /home/airflow/.local/lib/python3.7/site-packages/airflow/example_dags/example_bash_operator.py for tasks to queue
[2023-06-13T23:55:47.817+0000] {logging_mixin.py:149} INFO - [2023-06-13T23:55:47.817+0000] {dagbag.py:541} INFO - Filling up the DagBag from /home/airflow/.local/lib/python3.7/site-packages/airflow/example_dags/example_bash_operator.py
[2023-06-13T23:55:47.826+0000] {processor.py:836} INFO - DAG(s) dict_keys(['example_bash_operator']) retrieved from /home/airflow/.local/lib/python3.7/site-packages/airflow/example_dags/example_bash_operator.py
[2023-06-13T23:55:47.861+0000] {logging_mixin.py:149} INFO - [2023-06-13T23:55:47.861+0000] {dag.py:2726} INFO - Sync 1 DAGs
[2023-06-13T23:55:47.879+0000] {logging_mixin.py:149} INFO - [2023-06-13T23:55:47.879+0000] {dag.py:3490} INFO - Setting next_dagrun for example_bash_operator to 2023-06-12T00:00:00+00:00, run_after=2023-06-13T00:00:00+00:00
[2023-06-13T23:55:47.891+0000] {processor.py:179} INFO - Processing /home/airflow/.local/lib/python3.7/site-packages/airflow/example_dags/example_bash_operator.py took 0.079 seconds
[2023-06-13T23:56:18.481+0000] {processor.py:157} INFO - Started process (PID=261) to work on /home/airflow/.local/lib/python3.7/site-packages/airflow/example_dags/example_bash_operator.py
[2023-06-13T23:56:18.483+0000] {processor.py:826} INFO - Processing file /home/airflow/.local/lib/python3.7/site-packages/airflow/example_dags/example_bash_operator.py for tasks to queue
[2023-06-13T23:56:18.484+0000] {logging_mixin.py:149} INFO - [2023-06-13T23:56:18.483+0000] {dagbag.py:541} INFO - Filling up the DagBag from /home/airflow/.local/lib/python3.7/site-packages/airflow/example_dags/example_bash_operator.py
[2023-06-13T23:56:18.494+0000] {processor.py:836} INFO - DAG(s) dict_keys(['example_bash_operator']) retrieved from /home/airflow/.local/lib/python3.7/site-packages/airflow/example_dags/example_bash_operator.py
[2023-06-13T23:56:18.520+0000] {logging_mixin.py:149} INFO - [2023-06-13T23:56:18.520+0000] {dag.py:2726} INFO - Sync 1 DAGs
[2023-06-13T23:56:18.538+0000] {logging_mixin.py:149} INFO - [2023-06-13T23:56:18.538+0000] {dag.py:3490} INFO - Setting next_dagrun for example_bash_operator to 2023-06-12T00:00:00+00:00, run_after=2023-06-13T00:00:00+00:00
[2023-06-13T23:56:18.551+0000] {processor.py:179} INFO - Processing /home/airflow/.local/lib/python3.7/site-packages/airflow/example_dags/example_bash_operator.py took 0.073 seconds
[2023-06-13T23:56:49.033+0000] {processor.py:157} INFO - Started process (PID=317) to work on /home/airflow/.local/lib/python3.7/site-packages/airflow/example_dags/example_bash_operator.py
[2023-06-13T23:56:49.034+0000] {processor.py:826} INFO - Processing file /home/airflow/.local/lib/python3.7/site-packages/airflow/example_dags/example_bash_operator.py for tasks to queue
[2023-06-13T23:56:49.035+0000] {logging_mixin.py:149} INFO - [2023-06-13T23:56:49.035+0000] {dagbag.py:541} INFO - Filling up the DagBag from /home/airflow/.local/lib/python3.7/site-packages/airflow/example_dags/example_bash_operator.py
[2023-06-13T23:56:49.045+0000] {processor.py:836} INFO - DAG(s) dict_keys(['example_bash_operator']) retrieved from /home/airflow/.local/lib/python3.7/site-packages/airflow/example_dags/example_bash_operator.py
[2023-06-13T23:56:49.075+0000] {logging_mixin.py:149} INFO - [2023-06-13T23:56:49.075+0000] {dag.py:2726} INFO - Sync 1 DAGs
[2023-06-13T23:56:49.094+0000] {logging_mixin.py:149} INFO - [2023-06-13T23:56:49.094+0000] {dag.py:3490} INFO - Setting next_dagrun for example_bash_operator to 2023-06-12T00:00:00+00:00, run_after=2023-06-13T00:00:00+00:00
[2023-06-13T23:56:49.105+0000] {processor.py:179} INFO - Processing /home/airflow/.local/lib/python3.7/site-packages/airflow/example_dags/example_bash_operator.py took 0.075 seconds
[2023-06-13T23:57:19.607+0000] {processor.py:157} INFO - Started process (PID=373) to work on /home/airflow/.local/lib/python3.7/site-packages/airflow/example_dags/example_bash_operator.py
[2023-06-13T23:57:19.608+0000] {processor.py:826} INFO - Processing file /home/airflow/.local/lib/python3.7/site-packages/airflow/example_dags/example_bash_operator.py for tasks to queue
[2023-06-13T23:57:19.609+0000] {logging_mixin.py:149} INFO - [2023-06-13T23:57:19.609+0000] {dagbag.py:541} INFO - Filling up the DagBag from /home/airflow/.local/lib/python3.7/site-packages/airflow/example_dags/example_bash_operator.py
[2023-06-13T23:57:19.620+0000] {processor.py:836} INFO - DAG(s) dict_keys(['example_bash_operator']) retrieved from /home/airflow/.local/lib/python3.7/site-packages/airflow/example_dags/example_bash_operator.py
[2023-06-13T23:57:19.645+0000] {logging_mixin.py:149} INFO - [2023-06-13T23:57:19.645+0000] {dag.py:2726} INFO - Sync 1 DAGs
[2023-06-13T23:57:19.664+0000] {logging_mixin.py:149} INFO - [2023-06-13T23:57:19.664+0000] {dag.py:3490} INFO - Setting next_dagrun for example_bash_operator to 2023-06-12T00:00:00+00:00, run_after=2023-06-13T00:00:00+00:00
[2023-06-13T23:57:19.682+0000] {processor.py:179} INFO - Processing /home/airflow/.local/lib/python3.7/site-packages/airflow/example_dags/example_bash_operator.py took 0.078 seconds
[2023-06-13T23:57:50.272+0000] {processor.py:157} INFO - Started process (PID=429) to work on /home/airflow/.local/lib/python3.7/site-packages/airflow/example_dags/example_bash_operator.py
[2023-06-13T23:57:50.273+0000] {processor.py:826} INFO - Processing file /home/airflow/.local/lib/python3.7/site-packages/airflow/example_dags/example_bash_operator.py for tasks to queue
[2023-06-13T23:57:50.274+0000] {logging_mixin.py:149} INFO - [2023-06-13T23:57:50.274+0000] {dagbag.py:541} INFO - Filling up the DagBag from /home/airflow/.local/lib/python3.7/site-packages/airflow/example_dags/example_bash_operator.py
[2023-06-13T23:57:50.285+0000] {processor.py:836} INFO - DAG(s) dict_keys(['example_bash_operator']) retrieved from /home/airflow/.local/lib/python3.7/site-packages/airflow/example_dags/example_bash_operator.py
[2023-06-13T23:57:50.311+0000] {logging_mixin.py:149} INFO - [2023-06-13T23:57:50.311+0000] {dag.py:2726} INFO - Sync 1 DAGs
[2023-06-13T23:57:50.330+0000] {logging_mixin.py:149} INFO - [2023-06-13T23:57:50.330+0000] {dag.py:3490} INFO - Setting next_dagrun for example_bash_operator to 2023-06-12T00:00:00+00:00, run_after=2023-06-13T00:00:00+00:00
[2023-06-13T23:57:50.343+0000] {processor.py:179} INFO - Processing /home/airflow/.local/lib/python3.7/site-packages/airflow/example_dags/example_bash_operator.py took 0.074 seconds
[2023-06-13T23:58:21.078+0000] {processor.py:157} INFO - Started process (PID=485) to work on /home/airflow/.local/lib/python3.7/site-packages/airflow/example_dags/example_bash_operator.py
[2023-06-13T23:58:21.081+0000] {processor.py:826} INFO - Processing file /home/airflow/.local/lib/python3.7/site-packages/airflow/example_dags/example_bash_operator.py for tasks to queue
[2023-06-13T23:58:21.083+0000] {logging_mixin.py:149} INFO - [2023-06-13T23:58:21.083+0000] {dagbag.py:541} INFO - Filling up the DagBag from /home/airflow/.local/lib/python3.7/site-packages/airflow/example_dags/example_bash_operator.py
[2023-06-13T23:58:21.095+0000] {processor.py:836} INFO - DAG(s) dict_keys(['example_bash_operator']) retrieved from /home/airflow/.local/lib/python3.7/site-packages/airflow/example_dags/example_bash_operator.py
[2023-06-13T23:58:21.142+0000] {logging_mixin.py:149} INFO - [2023-06-13T23:58:21.142+0000] {dag.py:2726} INFO - Sync 1 DAGs
[2023-06-13T23:58:21.163+0000] {logging_mixin.py:149} INFO - [2023-06-13T23:58:21.163+0000] {dag.py:3490} INFO - Setting next_dagrun for example_bash_operator to 2023-06-12T00:00:00+00:00, run_after=2023-06-13T00:00:00+00:00
[2023-06-13T23:58:21.185+0000] {processor.py:179} INFO - Processing /home/airflow/.local/lib/python3.7/site-packages/airflow/example_dags/example_bash_operator.py took 0.109 seconds
[2023-06-13T23:58:51.640+0000] {processor.py:157} INFO - Started process (PID=541) to work on /home/airflow/.local/lib/python3.7/site-packages/airflow/example_dags/example_bash_operator.py
[2023-06-13T23:58:51.642+0000] {processor.py:826} INFO - Processing file /home/airflow/.local/lib/python3.7/site-packages/airflow/example_dags/example_bash_operator.py for tasks to queue
[2023-06-13T23:58:51.642+0000] {logging_mixin.py:149} INFO - [2023-06-13T23:58:51.642+0000] {dagbag.py:541} INFO - Filling up the DagBag from /home/airflow/.local/lib/python3.7/site-packages/airflow/example_dags/example_bash_operator.py
[2023-06-13T23:58:51.652+0000] {processor.py:836} INFO - DAG(s) dict_keys(['example_bash_operator']) retrieved from /home/airflow/.local/lib/python3.7/site-packages/airflow/example_dags/example_bash_operator.py
[2023-06-13T23:58:51.679+0000] {logging_mixin.py:149} INFO - [2023-06-13T23:58:51.679+0000] {dag.py:2726} INFO - Sync 1 DAGs
[2023-06-13T23:58:51.697+0000] {logging_mixin.py:149} INFO - [2023-06-13T23:58:51.696+0000] {dag.py:3490} INFO - Setting next_dagrun for example_bash_operator to 2023-06-12T00:00:00+00:00, run_after=2023-06-13T00:00:00+00:00
[2023-06-13T23:58:51.709+0000] {processor.py:179} INFO - Processing /home/airflow/.local/lib/python3.7/site-packages/airflow/example_dags/example_bash_operator.py took 0.072 seconds
[2023-06-13T23:59:22.364+0000] {processor.py:157} INFO - Started process (PID=596) to work on /home/airflow/.local/lib/python3.7/site-packages/airflow/example_dags/example_bash_operator.py
[2023-06-13T23:59:22.366+0000] {processor.py:826} INFO - Processing file /home/airflow/.local/lib/python3.7/site-packages/airflow/example_dags/example_bash_operator.py for tasks to queue
[2023-06-13T23:59:22.367+0000] {logging_mixin.py:149} INFO - [2023-06-13T23:59:22.367+0000] {dagbag.py:541} INFO - Filling up the DagBag from /home/airflow/.local/lib/python3.7/site-packages/airflow/example_dags/example_bash_operator.py
[2023-06-13T23:59:22.378+0000] {processor.py:836} INFO - DAG(s) dict_keys(['example_bash_operator']) retrieved from /home/airflow/.local/lib/python3.7/site-packages/airflow/example_dags/example_bash_operator.py
[2023-06-13T23:59:22.410+0000] {logging_mixin.py:149} INFO - [2023-06-13T23:59:22.410+0000] {dag.py:2726} INFO - Sync 1 DAGs
[2023-06-13T23:59:22.429+0000] {logging_mixin.py:149} INFO - [2023-06-13T23:59:22.429+0000] {dag.py:3490} INFO - Setting next_dagrun for example_bash_operator to 2023-06-12T00:00:00+00:00, run_after=2023-06-13T00:00:00+00:00
[2023-06-13T23:59:22.442+0000] {processor.py:179} INFO - Processing /home/airflow/.local/lib/python3.7/site-packages/airflow/example_dags/example_bash_operator.py took 0.083 seconds
[2023-06-13T23:59:52.845+0000] {processor.py:157} INFO - Started process (PID=652) to work on /home/airflow/.local/lib/python3.7/site-packages/airflow/example_dags/example_bash_operator.py
[2023-06-13T23:59:52.847+0000] {processor.py:826} INFO - Processing file /home/airflow/.local/lib/python3.7/site-packages/airflow/example_dags/example_bash_operator.py for tasks to queue
[2023-06-13T23:59:52.848+0000] {logging_mixin.py:149} INFO - [2023-06-13T23:59:52.848+0000] {dagbag.py:541} INFO - Filling up the DagBag from /home/airflow/.local/lib/python3.7/site-packages/airflow/example_dags/example_bash_operator.py
[2023-06-13T23:59:52.859+0000] {processor.py:836} INFO - DAG(s) dict_keys(['example_bash_operator']) retrieved from /home/airflow/.local/lib/python3.7/site-packages/airflow/example_dags/example_bash_operator.py
[2023-06-13T23:59:52.885+0000] {logging_mixin.py:149} INFO - [2023-06-13T23:59:52.885+0000] {dag.py:2726} INFO - Sync 1 DAGs
[2023-06-13T23:59:52.904+0000] {logging_mixin.py:149} INFO - [2023-06-13T23:59:52.903+0000] {dag.py:3490} INFO - Setting next_dagrun for example_bash_operator to 2023-06-12T00:00:00+00:00, run_after=2023-06-13T00:00:00+00:00
[2023-06-13T23:59:52.916+0000] {processor.py:179} INFO - Processing /home/airflow/.local/lib/python3.7/site-packages/airflow/example_dags/example_bash_operator.py took 0.074 seconds
