[2023-06-13T23:54:18.107+0000] {processor.py:157} INFO - Started process (PID=45) to work on /home/airflow/.local/lib/python3.7/site-packages/airflow/example_dags/example_complex.py
[2023-06-13T23:54:18.114+0000] {processor.py:826} INFO - Processing file /home/airflow/.local/lib/python3.7/site-packages/airflow/example_dags/example_complex.py for tasks to queue
[2023-06-13T23:54:18.118+0000] {logging_mixin.py:149} INFO - [2023-06-13T23:54:18.118+0000] {dagbag.py:541} INFO - Filling up the DagBag from /home/airflow/.local/lib/python3.7/site-packages/airflow/example_dags/example_complex.py
[2023-06-13T23:54:18.146+0000] {logging_mixin.py:149} INFO - [2023-06-13T23:54:18.145+0000] {taskmixin.py:211} WARNING - Dependency <Task(BashOperator): create_entry_group>, delete_entry_group already registered for DAG: example_complex
[2023-06-13T23:54:18.153+0000] {logging_mixin.py:149} INFO - [2023-06-13T23:54:18.153+0000] {taskmixin.py:211} WARNING - Dependency <Task(BashOperator): delete_entry_group>, create_entry_group already registered for DAG: example_complex
[2023-06-13T23:54:18.155+0000] {logging_mixin.py:149} INFO - [2023-06-13T23:54:18.155+0000] {taskmixin.py:211} WARNING - Dependency <Task(BashOperator): create_entry_gcs>, delete_entry already registered for DAG: example_complex
[2023-06-13T23:54:18.157+0000] {logging_mixin.py:149} INFO - [2023-06-13T23:54:18.157+0000] {taskmixin.py:211} WARNING - Dependency <Task(BashOperator): delete_entry>, create_entry_gcs already registered for DAG: example_complex
[2023-06-13T23:54:18.159+0000] {logging_mixin.py:149} INFO - [2023-06-13T23:54:18.159+0000] {taskmixin.py:211} WARNING - Dependency <Task(BashOperator): create_tag>, delete_tag already registered for DAG: example_complex
[2023-06-13T23:54:18.166+0000] {logging_mixin.py:149} INFO - [2023-06-13T23:54:18.165+0000] {taskmixin.py:211} WARNING - Dependency <Task(BashOperator): delete_tag>, create_tag already registered for DAG: example_complex
[2023-06-13T23:54:18.178+0000] {processor.py:836} INFO - DAG(s) dict_keys(['example_complex']) retrieved from /home/airflow/.local/lib/python3.7/site-packages/airflow/example_dags/example_complex.py
[2023-06-13T23:54:18.446+0000] {logging_mixin.py:149} INFO - [2023-06-13T23:54:18.445+0000] {manager.py:504} INFO - Created Permission View: can read on DAG:example_complex
[2023-06-13T23:54:18.459+0000] {logging_mixin.py:149} INFO - [2023-06-13T23:54:18.459+0000] {manager.py:504} INFO - Created Permission View: can delete on DAG:example_complex
[2023-06-13T23:54:18.465+0000] {logging_mixin.py:149} INFO - [2023-06-13T23:54:18.465+0000] {manager.py:504} INFO - Created Permission View: can edit on DAG:example_complex
[2023-06-13T23:54:18.466+0000] {logging_mixin.py:149} INFO - [2023-06-13T23:54:18.466+0000] {dag.py:2726} INFO - Sync 1 DAGs
[2023-06-13T23:54:18.479+0000] {logging_mixin.py:149} INFO - [2023-06-13T23:54:18.479+0000] {dag.py:2747} INFO - Creating ORM DAG for example_complex
[2023-06-13T23:54:18.504+0000] {logging_mixin.py:149} INFO - [2023-06-13T23:54:18.504+0000] {dag.py:3490} INFO - Setting next_dagrun for example_complex to None, run_after=None
[2023-06-13T23:54:18.539+0000] {processor.py:179} INFO - Processing /home/airflow/.local/lib/python3.7/site-packages/airflow/example_dags/example_complex.py took 0.443 seconds
[2023-06-13T23:54:48.667+0000] {processor.py:157} INFO - Started process (PID=102) to work on /home/airflow/.local/lib/python3.7/site-packages/airflow/example_dags/example_complex.py
[2023-06-13T23:54:48.669+0000] {processor.py:826} INFO - Processing file /home/airflow/.local/lib/python3.7/site-packages/airflow/example_dags/example_complex.py for tasks to queue
[2023-06-13T23:54:48.670+0000] {logging_mixin.py:149} INFO - [2023-06-13T23:54:48.670+0000] {dagbag.py:541} INFO - Filling up the DagBag from /home/airflow/.local/lib/python3.7/site-packages/airflow/example_dags/example_complex.py
[2023-06-13T23:54:48.677+0000] {logging_mixin.py:149} INFO - [2023-06-13T23:54:48.677+0000] {taskmixin.py:211} WARNING - Dependency <Task(BashOperator): create_entry_group>, delete_entry_group already registered for DAG: example_complex
[2023-06-13T23:54:48.678+0000] {logging_mixin.py:149} INFO - [2023-06-13T23:54:48.678+0000] {taskmixin.py:211} WARNING - Dependency <Task(BashOperator): delete_entry_group>, create_entry_group already registered for DAG: example_complex
[2023-06-13T23:54:48.679+0000] {logging_mixin.py:149} INFO - [2023-06-13T23:54:48.679+0000] {taskmixin.py:211} WARNING - Dependency <Task(BashOperator): create_entry_gcs>, delete_entry already registered for DAG: example_complex
[2023-06-13T23:54:48.680+0000] {logging_mixin.py:149} INFO - [2023-06-13T23:54:48.680+0000] {taskmixin.py:211} WARNING - Dependency <Task(BashOperator): delete_entry>, create_entry_gcs already registered for DAG: example_complex
[2023-06-13T23:54:48.681+0000] {logging_mixin.py:149} INFO - [2023-06-13T23:54:48.681+0000] {taskmixin.py:211} WARNING - Dependency <Task(BashOperator): create_tag>, delete_tag already registered for DAG: example_complex
[2023-06-13T23:54:48.681+0000] {logging_mixin.py:149} INFO - [2023-06-13T23:54:48.681+0000] {taskmixin.py:211} WARNING - Dependency <Task(BashOperator): delete_tag>, create_tag already registered for DAG: example_complex
[2023-06-13T23:54:48.683+0000] {processor.py:836} INFO - DAG(s) dict_keys(['example_complex']) retrieved from /home/airflow/.local/lib/python3.7/site-packages/airflow/example_dags/example_complex.py
[2023-06-13T23:54:48.711+0000] {logging_mixin.py:149} INFO - [2023-06-13T23:54:48.710+0000] {dag.py:2726} INFO - Sync 1 DAGs
[2023-06-13T23:54:48.729+0000] {logging_mixin.py:149} INFO - [2023-06-13T23:54:48.729+0000] {dag.py:3490} INFO - Setting next_dagrun for example_complex to None, run_after=None
[2023-06-13T23:54:48.746+0000] {processor.py:179} INFO - Processing /home/airflow/.local/lib/python3.7/site-packages/airflow/example_dags/example_complex.py took 0.082 seconds
[2023-06-13T23:55:19.704+0000] {processor.py:157} INFO - Started process (PID=158) to work on /home/airflow/.local/lib/python3.7/site-packages/airflow/example_dags/example_complex.py
[2023-06-13T23:55:19.707+0000] {processor.py:826} INFO - Processing file /home/airflow/.local/lib/python3.7/site-packages/airflow/example_dags/example_complex.py for tasks to queue
[2023-06-13T23:55:19.709+0000] {logging_mixin.py:149} INFO - [2023-06-13T23:55:19.708+0000] {dagbag.py:541} INFO - Filling up the DagBag from /home/airflow/.local/lib/python3.7/site-packages/airflow/example_dags/example_complex.py
[2023-06-13T23:55:19.716+0000] {logging_mixin.py:149} INFO - [2023-06-13T23:55:19.716+0000] {taskmixin.py:211} WARNING - Dependency <Task(BashOperator): create_entry_group>, delete_entry_group already registered for DAG: example_complex
[2023-06-13T23:55:19.717+0000] {logging_mixin.py:149} INFO - [2023-06-13T23:55:19.717+0000] {taskmixin.py:211} WARNING - Dependency <Task(BashOperator): delete_entry_group>, create_entry_group already registered for DAG: example_complex
[2023-06-13T23:55:19.718+0000] {logging_mixin.py:149} INFO - [2023-06-13T23:55:19.718+0000] {taskmixin.py:211} WARNING - Dependency <Task(BashOperator): create_entry_gcs>, delete_entry already registered for DAG: example_complex
[2023-06-13T23:55:19.719+0000] {logging_mixin.py:149} INFO - [2023-06-13T23:55:19.719+0000] {taskmixin.py:211} WARNING - Dependency <Task(BashOperator): delete_entry>, create_entry_gcs already registered for DAG: example_complex
[2023-06-13T23:55:19.720+0000] {logging_mixin.py:149} INFO - [2023-06-13T23:55:19.720+0000] {taskmixin.py:211} WARNING - Dependency <Task(BashOperator): create_tag>, delete_tag already registered for DAG: example_complex
[2023-06-13T23:55:19.721+0000] {logging_mixin.py:149} INFO - [2023-06-13T23:55:19.721+0000] {taskmixin.py:211} WARNING - Dependency <Task(BashOperator): delete_tag>, create_tag already registered for DAG: example_complex
[2023-06-13T23:55:19.723+0000] {processor.py:836} INFO - DAG(s) dict_keys(['example_complex']) retrieved from /home/airflow/.local/lib/python3.7/site-packages/airflow/example_dags/example_complex.py
[2023-06-13T23:55:19.758+0000] {logging_mixin.py:149} INFO - [2023-06-13T23:55:19.757+0000] {dag.py:2726} INFO - Sync 1 DAGs
[2023-06-13T23:55:19.785+0000] {logging_mixin.py:149} INFO - [2023-06-13T23:55:19.785+0000] {dag.py:3490} INFO - Setting next_dagrun for example_complex to None, run_after=None
[2023-06-13T23:55:19.804+0000] {processor.py:179} INFO - Processing /home/airflow/.local/lib/python3.7/site-packages/airflow/example_dags/example_complex.py took 0.103 seconds
[2023-06-13T23:55:50.272+0000] {processor.py:157} INFO - Started process (PID=214) to work on /home/airflow/.local/lib/python3.7/site-packages/airflow/example_dags/example_complex.py
[2023-06-13T23:55:50.275+0000] {processor.py:826} INFO - Processing file /home/airflow/.local/lib/python3.7/site-packages/airflow/example_dags/example_complex.py for tasks to queue
[2023-06-13T23:55:50.276+0000] {logging_mixin.py:149} INFO - [2023-06-13T23:55:50.276+0000] {dagbag.py:541} INFO - Filling up the DagBag from /home/airflow/.local/lib/python3.7/site-packages/airflow/example_dags/example_complex.py
[2023-06-13T23:55:50.288+0000] {logging_mixin.py:149} INFO - [2023-06-13T23:55:50.288+0000] {taskmixin.py:211} WARNING - Dependency <Task(BashOperator): create_entry_group>, delete_entry_group already registered for DAG: example_complex
[2023-06-13T23:55:50.290+0000] {logging_mixin.py:149} INFO - [2023-06-13T23:55:50.290+0000] {taskmixin.py:211} WARNING - Dependency <Task(BashOperator): delete_entry_group>, create_entry_group already registered for DAG: example_complex
[2023-06-13T23:55:50.291+0000] {logging_mixin.py:149} INFO - [2023-06-13T23:55:50.291+0000] {taskmixin.py:211} WARNING - Dependency <Task(BashOperator): create_entry_gcs>, delete_entry already registered for DAG: example_complex
[2023-06-13T23:55:50.292+0000] {logging_mixin.py:149} INFO - [2023-06-13T23:55:50.292+0000] {taskmixin.py:211} WARNING - Dependency <Task(BashOperator): delete_entry>, create_entry_gcs already registered for DAG: example_complex
[2023-06-13T23:55:50.293+0000] {logging_mixin.py:149} INFO - [2023-06-13T23:55:50.293+0000] {taskmixin.py:211} WARNING - Dependency <Task(BashOperator): create_tag>, delete_tag already registered for DAG: example_complex
[2023-06-13T23:55:50.294+0000] {logging_mixin.py:149} INFO - [2023-06-13T23:55:50.294+0000] {taskmixin.py:211} WARNING - Dependency <Task(BashOperator): delete_tag>, create_tag already registered for DAG: example_complex
[2023-06-13T23:55:50.296+0000] {processor.py:836} INFO - DAG(s) dict_keys(['example_complex']) retrieved from /home/airflow/.local/lib/python3.7/site-packages/airflow/example_dags/example_complex.py
[2023-06-13T23:55:50.343+0000] {logging_mixin.py:149} INFO - [2023-06-13T23:55:50.343+0000] {dag.py:2726} INFO - Sync 1 DAGs
[2023-06-13T23:55:50.360+0000] {logging_mixin.py:149} INFO - [2023-06-13T23:55:50.360+0000] {dag.py:3490} INFO - Setting next_dagrun for example_complex to None, run_after=None
[2023-06-13T23:55:50.381+0000] {processor.py:179} INFO - Processing /home/airflow/.local/lib/python3.7/site-packages/airflow/example_dags/example_complex.py took 0.112 seconds
[2023-06-13T23:56:20.876+0000] {processor.py:157} INFO - Started process (PID=270) to work on /home/airflow/.local/lib/python3.7/site-packages/airflow/example_dags/example_complex.py
[2023-06-13T23:56:20.878+0000] {processor.py:826} INFO - Processing file /home/airflow/.local/lib/python3.7/site-packages/airflow/example_dags/example_complex.py for tasks to queue
[2023-06-13T23:56:20.879+0000] {logging_mixin.py:149} INFO - [2023-06-13T23:56:20.879+0000] {dagbag.py:541} INFO - Filling up the DagBag from /home/airflow/.local/lib/python3.7/site-packages/airflow/example_dags/example_complex.py
[2023-06-13T23:56:20.886+0000] {logging_mixin.py:149} INFO - [2023-06-13T23:56:20.886+0000] {taskmixin.py:211} WARNING - Dependency <Task(BashOperator): create_entry_group>, delete_entry_group already registered for DAG: example_complex
[2023-06-13T23:56:20.887+0000] {logging_mixin.py:149} INFO - [2023-06-13T23:56:20.887+0000] {taskmixin.py:211} WARNING - Dependency <Task(BashOperator): delete_entry_group>, create_entry_group already registered for DAG: example_complex
[2023-06-13T23:56:20.888+0000] {logging_mixin.py:149} INFO - [2023-06-13T23:56:20.888+0000] {taskmixin.py:211} WARNING - Dependency <Task(BashOperator): create_entry_gcs>, delete_entry already registered for DAG: example_complex
[2023-06-13T23:56:20.888+0000] {logging_mixin.py:149} INFO - [2023-06-13T23:56:20.888+0000] {taskmixin.py:211} WARNING - Dependency <Task(BashOperator): delete_entry>, create_entry_gcs already registered for DAG: example_complex
[2023-06-13T23:56:20.889+0000] {logging_mixin.py:149} INFO - [2023-06-13T23:56:20.889+0000] {taskmixin.py:211} WARNING - Dependency <Task(BashOperator): create_tag>, delete_tag already registered for DAG: example_complex
[2023-06-13T23:56:20.889+0000] {logging_mixin.py:149} INFO - [2023-06-13T23:56:20.889+0000] {taskmixin.py:211} WARNING - Dependency <Task(BashOperator): delete_tag>, create_tag already registered for DAG: example_complex
[2023-06-13T23:56:20.891+0000] {processor.py:836} INFO - DAG(s) dict_keys(['example_complex']) retrieved from /home/airflow/.local/lib/python3.7/site-packages/airflow/example_dags/example_complex.py
[2023-06-13T23:56:20.921+0000] {logging_mixin.py:149} INFO - [2023-06-13T23:56:20.921+0000] {dag.py:2726} INFO - Sync 1 DAGs
[2023-06-13T23:56:20.938+0000] {logging_mixin.py:149} INFO - [2023-06-13T23:56:20.937+0000] {dag.py:3490} INFO - Setting next_dagrun for example_complex to None, run_after=None
[2023-06-13T23:56:20.955+0000] {processor.py:179} INFO - Processing /home/airflow/.local/lib/python3.7/site-packages/airflow/example_dags/example_complex.py took 0.081 seconds
[2023-06-13T23:56:51.419+0000] {processor.py:157} INFO - Started process (PID=326) to work on /home/airflow/.local/lib/python3.7/site-packages/airflow/example_dags/example_complex.py
[2023-06-13T23:56:51.421+0000] {processor.py:826} INFO - Processing file /home/airflow/.local/lib/python3.7/site-packages/airflow/example_dags/example_complex.py for tasks to queue
[2023-06-13T23:56:51.422+0000] {logging_mixin.py:149} INFO - [2023-06-13T23:56:51.422+0000] {dagbag.py:541} INFO - Filling up the DagBag from /home/airflow/.local/lib/python3.7/site-packages/airflow/example_dags/example_complex.py
[2023-06-13T23:56:51.429+0000] {logging_mixin.py:149} INFO - [2023-06-13T23:56:51.428+0000] {taskmixin.py:211} WARNING - Dependency <Task(BashOperator): create_entry_group>, delete_entry_group already registered for DAG: example_complex
[2023-06-13T23:56:51.430+0000] {logging_mixin.py:149} INFO - [2023-06-13T23:56:51.430+0000] {taskmixin.py:211} WARNING - Dependency <Task(BashOperator): delete_entry_group>, create_entry_group already registered for DAG: example_complex
[2023-06-13T23:56:51.431+0000] {logging_mixin.py:149} INFO - [2023-06-13T23:56:51.431+0000] {taskmixin.py:211} WARNING - Dependency <Task(BashOperator): create_entry_gcs>, delete_entry already registered for DAG: example_complex
[2023-06-13T23:56:51.432+0000] {logging_mixin.py:149} INFO - [2023-06-13T23:56:51.431+0000] {taskmixin.py:211} WARNING - Dependency <Task(BashOperator): delete_entry>, create_entry_gcs already registered for DAG: example_complex
[2023-06-13T23:56:51.433+0000] {logging_mixin.py:149} INFO - [2023-06-13T23:56:51.433+0000] {taskmixin.py:211} WARNING - Dependency <Task(BashOperator): create_tag>, delete_tag already registered for DAG: example_complex
[2023-06-13T23:56:51.433+0000] {logging_mixin.py:149} INFO - [2023-06-13T23:56:51.433+0000] {taskmixin.py:211} WARNING - Dependency <Task(BashOperator): delete_tag>, create_tag already registered for DAG: example_complex
[2023-06-13T23:56:51.435+0000] {processor.py:836} INFO - DAG(s) dict_keys(['example_complex']) retrieved from /home/airflow/.local/lib/python3.7/site-packages/airflow/example_dags/example_complex.py
[2023-06-13T23:56:51.465+0000] {logging_mixin.py:149} INFO - [2023-06-13T23:56:51.465+0000] {dag.py:2726} INFO - Sync 1 DAGs
[2023-06-13T23:56:51.490+0000] {logging_mixin.py:149} INFO - [2023-06-13T23:56:51.490+0000] {dag.py:3490} INFO - Setting next_dagrun for example_complex to None, run_after=None
[2023-06-13T23:56:51.507+0000] {processor.py:179} INFO - Processing /home/airflow/.local/lib/python3.7/site-packages/airflow/example_dags/example_complex.py took 0.092 seconds
[2023-06-13T23:57:22.143+0000] {processor.py:157} INFO - Started process (PID=382) to work on /home/airflow/.local/lib/python3.7/site-packages/airflow/example_dags/example_complex.py
[2023-06-13T23:57:22.145+0000] {processor.py:826} INFO - Processing file /home/airflow/.local/lib/python3.7/site-packages/airflow/example_dags/example_complex.py for tasks to queue
[2023-06-13T23:57:22.147+0000] {logging_mixin.py:149} INFO - [2023-06-13T23:57:22.146+0000] {dagbag.py:541} INFO - Filling up the DagBag from /home/airflow/.local/lib/python3.7/site-packages/airflow/example_dags/example_complex.py
[2023-06-13T23:57:22.154+0000] {logging_mixin.py:149} INFO - [2023-06-13T23:57:22.154+0000] {taskmixin.py:211} WARNING - Dependency <Task(BashOperator): create_entry_group>, delete_entry_group already registered for DAG: example_complex
[2023-06-13T23:57:22.158+0000] {logging_mixin.py:149} INFO - [2023-06-13T23:57:22.157+0000] {taskmixin.py:211} WARNING - Dependency <Task(BashOperator): delete_entry_group>, create_entry_group already registered for DAG: example_complex
[2023-06-13T23:57:22.158+0000] {logging_mixin.py:149} INFO - [2023-06-13T23:57:22.158+0000] {taskmixin.py:211} WARNING - Dependency <Task(BashOperator): create_entry_gcs>, delete_entry already registered for DAG: example_complex
[2023-06-13T23:57:22.159+0000] {logging_mixin.py:149} INFO - [2023-06-13T23:57:22.159+0000] {taskmixin.py:211} WARNING - Dependency <Task(BashOperator): delete_entry>, create_entry_gcs already registered for DAG: example_complex
[2023-06-13T23:57:22.160+0000] {logging_mixin.py:149} INFO - [2023-06-13T23:57:22.160+0000] {taskmixin.py:211} WARNING - Dependency <Task(BashOperator): create_tag>, delete_tag already registered for DAG: example_complex
[2023-06-13T23:57:22.161+0000] {logging_mixin.py:149} INFO - [2023-06-13T23:57:22.161+0000] {taskmixin.py:211} WARNING - Dependency <Task(BashOperator): delete_tag>, create_tag already registered for DAG: example_complex
[2023-06-13T23:57:22.163+0000] {processor.py:836} INFO - DAG(s) dict_keys(['example_complex']) retrieved from /home/airflow/.local/lib/python3.7/site-packages/airflow/example_dags/example_complex.py
[2023-06-13T23:57:22.194+0000] {logging_mixin.py:149} INFO - [2023-06-13T23:57:22.194+0000] {dag.py:2726} INFO - Sync 1 DAGs
[2023-06-13T23:57:22.215+0000] {logging_mixin.py:149} INFO - [2023-06-13T23:57:22.215+0000] {dag.py:3490} INFO - Setting next_dagrun for example_complex to None, run_after=None
[2023-06-13T23:57:22.229+0000] {processor.py:179} INFO - Processing /home/airflow/.local/lib/python3.7/site-packages/airflow/example_dags/example_complex.py took 0.091 seconds
[2023-06-13T23:57:52.723+0000] {processor.py:157} INFO - Started process (PID=438) to work on /home/airflow/.local/lib/python3.7/site-packages/airflow/example_dags/example_complex.py
[2023-06-13T23:57:52.725+0000] {processor.py:826} INFO - Processing file /home/airflow/.local/lib/python3.7/site-packages/airflow/example_dags/example_complex.py for tasks to queue
[2023-06-13T23:57:52.726+0000] {logging_mixin.py:149} INFO - [2023-06-13T23:57:52.726+0000] {dagbag.py:541} INFO - Filling up the DagBag from /home/airflow/.local/lib/python3.7/site-packages/airflow/example_dags/example_complex.py
[2023-06-13T23:57:52.733+0000] {logging_mixin.py:149} INFO - [2023-06-13T23:57:52.733+0000] {taskmixin.py:211} WARNING - Dependency <Task(BashOperator): create_entry_group>, delete_entry_group already registered for DAG: example_complex
[2023-06-13T23:57:52.734+0000] {logging_mixin.py:149} INFO - [2023-06-13T23:57:52.734+0000] {taskmixin.py:211} WARNING - Dependency <Task(BashOperator): delete_entry_group>, create_entry_group already registered for DAG: example_complex
[2023-06-13T23:57:52.735+0000] {logging_mixin.py:149} INFO - [2023-06-13T23:57:52.735+0000] {taskmixin.py:211} WARNING - Dependency <Task(BashOperator): create_entry_gcs>, delete_entry already registered for DAG: example_complex
[2023-06-13T23:57:52.736+0000] {logging_mixin.py:149} INFO - [2023-06-13T23:57:52.736+0000] {taskmixin.py:211} WARNING - Dependency <Task(BashOperator): delete_entry>, create_entry_gcs already registered for DAG: example_complex
[2023-06-13T23:57:52.737+0000] {logging_mixin.py:149} INFO - [2023-06-13T23:57:52.737+0000] {taskmixin.py:211} WARNING - Dependency <Task(BashOperator): create_tag>, delete_tag already registered for DAG: example_complex
[2023-06-13T23:57:52.738+0000] {logging_mixin.py:149} INFO - [2023-06-13T23:57:52.738+0000] {taskmixin.py:211} WARNING - Dependency <Task(BashOperator): delete_tag>, create_tag already registered for DAG: example_complex
[2023-06-13T23:57:52.739+0000] {processor.py:836} INFO - DAG(s) dict_keys(['example_complex']) retrieved from /home/airflow/.local/lib/python3.7/site-packages/airflow/example_dags/example_complex.py
[2023-06-13T23:57:52.768+0000] {logging_mixin.py:149} INFO - [2023-06-13T23:57:52.768+0000] {dag.py:2726} INFO - Sync 1 DAGs
[2023-06-13T23:57:52.787+0000] {logging_mixin.py:149} INFO - [2023-06-13T23:57:52.786+0000] {dag.py:3490} INFO - Setting next_dagrun for example_complex to None, run_after=None
[2023-06-13T23:57:52.805+0000] {processor.py:179} INFO - Processing /home/airflow/.local/lib/python3.7/site-packages/airflow/example_dags/example_complex.py took 0.084 seconds
[2023-06-13T23:58:23.532+0000] {processor.py:157} INFO - Started process (PID=494) to work on /home/airflow/.local/lib/python3.7/site-packages/airflow/example_dags/example_complex.py
[2023-06-13T23:58:23.533+0000] {processor.py:826} INFO - Processing file /home/airflow/.local/lib/python3.7/site-packages/airflow/example_dags/example_complex.py for tasks to queue
[2023-06-13T23:58:23.534+0000] {logging_mixin.py:149} INFO - [2023-06-13T23:58:23.534+0000] {dagbag.py:541} INFO - Filling up the DagBag from /home/airflow/.local/lib/python3.7/site-packages/airflow/example_dags/example_complex.py
[2023-06-13T23:58:23.541+0000] {logging_mixin.py:149} INFO - [2023-06-13T23:58:23.541+0000] {taskmixin.py:211} WARNING - Dependency <Task(BashOperator): create_entry_group>, delete_entry_group already registered for DAG: example_complex
[2023-06-13T23:58:23.542+0000] {logging_mixin.py:149} INFO - [2023-06-13T23:58:23.542+0000] {taskmixin.py:211} WARNING - Dependency <Task(BashOperator): delete_entry_group>, create_entry_group already registered for DAG: example_complex
[2023-06-13T23:58:23.543+0000] {logging_mixin.py:149} INFO - [2023-06-13T23:58:23.543+0000] {taskmixin.py:211} WARNING - Dependency <Task(BashOperator): create_entry_gcs>, delete_entry already registered for DAG: example_complex
[2023-06-13T23:58:23.543+0000] {logging_mixin.py:149} INFO - [2023-06-13T23:58:23.543+0000] {taskmixin.py:211} WARNING - Dependency <Task(BashOperator): delete_entry>, create_entry_gcs already registered for DAG: example_complex
[2023-06-13T23:58:23.544+0000] {logging_mixin.py:149} INFO - [2023-06-13T23:58:23.544+0000] {taskmixin.py:211} WARNING - Dependency <Task(BashOperator): create_tag>, delete_tag already registered for DAG: example_complex
[2023-06-13T23:58:23.545+0000] {logging_mixin.py:149} INFO - [2023-06-13T23:58:23.545+0000] {taskmixin.py:211} WARNING - Dependency <Task(BashOperator): delete_tag>, create_tag already registered for DAG: example_complex
[2023-06-13T23:58:23.546+0000] {processor.py:836} INFO - DAG(s) dict_keys(['example_complex']) retrieved from /home/airflow/.local/lib/python3.7/site-packages/airflow/example_dags/example_complex.py
[2023-06-13T23:58:23.572+0000] {logging_mixin.py:149} INFO - [2023-06-13T23:58:23.572+0000] {dag.py:2726} INFO - Sync 1 DAGs
[2023-06-13T23:58:23.589+0000] {logging_mixin.py:149} INFO - [2023-06-13T23:58:23.589+0000] {dag.py:3490} INFO - Setting next_dagrun for example_complex to None, run_after=None
[2023-06-13T23:58:23.602+0000] {processor.py:179} INFO - Processing /home/airflow/.local/lib/python3.7/site-packages/airflow/example_dags/example_complex.py took 0.072 seconds
[2023-06-13T23:58:54.056+0000] {processor.py:157} INFO - Started process (PID=550) to work on /home/airflow/.local/lib/python3.7/site-packages/airflow/example_dags/example_complex.py
[2023-06-13T23:58:54.058+0000] {processor.py:826} INFO - Processing file /home/airflow/.local/lib/python3.7/site-packages/airflow/example_dags/example_complex.py for tasks to queue
[2023-06-13T23:58:54.059+0000] {logging_mixin.py:149} INFO - [2023-06-13T23:58:54.059+0000] {dagbag.py:541} INFO - Filling up the DagBag from /home/airflow/.local/lib/python3.7/site-packages/airflow/example_dags/example_complex.py
[2023-06-13T23:58:54.066+0000] {logging_mixin.py:149} INFO - [2023-06-13T23:58:54.066+0000] {taskmixin.py:211} WARNING - Dependency <Task(BashOperator): create_entry_group>, delete_entry_group already registered for DAG: example_complex
[2023-06-13T23:58:54.067+0000] {logging_mixin.py:149} INFO - [2023-06-13T23:58:54.067+0000] {taskmixin.py:211} WARNING - Dependency <Task(BashOperator): delete_entry_group>, create_entry_group already registered for DAG: example_complex
[2023-06-13T23:58:54.067+0000] {logging_mixin.py:149} INFO - [2023-06-13T23:58:54.067+0000] {taskmixin.py:211} WARNING - Dependency <Task(BashOperator): create_entry_gcs>, delete_entry already registered for DAG: example_complex
[2023-06-13T23:58:54.068+0000] {logging_mixin.py:149} INFO - [2023-06-13T23:58:54.068+0000] {taskmixin.py:211} WARNING - Dependency <Task(BashOperator): delete_entry>, create_entry_gcs already registered for DAG: example_complex
[2023-06-13T23:58:54.069+0000] {logging_mixin.py:149} INFO - [2023-06-13T23:58:54.069+0000] {taskmixin.py:211} WARNING - Dependency <Task(BashOperator): create_tag>, delete_tag already registered for DAG: example_complex
[2023-06-13T23:58:54.069+0000] {logging_mixin.py:149} INFO - [2023-06-13T23:58:54.069+0000] {taskmixin.py:211} WARNING - Dependency <Task(BashOperator): delete_tag>, create_tag already registered for DAG: example_complex
[2023-06-13T23:58:54.071+0000] {processor.py:836} INFO - DAG(s) dict_keys(['example_complex']) retrieved from /home/airflow/.local/lib/python3.7/site-packages/airflow/example_dags/example_complex.py
[2023-06-13T23:58:54.098+0000] {logging_mixin.py:149} INFO - [2023-06-13T23:58:54.097+0000] {dag.py:2726} INFO - Sync 1 DAGs
[2023-06-13T23:58:54.123+0000] {logging_mixin.py:149} INFO - [2023-06-13T23:58:54.122+0000] {dag.py:3490} INFO - Setting next_dagrun for example_complex to None, run_after=None
[2023-06-13T23:58:54.136+0000] {processor.py:179} INFO - Processing /home/airflow/.local/lib/python3.7/site-packages/airflow/example_dags/example_complex.py took 0.083 seconds
[2023-06-13T23:59:24.672+0000] {processor.py:157} INFO - Started process (PID=605) to work on /home/airflow/.local/lib/python3.7/site-packages/airflow/example_dags/example_complex.py
[2023-06-13T23:59:24.673+0000] {processor.py:826} INFO - Processing file /home/airflow/.local/lib/python3.7/site-packages/airflow/example_dags/example_complex.py for tasks to queue
[2023-06-13T23:59:24.674+0000] {logging_mixin.py:149} INFO - [2023-06-13T23:59:24.674+0000] {dagbag.py:541} INFO - Filling up the DagBag from /home/airflow/.local/lib/python3.7/site-packages/airflow/example_dags/example_complex.py
[2023-06-13T23:59:24.681+0000] {logging_mixin.py:149} INFO - [2023-06-13T23:59:24.681+0000] {taskmixin.py:211} WARNING - Dependency <Task(BashOperator): create_entry_group>, delete_entry_group already registered for DAG: example_complex
[2023-06-13T23:59:24.682+0000] {logging_mixin.py:149} INFO - [2023-06-13T23:59:24.682+0000] {taskmixin.py:211} WARNING - Dependency <Task(BashOperator): delete_entry_group>, create_entry_group already registered for DAG: example_complex
[2023-06-13T23:59:24.682+0000] {logging_mixin.py:149} INFO - [2023-06-13T23:59:24.682+0000] {taskmixin.py:211} WARNING - Dependency <Task(BashOperator): create_entry_gcs>, delete_entry already registered for DAG: example_complex
[2023-06-13T23:59:24.683+0000] {logging_mixin.py:149} INFO - [2023-06-13T23:59:24.683+0000] {taskmixin.py:211} WARNING - Dependency <Task(BashOperator): delete_entry>, create_entry_gcs already registered for DAG: example_complex
[2023-06-13T23:59:24.683+0000] {logging_mixin.py:149} INFO - [2023-06-13T23:59:24.683+0000] {taskmixin.py:211} WARNING - Dependency <Task(BashOperator): create_tag>, delete_tag already registered for DAG: example_complex
[2023-06-13T23:59:24.684+0000] {logging_mixin.py:149} INFO - [2023-06-13T23:59:24.684+0000] {taskmixin.py:211} WARNING - Dependency <Task(BashOperator): delete_tag>, create_tag already registered for DAG: example_complex
[2023-06-13T23:59:24.685+0000] {processor.py:836} INFO - DAG(s) dict_keys(['example_complex']) retrieved from /home/airflow/.local/lib/python3.7/site-packages/airflow/example_dags/example_complex.py
[2023-06-13T23:59:24.711+0000] {logging_mixin.py:149} INFO - [2023-06-13T23:59:24.711+0000] {dag.py:2726} INFO - Sync 1 DAGs
[2023-06-13T23:59:24.728+0000] {logging_mixin.py:149} INFO - [2023-06-13T23:59:24.727+0000] {dag.py:3490} INFO - Setting next_dagrun for example_complex to None, run_after=None
[2023-06-13T23:59:24.740+0000] {processor.py:179} INFO - Processing /home/airflow/.local/lib/python3.7/site-packages/airflow/example_dags/example_complex.py took 0.071 seconds
[2023-06-13T23:59:55.223+0000] {processor.py:157} INFO - Started process (PID=661) to work on /home/airflow/.local/lib/python3.7/site-packages/airflow/example_dags/example_complex.py
[2023-06-13T23:59:55.224+0000] {processor.py:826} INFO - Processing file /home/airflow/.local/lib/python3.7/site-packages/airflow/example_dags/example_complex.py for tasks to queue
[2023-06-13T23:59:55.225+0000] {logging_mixin.py:149} INFO - [2023-06-13T23:59:55.225+0000] {dagbag.py:541} INFO - Filling up the DagBag from /home/airflow/.local/lib/python3.7/site-packages/airflow/example_dags/example_complex.py
[2023-06-13T23:59:55.231+0000] {logging_mixin.py:149} INFO - [2023-06-13T23:59:55.231+0000] {taskmixin.py:211} WARNING - Dependency <Task(BashOperator): create_entry_group>, delete_entry_group already registered for DAG: example_complex
[2023-06-13T23:59:55.232+0000] {logging_mixin.py:149} INFO - [2023-06-13T23:59:55.232+0000] {taskmixin.py:211} WARNING - Dependency <Task(BashOperator): delete_entry_group>, create_entry_group already registered for DAG: example_complex
[2023-06-13T23:59:55.233+0000] {logging_mixin.py:149} INFO - [2023-06-13T23:59:55.233+0000] {taskmixin.py:211} WARNING - Dependency <Task(BashOperator): create_entry_gcs>, delete_entry already registered for DAG: example_complex
[2023-06-13T23:59:55.233+0000] {logging_mixin.py:149} INFO - [2023-06-13T23:59:55.233+0000] {taskmixin.py:211} WARNING - Dependency <Task(BashOperator): delete_entry>, create_entry_gcs already registered for DAG: example_complex
[2023-06-13T23:59:55.234+0000] {logging_mixin.py:149} INFO - [2023-06-13T23:59:55.234+0000] {taskmixin.py:211} WARNING - Dependency <Task(BashOperator): create_tag>, delete_tag already registered for DAG: example_complex
[2023-06-13T23:59:55.235+0000] {logging_mixin.py:149} INFO - [2023-06-13T23:59:55.235+0000] {taskmixin.py:211} WARNING - Dependency <Task(BashOperator): delete_tag>, create_tag already registered for DAG: example_complex
[2023-06-13T23:59:55.236+0000] {processor.py:836} INFO - DAG(s) dict_keys(['example_complex']) retrieved from /home/airflow/.local/lib/python3.7/site-packages/airflow/example_dags/example_complex.py
[2023-06-13T23:59:55.261+0000] {logging_mixin.py:149} INFO - [2023-06-13T23:59:55.261+0000] {dag.py:2726} INFO - Sync 1 DAGs
[2023-06-13T23:59:55.278+0000] {logging_mixin.py:149} INFO - [2023-06-13T23:59:55.278+0000] {dag.py:3490} INFO - Setting next_dagrun for example_complex to None, run_after=None
[2023-06-13T23:59:55.290+0000] {processor.py:179} INFO - Processing /home/airflow/.local/lib/python3.7/site-packages/airflow/example_dags/example_complex.py took 0.070 seconds
