[2023-06-13T23:54:19.244+0000] {processor.py:157} INFO - Started process (PID=50) to work on /home/airflow/.local/lib/python3.7/site-packages/airflow/example_dags/example_params_trigger_ui.py
[2023-06-13T23:54:19.245+0000] {processor.py:826} INFO - Processing file /home/airflow/.local/lib/python3.7/site-packages/airflow/example_dags/example_params_trigger_ui.py for tasks to queue
[2023-06-13T23:54:19.247+0000] {logging_mixin.py:149} INFO - [2023-06-13T23:54:19.247+0000] {dagbag.py:541} INFO - Filling up the DagBag from /home/airflow/.local/lib/python3.7/site-packages/airflow/example_dags/example_params_trigger_ui.py
[2023-06-13T23:54:19.277+0000] {processor.py:836} INFO - DAG(s) dict_keys(['example_params_trigger_ui']) retrieved from /home/airflow/.local/lib/python3.7/site-packages/airflow/example_dags/example_params_trigger_ui.py
[2023-06-13T23:54:19.466+0000] {logging_mixin.py:149} INFO - [2023-06-13T23:54:19.466+0000] {manager.py:504} INFO - Created Permission View: can read on DAG:example_params_trigger_ui
[2023-06-13T23:54:19.474+0000] {logging_mixin.py:149} INFO - [2023-06-13T23:54:19.474+0000] {manager.py:504} INFO - Created Permission View: can delete on DAG:example_params_trigger_ui
[2023-06-13T23:54:19.480+0000] {logging_mixin.py:149} INFO - [2023-06-13T23:54:19.479+0000] {manager.py:504} INFO - Created Permission View: can edit on DAG:example_params_trigger_ui
[2023-06-13T23:54:19.481+0000] {logging_mixin.py:149} INFO - [2023-06-13T23:54:19.481+0000] {dag.py:2726} INFO - Sync 1 DAGs
[2023-06-13T23:54:19.497+0000] {logging_mixin.py:149} INFO - [2023-06-13T23:54:19.497+0000] {dag.py:2747} INFO - Creating ORM DAG for example_params_trigger_ui
[2023-06-13T23:54:19.510+0000] {logging_mixin.py:149} INFO - [2023-06-13T23:54:19.510+0000] {dag.py:3490} INFO - Setting next_dagrun for example_params_trigger_ui to None, run_after=None
[2023-06-13T23:54:19.541+0000] {processor.py:179} INFO - Processing /home/airflow/.local/lib/python3.7/site-packages/airflow/example_dags/example_params_trigger_ui.py took 0.301 seconds
[2023-06-13T23:54:49.972+0000] {processor.py:157} INFO - Started process (PID=107) to work on /home/airflow/.local/lib/python3.7/site-packages/airflow/example_dags/example_params_trigger_ui.py
[2023-06-13T23:54:49.973+0000] {processor.py:826} INFO - Processing file /home/airflow/.local/lib/python3.7/site-packages/airflow/example_dags/example_params_trigger_ui.py for tasks to queue
[2023-06-13T23:54:49.974+0000] {logging_mixin.py:149} INFO - [2023-06-13T23:54:49.974+0000] {dagbag.py:541} INFO - Filling up the DagBag from /home/airflow/.local/lib/python3.7/site-packages/airflow/example_dags/example_params_trigger_ui.py
[2023-06-13T23:54:49.989+0000] {processor.py:836} INFO - DAG(s) dict_keys(['example_params_trigger_ui']) retrieved from /home/airflow/.local/lib/python3.7/site-packages/airflow/example_dags/example_params_trigger_ui.py
[2023-06-13T23:54:50.042+0000] {logging_mixin.py:149} INFO - [2023-06-13T23:54:50.042+0000] {dag.py:2726} INFO - Sync 1 DAGs
[2023-06-13T23:54:50.065+0000] {logging_mixin.py:149} INFO - [2023-06-13T23:54:50.065+0000] {dag.py:3490} INFO - Setting next_dagrun for example_params_trigger_ui to None, run_after=None
[2023-06-13T23:54:50.089+0000] {processor.py:179} INFO - Processing /home/airflow/.local/lib/python3.7/site-packages/airflow/example_dags/example_params_trigger_ui.py took 0.120 seconds
[2023-06-13T23:55:21.064+0000] {processor.py:157} INFO - Started process (PID=163) to work on /home/airflow/.local/lib/python3.7/site-packages/airflow/example_dags/example_params_trigger_ui.py
[2023-06-13T23:55:21.065+0000] {processor.py:826} INFO - Processing file /home/airflow/.local/lib/python3.7/site-packages/airflow/example_dags/example_params_trigger_ui.py for tasks to queue
[2023-06-13T23:55:21.066+0000] {logging_mixin.py:149} INFO - [2023-06-13T23:55:21.066+0000] {dagbag.py:541} INFO - Filling up the DagBag from /home/airflow/.local/lib/python3.7/site-packages/airflow/example_dags/example_params_trigger_ui.py
[2023-06-13T23:55:21.096+0000] {processor.py:836} INFO - DAG(s) dict_keys(['example_params_trigger_ui']) retrieved from /home/airflow/.local/lib/python3.7/site-packages/airflow/example_dags/example_params_trigger_ui.py
[2023-06-13T23:55:21.171+0000] {logging_mixin.py:149} INFO - [2023-06-13T23:55:21.171+0000] {dag.py:2726} INFO - Sync 1 DAGs
[2023-06-13T23:55:21.193+0000] {logging_mixin.py:149} INFO - [2023-06-13T23:55:21.193+0000] {dag.py:3490} INFO - Setting next_dagrun for example_params_trigger_ui to None, run_after=None
[2023-06-13T23:55:21.217+0000] {processor.py:179} INFO - Processing /home/airflow/.local/lib/python3.7/site-packages/airflow/example_dags/example_params_trigger_ui.py took 0.156 seconds
[2023-06-13T23:55:51.581+0000] {processor.py:157} INFO - Started process (PID=219) to work on /home/airflow/.local/lib/python3.7/site-packages/airflow/example_dags/example_params_trigger_ui.py
[2023-06-13T23:55:51.583+0000] {processor.py:826} INFO - Processing file /home/airflow/.local/lib/python3.7/site-packages/airflow/example_dags/example_params_trigger_ui.py for tasks to queue
[2023-06-13T23:55:51.583+0000] {logging_mixin.py:149} INFO - [2023-06-13T23:55:51.583+0000] {dagbag.py:541} INFO - Filling up the DagBag from /home/airflow/.local/lib/python3.7/site-packages/airflow/example_dags/example_params_trigger_ui.py
[2023-06-13T23:55:51.598+0000] {processor.py:836} INFO - DAG(s) dict_keys(['example_params_trigger_ui']) retrieved from /home/airflow/.local/lib/python3.7/site-packages/airflow/example_dags/example_params_trigger_ui.py
[2023-06-13T23:55:51.648+0000] {logging_mixin.py:149} INFO - [2023-06-13T23:55:51.648+0000] {dag.py:2726} INFO - Sync 1 DAGs
[2023-06-13T23:55:51.664+0000] {logging_mixin.py:149} INFO - [2023-06-13T23:55:51.664+0000] {dag.py:3490} INFO - Setting next_dagrun for example_params_trigger_ui to None, run_after=None
[2023-06-13T23:55:51.705+0000] {processor.py:179} INFO - Processing /home/airflow/.local/lib/python3.7/site-packages/airflow/example_dags/example_params_trigger_ui.py took 0.127 seconds
[2023-06-13T23:56:22.167+0000] {processor.py:157} INFO - Started process (PID=275) to work on /home/airflow/.local/lib/python3.7/site-packages/airflow/example_dags/example_params_trigger_ui.py
[2023-06-13T23:56:22.169+0000] {processor.py:826} INFO - Processing file /home/airflow/.local/lib/python3.7/site-packages/airflow/example_dags/example_params_trigger_ui.py for tasks to queue
[2023-06-13T23:56:22.170+0000] {logging_mixin.py:149} INFO - [2023-06-13T23:56:22.170+0000] {dagbag.py:541} INFO - Filling up the DagBag from /home/airflow/.local/lib/python3.7/site-packages/airflow/example_dags/example_params_trigger_ui.py
[2023-06-13T23:56:22.187+0000] {processor.py:836} INFO - DAG(s) dict_keys(['example_params_trigger_ui']) retrieved from /home/airflow/.local/lib/python3.7/site-packages/airflow/example_dags/example_params_trigger_ui.py
[2023-06-13T23:56:22.239+0000] {logging_mixin.py:149} INFO - [2023-06-13T23:56:22.239+0000] {dag.py:2726} INFO - Sync 1 DAGs
[2023-06-13T23:56:22.256+0000] {logging_mixin.py:149} INFO - [2023-06-13T23:56:22.256+0000] {dag.py:3490} INFO - Setting next_dagrun for example_params_trigger_ui to None, run_after=None
[2023-06-13T23:56:22.271+0000] {processor.py:179} INFO - Processing /home/airflow/.local/lib/python3.7/site-packages/airflow/example_dags/example_params_trigger_ui.py took 0.108 seconds
[2023-06-13T23:56:52.766+0000] {processor.py:157} INFO - Started process (PID=331) to work on /home/airflow/.local/lib/python3.7/site-packages/airflow/example_dags/example_params_trigger_ui.py
[2023-06-13T23:56:52.770+0000] {processor.py:826} INFO - Processing file /home/airflow/.local/lib/python3.7/site-packages/airflow/example_dags/example_params_trigger_ui.py for tasks to queue
[2023-06-13T23:56:52.772+0000] {logging_mixin.py:149} INFO - [2023-06-13T23:56:52.771+0000] {dagbag.py:541} INFO - Filling up the DagBag from /home/airflow/.local/lib/python3.7/site-packages/airflow/example_dags/example_params_trigger_ui.py
[2023-06-13T23:56:52.789+0000] {processor.py:836} INFO - DAG(s) dict_keys(['example_params_trigger_ui']) retrieved from /home/airflow/.local/lib/python3.7/site-packages/airflow/example_dags/example_params_trigger_ui.py
[2023-06-13T23:56:52.846+0000] {logging_mixin.py:149} INFO - [2023-06-13T23:56:52.846+0000] {dag.py:2726} INFO - Sync 1 DAGs
[2023-06-13T23:56:52.863+0000] {logging_mixin.py:149} INFO - [2023-06-13T23:56:52.863+0000] {dag.py:3490} INFO - Setting next_dagrun for example_params_trigger_ui to None, run_after=None
[2023-06-13T23:56:52.878+0000] {processor.py:179} INFO - Processing /home/airflow/.local/lib/python3.7/site-packages/airflow/example_dags/example_params_trigger_ui.py took 0.117 seconds
[2023-06-13T23:57:23.429+0000] {processor.py:157} INFO - Started process (PID=387) to work on /home/airflow/.local/lib/python3.7/site-packages/airflow/example_dags/example_params_trigger_ui.py
[2023-06-13T23:57:23.431+0000] {processor.py:826} INFO - Processing file /home/airflow/.local/lib/python3.7/site-packages/airflow/example_dags/example_params_trigger_ui.py for tasks to queue
[2023-06-13T23:57:23.432+0000] {logging_mixin.py:149} INFO - [2023-06-13T23:57:23.432+0000] {dagbag.py:541} INFO - Filling up the DagBag from /home/airflow/.local/lib/python3.7/site-packages/airflow/example_dags/example_params_trigger_ui.py
[2023-06-13T23:57:23.450+0000] {processor.py:836} INFO - DAG(s) dict_keys(['example_params_trigger_ui']) retrieved from /home/airflow/.local/lib/python3.7/site-packages/airflow/example_dags/example_params_trigger_ui.py
[2023-06-13T23:57:23.497+0000] {logging_mixin.py:149} INFO - [2023-06-13T23:57:23.497+0000] {dag.py:2726} INFO - Sync 1 DAGs
[2023-06-13T23:57:23.515+0000] {logging_mixin.py:149} INFO - [2023-06-13T23:57:23.515+0000] {dag.py:3490} INFO - Setting next_dagrun for example_params_trigger_ui to None, run_after=None
[2023-06-13T23:57:23.534+0000] {processor.py:179} INFO - Processing /home/airflow/.local/lib/python3.7/site-packages/airflow/example_dags/example_params_trigger_ui.py took 0.109 seconds
[2023-06-13T23:57:54.061+0000] {processor.py:157} INFO - Started process (PID=443) to work on /home/airflow/.local/lib/python3.7/site-packages/airflow/example_dags/example_params_trigger_ui.py
[2023-06-13T23:57:54.063+0000] {processor.py:826} INFO - Processing file /home/airflow/.local/lib/python3.7/site-packages/airflow/example_dags/example_params_trigger_ui.py for tasks to queue
[2023-06-13T23:57:54.064+0000] {logging_mixin.py:149} INFO - [2023-06-13T23:57:54.064+0000] {dagbag.py:541} INFO - Filling up the DagBag from /home/airflow/.local/lib/python3.7/site-packages/airflow/example_dags/example_params_trigger_ui.py
[2023-06-13T23:57:54.080+0000] {processor.py:836} INFO - DAG(s) dict_keys(['example_params_trigger_ui']) retrieved from /home/airflow/.local/lib/python3.7/site-packages/airflow/example_dags/example_params_trigger_ui.py
[2023-06-13T23:57:54.131+0000] {logging_mixin.py:149} INFO - [2023-06-13T23:57:54.131+0000] {dag.py:2726} INFO - Sync 1 DAGs
[2023-06-13T23:57:54.150+0000] {logging_mixin.py:149} INFO - [2023-06-13T23:57:54.150+0000] {dag.py:3490} INFO - Setting next_dagrun for example_params_trigger_ui to None, run_after=None
[2023-06-13T23:57:54.166+0000] {processor.py:179} INFO - Processing /home/airflow/.local/lib/python3.7/site-packages/airflow/example_dags/example_params_trigger_ui.py took 0.108 seconds
[2023-06-13T23:58:24.825+0000] {processor.py:157} INFO - Started process (PID=499) to work on /home/airflow/.local/lib/python3.7/site-packages/airflow/example_dags/example_params_trigger_ui.py
[2023-06-13T23:58:24.827+0000] {processor.py:826} INFO - Processing file /home/airflow/.local/lib/python3.7/site-packages/airflow/example_dags/example_params_trigger_ui.py for tasks to queue
[2023-06-13T23:58:24.827+0000] {logging_mixin.py:149} INFO - [2023-06-13T23:58:24.827+0000] {dagbag.py:541} INFO - Filling up the DagBag from /home/airflow/.local/lib/python3.7/site-packages/airflow/example_dags/example_params_trigger_ui.py
[2023-06-13T23:58:24.842+0000] {processor.py:836} INFO - DAG(s) dict_keys(['example_params_trigger_ui']) retrieved from /home/airflow/.local/lib/python3.7/site-packages/airflow/example_dags/example_params_trigger_ui.py
[2023-06-13T23:58:24.916+0000] {logging_mixin.py:149} INFO - [2023-06-13T23:58:24.916+0000] {dag.py:2726} INFO - Sync 1 DAGs
[2023-06-13T23:58:24.932+0000] {logging_mixin.py:149} INFO - [2023-06-13T23:58:24.932+0000] {dag.py:3490} INFO - Setting next_dagrun for example_params_trigger_ui to None, run_after=None
[2023-06-13T23:58:24.949+0000] {processor.py:179} INFO - Processing /home/airflow/.local/lib/python3.7/site-packages/airflow/example_dags/example_params_trigger_ui.py took 0.127 seconds
[2023-06-13T23:58:55.357+0000] {processor.py:157} INFO - Started process (PID=555) to work on /home/airflow/.local/lib/python3.7/site-packages/airflow/example_dags/example_params_trigger_ui.py
[2023-06-13T23:58:55.358+0000] {processor.py:826} INFO - Processing file /home/airflow/.local/lib/python3.7/site-packages/airflow/example_dags/example_params_trigger_ui.py for tasks to queue
[2023-06-13T23:58:55.359+0000] {logging_mixin.py:149} INFO - [2023-06-13T23:58:55.359+0000] {dagbag.py:541} INFO - Filling up the DagBag from /home/airflow/.local/lib/python3.7/site-packages/airflow/example_dags/example_params_trigger_ui.py
[2023-06-13T23:58:55.374+0000] {processor.py:836} INFO - DAG(s) dict_keys(['example_params_trigger_ui']) retrieved from /home/airflow/.local/lib/python3.7/site-packages/airflow/example_dags/example_params_trigger_ui.py
[2023-06-13T23:58:55.424+0000] {logging_mixin.py:149} INFO - [2023-06-13T23:58:55.424+0000] {dag.py:2726} INFO - Sync 1 DAGs
[2023-06-13T23:58:55.439+0000] {logging_mixin.py:149} INFO - [2023-06-13T23:58:55.439+0000] {dag.py:3490} INFO - Setting next_dagrun for example_params_trigger_ui to None, run_after=None
[2023-06-13T23:58:55.451+0000] {processor.py:179} INFO - Processing /home/airflow/.local/lib/python3.7/site-packages/airflow/example_dags/example_params_trigger_ui.py took 0.098 seconds
[2023-06-13T23:59:25.967+0000] {processor.py:157} INFO - Started process (PID=610) to work on /home/airflow/.local/lib/python3.7/site-packages/airflow/example_dags/example_params_trigger_ui.py
[2023-06-13T23:59:25.970+0000] {processor.py:826} INFO - Processing file /home/airflow/.local/lib/python3.7/site-packages/airflow/example_dags/example_params_trigger_ui.py for tasks to queue
[2023-06-13T23:59:25.972+0000] {logging_mixin.py:149} INFO - [2023-06-13T23:59:25.972+0000] {dagbag.py:541} INFO - Filling up the DagBag from /home/airflow/.local/lib/python3.7/site-packages/airflow/example_dags/example_params_trigger_ui.py
[2023-06-13T23:59:25.994+0000] {processor.py:836} INFO - DAG(s) dict_keys(['example_params_trigger_ui']) retrieved from /home/airflow/.local/lib/python3.7/site-packages/airflow/example_dags/example_params_trigger_ui.py
[2023-06-13T23:59:26.051+0000] {logging_mixin.py:149} INFO - [2023-06-13T23:59:26.051+0000] {dag.py:2726} INFO - Sync 1 DAGs
[2023-06-13T23:59:26.068+0000] {logging_mixin.py:149} INFO - [2023-06-13T23:59:26.068+0000] {dag.py:3490} INFO - Setting next_dagrun for example_params_trigger_ui to None, run_after=None
[2023-06-13T23:59:26.081+0000] {processor.py:179} INFO - Processing /home/airflow/.local/lib/python3.7/site-packages/airflow/example_dags/example_params_trigger_ui.py took 0.118 seconds
[2023-06-13T23:59:56.490+0000] {processor.py:157} INFO - Started process (PID=666) to work on /home/airflow/.local/lib/python3.7/site-packages/airflow/example_dags/example_params_trigger_ui.py
[2023-06-13T23:59:56.492+0000] {processor.py:826} INFO - Processing file /home/airflow/.local/lib/python3.7/site-packages/airflow/example_dags/example_params_trigger_ui.py for tasks to queue
[2023-06-13T23:59:56.492+0000] {logging_mixin.py:149} INFO - [2023-06-13T23:59:56.492+0000] {dagbag.py:541} INFO - Filling up the DagBag from /home/airflow/.local/lib/python3.7/site-packages/airflow/example_dags/example_params_trigger_ui.py
[2023-06-13T23:59:56.508+0000] {processor.py:836} INFO - DAG(s) dict_keys(['example_params_trigger_ui']) retrieved from /home/airflow/.local/lib/python3.7/site-packages/airflow/example_dags/example_params_trigger_ui.py
[2023-06-13T23:59:56.557+0000] {logging_mixin.py:149} INFO - [2023-06-13T23:59:56.557+0000] {dag.py:2726} INFO - Sync 1 DAGs
[2023-06-13T23:59:56.590+0000] {logging_mixin.py:149} INFO - [2023-06-13T23:59:56.590+0000] {dag.py:3490} INFO - Setting next_dagrun for example_params_trigger_ui to None, run_after=None
[2023-06-13T23:59:56.616+0000] {processor.py:179} INFO - Processing /home/airflow/.local/lib/python3.7/site-packages/airflow/example_dags/example_params_trigger_ui.py took 0.129 seconds
