[2023-06-13T23:54:21.018+0000] {processor.py:157} INFO - Started process (PID=58) to work on /home/airflow/.local/lib/python3.7/site-packages/airflow/example_dags/example_skip_dag.py
[2023-06-13T23:54:21.020+0000] {processor.py:826} INFO - Processing file /home/airflow/.local/lib/python3.7/site-packages/airflow/example_dags/example_skip_dag.py for tasks to queue
[2023-06-13T23:54:21.021+0000] {logging_mixin.py:149} INFO - [2023-06-13T23:54:21.021+0000] {dagbag.py:541} INFO - Filling up the DagBag from /home/airflow/.local/lib/python3.7/site-packages/airflow/example_dags/example_skip_dag.py
[2023-06-13T23:54:21.030+0000] {processor.py:836} INFO - DAG(s) dict_keys(['example_skip_dag']) retrieved from /home/airflow/.local/lib/python3.7/site-packages/airflow/example_dags/example_skip_dag.py
[2023-06-13T23:54:21.119+0000] {logging_mixin.py:149} INFO - [2023-06-13T23:54:21.119+0000] {manager.py:504} INFO - Created Permission View: can read on DAG:example_skip_dag
[2023-06-13T23:54:21.126+0000] {logging_mixin.py:149} INFO - [2023-06-13T23:54:21.126+0000] {manager.py:504} INFO - Created Permission View: can delete on DAG:example_skip_dag
[2023-06-13T23:54:21.131+0000] {logging_mixin.py:149} INFO - [2023-06-13T23:54:21.131+0000] {manager.py:504} INFO - Created Permission View: can edit on DAG:example_skip_dag
[2023-06-13T23:54:21.132+0000] {logging_mixin.py:149} INFO - [2023-06-13T23:54:21.132+0000] {dag.py:2726} INFO - Sync 1 DAGs
[2023-06-13T23:54:21.141+0000] {logging_mixin.py:149} INFO - [2023-06-13T23:54:21.141+0000] {dag.py:2747} INFO - Creating ORM DAG for example_skip_dag
[2023-06-13T23:54:21.149+0000] {logging_mixin.py:149} INFO - [2023-06-13T23:54:21.149+0000] {dag.py:3490} INFO - Setting next_dagrun for example_skip_dag to 2023-06-12T23:54:21.148709+00:00, run_after=2023-06-13T23:54:21.148709+00:00
[2023-06-13T23:54:21.162+0000] {processor.py:179} INFO - Processing /home/airflow/.local/lib/python3.7/site-packages/airflow/example_dags/example_skip_dag.py took 0.147 seconds
[2023-06-13T23:54:51.546+0000] {processor.py:157} INFO - Started process (PID=115) to work on /home/airflow/.local/lib/python3.7/site-packages/airflow/example_dags/example_skip_dag.py
[2023-06-13T23:54:51.548+0000] {processor.py:826} INFO - Processing file /home/airflow/.local/lib/python3.7/site-packages/airflow/example_dags/example_skip_dag.py for tasks to queue
[2023-06-13T23:54:51.550+0000] {logging_mixin.py:149} INFO - [2023-06-13T23:54:51.550+0000] {dagbag.py:541} INFO - Filling up the DagBag from /home/airflow/.local/lib/python3.7/site-packages/airflow/example_dags/example_skip_dag.py
[2023-06-13T23:54:51.558+0000] {processor.py:836} INFO - DAG(s) dict_keys(['example_skip_dag']) retrieved from /home/airflow/.local/lib/python3.7/site-packages/airflow/example_dags/example_skip_dag.py
[2023-06-13T23:54:51.586+0000] {logging_mixin.py:149} INFO - [2023-06-13T23:54:51.586+0000] {dag.py:2726} INFO - Sync 1 DAGs
[2023-06-13T23:54:51.607+0000] {logging_mixin.py:149} INFO - [2023-06-13T23:54:51.607+0000] {dag.py:3490} INFO - Setting next_dagrun for example_skip_dag to 2023-06-12T23:54:51.607340+00:00, run_after=2023-06-13T23:54:51.607340+00:00
[2023-06-13T23:54:51.625+0000] {processor.py:179} INFO - Processing /home/airflow/.local/lib/python3.7/site-packages/airflow/example_dags/example_skip_dag.py took 0.082 seconds
[2023-06-13T23:55:22.541+0000] {processor.py:157} INFO - Started process (PID=171) to work on /home/airflow/.local/lib/python3.7/site-packages/airflow/example_dags/example_skip_dag.py
[2023-06-13T23:55:22.542+0000] {processor.py:826} INFO - Processing file /home/airflow/.local/lib/python3.7/site-packages/airflow/example_dags/example_skip_dag.py for tasks to queue
[2023-06-13T23:55:22.543+0000] {logging_mixin.py:149} INFO - [2023-06-13T23:55:22.543+0000] {dagbag.py:541} INFO - Filling up the DagBag from /home/airflow/.local/lib/python3.7/site-packages/airflow/example_dags/example_skip_dag.py
[2023-06-13T23:55:22.549+0000] {processor.py:836} INFO - DAG(s) dict_keys(['example_skip_dag']) retrieved from /home/airflow/.local/lib/python3.7/site-packages/airflow/example_dags/example_skip_dag.py
[2023-06-13T23:55:22.570+0000] {logging_mixin.py:149} INFO - [2023-06-13T23:55:22.570+0000] {dag.py:2726} INFO - Sync 1 DAGs
[2023-06-13T23:55:22.588+0000] {logging_mixin.py:149} INFO - [2023-06-13T23:55:22.588+0000] {dag.py:3490} INFO - Setting next_dagrun for example_skip_dag to 2023-06-12T23:55:22.588034+00:00, run_after=2023-06-13T23:55:22.588034+00:00
[2023-06-13T23:55:22.601+0000] {processor.py:179} INFO - Processing /home/airflow/.local/lib/python3.7/site-packages/airflow/example_dags/example_skip_dag.py took 0.062 seconds
[2023-06-13T23:55:53.044+0000] {processor.py:157} INFO - Started process (PID=227) to work on /home/airflow/.local/lib/python3.7/site-packages/airflow/example_dags/example_skip_dag.py
[2023-06-13T23:55:53.045+0000] {processor.py:826} INFO - Processing file /home/airflow/.local/lib/python3.7/site-packages/airflow/example_dags/example_skip_dag.py for tasks to queue
[2023-06-13T23:55:53.046+0000] {logging_mixin.py:149} INFO - [2023-06-13T23:55:53.046+0000] {dagbag.py:541} INFO - Filling up the DagBag from /home/airflow/.local/lib/python3.7/site-packages/airflow/example_dags/example_skip_dag.py
[2023-06-13T23:55:53.052+0000] {processor.py:836} INFO - DAG(s) dict_keys(['example_skip_dag']) retrieved from /home/airflow/.local/lib/python3.7/site-packages/airflow/example_dags/example_skip_dag.py
[2023-06-13T23:55:53.074+0000] {logging_mixin.py:149} INFO - [2023-06-13T23:55:53.073+0000] {dag.py:2726} INFO - Sync 1 DAGs
[2023-06-13T23:55:53.090+0000] {logging_mixin.py:149} INFO - [2023-06-13T23:55:53.090+0000] {dag.py:3490} INFO - Setting next_dagrun for example_skip_dag to 2023-06-12T23:55:53.090209+00:00, run_after=2023-06-13T23:55:53.090209+00:00
[2023-06-13T23:55:53.103+0000] {processor.py:179} INFO - Processing /home/airflow/.local/lib/python3.7/site-packages/airflow/example_dags/example_skip_dag.py took 0.061 seconds
[2023-06-13T23:56:23.594+0000] {processor.py:157} INFO - Started process (PID=283) to work on /home/airflow/.local/lib/python3.7/site-packages/airflow/example_dags/example_skip_dag.py
[2023-06-13T23:56:23.596+0000] {processor.py:826} INFO - Processing file /home/airflow/.local/lib/python3.7/site-packages/airflow/example_dags/example_skip_dag.py for tasks to queue
[2023-06-13T23:56:23.597+0000] {logging_mixin.py:149} INFO - [2023-06-13T23:56:23.596+0000] {dagbag.py:541} INFO - Filling up the DagBag from /home/airflow/.local/lib/python3.7/site-packages/airflow/example_dags/example_skip_dag.py
[2023-06-13T23:56:23.603+0000] {processor.py:836} INFO - DAG(s) dict_keys(['example_skip_dag']) retrieved from /home/airflow/.local/lib/python3.7/site-packages/airflow/example_dags/example_skip_dag.py
[2023-06-13T23:56:23.624+0000] {logging_mixin.py:149} INFO - [2023-06-13T23:56:23.624+0000] {dag.py:2726} INFO - Sync 1 DAGs
[2023-06-13T23:56:23.641+0000] {logging_mixin.py:149} INFO - [2023-06-13T23:56:23.641+0000] {dag.py:3490} INFO - Setting next_dagrun for example_skip_dag to 2023-06-12T23:56:23.641259+00:00, run_after=2023-06-13T23:56:23.641259+00:00
[2023-06-13T23:56:23.654+0000] {processor.py:179} INFO - Processing /home/airflow/.local/lib/python3.7/site-packages/airflow/example_dags/example_skip_dag.py took 0.063 seconds
[2023-06-13T23:56:54.236+0000] {processor.py:157} INFO - Started process (PID=339) to work on /home/airflow/.local/lib/python3.7/site-packages/airflow/example_dags/example_skip_dag.py
[2023-06-13T23:56:54.237+0000] {processor.py:826} INFO - Processing file /home/airflow/.local/lib/python3.7/site-packages/airflow/example_dags/example_skip_dag.py for tasks to queue
[2023-06-13T23:56:54.238+0000] {logging_mixin.py:149} INFO - [2023-06-13T23:56:54.238+0000] {dagbag.py:541} INFO - Filling up the DagBag from /home/airflow/.local/lib/python3.7/site-packages/airflow/example_dags/example_skip_dag.py
[2023-06-13T23:56:54.244+0000] {processor.py:836} INFO - DAG(s) dict_keys(['example_skip_dag']) retrieved from /home/airflow/.local/lib/python3.7/site-packages/airflow/example_dags/example_skip_dag.py
[2023-06-13T23:56:54.266+0000] {logging_mixin.py:149} INFO - [2023-06-13T23:56:54.265+0000] {dag.py:2726} INFO - Sync 1 DAGs
[2023-06-13T23:56:54.285+0000] {logging_mixin.py:149} INFO - [2023-06-13T23:56:54.285+0000] {dag.py:3490} INFO - Setting next_dagrun for example_skip_dag to 2023-06-12T23:56:54.285102+00:00, run_after=2023-06-13T23:56:54.285102+00:00
[2023-06-13T23:56:54.300+0000] {processor.py:179} INFO - Processing /home/airflow/.local/lib/python3.7/site-packages/airflow/example_dags/example_skip_dag.py took 0.067 seconds
[2023-06-13T23:57:24.860+0000] {processor.py:157} INFO - Started process (PID=395) to work on /home/airflow/.local/lib/python3.7/site-packages/airflow/example_dags/example_skip_dag.py
[2023-06-13T23:57:24.861+0000] {processor.py:826} INFO - Processing file /home/airflow/.local/lib/python3.7/site-packages/airflow/example_dags/example_skip_dag.py for tasks to queue
[2023-06-13T23:57:24.862+0000] {logging_mixin.py:149} INFO - [2023-06-13T23:57:24.862+0000] {dagbag.py:541} INFO - Filling up the DagBag from /home/airflow/.local/lib/python3.7/site-packages/airflow/example_dags/example_skip_dag.py
[2023-06-13T23:57:24.868+0000] {processor.py:836} INFO - DAG(s) dict_keys(['example_skip_dag']) retrieved from /home/airflow/.local/lib/python3.7/site-packages/airflow/example_dags/example_skip_dag.py
[2023-06-13T23:57:24.887+0000] {logging_mixin.py:149} INFO - [2023-06-13T23:57:24.887+0000] {dag.py:2726} INFO - Sync 1 DAGs
[2023-06-13T23:57:24.905+0000] {logging_mixin.py:149} INFO - [2023-06-13T23:57:24.905+0000] {dag.py:3490} INFO - Setting next_dagrun for example_skip_dag to 2023-06-12T23:57:24.904940+00:00, run_after=2023-06-13T23:57:24.904940+00:00
[2023-06-13T23:57:24.924+0000] {processor.py:179} INFO - Processing /home/airflow/.local/lib/python3.7/site-packages/airflow/example_dags/example_skip_dag.py took 0.066 seconds
[2023-06-13T23:57:55.572+0000] {processor.py:157} INFO - Started process (PID=451) to work on /home/airflow/.local/lib/python3.7/site-packages/airflow/example_dags/example_skip_dag.py
[2023-06-13T23:57:55.574+0000] {processor.py:826} INFO - Processing file /home/airflow/.local/lib/python3.7/site-packages/airflow/example_dags/example_skip_dag.py for tasks to queue
[2023-06-13T23:57:55.575+0000] {logging_mixin.py:149} INFO - [2023-06-13T23:57:55.575+0000] {dagbag.py:541} INFO - Filling up the DagBag from /home/airflow/.local/lib/python3.7/site-packages/airflow/example_dags/example_skip_dag.py
[2023-06-13T23:57:55.581+0000] {processor.py:836} INFO - DAG(s) dict_keys(['example_skip_dag']) retrieved from /home/airflow/.local/lib/python3.7/site-packages/airflow/example_dags/example_skip_dag.py
[2023-06-13T23:57:55.603+0000] {logging_mixin.py:149} INFO - [2023-06-13T23:57:55.603+0000] {dag.py:2726} INFO - Sync 1 DAGs
[2023-06-13T23:57:55.622+0000] {logging_mixin.py:149} INFO - [2023-06-13T23:57:55.622+0000] {dag.py:3490} INFO - Setting next_dagrun for example_skip_dag to 2023-06-12T23:57:55.622290+00:00, run_after=2023-06-13T23:57:55.622290+00:00
[2023-06-13T23:57:55.642+0000] {processor.py:179} INFO - Processing /home/airflow/.local/lib/python3.7/site-packages/airflow/example_dags/example_skip_dag.py took 0.072 seconds
[2023-06-13T23:58:26.300+0000] {processor.py:157} INFO - Started process (PID=507) to work on /home/airflow/.local/lib/python3.7/site-packages/airflow/example_dags/example_skip_dag.py
[2023-06-13T23:58:26.302+0000] {processor.py:826} INFO - Processing file /home/airflow/.local/lib/python3.7/site-packages/airflow/example_dags/example_skip_dag.py for tasks to queue
[2023-06-13T23:58:26.302+0000] {logging_mixin.py:149} INFO - [2023-06-13T23:58:26.302+0000] {dagbag.py:541} INFO - Filling up the DagBag from /home/airflow/.local/lib/python3.7/site-packages/airflow/example_dags/example_skip_dag.py
[2023-06-13T23:58:26.308+0000] {processor.py:836} INFO - DAG(s) dict_keys(['example_skip_dag']) retrieved from /home/airflow/.local/lib/python3.7/site-packages/airflow/example_dags/example_skip_dag.py
[2023-06-13T23:58:26.327+0000] {logging_mixin.py:149} INFO - [2023-06-13T23:58:26.327+0000] {dag.py:2726} INFO - Sync 1 DAGs
[2023-06-13T23:58:26.343+0000] {logging_mixin.py:149} INFO - [2023-06-13T23:58:26.343+0000] {dag.py:3490} INFO - Setting next_dagrun for example_skip_dag to 2023-06-12T23:58:26.343605+00:00, run_after=2023-06-13T23:58:26.343605+00:00
[2023-06-13T23:58:26.356+0000] {processor.py:179} INFO - Processing /home/airflow/.local/lib/python3.7/site-packages/airflow/example_dags/example_skip_dag.py took 0.058 seconds
[2023-06-13T23:58:56.752+0000] {processor.py:157} INFO - Started process (PID=563) to work on /home/airflow/.local/lib/python3.7/site-packages/airflow/example_dags/example_skip_dag.py
[2023-06-13T23:58:56.754+0000] {processor.py:826} INFO - Processing file /home/airflow/.local/lib/python3.7/site-packages/airflow/example_dags/example_skip_dag.py for tasks to queue
[2023-06-13T23:58:56.754+0000] {logging_mixin.py:149} INFO - [2023-06-13T23:58:56.754+0000] {dagbag.py:541} INFO - Filling up the DagBag from /home/airflow/.local/lib/python3.7/site-packages/airflow/example_dags/example_skip_dag.py
[2023-06-13T23:58:56.760+0000] {processor.py:836} INFO - DAG(s) dict_keys(['example_skip_dag']) retrieved from /home/airflow/.local/lib/python3.7/site-packages/airflow/example_dags/example_skip_dag.py
[2023-06-13T23:58:56.781+0000] {logging_mixin.py:149} INFO - [2023-06-13T23:58:56.781+0000] {dag.py:2726} INFO - Sync 1 DAGs
[2023-06-13T23:58:56.798+0000] {logging_mixin.py:149} INFO - [2023-06-13T23:58:56.798+0000] {dag.py:3490} INFO - Setting next_dagrun for example_skip_dag to 2023-06-12T23:58:56.798074+00:00, run_after=2023-06-13T23:58:56.798074+00:00
[2023-06-13T23:58:56.811+0000] {processor.py:179} INFO - Processing /home/airflow/.local/lib/python3.7/site-packages/airflow/example_dags/example_skip_dag.py took 0.061 seconds
[2023-06-13T23:59:27.410+0000] {processor.py:157} INFO - Started process (PID=618) to work on /home/airflow/.local/lib/python3.7/site-packages/airflow/example_dags/example_skip_dag.py
[2023-06-13T23:59:27.412+0000] {processor.py:826} INFO - Processing file /home/airflow/.local/lib/python3.7/site-packages/airflow/example_dags/example_skip_dag.py for tasks to queue
[2023-06-13T23:59:27.413+0000] {logging_mixin.py:149} INFO - [2023-06-13T23:59:27.413+0000] {dagbag.py:541} INFO - Filling up the DagBag from /home/airflow/.local/lib/python3.7/site-packages/airflow/example_dags/example_skip_dag.py
[2023-06-13T23:59:27.420+0000] {processor.py:836} INFO - DAG(s) dict_keys(['example_skip_dag']) retrieved from /home/airflow/.local/lib/python3.7/site-packages/airflow/example_dags/example_skip_dag.py
[2023-06-13T23:59:27.449+0000] {logging_mixin.py:149} INFO - [2023-06-13T23:59:27.449+0000] {dag.py:2726} INFO - Sync 1 DAGs
[2023-06-13T23:59:27.471+0000] {logging_mixin.py:149} INFO - [2023-06-13T23:59:27.471+0000] {dag.py:3490} INFO - Setting next_dagrun for example_skip_dag to 2023-06-12T23:59:27.470975+00:00, run_after=2023-06-13T23:59:27.470975+00:00
[2023-06-13T23:59:27.487+0000] {processor.py:179} INFO - Processing /home/airflow/.local/lib/python3.7/site-packages/airflow/example_dags/example_skip_dag.py took 0.080 seconds
[2023-06-13T23:59:57.969+0000] {processor.py:157} INFO - Started process (PID=674) to work on /home/airflow/.local/lib/python3.7/site-packages/airflow/example_dags/example_skip_dag.py
[2023-06-13T23:59:57.970+0000] {processor.py:826} INFO - Processing file /home/airflow/.local/lib/python3.7/site-packages/airflow/example_dags/example_skip_dag.py for tasks to queue
[2023-06-13T23:59:57.971+0000] {logging_mixin.py:149} INFO - [2023-06-13T23:59:57.971+0000] {dagbag.py:541} INFO - Filling up the DagBag from /home/airflow/.local/lib/python3.7/site-packages/airflow/example_dags/example_skip_dag.py
[2023-06-13T23:59:57.977+0000] {processor.py:836} INFO - DAG(s) dict_keys(['example_skip_dag']) retrieved from /home/airflow/.local/lib/python3.7/site-packages/airflow/example_dags/example_skip_dag.py
[2023-06-13T23:59:57.998+0000] {logging_mixin.py:149} INFO - [2023-06-13T23:59:57.998+0000] {dag.py:2726} INFO - Sync 1 DAGs
[2023-06-13T23:59:58.014+0000] {logging_mixin.py:149} INFO - [2023-06-13T23:59:58.014+0000] {dag.py:3490} INFO - Setting next_dagrun for example_skip_dag to 2023-06-12T23:59:58.014270+00:00, run_after=2023-06-13T23:59:58.014270+00:00
[2023-06-13T23:59:58.028+0000] {processor.py:179} INFO - Processing /home/airflow/.local/lib/python3.7/site-packages/airflow/example_dags/example_skip_dag.py took 0.062 seconds
