[2023-06-13T23:54:21.744+0000] {processor.py:157} INFO - Started process (PID=65) to work on /home/airflow/.local/lib/python3.7/site-packages/airflow/example_dags/tutorial_dag.py
[2023-06-13T23:54:21.747+0000] {processor.py:826} INFO - Processing file /home/airflow/.local/lib/python3.7/site-packages/airflow/example_dags/tutorial_dag.py for tasks to queue
[2023-06-13T23:54:21.748+0000] {logging_mixin.py:149} INFO - [2023-06-13T23:54:21.748+0000] {dagbag.py:541} INFO - Filling up the DagBag from /home/airflow/.local/lib/python3.7/site-packages/airflow/example_dags/tutorial_dag.py
[2023-06-13T23:54:21.757+0000] {processor.py:836} INFO - DAG(s) dict_keys(['tutorial_dag']) retrieved from /home/airflow/.local/lib/python3.7/site-packages/airflow/example_dags/tutorial_dag.py
[2023-06-13T23:54:21.836+0000] {logging_mixin.py:149} INFO - [2023-06-13T23:54:21.835+0000] {manager.py:504} INFO - Created Permission View: can read on DAG:tutorial_dag
[2023-06-13T23:54:21.843+0000] {logging_mixin.py:149} INFO - [2023-06-13T23:54:21.843+0000] {manager.py:504} INFO - Created Permission View: can delete on DAG:tutorial_dag
[2023-06-13T23:54:21.848+0000] {logging_mixin.py:149} INFO - [2023-06-13T23:54:21.848+0000] {manager.py:504} INFO - Created Permission View: can edit on DAG:tutorial_dag
[2023-06-13T23:54:21.849+0000] {logging_mixin.py:149} INFO - [2023-06-13T23:54:21.849+0000] {dag.py:2726} INFO - Sync 1 DAGs
[2023-06-13T23:54:21.869+0000] {logging_mixin.py:149} INFO - [2023-06-13T23:54:21.869+0000] {dag.py:2747} INFO - Creating ORM DAG for tutorial_dag
[2023-06-13T23:54:21.877+0000] {logging_mixin.py:149} INFO - [2023-06-13T23:54:21.877+0000] {dag.py:3490} INFO - Setting next_dagrun for tutorial_dag to None, run_after=None
[2023-06-13T23:54:21.889+0000] {processor.py:179} INFO - Processing /home/airflow/.local/lib/python3.7/site-packages/airflow/example_dags/tutorial_dag.py took 0.159 seconds
[2023-06-13T23:54:51.968+0000] {processor.py:157} INFO - Started process (PID=122) to work on /home/airflow/.local/lib/python3.7/site-packages/airflow/example_dags/tutorial_dag.py
[2023-06-13T23:54:51.969+0000] {processor.py:826} INFO - Processing file /home/airflow/.local/lib/python3.7/site-packages/airflow/example_dags/tutorial_dag.py for tasks to queue
[2023-06-13T23:54:51.971+0000] {logging_mixin.py:149} INFO - [2023-06-13T23:54:51.971+0000] {dagbag.py:541} INFO - Filling up the DagBag from /home/airflow/.local/lib/python3.7/site-packages/airflow/example_dags/tutorial_dag.py
[2023-06-13T23:54:51.977+0000] {processor.py:836} INFO - DAG(s) dict_keys(['tutorial_dag']) retrieved from /home/airflow/.local/lib/python3.7/site-packages/airflow/example_dags/tutorial_dag.py
[2023-06-13T23:54:52.001+0000] {logging_mixin.py:149} INFO - [2023-06-13T23:54:52.000+0000] {dag.py:2726} INFO - Sync 1 DAGs
[2023-06-13T23:54:52.018+0000] {logging_mixin.py:149} INFO - [2023-06-13T23:54:52.018+0000] {dag.py:3490} INFO - Setting next_dagrun for tutorial_dag to None, run_after=None
[2023-06-13T23:54:52.032+0000] {processor.py:179} INFO - Processing /home/airflow/.local/lib/python3.7/site-packages/airflow/example_dags/tutorial_dag.py took 0.067 seconds
[2023-06-13T23:55:22.825+0000] {processor.py:157} INFO - Started process (PID=178) to work on /home/airflow/.local/lib/python3.7/site-packages/airflow/example_dags/tutorial_dag.py
[2023-06-13T23:55:22.827+0000] {processor.py:826} INFO - Processing file /home/airflow/.local/lib/python3.7/site-packages/airflow/example_dags/tutorial_dag.py for tasks to queue
[2023-06-13T23:55:22.828+0000] {logging_mixin.py:149} INFO - [2023-06-13T23:55:22.828+0000] {dagbag.py:541} INFO - Filling up the DagBag from /home/airflow/.local/lib/python3.7/site-packages/airflow/example_dags/tutorial_dag.py
[2023-06-13T23:55:22.832+0000] {processor.py:836} INFO - DAG(s) dict_keys(['tutorial_dag']) retrieved from /home/airflow/.local/lib/python3.7/site-packages/airflow/example_dags/tutorial_dag.py
[2023-06-13T23:55:22.853+0000] {logging_mixin.py:149} INFO - [2023-06-13T23:55:22.853+0000] {dag.py:2726} INFO - Sync 1 DAGs
[2023-06-13T23:55:22.871+0000] {logging_mixin.py:149} INFO - [2023-06-13T23:55:22.871+0000] {dag.py:3490} INFO - Setting next_dagrun for tutorial_dag to None, run_after=None
[2023-06-13T23:55:22.885+0000] {processor.py:179} INFO - Processing /home/airflow/.local/lib/python3.7/site-packages/airflow/example_dags/tutorial_dag.py took 0.063 seconds
[2023-06-13T23:55:53.388+0000] {processor.py:157} INFO - Started process (PID=234) to work on /home/airflow/.local/lib/python3.7/site-packages/airflow/example_dags/tutorial_dag.py
[2023-06-13T23:55:53.390+0000] {processor.py:826} INFO - Processing file /home/airflow/.local/lib/python3.7/site-packages/airflow/example_dags/tutorial_dag.py for tasks to queue
[2023-06-13T23:55:53.391+0000] {logging_mixin.py:149} INFO - [2023-06-13T23:55:53.391+0000] {dagbag.py:541} INFO - Filling up the DagBag from /home/airflow/.local/lib/python3.7/site-packages/airflow/example_dags/tutorial_dag.py
[2023-06-13T23:55:53.396+0000] {processor.py:836} INFO - DAG(s) dict_keys(['tutorial_dag']) retrieved from /home/airflow/.local/lib/python3.7/site-packages/airflow/example_dags/tutorial_dag.py
[2023-06-13T23:55:53.422+0000] {logging_mixin.py:149} INFO - [2023-06-13T23:55:53.422+0000] {dag.py:2726} INFO - Sync 1 DAGs
[2023-06-13T23:55:53.442+0000] {logging_mixin.py:149} INFO - [2023-06-13T23:55:53.442+0000] {dag.py:3490} INFO - Setting next_dagrun for tutorial_dag to None, run_after=None
[2023-06-13T23:55:53.459+0000] {processor.py:179} INFO - Processing /home/airflow/.local/lib/python3.7/site-packages/airflow/example_dags/tutorial_dag.py took 0.073 seconds
[2023-06-13T23:56:23.969+0000] {processor.py:157} INFO - Started process (PID=290) to work on /home/airflow/.local/lib/python3.7/site-packages/airflow/example_dags/tutorial_dag.py
[2023-06-13T23:56:23.971+0000] {processor.py:826} INFO - Processing file /home/airflow/.local/lib/python3.7/site-packages/airflow/example_dags/tutorial_dag.py for tasks to queue
[2023-06-13T23:56:23.972+0000] {logging_mixin.py:149} INFO - [2023-06-13T23:56:23.972+0000] {dagbag.py:541} INFO - Filling up the DagBag from /home/airflow/.local/lib/python3.7/site-packages/airflow/example_dags/tutorial_dag.py
[2023-06-13T23:56:23.977+0000] {processor.py:836} INFO - DAG(s) dict_keys(['tutorial_dag']) retrieved from /home/airflow/.local/lib/python3.7/site-packages/airflow/example_dags/tutorial_dag.py
[2023-06-13T23:56:23.998+0000] {logging_mixin.py:149} INFO - [2023-06-13T23:56:23.998+0000] {dag.py:2726} INFO - Sync 1 DAGs
[2023-06-13T23:56:24.015+0000] {logging_mixin.py:149} INFO - [2023-06-13T23:56:24.015+0000] {dag.py:3490} INFO - Setting next_dagrun for tutorial_dag to None, run_after=None
[2023-06-13T23:56:24.029+0000] {processor.py:179} INFO - Processing /home/airflow/.local/lib/python3.7/site-packages/airflow/example_dags/tutorial_dag.py took 0.063 seconds
[2023-06-13T23:56:54.588+0000] {processor.py:157} INFO - Started process (PID=346) to work on /home/airflow/.local/lib/python3.7/site-packages/airflow/example_dags/tutorial_dag.py
[2023-06-13T23:56:54.590+0000] {processor.py:826} INFO - Processing file /home/airflow/.local/lib/python3.7/site-packages/airflow/example_dags/tutorial_dag.py for tasks to queue
[2023-06-13T23:56:54.591+0000] {logging_mixin.py:149} INFO - [2023-06-13T23:56:54.591+0000] {dagbag.py:541} INFO - Filling up the DagBag from /home/airflow/.local/lib/python3.7/site-packages/airflow/example_dags/tutorial_dag.py
[2023-06-13T23:56:54.595+0000] {processor.py:836} INFO - DAG(s) dict_keys(['tutorial_dag']) retrieved from /home/airflow/.local/lib/python3.7/site-packages/airflow/example_dags/tutorial_dag.py
[2023-06-13T23:56:54.618+0000] {logging_mixin.py:149} INFO - [2023-06-13T23:56:54.618+0000] {dag.py:2726} INFO - Sync 1 DAGs
[2023-06-13T23:56:54.635+0000] {logging_mixin.py:149} INFO - [2023-06-13T23:56:54.635+0000] {dag.py:3490} INFO - Setting next_dagrun for tutorial_dag to None, run_after=None
[2023-06-13T23:56:54.648+0000] {processor.py:179} INFO - Processing /home/airflow/.local/lib/python3.7/site-packages/airflow/example_dags/tutorial_dag.py took 0.062 seconds
[2023-06-13T23:57:25.208+0000] {processor.py:157} INFO - Started process (PID=402) to work on /home/airflow/.local/lib/python3.7/site-packages/airflow/example_dags/tutorial_dag.py
[2023-06-13T23:57:25.210+0000] {processor.py:826} INFO - Processing file /home/airflow/.local/lib/python3.7/site-packages/airflow/example_dags/tutorial_dag.py for tasks to queue
[2023-06-13T23:57:25.211+0000] {logging_mixin.py:149} INFO - [2023-06-13T23:57:25.211+0000] {dagbag.py:541} INFO - Filling up the DagBag from /home/airflow/.local/lib/python3.7/site-packages/airflow/example_dags/tutorial_dag.py
[2023-06-13T23:57:25.217+0000] {processor.py:836} INFO - DAG(s) dict_keys(['tutorial_dag']) retrieved from /home/airflow/.local/lib/python3.7/site-packages/airflow/example_dags/tutorial_dag.py
[2023-06-13T23:57:25.245+0000] {logging_mixin.py:149} INFO - [2023-06-13T23:57:25.244+0000] {dag.py:2726} INFO - Sync 1 DAGs
[2023-06-13T23:57:25.262+0000] {logging_mixin.py:149} INFO - [2023-06-13T23:57:25.261+0000] {dag.py:3490} INFO - Setting next_dagrun for tutorial_dag to None, run_after=None
[2023-06-13T23:57:25.281+0000] {processor.py:179} INFO - Processing /home/airflow/.local/lib/python3.7/site-packages/airflow/example_dags/tutorial_dag.py took 0.076 seconds
[2023-06-13T23:57:55.953+0000] {processor.py:157} INFO - Started process (PID=458) to work on /home/airflow/.local/lib/python3.7/site-packages/airflow/example_dags/tutorial_dag.py
[2023-06-13T23:57:55.955+0000] {processor.py:826} INFO - Processing file /home/airflow/.local/lib/python3.7/site-packages/airflow/example_dags/tutorial_dag.py for tasks to queue
[2023-06-13T23:57:55.955+0000] {logging_mixin.py:149} INFO - [2023-06-13T23:57:55.955+0000] {dagbag.py:541} INFO - Filling up the DagBag from /home/airflow/.local/lib/python3.7/site-packages/airflow/example_dags/tutorial_dag.py
[2023-06-13T23:57:55.961+0000] {processor.py:836} INFO - DAG(s) dict_keys(['tutorial_dag']) retrieved from /home/airflow/.local/lib/python3.7/site-packages/airflow/example_dags/tutorial_dag.py
[2023-06-13T23:57:55.984+0000] {logging_mixin.py:149} INFO - [2023-06-13T23:57:55.983+0000] {dag.py:2726} INFO - Sync 1 DAGs
[2023-06-13T23:57:56.000+0000] {logging_mixin.py:149} INFO - [2023-06-13T23:57:56.000+0000] {dag.py:3490} INFO - Setting next_dagrun for tutorial_dag to None, run_after=None
[2023-06-13T23:57:56.014+0000] {processor.py:179} INFO - Processing /home/airflow/.local/lib/python3.7/site-packages/airflow/example_dags/tutorial_dag.py took 0.065 seconds
[2023-06-13T23:58:26.669+0000] {processor.py:157} INFO - Started process (PID=514) to work on /home/airflow/.local/lib/python3.7/site-packages/airflow/example_dags/tutorial_dag.py
[2023-06-13T23:58:26.670+0000] {processor.py:826} INFO - Processing file /home/airflow/.local/lib/python3.7/site-packages/airflow/example_dags/tutorial_dag.py for tasks to queue
[2023-06-13T23:58:26.672+0000] {logging_mixin.py:149} INFO - [2023-06-13T23:58:26.672+0000] {dagbag.py:541} INFO - Filling up the DagBag from /home/airflow/.local/lib/python3.7/site-packages/airflow/example_dags/tutorial_dag.py
[2023-06-13T23:58:26.677+0000] {processor.py:836} INFO - DAG(s) dict_keys(['tutorial_dag']) retrieved from /home/airflow/.local/lib/python3.7/site-packages/airflow/example_dags/tutorial_dag.py
[2023-06-13T23:58:26.711+0000] {logging_mixin.py:149} INFO - [2023-06-13T23:58:26.711+0000] {dag.py:2726} INFO - Sync 1 DAGs
[2023-06-13T23:58:26.732+0000] {logging_mixin.py:149} INFO - [2023-06-13T23:58:26.732+0000] {dag.py:3490} INFO - Setting next_dagrun for tutorial_dag to None, run_after=None
[2023-06-13T23:58:26.748+0000] {processor.py:179} INFO - Processing /home/airflow/.local/lib/python3.7/site-packages/airflow/example_dags/tutorial_dag.py took 0.082 seconds
[2023-06-13T23:58:57.075+0000] {processor.py:157} INFO - Started process (PID=570) to work on /home/airflow/.local/lib/python3.7/site-packages/airflow/example_dags/tutorial_dag.py
[2023-06-13T23:58:57.076+0000] {processor.py:826} INFO - Processing file /home/airflow/.local/lib/python3.7/site-packages/airflow/example_dags/tutorial_dag.py for tasks to queue
[2023-06-13T23:58:57.077+0000] {logging_mixin.py:149} INFO - [2023-06-13T23:58:57.077+0000] {dagbag.py:541} INFO - Filling up the DagBag from /home/airflow/.local/lib/python3.7/site-packages/airflow/example_dags/tutorial_dag.py
[2023-06-13T23:58:57.082+0000] {processor.py:836} INFO - DAG(s) dict_keys(['tutorial_dag']) retrieved from /home/airflow/.local/lib/python3.7/site-packages/airflow/example_dags/tutorial_dag.py
[2023-06-13T23:58:57.103+0000] {logging_mixin.py:149} INFO - [2023-06-13T23:58:57.103+0000] {dag.py:2726} INFO - Sync 1 DAGs
[2023-06-13T23:58:57.119+0000] {logging_mixin.py:149} INFO - [2023-06-13T23:58:57.119+0000] {dag.py:3490} INFO - Setting next_dagrun for tutorial_dag to None, run_after=None
[2023-06-13T23:58:57.132+0000] {processor.py:179} INFO - Processing /home/airflow/.local/lib/python3.7/site-packages/airflow/example_dags/tutorial_dag.py took 0.060 seconds
[2023-06-13T23:59:27.831+0000] {processor.py:157} INFO - Started process (PID=625) to work on /home/airflow/.local/lib/python3.7/site-packages/airflow/example_dags/tutorial_dag.py
[2023-06-13T23:59:27.833+0000] {processor.py:826} INFO - Processing file /home/airflow/.local/lib/python3.7/site-packages/airflow/example_dags/tutorial_dag.py for tasks to queue
[2023-06-13T23:59:27.834+0000] {logging_mixin.py:149} INFO - [2023-06-13T23:59:27.834+0000] {dagbag.py:541} INFO - Filling up the DagBag from /home/airflow/.local/lib/python3.7/site-packages/airflow/example_dags/tutorial_dag.py
[2023-06-13T23:59:27.839+0000] {processor.py:836} INFO - DAG(s) dict_keys(['tutorial_dag']) retrieved from /home/airflow/.local/lib/python3.7/site-packages/airflow/example_dags/tutorial_dag.py
[2023-06-13T23:59:27.862+0000] {logging_mixin.py:149} INFO - [2023-06-13T23:59:27.862+0000] {dag.py:2726} INFO - Sync 1 DAGs
[2023-06-13T23:59:27.880+0000] {logging_mixin.py:149} INFO - [2023-06-13T23:59:27.880+0000] {dag.py:3490} INFO - Setting next_dagrun for tutorial_dag to None, run_after=None
[2023-06-13T23:59:27.893+0000] {processor.py:179} INFO - Processing /home/airflow/.local/lib/python3.7/site-packages/airflow/example_dags/tutorial_dag.py took 0.065 seconds
[2023-06-13T23:59:58.345+0000] {processor.py:157} INFO - Started process (PID=681) to work on /home/airflow/.local/lib/python3.7/site-packages/airflow/example_dags/tutorial_dag.py
[2023-06-13T23:59:58.347+0000] {processor.py:826} INFO - Processing file /home/airflow/.local/lib/python3.7/site-packages/airflow/example_dags/tutorial_dag.py for tasks to queue
[2023-06-13T23:59:58.348+0000] {logging_mixin.py:149} INFO - [2023-06-13T23:59:58.348+0000] {dagbag.py:541} INFO - Filling up the DagBag from /home/airflow/.local/lib/python3.7/site-packages/airflow/example_dags/tutorial_dag.py
[2023-06-13T23:59:58.355+0000] {processor.py:836} INFO - DAG(s) dict_keys(['tutorial_dag']) retrieved from /home/airflow/.local/lib/python3.7/site-packages/airflow/example_dags/tutorial_dag.py
[2023-06-13T23:59:58.393+0000] {logging_mixin.py:149} INFO - [2023-06-13T23:59:58.392+0000] {dag.py:2726} INFO - Sync 1 DAGs
[2023-06-13T23:59:58.409+0000] {logging_mixin.py:149} INFO - [2023-06-13T23:59:58.409+0000] {dag.py:3490} INFO - Setting next_dagrun for tutorial_dag to None, run_after=None
[2023-06-13T23:59:58.422+0000] {processor.py:179} INFO - Processing /home/airflow/.local/lib/python3.7/site-packages/airflow/example_dags/tutorial_dag.py took 0.082 seconds
