[2023-06-13T23:54:16.761+0000] {processor.py:157} INFO - Started process (PID=35) to work on /home/airflow/.local/lib/python3.7/site-packages/airflow/example_dags/tutorial_taskflow_api.py
[2023-06-13T23:54:16.764+0000] {processor.py:826} INFO - Processing file /home/airflow/.local/lib/python3.7/site-packages/airflow/example_dags/tutorial_taskflow_api.py for tasks to queue
[2023-06-13T23:54:16.766+0000] {logging_mixin.py:149} INFO - [2023-06-13T23:54:16.766+0000] {dagbag.py:541} INFO - Filling up the DagBag from /home/airflow/.local/lib/python3.7/site-packages/airflow/example_dags/tutorial_taskflow_api.py
[2023-06-13T23:54:16.775+0000] {processor.py:836} INFO - DAG(s) dict_keys(['tutorial_taskflow_api']) retrieved from /home/airflow/.local/lib/python3.7/site-packages/airflow/example_dags/tutorial_taskflow_api.py
[2023-06-13T23:54:16.892+0000] {logging_mixin.py:149} INFO - [2023-06-13T23:54:16.891+0000] {manager.py:504} INFO - Created Permission View: can read on DAG:tutorial_taskflow_api
[2023-06-13T23:54:16.910+0000] {logging_mixin.py:149} INFO - [2023-06-13T23:54:16.910+0000] {manager.py:504} INFO - Created Permission View: can delete on DAG:tutorial_taskflow_api
[2023-06-13T23:54:16.922+0000] {logging_mixin.py:149} INFO - [2023-06-13T23:54:16.922+0000] {manager.py:504} INFO - Created Permission View: can edit on DAG:tutorial_taskflow_api
[2023-06-13T23:54:16.925+0000] {logging_mixin.py:149} INFO - [2023-06-13T23:54:16.924+0000] {dag.py:2726} INFO - Sync 1 DAGs
[2023-06-13T23:54:16.937+0000] {logging_mixin.py:149} INFO - [2023-06-13T23:54:16.937+0000] {dag.py:2747} INFO - Creating ORM DAG for tutorial_taskflow_api
[2023-06-13T23:54:16.950+0000] {logging_mixin.py:149} INFO - [2023-06-13T23:54:16.949+0000] {dag.py:3490} INFO - Setting next_dagrun for tutorial_taskflow_api to None, run_after=None
[2023-06-13T23:54:16.972+0000] {processor.py:179} INFO - Processing /home/airflow/.local/lib/python3.7/site-packages/airflow/example_dags/tutorial_taskflow_api.py took 0.217 seconds
[2023-06-13T23:54:47.104+0000] {processor.py:157} INFO - Started process (PID=92) to work on /home/airflow/.local/lib/python3.7/site-packages/airflow/example_dags/tutorial_taskflow_api.py
[2023-06-13T23:54:47.106+0000] {processor.py:826} INFO - Processing file /home/airflow/.local/lib/python3.7/site-packages/airflow/example_dags/tutorial_taskflow_api.py for tasks to queue
[2023-06-13T23:54:47.107+0000] {logging_mixin.py:149} INFO - [2023-06-13T23:54:47.107+0000] {dagbag.py:541} INFO - Filling up the DagBag from /home/airflow/.local/lib/python3.7/site-packages/airflow/example_dags/tutorial_taskflow_api.py
[2023-06-13T23:54:47.112+0000] {processor.py:836} INFO - DAG(s) dict_keys(['tutorial_taskflow_api']) retrieved from /home/airflow/.local/lib/python3.7/site-packages/airflow/example_dags/tutorial_taskflow_api.py
[2023-06-13T23:54:47.134+0000] {logging_mixin.py:149} INFO - [2023-06-13T23:54:47.134+0000] {dag.py:2726} INFO - Sync 1 DAGs
[2023-06-13T23:54:47.154+0000] {logging_mixin.py:149} INFO - [2023-06-13T23:54:47.154+0000] {dag.py:3490} INFO - Setting next_dagrun for tutorial_taskflow_api to None, run_after=None
[2023-06-13T23:54:47.171+0000] {processor.py:179} INFO - Processing /home/airflow/.local/lib/python3.7/site-packages/airflow/example_dags/tutorial_taskflow_api.py took 0.069 seconds
[2023-06-13T23:55:17.259+0000] {processor.py:157} INFO - Started process (PID=148) to work on /home/airflow/.local/lib/python3.7/site-packages/airflow/example_dags/tutorial_taskflow_api.py
[2023-06-13T23:55:17.260+0000] {processor.py:826} INFO - Processing file /home/airflow/.local/lib/python3.7/site-packages/airflow/example_dags/tutorial_taskflow_api.py for tasks to queue
[2023-06-13T23:55:17.261+0000] {logging_mixin.py:149} INFO - [2023-06-13T23:55:17.261+0000] {dagbag.py:541} INFO - Filling up the DagBag from /home/airflow/.local/lib/python3.7/site-packages/airflow/example_dags/tutorial_taskflow_api.py
[2023-06-13T23:55:17.266+0000] {processor.py:836} INFO - DAG(s) dict_keys(['tutorial_taskflow_api']) retrieved from /home/airflow/.local/lib/python3.7/site-packages/airflow/example_dags/tutorial_taskflow_api.py
[2023-06-13T23:55:17.287+0000] {logging_mixin.py:149} INFO - [2023-06-13T23:55:17.287+0000] {dag.py:2726} INFO - Sync 1 DAGs
[2023-06-13T23:55:17.303+0000] {logging_mixin.py:149} INFO - [2023-06-13T23:55:17.303+0000] {dag.py:3490} INFO - Setting next_dagrun for tutorial_taskflow_api to None, run_after=None
[2023-06-13T23:55:17.320+0000] {processor.py:179} INFO - Processing /home/airflow/.local/lib/python3.7/site-packages/airflow/example_dags/tutorial_taskflow_api.py took 0.064 seconds
[2023-06-13T23:55:47.794+0000] {processor.py:157} INFO - Started process (PID=204) to work on /home/airflow/.local/lib/python3.7/site-packages/airflow/example_dags/tutorial_taskflow_api.py
[2023-06-13T23:55:47.796+0000] {processor.py:826} INFO - Processing file /home/airflow/.local/lib/python3.7/site-packages/airflow/example_dags/tutorial_taskflow_api.py for tasks to queue
[2023-06-13T23:55:47.797+0000] {logging_mixin.py:149} INFO - [2023-06-13T23:55:47.796+0000] {dagbag.py:541} INFO - Filling up the DagBag from /home/airflow/.local/lib/python3.7/site-packages/airflow/example_dags/tutorial_taskflow_api.py
[2023-06-13T23:55:47.802+0000] {processor.py:836} INFO - DAG(s) dict_keys(['tutorial_taskflow_api']) retrieved from /home/airflow/.local/lib/python3.7/site-packages/airflow/example_dags/tutorial_taskflow_api.py
[2023-06-13T23:55:47.823+0000] {logging_mixin.py:149} INFO - [2023-06-13T23:55:47.823+0000] {dag.py:2726} INFO - Sync 1 DAGs
[2023-06-13T23:55:47.842+0000] {logging_mixin.py:149} INFO - [2023-06-13T23:55:47.842+0000] {dag.py:3490} INFO - Setting next_dagrun for tutorial_taskflow_api to None, run_after=None
[2023-06-13T23:55:47.860+0000] {processor.py:179} INFO - Processing /home/airflow/.local/lib/python3.7/site-packages/airflow/example_dags/tutorial_taskflow_api.py took 0.068 seconds
[2023-06-13T23:56:18.459+0000] {processor.py:157} INFO - Started process (PID=260) to work on /home/airflow/.local/lib/python3.7/site-packages/airflow/example_dags/tutorial_taskflow_api.py
[2023-06-13T23:56:18.461+0000] {processor.py:826} INFO - Processing file /home/airflow/.local/lib/python3.7/site-packages/airflow/example_dags/tutorial_taskflow_api.py for tasks to queue
[2023-06-13T23:56:18.462+0000] {logging_mixin.py:149} INFO - [2023-06-13T23:56:18.462+0000] {dagbag.py:541} INFO - Filling up the DagBag from /home/airflow/.local/lib/python3.7/site-packages/airflow/example_dags/tutorial_taskflow_api.py
[2023-06-13T23:56:18.468+0000] {processor.py:836} INFO - DAG(s) dict_keys(['tutorial_taskflow_api']) retrieved from /home/airflow/.local/lib/python3.7/site-packages/airflow/example_dags/tutorial_taskflow_api.py
[2023-06-13T23:56:18.489+0000] {logging_mixin.py:149} INFO - [2023-06-13T23:56:18.489+0000] {dag.py:2726} INFO - Sync 1 DAGs
[2023-06-13T23:56:18.506+0000] {logging_mixin.py:149} INFO - [2023-06-13T23:56:18.505+0000] {dag.py:3490} INFO - Setting next_dagrun for tutorial_taskflow_api to None, run_after=None
[2023-06-13T23:56:18.518+0000] {processor.py:179} INFO - Processing /home/airflow/.local/lib/python3.7/site-packages/airflow/example_dags/tutorial_taskflow_api.py took 0.061 seconds
[2023-06-13T23:56:49.020+0000] {processor.py:157} INFO - Started process (PID=316) to work on /home/airflow/.local/lib/python3.7/site-packages/airflow/example_dags/tutorial_taskflow_api.py
[2023-06-13T23:56:49.022+0000] {processor.py:826} INFO - Processing file /home/airflow/.local/lib/python3.7/site-packages/airflow/example_dags/tutorial_taskflow_api.py for tasks to queue
[2023-06-13T23:56:49.023+0000] {logging_mixin.py:149} INFO - [2023-06-13T23:56:49.023+0000] {dagbag.py:541} INFO - Filling up the DagBag from /home/airflow/.local/lib/python3.7/site-packages/airflow/example_dags/tutorial_taskflow_api.py
[2023-06-13T23:56:49.028+0000] {processor.py:836} INFO - DAG(s) dict_keys(['tutorial_taskflow_api']) retrieved from /home/airflow/.local/lib/python3.7/site-packages/airflow/example_dags/tutorial_taskflow_api.py
[2023-06-13T23:56:49.049+0000] {logging_mixin.py:149} INFO - [2023-06-13T23:56:49.049+0000] {dag.py:2726} INFO - Sync 1 DAGs
[2023-06-13T23:56:49.067+0000] {logging_mixin.py:149} INFO - [2023-06-13T23:56:49.066+0000] {dag.py:3490} INFO - Setting next_dagrun for tutorial_taskflow_api to None, run_after=None
[2023-06-13T23:56:49.082+0000] {processor.py:179} INFO - Processing /home/airflow/.local/lib/python3.7/site-packages/airflow/example_dags/tutorial_taskflow_api.py took 0.064 seconds
[2023-06-13T23:57:19.588+0000] {processor.py:157} INFO - Started process (PID=372) to work on /home/airflow/.local/lib/python3.7/site-packages/airflow/example_dags/tutorial_taskflow_api.py
[2023-06-13T23:57:19.589+0000] {processor.py:826} INFO - Processing file /home/airflow/.local/lib/python3.7/site-packages/airflow/example_dags/tutorial_taskflow_api.py for tasks to queue
[2023-06-13T23:57:19.590+0000] {logging_mixin.py:149} INFO - [2023-06-13T23:57:19.590+0000] {dagbag.py:541} INFO - Filling up the DagBag from /home/airflow/.local/lib/python3.7/site-packages/airflow/example_dags/tutorial_taskflow_api.py
[2023-06-13T23:57:19.595+0000] {processor.py:836} INFO - DAG(s) dict_keys(['tutorial_taskflow_api']) retrieved from /home/airflow/.local/lib/python3.7/site-packages/airflow/example_dags/tutorial_taskflow_api.py
[2023-06-13T23:57:19.619+0000] {logging_mixin.py:149} INFO - [2023-06-13T23:57:19.619+0000] {dag.py:2726} INFO - Sync 1 DAGs
[2023-06-13T23:57:19.637+0000] {logging_mixin.py:149} INFO - [2023-06-13T23:57:19.637+0000] {dag.py:3490} INFO - Setting next_dagrun for tutorial_taskflow_api to None, run_after=None
[2023-06-13T23:57:19.650+0000] {processor.py:179} INFO - Processing /home/airflow/.local/lib/python3.7/site-packages/airflow/example_dags/tutorial_taskflow_api.py took 0.065 seconds
[2023-06-13T23:57:50.258+0000] {processor.py:157} INFO - Started process (PID=428) to work on /home/airflow/.local/lib/python3.7/site-packages/airflow/example_dags/tutorial_taskflow_api.py
[2023-06-13T23:57:50.259+0000] {processor.py:826} INFO - Processing file /home/airflow/.local/lib/python3.7/site-packages/airflow/example_dags/tutorial_taskflow_api.py for tasks to queue
[2023-06-13T23:57:50.260+0000] {logging_mixin.py:149} INFO - [2023-06-13T23:57:50.260+0000] {dagbag.py:541} INFO - Filling up the DagBag from /home/airflow/.local/lib/python3.7/site-packages/airflow/example_dags/tutorial_taskflow_api.py
[2023-06-13T23:57:50.265+0000] {processor.py:836} INFO - DAG(s) dict_keys(['tutorial_taskflow_api']) retrieved from /home/airflow/.local/lib/python3.7/site-packages/airflow/example_dags/tutorial_taskflow_api.py
[2023-06-13T23:57:50.287+0000] {logging_mixin.py:149} INFO - [2023-06-13T23:57:50.287+0000] {dag.py:2726} INFO - Sync 1 DAGs
[2023-06-13T23:57:50.304+0000] {logging_mixin.py:149} INFO - [2023-06-13T23:57:50.304+0000] {dag.py:3490} INFO - Setting next_dagrun for tutorial_taskflow_api to None, run_after=None
[2023-06-13T23:57:50.316+0000] {processor.py:179} INFO - Processing /home/airflow/.local/lib/python3.7/site-packages/airflow/example_dags/tutorial_taskflow_api.py took 0.062 seconds
[2023-06-13T23:58:21.059+0000] {processor.py:157} INFO - Started process (PID=484) to work on /home/airflow/.local/lib/python3.7/site-packages/airflow/example_dags/tutorial_taskflow_api.py
[2023-06-13T23:58:21.061+0000] {processor.py:826} INFO - Processing file /home/airflow/.local/lib/python3.7/site-packages/airflow/example_dags/tutorial_taskflow_api.py for tasks to queue
[2023-06-13T23:58:21.062+0000] {logging_mixin.py:149} INFO - [2023-06-13T23:58:21.061+0000] {dagbag.py:541} INFO - Filling up the DagBag from /home/airflow/.local/lib/python3.7/site-packages/airflow/example_dags/tutorial_taskflow_api.py
[2023-06-13T23:58:21.067+0000] {processor.py:836} INFO - DAG(s) dict_keys(['tutorial_taskflow_api']) retrieved from /home/airflow/.local/lib/python3.7/site-packages/airflow/example_dags/tutorial_taskflow_api.py
[2023-06-13T23:58:21.091+0000] {logging_mixin.py:149} INFO - [2023-06-13T23:58:21.091+0000] {dag.py:2726} INFO - Sync 1 DAGs
[2023-06-13T23:58:21.120+0000] {logging_mixin.py:149} INFO - [2023-06-13T23:58:21.120+0000] {dag.py:3490} INFO - Setting next_dagrun for tutorial_taskflow_api to None, run_after=None
[2023-06-13T23:58:21.152+0000] {processor.py:179} INFO - Processing /home/airflow/.local/lib/python3.7/site-packages/airflow/example_dags/tutorial_taskflow_api.py took 0.097 seconds
[2023-06-13T23:58:51.619+0000] {processor.py:157} INFO - Started process (PID=540) to work on /home/airflow/.local/lib/python3.7/site-packages/airflow/example_dags/tutorial_taskflow_api.py
[2023-06-13T23:58:51.621+0000] {processor.py:826} INFO - Processing file /home/airflow/.local/lib/python3.7/site-packages/airflow/example_dags/tutorial_taskflow_api.py for tasks to queue
[2023-06-13T23:58:51.622+0000] {logging_mixin.py:149} INFO - [2023-06-13T23:58:51.622+0000] {dagbag.py:541} INFO - Filling up the DagBag from /home/airflow/.local/lib/python3.7/site-packages/airflow/example_dags/tutorial_taskflow_api.py
[2023-06-13T23:58:51.627+0000] {processor.py:836} INFO - DAG(s) dict_keys(['tutorial_taskflow_api']) retrieved from /home/airflow/.local/lib/python3.7/site-packages/airflow/example_dags/tutorial_taskflow_api.py
[2023-06-13T23:58:51.648+0000] {logging_mixin.py:149} INFO - [2023-06-13T23:58:51.647+0000] {dag.py:2726} INFO - Sync 1 DAGs
[2023-06-13T23:58:51.665+0000] {logging_mixin.py:149} INFO - [2023-06-13T23:58:51.665+0000] {dag.py:3490} INFO - Setting next_dagrun for tutorial_taskflow_api to None, run_after=None
[2023-06-13T23:58:51.678+0000] {processor.py:179} INFO - Processing /home/airflow/.local/lib/python3.7/site-packages/airflow/example_dags/tutorial_taskflow_api.py took 0.062 seconds
[2023-06-13T23:59:22.272+0000] {processor.py:157} INFO - Started process (PID=595) to work on /home/airflow/.local/lib/python3.7/site-packages/airflow/example_dags/tutorial_taskflow_api.py
[2023-06-13T23:59:22.274+0000] {processor.py:826} INFO - Processing file /home/airflow/.local/lib/python3.7/site-packages/airflow/example_dags/tutorial_taskflow_api.py for tasks to queue
[2023-06-13T23:59:22.275+0000] {logging_mixin.py:149} INFO - [2023-06-13T23:59:22.275+0000] {dagbag.py:541} INFO - Filling up the DagBag from /home/airflow/.local/lib/python3.7/site-packages/airflow/example_dags/tutorial_taskflow_api.py
[2023-06-13T23:59:22.281+0000] {processor.py:836} INFO - DAG(s) dict_keys(['tutorial_taskflow_api']) retrieved from /home/airflow/.local/lib/python3.7/site-packages/airflow/example_dags/tutorial_taskflow_api.py
[2023-06-13T23:59:22.303+0000] {logging_mixin.py:149} INFO - [2023-06-13T23:59:22.303+0000] {dag.py:2726} INFO - Sync 1 DAGs
[2023-06-13T23:59:22.320+0000] {logging_mixin.py:149} INFO - [2023-06-13T23:59:22.320+0000] {dag.py:3490} INFO - Setting next_dagrun for tutorial_taskflow_api to None, run_after=None
[2023-06-13T23:59:22.334+0000] {processor.py:179} INFO - Processing /home/airflow/.local/lib/python3.7/site-packages/airflow/example_dags/tutorial_taskflow_api.py took 0.065 seconds
[2023-06-13T23:59:52.822+0000] {processor.py:157} INFO - Started process (PID=651) to work on /home/airflow/.local/lib/python3.7/site-packages/airflow/example_dags/tutorial_taskflow_api.py
[2023-06-13T23:59:52.823+0000] {processor.py:826} INFO - Processing file /home/airflow/.local/lib/python3.7/site-packages/airflow/example_dags/tutorial_taskflow_api.py for tasks to queue
[2023-06-13T23:59:52.824+0000] {logging_mixin.py:149} INFO - [2023-06-13T23:59:52.824+0000] {dagbag.py:541} INFO - Filling up the DagBag from /home/airflow/.local/lib/python3.7/site-packages/airflow/example_dags/tutorial_taskflow_api.py
[2023-06-13T23:59:52.831+0000] {processor.py:836} INFO - DAG(s) dict_keys(['tutorial_taskflow_api']) retrieved from /home/airflow/.local/lib/python3.7/site-packages/airflow/example_dags/tutorial_taskflow_api.py
[2023-06-13T23:59:52.853+0000] {logging_mixin.py:149} INFO - [2023-06-13T23:59:52.853+0000] {dag.py:2726} INFO - Sync 1 DAGs
[2023-06-13T23:59:52.870+0000] {logging_mixin.py:149} INFO - [2023-06-13T23:59:52.870+0000] {dag.py:3490} INFO - Setting next_dagrun for tutorial_taskflow_api to None, run_after=None
[2023-06-13T23:59:52.882+0000] {processor.py:179} INFO - Processing /home/airflow/.local/lib/python3.7/site-packages/airflow/example_dags/tutorial_taskflow_api.py took 0.064 seconds
