[2023-06-13T23:54:16.546+0000] {processor.py:157} INFO - Started process (PID=34) to work on /home/airflow/.local/lib/python3.7/site-packages/airflow/example_dags/tutorial.py
[2023-06-13T23:54:16.548+0000] {processor.py:826} INFO - Processing file /home/airflow/.local/lib/python3.7/site-packages/airflow/example_dags/tutorial.py for tasks to queue
[2023-06-13T23:54:16.549+0000] {logging_mixin.py:149} INFO - [2023-06-13T23:54:16.549+0000] {dagbag.py:541} INFO - Filling up the DagBag from /home/airflow/.local/lib/python3.7/site-packages/airflow/example_dags/tutorial.py
[2023-06-13T23:54:16.561+0000] {processor.py:836} INFO - DAG(s) dict_keys(['tutorial']) retrieved from /home/airflow/.local/lib/python3.7/site-packages/airflow/example_dags/tutorial.py
[2023-06-13T23:54:16.680+0000] {logging_mixin.py:149} INFO - [2023-06-13T23:54:16.680+0000] {manager.py:504} INFO - Created Permission View: can read on DAG:tutorial
[2023-06-13T23:54:16.696+0000] {logging_mixin.py:149} INFO - [2023-06-13T23:54:16.696+0000] {manager.py:504} INFO - Created Permission View: can delete on DAG:tutorial
[2023-06-13T23:54:16.722+0000] {logging_mixin.py:149} INFO - [2023-06-13T23:54:16.722+0000] {manager.py:504} INFO - Created Permission View: can edit on DAG:tutorial
[2023-06-13T23:54:16.725+0000] {logging_mixin.py:149} INFO - [2023-06-13T23:54:16.725+0000] {dag.py:2726} INFO - Sync 1 DAGs
[2023-06-13T23:54:16.742+0000] {logging_mixin.py:149} INFO - [2023-06-13T23:54:16.742+0000] {dag.py:2747} INFO - Creating ORM DAG for tutorial
[2023-06-13T23:54:16.755+0000] {logging_mixin.py:149} INFO - [2023-06-13T23:54:16.754+0000] {dag.py:3490} INFO - Setting next_dagrun for tutorial to 2023-06-12T23:54:16.754754+00:00, run_after=2023-06-13T23:54:16.754754+00:00
[2023-06-13T23:54:16.784+0000] {processor.py:179} INFO - Processing /home/airflow/.local/lib/python3.7/site-packages/airflow/example_dags/tutorial.py took 0.241 seconds
[2023-06-13T23:54:47.016+0000] {processor.py:157} INFO - Started process (PID=91) to work on /home/airflow/.local/lib/python3.7/site-packages/airflow/example_dags/tutorial.py
[2023-06-13T23:54:47.018+0000] {processor.py:826} INFO - Processing file /home/airflow/.local/lib/python3.7/site-packages/airflow/example_dags/tutorial.py for tasks to queue
[2023-06-13T23:54:47.020+0000] {logging_mixin.py:149} INFO - [2023-06-13T23:54:47.019+0000] {dagbag.py:541} INFO - Filling up the DagBag from /home/airflow/.local/lib/python3.7/site-packages/airflow/example_dags/tutorial.py
[2023-06-13T23:54:47.026+0000] {processor.py:836} INFO - DAG(s) dict_keys(['tutorial']) retrieved from /home/airflow/.local/lib/python3.7/site-packages/airflow/example_dags/tutorial.py
[2023-06-13T23:54:47.052+0000] {logging_mixin.py:149} INFO - [2023-06-13T23:54:47.051+0000] {dag.py:2726} INFO - Sync 1 DAGs
[2023-06-13T23:54:47.072+0000] {logging_mixin.py:149} INFO - [2023-06-13T23:54:47.071+0000] {dag.py:3490} INFO - Setting next_dagrun for tutorial to 2023-06-12T23:54:47.071694+00:00, run_after=2023-06-13T23:54:47.071694+00:00
[2023-06-13T23:54:47.088+0000] {processor.py:179} INFO - Processing /home/airflow/.local/lib/python3.7/site-packages/airflow/example_dags/tutorial.py took 0.074 seconds
[2023-06-13T23:55:17.189+0000] {processor.py:157} INFO - Started process (PID=147) to work on /home/airflow/.local/lib/python3.7/site-packages/airflow/example_dags/tutorial.py
[2023-06-13T23:55:17.190+0000] {processor.py:826} INFO - Processing file /home/airflow/.local/lib/python3.7/site-packages/airflow/example_dags/tutorial.py for tasks to queue
[2023-06-13T23:55:17.191+0000] {logging_mixin.py:149} INFO - [2023-06-13T23:55:17.191+0000] {dagbag.py:541} INFO - Filling up the DagBag from /home/airflow/.local/lib/python3.7/site-packages/airflow/example_dags/tutorial.py
[2023-06-13T23:55:17.198+0000] {processor.py:836} INFO - DAG(s) dict_keys(['tutorial']) retrieved from /home/airflow/.local/lib/python3.7/site-packages/airflow/example_dags/tutorial.py
[2023-06-13T23:55:17.218+0000] {logging_mixin.py:149} INFO - [2023-06-13T23:55:17.218+0000] {dag.py:2726} INFO - Sync 1 DAGs
[2023-06-13T23:55:17.236+0000] {logging_mixin.py:149} INFO - [2023-06-13T23:55:17.236+0000] {dag.py:3490} INFO - Setting next_dagrun for tutorial to 2023-06-12T23:55:17.235908+00:00, run_after=2023-06-13T23:55:17.235908+00:00
[2023-06-13T23:55:17.250+0000] {processor.py:179} INFO - Processing /home/airflow/.local/lib/python3.7/site-packages/airflow/example_dags/tutorial.py took 0.064 seconds
[2023-06-13T23:55:47.724+0000] {processor.py:157} INFO - Started process (PID=203) to work on /home/airflow/.local/lib/python3.7/site-packages/airflow/example_dags/tutorial.py
[2023-06-13T23:55:47.726+0000] {processor.py:826} INFO - Processing file /home/airflow/.local/lib/python3.7/site-packages/airflow/example_dags/tutorial.py for tasks to queue
[2023-06-13T23:55:47.727+0000] {logging_mixin.py:149} INFO - [2023-06-13T23:55:47.727+0000] {dagbag.py:541} INFO - Filling up the DagBag from /home/airflow/.local/lib/python3.7/site-packages/airflow/example_dags/tutorial.py
[2023-06-13T23:55:47.734+0000] {processor.py:836} INFO - DAG(s) dict_keys(['tutorial']) retrieved from /home/airflow/.local/lib/python3.7/site-packages/airflow/example_dags/tutorial.py
[2023-06-13T23:55:47.760+0000] {logging_mixin.py:149} INFO - [2023-06-13T23:55:47.759+0000] {dag.py:2726} INFO - Sync 1 DAGs
[2023-06-13T23:55:47.778+0000] {logging_mixin.py:149} INFO - [2023-06-13T23:55:47.777+0000] {dag.py:3490} INFO - Setting next_dagrun for tutorial to 2023-06-12T23:55:47.777663+00:00, run_after=2023-06-13T23:55:47.777663+00:00
[2023-06-13T23:55:47.791+0000] {processor.py:179} INFO - Processing /home/airflow/.local/lib/python3.7/site-packages/airflow/example_dags/tutorial.py took 0.069 seconds
[2023-06-13T23:56:18.385+0000] {processor.py:157} INFO - Started process (PID=259) to work on /home/airflow/.local/lib/python3.7/site-packages/airflow/example_dags/tutorial.py
[2023-06-13T23:56:18.387+0000] {processor.py:826} INFO - Processing file /home/airflow/.local/lib/python3.7/site-packages/airflow/example_dags/tutorial.py for tasks to queue
[2023-06-13T23:56:18.388+0000] {logging_mixin.py:149} INFO - [2023-06-13T23:56:18.388+0000] {dagbag.py:541} INFO - Filling up the DagBag from /home/airflow/.local/lib/python3.7/site-packages/airflow/example_dags/tutorial.py
[2023-06-13T23:56:18.398+0000] {processor.py:836} INFO - DAG(s) dict_keys(['tutorial']) retrieved from /home/airflow/.local/lib/python3.7/site-packages/airflow/example_dags/tutorial.py
[2023-06-13T23:56:18.421+0000] {logging_mixin.py:149} INFO - [2023-06-13T23:56:18.421+0000] {dag.py:2726} INFO - Sync 1 DAGs
[2023-06-13T23:56:18.439+0000] {logging_mixin.py:149} INFO - [2023-06-13T23:56:18.439+0000] {dag.py:3490} INFO - Setting next_dagrun for tutorial to 2023-06-12T23:56:18.439279+00:00, run_after=2023-06-13T23:56:18.439279+00:00
[2023-06-13T23:56:18.455+0000] {processor.py:179} INFO - Processing /home/airflow/.local/lib/python3.7/site-packages/airflow/example_dags/tutorial.py took 0.073 seconds
[2023-06-13T23:56:48.947+0000] {processor.py:157} INFO - Started process (PID=315) to work on /home/airflow/.local/lib/python3.7/site-packages/airflow/example_dags/tutorial.py
[2023-06-13T23:56:48.948+0000] {processor.py:826} INFO - Processing file /home/airflow/.local/lib/python3.7/site-packages/airflow/example_dags/tutorial.py for tasks to queue
[2023-06-13T23:56:48.949+0000] {logging_mixin.py:149} INFO - [2023-06-13T23:56:48.949+0000] {dagbag.py:541} INFO - Filling up the DagBag from /home/airflow/.local/lib/python3.7/site-packages/airflow/example_dags/tutorial.py
[2023-06-13T23:56:48.955+0000] {processor.py:836} INFO - DAG(s) dict_keys(['tutorial']) retrieved from /home/airflow/.local/lib/python3.7/site-packages/airflow/example_dags/tutorial.py
[2023-06-13T23:56:48.977+0000] {logging_mixin.py:149} INFO - [2023-06-13T23:56:48.977+0000] {dag.py:2726} INFO - Sync 1 DAGs
[2023-06-13T23:56:48.995+0000] {logging_mixin.py:149} INFO - [2023-06-13T23:56:48.994+0000] {dag.py:3490} INFO - Setting next_dagrun for tutorial to 2023-06-12T23:56:48.994728+00:00, run_after=2023-06-13T23:56:48.994728+00:00
[2023-06-13T23:56:49.008+0000] {processor.py:179} INFO - Processing /home/airflow/.local/lib/python3.7/site-packages/airflow/example_dags/tutorial.py took 0.064 seconds
[2023-06-13T23:57:19.509+0000] {processor.py:157} INFO - Started process (PID=371) to work on /home/airflow/.local/lib/python3.7/site-packages/airflow/example_dags/tutorial.py
[2023-06-13T23:57:19.511+0000] {processor.py:826} INFO - Processing file /home/airflow/.local/lib/python3.7/site-packages/airflow/example_dags/tutorial.py for tasks to queue
[2023-06-13T23:57:19.512+0000] {logging_mixin.py:149} INFO - [2023-06-13T23:57:19.512+0000] {dagbag.py:541} INFO - Filling up the DagBag from /home/airflow/.local/lib/python3.7/site-packages/airflow/example_dags/tutorial.py
[2023-06-13T23:57:19.519+0000] {processor.py:836} INFO - DAG(s) dict_keys(['tutorial']) retrieved from /home/airflow/.local/lib/python3.7/site-packages/airflow/example_dags/tutorial.py
[2023-06-13T23:57:19.545+0000] {logging_mixin.py:149} INFO - [2023-06-13T23:57:19.545+0000] {dag.py:2726} INFO - Sync 1 DAGs
[2023-06-13T23:57:19.561+0000] {logging_mixin.py:149} INFO - [2023-06-13T23:57:19.561+0000] {dag.py:3490} INFO - Setting next_dagrun for tutorial to 2023-06-12T23:57:19.561490+00:00, run_after=2023-06-13T23:57:19.561490+00:00
[2023-06-13T23:57:19.576+0000] {processor.py:179} INFO - Processing /home/airflow/.local/lib/python3.7/site-packages/airflow/example_dags/tutorial.py took 0.070 seconds
[2023-06-13T23:57:50.181+0000] {processor.py:157} INFO - Started process (PID=427) to work on /home/airflow/.local/lib/python3.7/site-packages/airflow/example_dags/tutorial.py
[2023-06-13T23:57:50.183+0000] {processor.py:826} INFO - Processing file /home/airflow/.local/lib/python3.7/site-packages/airflow/example_dags/tutorial.py for tasks to queue
[2023-06-13T23:57:50.184+0000] {logging_mixin.py:149} INFO - [2023-06-13T23:57:50.183+0000] {dagbag.py:541} INFO - Filling up the DagBag from /home/airflow/.local/lib/python3.7/site-packages/airflow/example_dags/tutorial.py
[2023-06-13T23:57:50.191+0000] {processor.py:836} INFO - DAG(s) dict_keys(['tutorial']) retrieved from /home/airflow/.local/lib/python3.7/site-packages/airflow/example_dags/tutorial.py
[2023-06-13T23:57:50.215+0000] {logging_mixin.py:149} INFO - [2023-06-13T23:57:50.215+0000] {dag.py:2726} INFO - Sync 1 DAGs
[2023-06-13T23:57:50.232+0000] {logging_mixin.py:149} INFO - [2023-06-13T23:57:50.232+0000] {dag.py:3490} INFO - Setting next_dagrun for tutorial to 2023-06-12T23:57:50.232462+00:00, run_after=2023-06-13T23:57:50.232462+00:00
[2023-06-13T23:57:50.247+0000] {processor.py:179} INFO - Processing /home/airflow/.local/lib/python3.7/site-packages/airflow/example_dags/tutorial.py took 0.068 seconds
[2023-06-13T23:58:20.970+0000] {processor.py:157} INFO - Started process (PID=483) to work on /home/airflow/.local/lib/python3.7/site-packages/airflow/example_dags/tutorial.py
[2023-06-13T23:58:20.972+0000] {processor.py:826} INFO - Processing file /home/airflow/.local/lib/python3.7/site-packages/airflow/example_dags/tutorial.py for tasks to queue
[2023-06-13T23:58:20.973+0000] {logging_mixin.py:149} INFO - [2023-06-13T23:58:20.973+0000] {dagbag.py:541} INFO - Filling up the DagBag from /home/airflow/.local/lib/python3.7/site-packages/airflow/example_dags/tutorial.py
[2023-06-13T23:58:20.981+0000] {processor.py:836} INFO - DAG(s) dict_keys(['tutorial']) retrieved from /home/airflow/.local/lib/python3.7/site-packages/airflow/example_dags/tutorial.py
[2023-06-13T23:58:21.014+0000] {logging_mixin.py:149} INFO - [2023-06-13T23:58:21.013+0000] {dag.py:2726} INFO - Sync 1 DAGs
[2023-06-13T23:58:21.034+0000] {logging_mixin.py:149} INFO - [2023-06-13T23:58:21.034+0000] {dag.py:3490} INFO - Setting next_dagrun for tutorial to 2023-06-12T23:58:21.033789+00:00, run_after=2023-06-13T23:58:21.033789+00:00
[2023-06-13T23:58:21.050+0000] {processor.py:179} INFO - Processing /home/airflow/.local/lib/python3.7/site-packages/airflow/example_dags/tutorial.py took 0.085 seconds
[2023-06-13T23:58:51.554+0000] {processor.py:157} INFO - Started process (PID=539) to work on /home/airflow/.local/lib/python3.7/site-packages/airflow/example_dags/tutorial.py
[2023-06-13T23:58:51.556+0000] {processor.py:826} INFO - Processing file /home/airflow/.local/lib/python3.7/site-packages/airflow/example_dags/tutorial.py for tasks to queue
[2023-06-13T23:58:51.557+0000] {logging_mixin.py:149} INFO - [2023-06-13T23:58:51.557+0000] {dagbag.py:541} INFO - Filling up the DagBag from /home/airflow/.local/lib/python3.7/site-packages/airflow/example_dags/tutorial.py
[2023-06-13T23:58:51.563+0000] {processor.py:836} INFO - DAG(s) dict_keys(['tutorial']) retrieved from /home/airflow/.local/lib/python3.7/site-packages/airflow/example_dags/tutorial.py
[2023-06-13T23:58:51.583+0000] {logging_mixin.py:149} INFO - [2023-06-13T23:58:51.583+0000] {dag.py:2726} INFO - Sync 1 DAGs
[2023-06-13T23:58:51.601+0000] {logging_mixin.py:149} INFO - [2023-06-13T23:58:51.601+0000] {dag.py:3490} INFO - Setting next_dagrun for tutorial to 2023-06-12T23:58:51.601423+00:00, run_after=2023-06-13T23:58:51.601423+00:00
[2023-06-13T23:58:51.615+0000] {processor.py:179} INFO - Processing /home/airflow/.local/lib/python3.7/site-packages/airflow/example_dags/tutorial.py took 0.064 seconds
[2023-06-13T23:59:22.175+0000] {processor.py:157} INFO - Started process (PID=594) to work on /home/airflow/.local/lib/python3.7/site-packages/airflow/example_dags/tutorial.py
[2023-06-13T23:59:22.178+0000] {processor.py:826} INFO - Processing file /home/airflow/.local/lib/python3.7/site-packages/airflow/example_dags/tutorial.py for tasks to queue
[2023-06-13T23:59:22.180+0000] {logging_mixin.py:149} INFO - [2023-06-13T23:59:22.180+0000] {dagbag.py:541} INFO - Filling up the DagBag from /home/airflow/.local/lib/python3.7/site-packages/airflow/example_dags/tutorial.py
[2023-06-13T23:59:22.186+0000] {processor.py:836} INFO - DAG(s) dict_keys(['tutorial']) retrieved from /home/airflow/.local/lib/python3.7/site-packages/airflow/example_dags/tutorial.py
[2023-06-13T23:59:22.214+0000] {logging_mixin.py:149} INFO - [2023-06-13T23:59:22.214+0000] {dag.py:2726} INFO - Sync 1 DAGs
[2023-06-13T23:59:22.232+0000] {logging_mixin.py:149} INFO - [2023-06-13T23:59:22.232+0000] {dag.py:3490} INFO - Setting next_dagrun for tutorial to 2023-06-12T23:59:22.232409+00:00, run_after=2023-06-13T23:59:22.232409+00:00
[2023-06-13T23:59:22.248+0000] {processor.py:179} INFO - Processing /home/airflow/.local/lib/python3.7/site-packages/airflow/example_dags/tutorial.py took 0.076 seconds
[2023-06-13T23:59:52.748+0000] {processor.py:157} INFO - Started process (PID=650) to work on /home/airflow/.local/lib/python3.7/site-packages/airflow/example_dags/tutorial.py
[2023-06-13T23:59:52.750+0000] {processor.py:826} INFO - Processing file /home/airflow/.local/lib/python3.7/site-packages/airflow/example_dags/tutorial.py for tasks to queue
[2023-06-13T23:59:52.751+0000] {logging_mixin.py:149} INFO - [2023-06-13T23:59:52.751+0000] {dagbag.py:541} INFO - Filling up the DagBag from /home/airflow/.local/lib/python3.7/site-packages/airflow/example_dags/tutorial.py
[2023-06-13T23:59:52.758+0000] {processor.py:836} INFO - DAG(s) dict_keys(['tutorial']) retrieved from /home/airflow/.local/lib/python3.7/site-packages/airflow/example_dags/tutorial.py
[2023-06-13T23:59:52.780+0000] {logging_mixin.py:149} INFO - [2023-06-13T23:59:52.780+0000] {dag.py:2726} INFO - Sync 1 DAGs
[2023-06-13T23:59:52.797+0000] {logging_mixin.py:149} INFO - [2023-06-13T23:59:52.797+0000] {dag.py:3490} INFO - Setting next_dagrun for tutorial to 2023-06-12T23:59:52.797129+00:00, run_after=2023-06-13T23:59:52.797129+00:00
[2023-06-13T23:59:52.813+0000] {processor.py:179} INFO - Processing /home/airflow/.local/lib/python3.7/site-packages/airflow/example_dags/tutorial.py took 0.068 seconds
