[2023-06-19T17:09:12.549+0000] {processor.py:157} INFO - Started process (PID=588) to work on /opt/airflow/dags/running_buses_dag.py
[2023-06-19T17:09:12.550+0000] {processor.py:826} INFO - Processing file /opt/airflow/dags/running_buses_dag.py for tasks to queue
[2023-06-19T17:09:12.552+0000] {logging_mixin.py:149} INFO - [2023-06-19T17:09:12.552+0000] {dagbag.py:541} INFO - Filling up the DagBag from /opt/airflow/dags/running_buses_dag.py
[2023-06-19T17:09:12.565+0000] {processor.py:836} INFO - DAG(s) dict_keys(['running-buses-gcs-files-dag']) retrieved from /opt/airflow/dags/running_buses_dag.py
[2023-06-19T17:09:12.636+0000] {logging_mixin.py:149} INFO - [2023-06-19T17:09:12.636+0000] {manager.py:504} INFO - Created Permission View: can edit on DAG:running-buses-gcs-files-dag
[2023-06-19T17:09:12.642+0000] {logging_mixin.py:149} INFO - [2023-06-19T17:09:12.642+0000] {manager.py:504} INFO - Created Permission View: can read on DAG:running-buses-gcs-files-dag
[2023-06-19T17:09:12.648+0000] {logging_mixin.py:149} INFO - [2023-06-19T17:09:12.648+0000] {manager.py:504} INFO - Created Permission View: can delete on DAG:running-buses-gcs-files-dag
[2023-06-19T17:09:12.656+0000] {logging_mixin.py:149} INFO - [2023-06-19T17:09:12.656+0000] {dag.py:2726} INFO - Sync 1 DAGs
[2023-06-19T17:09:12.662+0000] {logging_mixin.py:149} INFO - [2023-06-19T17:09:12.662+0000] {dag.py:2747} INFO - Creating ORM DAG for running-buses-gcs-files-dag
[2023-06-19T17:09:12.667+0000] {logging_mixin.py:149} INFO - [2023-06-19T17:09:12.667+0000] {dag.py:3486} INFO - Setting next_dagrun for running-buses-gcs-files-dag to 2023-06-19T17:09:12.561524+00:00, run_after=2023-06-20T17:09:12.561524+00:00
[2023-06-19T17:09:12.678+0000] {processor.py:179} INFO - Processing /opt/airflow/dags/running_buses_dag.py took 0.131 seconds
[2023-06-19T17:09:42.781+0000] {processor.py:157} INFO - Started process (PID=645) to work on /opt/airflow/dags/running_buses_dag.py
[2023-06-19T17:09:42.782+0000] {processor.py:826} INFO - Processing file /opt/airflow/dags/running_buses_dag.py for tasks to queue
[2023-06-19T17:09:42.786+0000] {logging_mixin.py:149} INFO - [2023-06-19T17:09:42.785+0000] {dagbag.py:541} INFO - Filling up the DagBag from /opt/airflow/dags/running_buses_dag.py
[2023-06-19T17:09:42.800+0000] {processor.py:836} INFO - DAG(s) dict_keys(['running-buses-gcs-files-dag']) retrieved from /opt/airflow/dags/running_buses_dag.py
[2023-06-19T17:09:42.924+0000] {logging_mixin.py:149} INFO - [2023-06-19T17:09:42.924+0000] {dag.py:2726} INFO - Sync 1 DAGs
[2023-06-19T17:09:42.939+0000] {logging_mixin.py:149} INFO - [2023-06-19T17:09:42.939+0000] {dag.py:3486} INFO - Setting next_dagrun for running-buses-gcs-files-dag to 2023-06-19T17:09:42.793075+00:00, run_after=2023-06-20T17:09:42.793075+00:00
[2023-06-19T17:09:42.952+0000] {processor.py:179} INFO - Processing /opt/airflow/dags/running_buses_dag.py took 0.174 seconds
[2023-06-19T17:09:49.265+0000] {processor.py:157} INFO - Started process (PID=651) to work on /opt/airflow/dags/running_buses_dag.py
[2023-06-19T17:09:49.266+0000] {processor.py:826} INFO - Processing file /opt/airflow/dags/running_buses_dag.py for tasks to queue
[2023-06-19T17:09:49.269+0000] {logging_mixin.py:149} INFO - [2023-06-19T17:09:49.268+0000] {dagbag.py:541} INFO - Filling up the DagBag from /opt/airflow/dags/running_buses_dag.py
[2023-06-19T17:09:49.284+0000] {processor.py:836} INFO - DAG(s) dict_keys(['running-buses-gcs-files-dag']) retrieved from /opt/airflow/dags/running_buses_dag.py
[2023-06-19T17:09:49.303+0000] {logging_mixin.py:149} INFO - [2023-06-19T17:09:49.302+0000] {dag.py:2726} INFO - Sync 1 DAGs
[2023-06-19T17:09:49.330+0000] {logging_mixin.py:149} INFO - [2023-06-19T17:09:49.329+0000] {dag.py:3486} INFO - Setting next_dagrun for running-buses-gcs-files-dag to 2023-06-19T17:09:49.279976+00:00, run_after=2023-06-20T17:09:49.279976+00:00
[2023-06-19T17:09:49.359+0000] {processor.py:179} INFO - Processing /opt/airflow/dags/running_buses_dag.py took 0.097 seconds
[2023-06-19T17:10:19.466+0000] {processor.py:157} INFO - Started process (PID=703) to work on /opt/airflow/dags/running_buses_dag.py
[2023-06-19T17:10:19.467+0000] {processor.py:826} INFO - Processing file /opt/airflow/dags/running_buses_dag.py for tasks to queue
[2023-06-19T17:10:19.470+0000] {logging_mixin.py:149} INFO - [2023-06-19T17:10:19.470+0000] {dagbag.py:541} INFO - Filling up the DagBag from /opt/airflow/dags/running_buses_dag.py
[2023-06-19T17:10:19.483+0000] {processor.py:836} INFO - DAG(s) dict_keys(['running-buses-gcs-files-dag']) retrieved from /opt/airflow/dags/running_buses_dag.py
[2023-06-19T17:10:19.550+0000] {logging_mixin.py:149} INFO - [2023-06-19T17:10:19.550+0000] {dag.py:2726} INFO - Sync 1 DAGs
[2023-06-19T17:10:19.562+0000] {logging_mixin.py:149} INFO - [2023-06-19T17:10:19.562+0000] {dag.py:3486} INFO - Setting next_dagrun for running-buses-gcs-files-dag to 2023-06-19T17:10:19.479121+00:00, run_after=2023-06-20T17:10:19.479121+00:00
[2023-06-19T17:10:19.575+0000] {processor.py:179} INFO - Processing /opt/airflow/dags/running_buses_dag.py took 0.113 seconds
[2023-06-19T17:10:31.129+0000] {processor.py:157} INFO - Started process (PID=753) to work on /opt/airflow/dags/running_buses_dag.py
[2023-06-19T17:10:31.131+0000] {processor.py:826} INFO - Processing file /opt/airflow/dags/running_buses_dag.py for tasks to queue
[2023-06-19T17:10:31.135+0000] {logging_mixin.py:149} INFO - [2023-06-19T17:10:31.135+0000] {dagbag.py:541} INFO - Filling up the DagBag from /opt/airflow/dags/running_buses_dag.py
[2023-06-19T17:10:31.151+0000] {processor.py:836} INFO - DAG(s) dict_keys(['running-buses-gcs-files-dag']) retrieved from /opt/airflow/dags/running_buses_dag.py
[2023-06-19T17:10:31.171+0000] {logging_mixin.py:149} INFO - [2023-06-19T17:10:31.171+0000] {dag.py:2726} INFO - Sync 1 DAGs
[2023-06-19T17:10:31.185+0000] {logging_mixin.py:149} INFO - [2023-06-19T17:10:31.185+0000] {dag.py:3486} INFO - Setting next_dagrun for running-buses-gcs-files-dag to 2023-06-19T17:10:31.148125+00:00, run_after=2023-06-19T17:10:31.148125+00:00
[2023-06-19T17:10:31.199+0000] {processor.py:179} INFO - Processing /opt/airflow/dags/running_buses_dag.py took 0.076 seconds
[2023-06-19T17:11:02.031+0000] {processor.py:157} INFO - Started process (PID=810) to work on /opt/airflow/dags/running_buses_dag.py
[2023-06-19T17:11:02.032+0000] {processor.py:826} INFO - Processing file /opt/airflow/dags/running_buses_dag.py for tasks to queue
[2023-06-19T17:11:02.035+0000] {logging_mixin.py:149} INFO - [2023-06-19T17:11:02.035+0000] {dagbag.py:541} INFO - Filling up the DagBag from /opt/airflow/dags/running_buses_dag.py
[2023-06-19T17:11:02.044+0000] {processor.py:836} INFO - DAG(s) dict_keys(['running-buses-gcs-files-dag']) retrieved from /opt/airflow/dags/running_buses_dag.py
[2023-06-19T17:11:02.108+0000] {logging_mixin.py:149} INFO - [2023-06-19T17:11:02.108+0000] {dag.py:2726} INFO - Sync 1 DAGs
[2023-06-19T17:11:02.120+0000] {logging_mixin.py:149} INFO - [2023-06-19T17:11:02.120+0000] {dag.py:3486} INFO - Setting next_dagrun for running-buses-gcs-files-dag to None, run_after=None
[2023-06-19T17:11:02.131+0000] {processor.py:179} INFO - Processing /opt/airflow/dags/running_buses_dag.py took 0.102 seconds
[2023-06-19T17:11:32.744+0000] {processor.py:157} INFO - Started process (PID=867) to work on /opt/airflow/dags/running_buses_dag.py
[2023-06-19T17:11:32.745+0000] {processor.py:826} INFO - Processing file /opt/airflow/dags/running_buses_dag.py for tasks to queue
[2023-06-19T17:11:32.748+0000] {logging_mixin.py:149} INFO - [2023-06-19T17:11:32.747+0000] {dagbag.py:541} INFO - Filling up the DagBag from /opt/airflow/dags/running_buses_dag.py
[2023-06-19T17:11:32.754+0000] {processor.py:836} INFO - DAG(s) dict_keys(['running-buses-gcs-files-dag']) retrieved from /opt/airflow/dags/running_buses_dag.py
[2023-06-19T17:11:32.821+0000] {logging_mixin.py:149} INFO - [2023-06-19T17:11:32.821+0000] {dag.py:2726} INFO - Sync 1 DAGs
[2023-06-19T17:11:32.832+0000] {logging_mixin.py:149} INFO - [2023-06-19T17:11:32.832+0000] {dag.py:3486} INFO - Setting next_dagrun for running-buses-gcs-files-dag to None, run_after=None
[2023-06-19T17:11:32.845+0000] {processor.py:179} INFO - Processing /opt/airflow/dags/running_buses_dag.py took 0.104 seconds
[2023-06-19T17:12:03.147+0000] {processor.py:157} INFO - Started process (PID=924) to work on /opt/airflow/dags/running_buses_dag.py
[2023-06-19T17:12:03.149+0000] {processor.py:826} INFO - Processing file /opt/airflow/dags/running_buses_dag.py for tasks to queue
[2023-06-19T17:12:03.152+0000] {logging_mixin.py:149} INFO - [2023-06-19T17:12:03.152+0000] {dagbag.py:541} INFO - Filling up the DagBag from /opt/airflow/dags/running_buses_dag.py
[2023-06-19T17:12:03.160+0000] {processor.py:836} INFO - DAG(s) dict_keys(['running-buses-gcs-files-dag']) retrieved from /opt/airflow/dags/running_buses_dag.py
[2023-06-19T17:12:03.233+0000] {logging_mixin.py:149} INFO - [2023-06-19T17:12:03.232+0000] {dag.py:2726} INFO - Sync 1 DAGs
[2023-06-19T17:12:03.245+0000] {logging_mixin.py:149} INFO - [2023-06-19T17:12:03.245+0000] {dag.py:3486} INFO - Setting next_dagrun for running-buses-gcs-files-dag to None, run_after=None
[2023-06-19T17:12:03.257+0000] {processor.py:179} INFO - Processing /opt/airflow/dags/running_buses_dag.py took 0.112 seconds
[2023-06-19T17:12:33.718+0000] {processor.py:157} INFO - Started process (PID=974) to work on /opt/airflow/dags/running_buses_dag.py
[2023-06-19T17:12:33.719+0000] {processor.py:826} INFO - Processing file /opt/airflow/dags/running_buses_dag.py for tasks to queue
[2023-06-19T17:12:33.722+0000] {logging_mixin.py:149} INFO - [2023-06-19T17:12:33.722+0000] {dagbag.py:541} INFO - Filling up the DagBag from /opt/airflow/dags/running_buses_dag.py
[2023-06-19T17:12:33.730+0000] {processor.py:836} INFO - DAG(s) dict_keys(['running-buses-gcs-files-dag']) retrieved from /opt/airflow/dags/running_buses_dag.py
[2023-06-19T17:12:33.797+0000] {logging_mixin.py:149} INFO - [2023-06-19T17:12:33.796+0000] {dag.py:2726} INFO - Sync 1 DAGs
[2023-06-19T17:12:33.807+0000] {logging_mixin.py:149} INFO - [2023-06-19T17:12:33.807+0000] {dag.py:3486} INFO - Setting next_dagrun for running-buses-gcs-files-dag to None, run_after=None
[2023-06-19T17:12:33.820+0000] {processor.py:179} INFO - Processing /opt/airflow/dags/running_buses_dag.py took 0.104 seconds
[2023-06-19T17:13:03.871+0000] {processor.py:157} INFO - Started process (PID=1031) to work on /opt/airflow/dags/running_buses_dag.py
[2023-06-19T17:13:03.872+0000] {processor.py:826} INFO - Processing file /opt/airflow/dags/running_buses_dag.py for tasks to queue
[2023-06-19T17:13:03.874+0000] {logging_mixin.py:149} INFO - [2023-06-19T17:13:03.874+0000] {dagbag.py:541} INFO - Filling up the DagBag from /opt/airflow/dags/running_buses_dag.py
[2023-06-19T17:13:03.881+0000] {processor.py:836} INFO - DAG(s) dict_keys(['running-buses-gcs-files-dag']) retrieved from /opt/airflow/dags/running_buses_dag.py
[2023-06-19T17:13:03.955+0000] {logging_mixin.py:149} INFO - [2023-06-19T17:13:03.954+0000] {dag.py:2726} INFO - Sync 1 DAGs
[2023-06-19T17:13:03.966+0000] {logging_mixin.py:149} INFO - [2023-06-19T17:13:03.965+0000] {dag.py:3486} INFO - Setting next_dagrun for running-buses-gcs-files-dag to None, run_after=None
[2023-06-19T17:13:03.976+0000] {processor.py:179} INFO - Processing /opt/airflow/dags/running_buses_dag.py took 0.107 seconds
[2023-06-19T17:13:34.205+0000] {processor.py:157} INFO - Started process (PID=1088) to work on /opt/airflow/dags/running_buses_dag.py
[2023-06-19T17:13:34.207+0000] {processor.py:826} INFO - Processing file /opt/airflow/dags/running_buses_dag.py for tasks to queue
[2023-06-19T17:13:34.210+0000] {logging_mixin.py:149} INFO - [2023-06-19T17:13:34.210+0000] {dagbag.py:541} INFO - Filling up the DagBag from /opt/airflow/dags/running_buses_dag.py
[2023-06-19T17:13:34.218+0000] {processor.py:836} INFO - DAG(s) dict_keys(['running-buses-gcs-files-dag']) retrieved from /opt/airflow/dags/running_buses_dag.py
[2023-06-19T17:13:34.293+0000] {logging_mixin.py:149} INFO - [2023-06-19T17:13:34.293+0000] {dag.py:2726} INFO - Sync 1 DAGs
[2023-06-19T17:13:34.308+0000] {logging_mixin.py:149} INFO - [2023-06-19T17:13:34.308+0000] {dag.py:3486} INFO - Setting next_dagrun for running-buses-gcs-files-dag to None, run_after=None
[2023-06-19T17:13:34.322+0000] {processor.py:179} INFO - Processing /opt/airflow/dags/running_buses_dag.py took 0.121 seconds
[2023-06-19T17:14:04.818+0000] {processor.py:157} INFO - Started process (PID=1145) to work on /opt/airflow/dags/running_buses_dag.py
[2023-06-19T17:14:04.819+0000] {processor.py:826} INFO - Processing file /opt/airflow/dags/running_buses_dag.py for tasks to queue
[2023-06-19T17:14:04.821+0000] {logging_mixin.py:149} INFO - [2023-06-19T17:14:04.821+0000] {dagbag.py:541} INFO - Filling up the DagBag from /opt/airflow/dags/running_buses_dag.py
[2023-06-19T17:14:04.828+0000] {processor.py:836} INFO - DAG(s) dict_keys(['running-buses-gcs-files-dag']) retrieved from /opt/airflow/dags/running_buses_dag.py
[2023-06-19T17:14:04.892+0000] {logging_mixin.py:149} INFO - [2023-06-19T17:14:04.892+0000] {dag.py:2726} INFO - Sync 1 DAGs
[2023-06-19T17:14:04.902+0000] {logging_mixin.py:149} INFO - [2023-06-19T17:14:04.902+0000] {dag.py:3486} INFO - Setting next_dagrun for running-buses-gcs-files-dag to None, run_after=None
[2023-06-19T17:14:04.913+0000] {processor.py:179} INFO - Processing /opt/airflow/dags/running_buses_dag.py took 0.098 seconds
[2023-06-19T17:14:35.364+0000] {processor.py:157} INFO - Started process (PID=1202) to work on /opt/airflow/dags/running_buses_dag.py
[2023-06-19T17:14:35.367+0000] {processor.py:826} INFO - Processing file /opt/airflow/dags/running_buses_dag.py for tasks to queue
[2023-06-19T17:14:35.369+0000] {logging_mixin.py:149} INFO - [2023-06-19T17:14:35.369+0000] {dagbag.py:541} INFO - Filling up the DagBag from /opt/airflow/dags/running_buses_dag.py
[2023-06-19T17:14:35.378+0000] {processor.py:836} INFO - DAG(s) dict_keys(['running-buses-gcs-files-dag']) retrieved from /opt/airflow/dags/running_buses_dag.py
[2023-06-19T17:14:35.442+0000] {logging_mixin.py:149} INFO - [2023-06-19T17:14:35.442+0000] {dag.py:2726} INFO - Sync 1 DAGs
[2023-06-19T17:14:35.453+0000] {logging_mixin.py:149} INFO - [2023-06-19T17:14:35.453+0000] {dag.py:3486} INFO - Setting next_dagrun for running-buses-gcs-files-dag to None, run_after=None
[2023-06-19T17:14:35.463+0000] {processor.py:179} INFO - Processing /opt/airflow/dags/running_buses_dag.py took 0.102 seconds
[2023-06-19T17:15:05.702+0000] {processor.py:157} INFO - Started process (PID=1260) to work on /opt/airflow/dags/running_buses_dag.py
[2023-06-19T17:15:05.704+0000] {processor.py:826} INFO - Processing file /opt/airflow/dags/running_buses_dag.py for tasks to queue
[2023-06-19T17:15:05.707+0000] {logging_mixin.py:149} INFO - [2023-06-19T17:15:05.707+0000] {dagbag.py:541} INFO - Filling up the DagBag from /opt/airflow/dags/running_buses_dag.py
[2023-06-19T17:15:05.720+0000] {processor.py:836} INFO - DAG(s) dict_keys(['running-buses-gcs-files-dag']) retrieved from /opt/airflow/dags/running_buses_dag.py
[2023-06-19T17:15:05.796+0000] {logging_mixin.py:149} INFO - [2023-06-19T17:15:05.795+0000] {dag.py:2726} INFO - Sync 1 DAGs
[2023-06-19T17:15:05.808+0000] {logging_mixin.py:149} INFO - [2023-06-19T17:15:05.807+0000] {dag.py:3486} INFO - Setting next_dagrun for running-buses-gcs-files-dag to None, run_after=None
[2023-06-19T17:15:05.821+0000] {processor.py:179} INFO - Processing /opt/airflow/dags/running_buses_dag.py took 0.121 seconds
[2023-06-19T17:15:36.133+0000] {processor.py:157} INFO - Started process (PID=1317) to work on /opt/airflow/dags/running_buses_dag.py
[2023-06-19T17:15:36.135+0000] {processor.py:826} INFO - Processing file /opt/airflow/dags/running_buses_dag.py for tasks to queue
[2023-06-19T17:15:36.138+0000] {logging_mixin.py:149} INFO - [2023-06-19T17:15:36.138+0000] {dagbag.py:541} INFO - Filling up the DagBag from /opt/airflow/dags/running_buses_dag.py
[2023-06-19T17:15:36.145+0000] {processor.py:836} INFO - DAG(s) dict_keys(['running-buses-gcs-files-dag']) retrieved from /opt/airflow/dags/running_buses_dag.py
[2023-06-19T17:15:36.214+0000] {logging_mixin.py:149} INFO - [2023-06-19T17:15:36.214+0000] {dag.py:2726} INFO - Sync 1 DAGs
[2023-06-19T17:15:36.225+0000] {logging_mixin.py:149} INFO - [2023-06-19T17:15:36.225+0000] {dag.py:3486} INFO - Setting next_dagrun for running-buses-gcs-files-dag to None, run_after=None
[2023-06-19T17:15:36.237+0000] {processor.py:179} INFO - Processing /opt/airflow/dags/running_buses_dag.py took 0.106 seconds
[2023-06-19T17:15:47.899+0000] {processor.py:157} INFO - Started process (PID=1332) to work on /opt/airflow/dags/running_buses_dag.py
[2023-06-19T17:15:47.900+0000] {processor.py:826} INFO - Processing file /opt/airflow/dags/running_buses_dag.py for tasks to queue
[2023-06-19T17:15:47.904+0000] {logging_mixin.py:149} INFO - [2023-06-19T17:15:47.904+0000] {dagbag.py:541} INFO - Filling up the DagBag from /opt/airflow/dags/running_buses_dag.py
[2023-06-19T17:15:47.918+0000] {processor.py:836} INFO - DAG(s) dict_keys(['running-buses-gcs-files-dag']) retrieved from /opt/airflow/dags/running_buses_dag.py
[2023-06-19T17:15:47.934+0000] {logging_mixin.py:149} INFO - [2023-06-19T17:15:47.933+0000] {dag.py:2726} INFO - Sync 1 DAGs
[2023-06-19T17:15:47.948+0000] {logging_mixin.py:149} INFO - [2023-06-19T17:15:47.948+0000] {dag.py:3486} INFO - Setting next_dagrun for running-buses-gcs-files-dag to None, run_after=None
[2023-06-19T17:15:47.961+0000] {processor.py:179} INFO - Processing /opt/airflow/dags/running_buses_dag.py took 0.064 seconds
[2023-06-19T17:16:18.390+0000] {processor.py:157} INFO - Started process (PID=1389) to work on /opt/airflow/dags/running_buses_dag.py
[2023-06-19T17:16:18.392+0000] {processor.py:826} INFO - Processing file /opt/airflow/dags/running_buses_dag.py for tasks to queue
[2023-06-19T17:16:18.395+0000] {logging_mixin.py:149} INFO - [2023-06-19T17:16:18.394+0000] {dagbag.py:541} INFO - Filling up the DagBag from /opt/airflow/dags/running_buses_dag.py
[2023-06-19T17:16:18.402+0000] {processor.py:836} INFO - DAG(s) dict_keys(['running-buses-gcs-files-dag']) retrieved from /opt/airflow/dags/running_buses_dag.py
[2023-06-19T17:16:18.468+0000] {logging_mixin.py:149} INFO - [2023-06-19T17:16:18.468+0000] {dag.py:2726} INFO - Sync 1 DAGs
[2023-06-19T17:16:18.480+0000] {logging_mixin.py:149} INFO - [2023-06-19T17:16:18.480+0000] {dag.py:3486} INFO - Setting next_dagrun for running-buses-gcs-files-dag to None, run_after=None
[2023-06-19T17:16:18.490+0000] {processor.py:179} INFO - Processing /opt/airflow/dags/running_buses_dag.py took 0.103 seconds
[2023-06-19T17:16:49.473+0000] {processor.py:157} INFO - Started process (PID=1446) to work on /opt/airflow/dags/running_buses_dag.py
[2023-06-19T17:16:49.475+0000] {processor.py:826} INFO - Processing file /opt/airflow/dags/running_buses_dag.py for tasks to queue
[2023-06-19T17:16:49.477+0000] {logging_mixin.py:149} INFO - [2023-06-19T17:16:49.477+0000] {dagbag.py:541} INFO - Filling up the DagBag from /opt/airflow/dags/running_buses_dag.py
[2023-06-19T17:16:49.485+0000] {processor.py:836} INFO - DAG(s) dict_keys(['running-buses-gcs-files-dag']) retrieved from /opt/airflow/dags/running_buses_dag.py
[2023-06-19T17:16:49.548+0000] {logging_mixin.py:149} INFO - [2023-06-19T17:16:49.547+0000] {dag.py:2726} INFO - Sync 1 DAGs
[2023-06-19T17:16:49.557+0000] {logging_mixin.py:149} INFO - [2023-06-19T17:16:49.557+0000] {dag.py:3486} INFO - Setting next_dagrun for running-buses-gcs-files-dag to None, run_after=None
[2023-06-19T17:16:49.569+0000] {processor.py:179} INFO - Processing /opt/airflow/dags/running_buses_dag.py took 0.098 seconds
[2023-06-19T17:17:20.476+0000] {processor.py:157} INFO - Started process (PID=1502) to work on /opt/airflow/dags/running_buses_dag.py
[2023-06-19T17:17:20.478+0000] {processor.py:826} INFO - Processing file /opt/airflow/dags/running_buses_dag.py for tasks to queue
[2023-06-19T17:17:20.480+0000] {logging_mixin.py:149} INFO - [2023-06-19T17:17:20.480+0000] {dagbag.py:541} INFO - Filling up the DagBag from /opt/airflow/dags/running_buses_dag.py
[2023-06-19T17:17:20.487+0000] {processor.py:836} INFO - DAG(s) dict_keys(['running-buses-gcs-files-dag']) retrieved from /opt/airflow/dags/running_buses_dag.py
[2023-06-19T17:17:20.548+0000] {logging_mixin.py:149} INFO - [2023-06-19T17:17:20.548+0000] {dag.py:2726} INFO - Sync 1 DAGs
[2023-06-19T17:17:20.559+0000] {logging_mixin.py:149} INFO - [2023-06-19T17:17:20.559+0000] {dag.py:3486} INFO - Setting next_dagrun for running-buses-gcs-files-dag to None, run_after=None
[2023-06-19T17:17:20.570+0000] {processor.py:179} INFO - Processing /opt/airflow/dags/running_buses_dag.py took 0.096 seconds
[2023-06-19T17:17:50.606+0000] {processor.py:157} INFO - Started process (PID=1559) to work on /opt/airflow/dags/running_buses_dag.py
[2023-06-19T17:17:50.608+0000] {processor.py:826} INFO - Processing file /opt/airflow/dags/running_buses_dag.py for tasks to queue
[2023-06-19T17:17:50.610+0000] {logging_mixin.py:149} INFO - [2023-06-19T17:17:50.610+0000] {dagbag.py:541} INFO - Filling up the DagBag from /opt/airflow/dags/running_buses_dag.py
[2023-06-19T17:17:50.617+0000] {processor.py:836} INFO - DAG(s) dict_keys(['running-buses-gcs-files-dag']) retrieved from /opt/airflow/dags/running_buses_dag.py
[2023-06-19T17:17:50.680+0000] {logging_mixin.py:149} INFO - [2023-06-19T17:17:50.680+0000] {dag.py:2726} INFO - Sync 1 DAGs
[2023-06-19T17:17:50.691+0000] {logging_mixin.py:149} INFO - [2023-06-19T17:17:50.691+0000] {dag.py:3486} INFO - Setting next_dagrun for running-buses-gcs-files-dag to None, run_after=None
[2023-06-19T17:17:50.822+0000] {processor.py:179} INFO - Processing /opt/airflow/dags/running_buses_dag.py took 0.218 seconds
[2023-06-19T17:18:21.570+0000] {processor.py:157} INFO - Started process (PID=1616) to work on /opt/airflow/dags/running_buses_dag.py
[2023-06-19T17:18:21.572+0000] {processor.py:826} INFO - Processing file /opt/airflow/dags/running_buses_dag.py for tasks to queue
[2023-06-19T17:18:21.575+0000] {logging_mixin.py:149} INFO - [2023-06-19T17:18:21.575+0000] {dagbag.py:541} INFO - Filling up the DagBag from /opt/airflow/dags/running_buses_dag.py
[2023-06-19T17:18:21.582+0000] {processor.py:836} INFO - DAG(s) dict_keys(['running-buses-gcs-files-dag']) retrieved from /opt/airflow/dags/running_buses_dag.py
[2023-06-19T17:18:21.648+0000] {logging_mixin.py:149} INFO - [2023-06-19T17:18:21.648+0000] {dag.py:2726} INFO - Sync 1 DAGs
[2023-06-19T17:18:21.658+0000] {logging_mixin.py:149} INFO - [2023-06-19T17:18:21.658+0000] {dag.py:3486} INFO - Setting next_dagrun for running-buses-gcs-files-dag to None, run_after=None
[2023-06-19T17:18:21.668+0000] {processor.py:179} INFO - Processing /opt/airflow/dags/running_buses_dag.py took 0.100 seconds
[2023-06-19T17:18:52.654+0000] {processor.py:157} INFO - Started process (PID=1674) to work on /opt/airflow/dags/running_buses_dag.py
[2023-06-19T17:18:52.655+0000] {processor.py:826} INFO - Processing file /opt/airflow/dags/running_buses_dag.py for tasks to queue
[2023-06-19T17:18:52.658+0000] {logging_mixin.py:149} INFO - [2023-06-19T17:18:52.658+0000] {dagbag.py:541} INFO - Filling up the DagBag from /opt/airflow/dags/running_buses_dag.py
[2023-06-19T17:18:52.669+0000] {processor.py:836} INFO - DAG(s) dict_keys(['running-buses-gcs-files-dag']) retrieved from /opt/airflow/dags/running_buses_dag.py
[2023-06-19T17:18:52.733+0000] {logging_mixin.py:149} INFO - [2023-06-19T17:18:52.733+0000] {dag.py:2726} INFO - Sync 1 DAGs
[2023-06-19T17:18:52.867+0000] {logging_mixin.py:149} INFO - [2023-06-19T17:18:52.867+0000] {dag.py:3486} INFO - Setting next_dagrun for running-buses-gcs-files-dag to None, run_after=None
[2023-06-19T17:18:52.879+0000] {processor.py:179} INFO - Processing /opt/airflow/dags/running_buses_dag.py took 0.227 seconds
[2023-06-19T17:19:19.451+0000] {processor.py:157} INFO - Started process (PID=1731) to work on /opt/airflow/dags/running_buses_dag.py
[2023-06-19T17:19:19.454+0000] {processor.py:826} INFO - Processing file /opt/airflow/dags/running_buses_dag.py for tasks to queue
[2023-06-19T17:19:19.456+0000] {logging_mixin.py:149} INFO - [2023-06-19T17:19:19.456+0000] {dagbag.py:541} INFO - Filling up the DagBag from /opt/airflow/dags/running_buses_dag.py
[2023-06-19T17:19:19.468+0000] {processor.py:836} INFO - DAG(s) dict_keys(['running-buses-gcs-files-dag']) retrieved from /opt/airflow/dags/running_buses_dag.py
[2023-06-19T17:19:19.484+0000] {logging_mixin.py:149} INFO - [2023-06-19T17:19:19.483+0000] {dag.py:2726} INFO - Sync 1 DAGs
[2023-06-19T17:19:19.503+0000] {logging_mixin.py:149} INFO - [2023-06-19T17:19:19.502+0000] {dag.py:3486} INFO - Setting next_dagrun for running-buses-gcs-files-dag to None, run_after=None
[2023-06-19T17:19:19.525+0000] {processor.py:179} INFO - Processing /opt/airflow/dags/running_buses_dag.py took 0.077 seconds
[2023-06-19T17:19:49.690+0000] {processor.py:157} INFO - Started process (PID=1788) to work on /opt/airflow/dags/running_buses_dag.py
[2023-06-19T17:19:49.692+0000] {processor.py:826} INFO - Processing file /opt/airflow/dags/running_buses_dag.py for tasks to queue
[2023-06-19T17:19:49.695+0000] {logging_mixin.py:149} INFO - [2023-06-19T17:19:49.694+0000] {dagbag.py:541} INFO - Filling up the DagBag from /opt/airflow/dags/running_buses_dag.py
[2023-06-19T17:19:49.705+0000] {processor.py:836} INFO - DAG(s) dict_keys(['running-buses-gcs-files-dag']) retrieved from /opt/airflow/dags/running_buses_dag.py
[2023-06-19T17:19:49.776+0000] {logging_mixin.py:149} INFO - [2023-06-19T17:19:49.776+0000] {dag.py:2726} INFO - Sync 1 DAGs
[2023-06-19T17:19:49.906+0000] {logging_mixin.py:149} INFO - [2023-06-19T17:19:49.906+0000] {dag.py:3486} INFO - Setting next_dagrun for running-buses-gcs-files-dag to None, run_after=None
[2023-06-19T17:19:49.918+0000] {processor.py:179} INFO - Processing /opt/airflow/dags/running_buses_dag.py took 0.231 seconds
[2023-06-19T17:20:20.111+0000] {processor.py:157} INFO - Started process (PID=1845) to work on /opt/airflow/dags/running_buses_dag.py
[2023-06-19T17:20:20.112+0000] {processor.py:826} INFO - Processing file /opt/airflow/dags/running_buses_dag.py for tasks to queue
[2023-06-19T17:20:20.114+0000] {logging_mixin.py:149} INFO - [2023-06-19T17:20:20.114+0000] {dagbag.py:541} INFO - Filling up the DagBag from /opt/airflow/dags/running_buses_dag.py
[2023-06-19T17:20:20.122+0000] {processor.py:836} INFO - DAG(s) dict_keys(['running-buses-gcs-files-dag']) retrieved from /opt/airflow/dags/running_buses_dag.py
[2023-06-19T17:20:20.191+0000] {logging_mixin.py:149} INFO - [2023-06-19T17:20:20.190+0000] {dag.py:2726} INFO - Sync 1 DAGs
[2023-06-19T17:20:20.202+0000] {logging_mixin.py:149} INFO - [2023-06-19T17:20:20.202+0000] {dag.py:3486} INFO - Setting next_dagrun for running-buses-gcs-files-dag to None, run_after=None
[2023-06-19T17:20:20.331+0000] {processor.py:179} INFO - Processing /opt/airflow/dags/running_buses_dag.py took 0.223 seconds
[2023-06-19T17:20:50.665+0000] {processor.py:157} INFO - Started process (PID=1902) to work on /opt/airflow/dags/running_buses_dag.py
[2023-06-19T17:20:50.666+0000] {processor.py:826} INFO - Processing file /opt/airflow/dags/running_buses_dag.py for tasks to queue
[2023-06-19T17:20:50.669+0000] {logging_mixin.py:149} INFO - [2023-06-19T17:20:50.669+0000] {dagbag.py:541} INFO - Filling up the DagBag from /opt/airflow/dags/running_buses_dag.py
[2023-06-19T17:20:50.677+0000] {processor.py:836} INFO - DAG(s) dict_keys(['running-buses-gcs-files-dag']) retrieved from /opt/airflow/dags/running_buses_dag.py
[2023-06-19T17:20:50.886+0000] {logging_mixin.py:149} INFO - [2023-06-19T17:20:50.886+0000] {dag.py:2726} INFO - Sync 1 DAGs
[2023-06-19T17:20:50.896+0000] {logging_mixin.py:149} INFO - [2023-06-19T17:20:50.896+0000] {dag.py:3486} INFO - Setting next_dagrun for running-buses-gcs-files-dag to None, run_after=None
[2023-06-19T17:20:50.906+0000] {processor.py:179} INFO - Processing /opt/airflow/dags/running_buses_dag.py took 0.244 seconds
[2023-06-19T17:21:21.092+0000] {processor.py:157} INFO - Started process (PID=1959) to work on /opt/airflow/dags/running_buses_dag.py
[2023-06-19T17:21:21.093+0000] {processor.py:826} INFO - Processing file /opt/airflow/dags/running_buses_dag.py for tasks to queue
[2023-06-19T17:21:21.096+0000] {logging_mixin.py:149} INFO - [2023-06-19T17:21:21.096+0000] {dagbag.py:541} INFO - Filling up the DagBag from /opt/airflow/dags/running_buses_dag.py
[2023-06-19T17:21:21.104+0000] {processor.py:836} INFO - DAG(s) dict_keys(['running-buses-gcs-files-dag']) retrieved from /opt/airflow/dags/running_buses_dag.py
[2023-06-19T17:21:21.170+0000] {logging_mixin.py:149} INFO - [2023-06-19T17:21:21.169+0000] {dag.py:2726} INFO - Sync 1 DAGs
[2023-06-19T17:21:21.298+0000] {logging_mixin.py:149} INFO - [2023-06-19T17:21:21.297+0000] {dag.py:3486} INFO - Setting next_dagrun for running-buses-gcs-files-dag to None, run_after=None
[2023-06-19T17:21:21.313+0000] {processor.py:179} INFO - Processing /opt/airflow/dags/running_buses_dag.py took 0.223 seconds
[2023-06-19T17:21:51.472+0000] {processor.py:157} INFO - Started process (PID=2016) to work on /opt/airflow/dags/running_buses_dag.py
[2023-06-19T17:21:51.474+0000] {processor.py:826} INFO - Processing file /opt/airflow/dags/running_buses_dag.py for tasks to queue
[2023-06-19T17:21:51.476+0000] {logging_mixin.py:149} INFO - [2023-06-19T17:21:51.476+0000] {dagbag.py:541} INFO - Filling up the DagBag from /opt/airflow/dags/running_buses_dag.py
[2023-06-19T17:21:51.483+0000] {processor.py:836} INFO - DAG(s) dict_keys(['running-buses-gcs-files-dag']) retrieved from /opt/airflow/dags/running_buses_dag.py
[2023-06-19T17:21:51.661+0000] {logging_mixin.py:149} INFO - [2023-06-19T17:21:51.661+0000] {dag.py:2726} INFO - Sync 1 DAGs
[2023-06-19T17:21:51.670+0000] {logging_mixin.py:149} INFO - [2023-06-19T17:21:51.670+0000] {dag.py:3486} INFO - Setting next_dagrun for running-buses-gcs-files-dag to None, run_after=None
[2023-06-19T17:21:51.680+0000] {processor.py:179} INFO - Processing /opt/airflow/dags/running_buses_dag.py took 0.211 seconds
[2023-06-19T17:22:21.731+0000] {processor.py:157} INFO - Started process (PID=2073) to work on /opt/airflow/dags/running_buses_dag.py
[2023-06-19T17:22:21.733+0000] {processor.py:826} INFO - Processing file /opt/airflow/dags/running_buses_dag.py for tasks to queue
[2023-06-19T17:22:21.735+0000] {logging_mixin.py:149} INFO - [2023-06-19T17:22:21.735+0000] {dagbag.py:541} INFO - Filling up the DagBag from /opt/airflow/dags/running_buses_dag.py
[2023-06-19T17:22:21.742+0000] {processor.py:836} INFO - DAG(s) dict_keys(['running-buses-gcs-files-dag']) retrieved from /opt/airflow/dags/running_buses_dag.py
[2023-06-19T17:22:21.808+0000] {logging_mixin.py:149} INFO - [2023-06-19T17:22:21.808+0000] {dag.py:2726} INFO - Sync 1 DAGs
[2023-06-19T17:22:21.934+0000] {logging_mixin.py:149} INFO - [2023-06-19T17:22:21.934+0000] {dag.py:3486} INFO - Setting next_dagrun for running-buses-gcs-files-dag to None, run_after=None
[2023-06-19T17:22:21.945+0000] {processor.py:179} INFO - Processing /opt/airflow/dags/running_buses_dag.py took 0.216 seconds
