[2023-06-18T18:38:16.748+0000] {taskinstance.py:1103} INFO - Dependencies all met for dep_context=non-requeueable deps ti=<TaskInstance: dbt-dag.dbt_run manual__2023-06-18T18:38:14.532910+00:00 [queued]>
[2023-06-18T18:38:16.757+0000] {taskinstance.py:1103} INFO - Dependencies all met for dep_context=requeueable deps ti=<TaskInstance: dbt-dag.dbt_run manual__2023-06-18T18:38:14.532910+00:00 [queued]>
[2023-06-18T18:38:16.760+0000] {taskinstance.py:1308} INFO - Starting attempt 1 of 1
[2023-06-18T18:38:16.770+0000] {taskinstance.py:1327} INFO - Executing <Task(DbtRunOperator): dbt_run> on 2023-06-18 18:38:14.532910+00:00
[2023-06-18T18:38:16.776+0000] {standard_task_runner.py:57} INFO - Started process 3448 to run task
[2023-06-18T18:38:16.781+0000] {standard_task_runner.py:84} INFO - Running: ['***', 'tasks', 'run', 'dbt-dag', 'dbt_run', 'manual__2023-06-18T18:38:14.532910+00:00', '--job-id', '92', '--raw', '--subdir', 'DAGS_FOLDER/dbt_test.py', '--cfg-path', '/tmp/tmpfw3be8yx']
[2023-06-18T18:38:16.785+0000] {standard_task_runner.py:85} INFO - Job 92: Subtask dbt_run
[2023-06-18T18:38:16.833+0000] {task_command.py:410} INFO - Running <TaskInstance: dbt-dag.dbt_run manual__2023-06-18T18:38:14.532910+00:00 [running]> on host 6bba1fead03c
[2023-06-18T18:38:16.887+0000] {taskinstance.py:1545} INFO - Exporting env vars: AIRFLOW_CTX_DAG_OWNER='***' AIRFLOW_CTX_DAG_ID='dbt-dag' AIRFLOW_CTX_TASK_ID='dbt_run' AIRFLOW_CTX_EXECUTION_DATE='2023-06-18T18:38:14.532910+00:00' AIRFLOW_CTX_TRY_NUMBER='1' AIRFLOW_CTX_DAG_RUN_ID='manual__2023-06-18T18:38:14.532910+00:00'
[2023-06-18T18:38:16.889+0000] {dbt_hook.py:117} INFO - dbt run --profiles-dir /opt/***/tmp_data/dbt_bus_data/.dbt_profile
[2023-06-18T18:38:16.892+0000] {dbt_hook.py:126} INFO - Output:
[2023-06-18T18:38:18.586+0000] {dbt_hook.py:130} INFO - [0m18:38:18  Running with dbt=1.5.1
[2023-06-18T18:38:19.482+0000] {dbt_hook.py:130} INFO - [0m18:38:19  [[33mWARNING[0m]: Configuration paths exist in your dbt_project.yml file which do not apply to any resources.
[2023-06-18T18:38:19.483+0000] {dbt_hook.py:130} INFO - There are 1 unused configuration paths:
[2023-06-18T18:38:19.484+0000] {dbt_hook.py:130} INFO - - models.dbt_bus_data.core
[2023-06-18T18:38:19.504+0000] {dbt_hook.py:130} INFO - [0m18:38:19  Found 1 model, 6 tests, 0 snapshots, 0 analyses, 356 macros, 0 operations, 2 seed files, 1 source, 0 exposures, 0 metrics, 0 groups
[2023-06-18T18:38:19.507+0000] {dbt_hook.py:130} INFO - [0m18:38:19
[2023-06-18T18:38:20.573+0000] {dbt_hook.py:130} INFO - [0m18:38:20  Concurrency: 2 threads (target='dev')
[2023-06-18T18:38:20.579+0000] {dbt_hook.py:130} INFO - [0m18:38:20
[2023-06-18T18:38:20.598+0000] {dbt_hook.py:130} INFO - [0m18:38:20  1 of 1 START sql table model dbt_busdata_stag.stg_garage_buses ................. [RUN]
[2023-06-18T18:38:24.397+0000] {dbt_hook.py:130} INFO - [0m18:38:24  1 of 1 OK created sql table model dbt_busdata_stag.stg_garage_buses ............ [[32mCREATE TABLE (24.0 rows, 58.9 KiB processed)[0m in 3.80s]
[2023-06-18T18:38:24.403+0000] {dbt_hook.py:130} INFO - [0m18:38:24
[2023-06-18T18:38:24.404+0000] {dbt_hook.py:130} INFO - [0m18:38:24  Finished running 1 table model in 0 hours 0 minutes and 4.89 seconds (4.89s).
[2023-06-18T18:38:24.424+0000] {dbt_hook.py:130} INFO - [0m18:38:24
[2023-06-18T18:38:24.425+0000] {dbt_hook.py:130} INFO - [0m18:38:24  [32mCompleted successfully[0m
[2023-06-18T18:38:24.426+0000] {dbt_hook.py:130} INFO - [0m18:38:24
[2023-06-18T18:38:24.427+0000] {dbt_hook.py:130} INFO - [0m18:38:24  Done. PASS=1 WARN=0 ERROR=0 SKIP=0 TOTAL=1
[2023-06-18T18:38:25.312+0000] {dbt_hook.py:132} INFO - Command exited with return code 0
[2023-06-18T18:38:25.325+0000] {taskinstance.py:1345} INFO - Marking task as SUCCESS. dag_id=dbt-dag, task_id=dbt_run, execution_date=20230618T183814, start_date=20230618T183816, end_date=20230618T183825
[2023-06-18T18:38:25.346+0000] {local_task_job_runner.py:225} INFO - Task exited with return code 0
[2023-06-18T18:38:25.361+0000] {taskinstance.py:2653} INFO - 0 downstream tasks scheduled from follow-on schedule check
