[2023-06-23T00:03:06.737+0000] {taskinstance.py:1103} INFO - Dependencies all met for dep_context=non-requeueable deps ti=<TaskInstance: running-buses-dbt-dag.dbt_run manual__2023-06-23T00:03:04.242617+00:00 [queued]>
[2023-06-23T00:03:06.763+0000] {taskinstance.py:1103} INFO - Dependencies all met for dep_context=requeueable deps ti=<TaskInstance: running-buses-dbt-dag.dbt_run manual__2023-06-23T00:03:04.242617+00:00 [queued]>
[2023-06-23T00:03:06.764+0000] {taskinstance.py:1308} INFO - Starting attempt 1 of 1
[2023-06-23T00:03:06.780+0000] {taskinstance.py:1327} INFO - Executing <Task(DbtRunOperator): dbt_run> on 2023-06-23 00:03:04.242617+00:00
[2023-06-23T00:03:06.790+0000] {standard_task_runner.py:57} INFO - Started process 9009 to run task
[2023-06-23T00:03:06.796+0000] {standard_task_runner.py:84} INFO - Running: ['***', 'tasks', 'run', 'running-buses-dbt-dag', 'dbt_run', 'manual__2023-06-23T00:03:04.242617+00:00', '--job-id', '507', '--raw', '--subdir', 'DAGS_FOLDER/running_buses_dbt_dag.py', '--cfg-path', '/tmp/tmpj83eiup7']
[2023-06-23T00:03:06.802+0000] {standard_task_runner.py:85} INFO - Job 507: Subtask dbt_run
[2023-06-23T00:03:06.888+0000] {task_command.py:410} INFO - Running <TaskInstance: running-buses-dbt-dag.dbt_run manual__2023-06-23T00:03:04.242617+00:00 [running]> on host 6bba1fead03c
[2023-06-23T00:03:06.993+0000] {taskinstance.py:1545} INFO - Exporting env vars: AIRFLOW_CTX_DAG_OWNER='***' AIRFLOW_CTX_DAG_ID='running-buses-dbt-dag' AIRFLOW_CTX_TASK_ID='dbt_run' AIRFLOW_CTX_EXECUTION_DATE='2023-06-23T00:03:04.242617+00:00' AIRFLOW_CTX_TRY_NUMBER='1' AIRFLOW_CTX_DAG_RUN_ID='manual__2023-06-23T00:03:04.242617+00:00'
[2023-06-23T00:03:06.998+0000] {dbt_hook.py:117} INFO - dbt run --profiles-dir /opt/***/tmp_data/dbt_bus_data/.dbt_profile --select stg_running_buses
[2023-06-23T00:03:07.001+0000] {dbt_hook.py:126} INFO - Output:
[2023-06-23T00:03:08.768+0000] {dbt_hook.py:130} INFO - [0m00:03:08  Running with dbt=1.5.1
[2023-06-23T00:03:09.378+0000] {dbt_hook.py:130} INFO - [0m00:03:09  [[33mWARNING[0m]: Configuration paths exist in your dbt_project.yml file which do not apply to any resources.
[2023-06-23T00:03:09.378+0000] {dbt_hook.py:130} INFO - There are 1 unused configuration paths:
[2023-06-23T00:03:09.379+0000] {dbt_hook.py:130} INFO - - models.dbt_bus_data.core
[2023-06-23T00:03:09.413+0000] {dbt_hook.py:130} INFO - [0m00:03:09  Found 1 model, 9 tests, 0 snapshots, 0 analyses, 356 macros, 0 operations, 3 seed files, 2 sources, 0 exposures, 0 metrics, 0 groups
[2023-06-23T00:03:09.416+0000] {dbt_hook.py:130} INFO - [0m00:03:09
[2023-06-23T00:03:10.958+0000] {dbt_hook.py:130} INFO - [0m00:03:10  Concurrency: 2 threads (target='dev')
[2023-06-23T00:03:10.965+0000] {dbt_hook.py:130} INFO - [0m00:03:10
[2023-06-23T00:03:11.008+0000] {dbt_hook.py:130} INFO - [0m00:03:11  1 of 1 START sql view model dbt_busdata_stag.stg_running_buses ................. [RUN]
[2023-06-23T00:03:12.165+0000] {dbt_hook.py:130} INFO - [0m00:03:12  1 of 1 OK created sql view model dbt_busdata_stag.stg_running_buses ............ [[32mCREATE VIEW (0 processed)[0m in 1.14s]
[2023-06-23T00:03:12.173+0000] {dbt_hook.py:130} INFO - [0m00:03:12
[2023-06-23T00:03:12.174+0000] {dbt_hook.py:130} INFO - [0m00:03:12  Finished running 1 view model in 0 hours 0 minutes and 2.75 seconds (2.75s).
[2023-06-23T00:03:12.200+0000] {dbt_hook.py:130} INFO - [0m00:03:12
[2023-06-23T00:03:12.205+0000] {dbt_hook.py:130} INFO - [0m00:03:12  [32mCompleted successfully[0m
[2023-06-23T00:03:12.207+0000] {dbt_hook.py:130} INFO - [0m00:03:12
[2023-06-23T00:03:12.210+0000] {dbt_hook.py:130} INFO - [0m00:03:12  Done. PASS=1 WARN=0 ERROR=0 SKIP=0 TOTAL=1
[2023-06-23T00:03:13.318+0000] {dbt_hook.py:132} INFO - Command exited with return code 0
[2023-06-23T00:03:13.336+0000] {taskinstance.py:1345} INFO - Marking task as SUCCESS. dag_id=running-buses-dbt-dag, task_id=dbt_run, execution_date=20230623T000304, start_date=20230623T000306, end_date=20230623T000313
[2023-06-23T00:03:13.399+0000] {local_task_job_runner.py:225} INFO - Task exited with return code 0
[2023-06-23T00:03:13.425+0000] {taskinstance.py:2653} INFO - 0 downstream tasks scheduled from follow-on schedule check
