[2023-06-18T18:45:05.162+0000] {taskinstance.py:1103} INFO - Dependencies all met for dep_context=non-requeueable deps ti=<TaskInstance: dbt-dag.dbt_run manual__2023-06-18T18:45:04.200714+00:00 [queued]>
[2023-06-18T18:45:05.168+0000] {taskinstance.py:1103} INFO - Dependencies all met for dep_context=requeueable deps ti=<TaskInstance: dbt-dag.dbt_run manual__2023-06-18T18:45:04.200714+00:00 [queued]>
[2023-06-18T18:45:05.169+0000] {taskinstance.py:1308} INFO - Starting attempt 1 of 1
[2023-06-18T18:45:05.175+0000] {taskinstance.py:1327} INFO - Executing <Task(DbtRunOperator): dbt_run> on 2023-06-18 18:45:04.200714+00:00
[2023-06-18T18:45:05.180+0000] {standard_task_runner.py:57} INFO - Started process 3639 to run task
[2023-06-18T18:45:05.184+0000] {standard_task_runner.py:84} INFO - Running: ['***', 'tasks', 'run', 'dbt-dag', 'dbt_run', 'manual__2023-06-18T18:45:04.200714+00:00', '--job-id', '107', '--raw', '--subdir', 'DAGS_FOLDER/dbt_test.py', '--cfg-path', '/tmp/tmpmci23xyk']
[2023-06-18T18:45:05.187+0000] {standard_task_runner.py:85} INFO - Job 107: Subtask dbt_run
[2023-06-18T18:45:05.233+0000] {task_command.py:410} INFO - Running <TaskInstance: dbt-dag.dbt_run manual__2023-06-18T18:45:04.200714+00:00 [running]> on host 6bba1fead03c
[2023-06-18T18:45:05.308+0000] {taskinstance.py:1545} INFO - Exporting env vars: AIRFLOW_CTX_DAG_OWNER='***' AIRFLOW_CTX_DAG_ID='dbt-dag' AIRFLOW_CTX_TASK_ID='dbt_run' AIRFLOW_CTX_EXECUTION_DATE='2023-06-18T18:45:04.200714+00:00' AIRFLOW_CTX_TRY_NUMBER='1' AIRFLOW_CTX_DAG_RUN_ID='manual__2023-06-18T18:45:04.200714+00:00'
[2023-06-18T18:45:05.313+0000] {dbt_hook.py:117} INFO - dbt run --profiles-dir /opt/***/tmp_data/dbt_bus_data/.dbt_profile
[2023-06-18T18:45:05.317+0000] {dbt_hook.py:126} INFO - Output:
[2023-06-18T18:45:07.080+0000] {dbt_hook.py:130} INFO - [0m18:45:07  Running with dbt=1.5.1
[2023-06-18T18:45:08.065+0000] {dbt_hook.py:130} INFO - [0m18:45:08  [[33mWARNING[0m]: Configuration paths exist in your dbt_project.yml file which do not apply to any resources.
[2023-06-18T18:45:08.066+0000] {dbt_hook.py:130} INFO - There are 1 unused configuration paths:
[2023-06-18T18:45:08.067+0000] {dbt_hook.py:130} INFO - - models.dbt_bus_data.core
[2023-06-18T18:45:08.086+0000] {dbt_hook.py:130} INFO - [0m18:45:08  Found 1 model, 6 tests, 0 snapshots, 0 analyses, 356 macros, 0 operations, 2 seed files, 1 source, 0 exposures, 0 metrics, 0 groups
[2023-06-18T18:45:08.089+0000] {dbt_hook.py:130} INFO - [0m18:45:08
[2023-06-18T18:45:09.383+0000] {dbt_hook.py:130} INFO - [0m18:45:09  Concurrency: 2 threads (target='dev')
[2023-06-18T18:45:09.388+0000] {dbt_hook.py:130} INFO - [0m18:45:09
[2023-06-18T18:45:09.407+0000] {dbt_hook.py:130} INFO - [0m18:45:09  1 of 1 START sql table model dbt_busdata_stag.stg_garage_buses ................. [RUN]
[2023-06-18T18:45:13.352+0000] {dbt_hook.py:130} INFO - [0m18:45:13  1 of 1 OK created sql table model dbt_busdata_stag.stg_garage_buses ............ [[32mCREATE TABLE (25.0 rows, 66.9 KiB processed)[0m in 3.94s]
[2023-06-18T18:45:13.358+0000] {dbt_hook.py:130} INFO - [0m18:45:13
[2023-06-18T18:45:13.360+0000] {dbt_hook.py:130} INFO - [0m18:45:13  Finished running 1 table model in 0 hours 0 minutes and 5.27 seconds (5.27s).
[2023-06-18T18:45:13.374+0000] {dbt_hook.py:130} INFO - [0m18:45:13
[2023-06-18T18:45:13.375+0000] {dbt_hook.py:130} INFO - [0m18:45:13  [32mCompleted successfully[0m
[2023-06-18T18:45:13.376+0000] {dbt_hook.py:130} INFO - [0m18:45:13
[2023-06-18T18:45:13.377+0000] {dbt_hook.py:130} INFO - [0m18:45:13  Done. PASS=1 WARN=0 ERROR=0 SKIP=0 TOTAL=1
[2023-06-18T18:45:14.723+0000] {dbt_hook.py:132} INFO - Command exited with return code 0
[2023-06-18T18:45:14.735+0000] {taskinstance.py:1345} INFO - Marking task as SUCCESS. dag_id=dbt-dag, task_id=dbt_run, execution_date=20230618T184504, start_date=20230618T184505, end_date=20230618T184514
[2023-06-18T18:45:14.764+0000] {local_task_job_runner.py:225} INFO - Task exited with return code 0
[2023-06-18T18:45:14.782+0000] {taskinstance.py:2653} INFO - 0 downstream tasks scheduled from follow-on schedule check
