[2023-06-22T23:18:06.090+0000] {taskinstance.py:1103} INFO - Dependencies all met for dep_context=non-requeueable deps ti=<TaskInstance: running-buses-dbt-dag.dbt_run manual__2023-06-22T23:18:04.335081+00:00 [queued]>
[2023-06-22T23:18:06.096+0000] {taskinstance.py:1103} INFO - Dependencies all met for dep_context=requeueable deps ti=<TaskInstance: running-buses-dbt-dag.dbt_run manual__2023-06-22T23:18:04.335081+00:00 [queued]>
[2023-06-22T23:18:06.097+0000] {taskinstance.py:1308} INFO - Starting attempt 1 of 1
[2023-06-22T23:18:06.107+0000] {taskinstance.py:1327} INFO - Executing <Task(DbtRunOperator): dbt_run> on 2023-06-22 23:18:04.335081+00:00
[2023-06-22T23:18:06.113+0000] {standard_task_runner.py:57} INFO - Started process 7912 to run task
[2023-06-22T23:18:06.117+0000] {standard_task_runner.py:84} INFO - Running: ['***', 'tasks', 'run', 'running-buses-dbt-dag', 'dbt_run', 'manual__2023-06-22T23:18:04.335081+00:00', '--job-id', '432', '--raw', '--subdir', 'DAGS_FOLDER/running_buses_dbt_dag.py', '--cfg-path', '/tmp/tmplqzx9taa']
[2023-06-22T23:18:06.121+0000] {standard_task_runner.py:85} INFO - Job 432: Subtask dbt_run
[2023-06-22T23:18:06.165+0000] {task_command.py:410} INFO - Running <TaskInstance: running-buses-dbt-dag.dbt_run manual__2023-06-22T23:18:04.335081+00:00 [running]> on host 6bba1fead03c
[2023-06-22T23:18:06.234+0000] {taskinstance.py:1545} INFO - Exporting env vars: AIRFLOW_CTX_DAG_OWNER='***' AIRFLOW_CTX_DAG_ID='running-buses-dbt-dag' AIRFLOW_CTX_TASK_ID='dbt_run' AIRFLOW_CTX_EXECUTION_DATE='2023-06-22T23:18:04.335081+00:00' AIRFLOW_CTX_TRY_NUMBER='1' AIRFLOW_CTX_DAG_RUN_ID='manual__2023-06-22T23:18:04.335081+00:00'
[2023-06-22T23:18:06.236+0000] {dbt_hook.py:117} INFO - dbt run --profiles-dir /opt/***/tmp_data/dbt_bus_data/.dbt_profile --select stg_running_buses
[2023-06-22T23:18:06.238+0000] {dbt_hook.py:126} INFO - Output:
[2023-06-22T23:18:07.916+0000] {dbt_hook.py:130} INFO - [0m23:18:07  Running with dbt=1.5.1
[2023-06-22T23:18:08.767+0000] {dbt_hook.py:130} INFO - [0m23:18:08  [[33mWARNING[0m]: Configuration paths exist in your dbt_project.yml file which do not apply to any resources.
[2023-06-22T23:18:08.774+0000] {dbt_hook.py:130} INFO - There are 1 unused configuration paths:
[2023-06-22T23:18:08.775+0000] {dbt_hook.py:130} INFO - - models.dbt_bus_data.core
[2023-06-22T23:18:08.833+0000] {dbt_hook.py:130} INFO - [0m23:18:08  Found 1 model, 9 tests, 0 snapshots, 0 analyses, 356 macros, 0 operations, 3 seed files, 2 sources, 0 exposures, 0 metrics, 0 groups
[2023-06-22T23:18:08.839+0000] {dbt_hook.py:130} INFO - [0m23:18:08
[2023-06-22T23:18:10.397+0000] {dbt_hook.py:130} INFO - [0m23:18:10  Concurrency: 2 threads (target='dev')
[2023-06-22T23:18:10.400+0000] {dbt_hook.py:130} INFO - [0m23:18:10
[2023-06-22T23:18:10.423+0000] {dbt_hook.py:130} INFO - [0m23:18:10  1 of 1 START sql view model dbt_busdata_stag.stg_running_buses ................. [RUN]
[2023-06-22T23:18:11.484+0000] {dbt_hook.py:130} INFO - [0m23:18:11  1 of 1 OK created sql view model dbt_busdata_stag.stg_running_buses ............ [[32mCREATE VIEW (0 processed)[0m in 1.06s]
[2023-06-22T23:18:11.495+0000] {dbt_hook.py:130} INFO - [0m23:18:11
[2023-06-22T23:18:11.498+0000] {dbt_hook.py:130} INFO - [0m23:18:11  Finished running 1 view model in 0 hours 0 minutes and 2.65 seconds (2.65s).
[2023-06-22T23:18:11.533+0000] {dbt_hook.py:130} INFO - [0m23:18:11
[2023-06-22T23:18:11.540+0000] {dbt_hook.py:130} INFO - [0m23:18:11  [32mCompleted successfully[0m
[2023-06-22T23:18:11.543+0000] {dbt_hook.py:130} INFO - [0m23:18:11
[2023-06-22T23:18:11.547+0000] {dbt_hook.py:130} INFO - [0m23:18:11  Done. PASS=1 WARN=0 ERROR=0 SKIP=0 TOTAL=1
[2023-06-22T23:18:12.551+0000] {dbt_hook.py:132} INFO - Command exited with return code 0
[2023-06-22T23:18:12.568+0000] {taskinstance.py:1345} INFO - Marking task as SUCCESS. dag_id=running-buses-dbt-dag, task_id=dbt_run, execution_date=20230622T231804, start_date=20230622T231806, end_date=20230622T231812
[2023-06-22T23:18:12.625+0000] {local_task_job_runner.py:225} INFO - Task exited with return code 0
[2023-06-22T23:18:12.641+0000] {taskinstance.py:2653} INFO - 0 downstream tasks scheduled from follow-on schedule check
