[2023-06-18T18:39:04.199+0000] {taskinstance.py:1103} INFO - Dependencies all met for dep_context=non-requeueable deps ti=<TaskInstance: dbt-dag.dbt_run manual__2023-06-18T18:39:03.160991+00:00 [queued]>
[2023-06-18T18:39:04.204+0000] {taskinstance.py:1103} INFO - Dependencies all met for dep_context=requeueable deps ti=<TaskInstance: dbt-dag.dbt_run manual__2023-06-18T18:39:03.160991+00:00 [queued]>
[2023-06-18T18:39:04.205+0000] {taskinstance.py:1308} INFO - Starting attempt 1 of 1
[2023-06-18T18:39:04.211+0000] {taskinstance.py:1327} INFO - Executing <Task(DbtRunOperator): dbt_run> on 2023-06-18 18:39:03.160991+00:00
[2023-06-18T18:39:04.216+0000] {standard_task_runner.py:57} INFO - Started process 3491 to run task
[2023-06-18T18:39:04.220+0000] {standard_task_runner.py:84} INFO - Running: ['***', 'tasks', 'run', 'dbt-dag', 'dbt_run', 'manual__2023-06-18T18:39:03.160991+00:00', '--job-id', '97', '--raw', '--subdir', 'DAGS_FOLDER/dbt_test.py', '--cfg-path', '/tmp/tmpo6h8bmc2']
[2023-06-18T18:39:04.223+0000] {standard_task_runner.py:85} INFO - Job 97: Subtask dbt_run
[2023-06-18T18:39:04.263+0000] {task_command.py:410} INFO - Running <TaskInstance: dbt-dag.dbt_run manual__2023-06-18T18:39:03.160991+00:00 [running]> on host 6bba1fead03c
[2023-06-18T18:39:04.316+0000] {taskinstance.py:1545} INFO - Exporting env vars: AIRFLOW_CTX_DAG_OWNER='***' AIRFLOW_CTX_DAG_ID='dbt-dag' AIRFLOW_CTX_TASK_ID='dbt_run' AIRFLOW_CTX_EXECUTION_DATE='2023-06-18T18:39:03.160991+00:00' AIRFLOW_CTX_TRY_NUMBER='1' AIRFLOW_CTX_DAG_RUN_ID='manual__2023-06-18T18:39:03.160991+00:00'
[2023-06-18T18:39:04.318+0000] {dbt_hook.py:117} INFO - dbt run --profiles-dir /opt/***/tmp_data/dbt_bus_data/.dbt_profile
[2023-06-18T18:39:04.321+0000] {dbt_hook.py:126} INFO - Output:
[2023-06-18T18:39:06.184+0000] {dbt_hook.py:130} INFO - [0m18:39:06  Running with dbt=1.5.1
[2023-06-18T18:39:07.012+0000] {dbt_hook.py:130} INFO - [0m18:39:07  [[33mWARNING[0m]: Configuration paths exist in your dbt_project.yml file which do not apply to any resources.
[2023-06-18T18:39:07.012+0000] {dbt_hook.py:130} INFO - There are 1 unused configuration paths:
[2023-06-18T18:39:07.013+0000] {dbt_hook.py:130} INFO - - models.dbt_bus_data.core
[2023-06-18T18:39:07.031+0000] {dbt_hook.py:130} INFO - [0m18:39:07  Found 1 model, 6 tests, 0 snapshots, 0 analyses, 356 macros, 0 operations, 2 seed files, 1 source, 0 exposures, 0 metrics, 0 groups
[2023-06-18T18:39:07.035+0000] {dbt_hook.py:130} INFO - [0m18:39:07
[2023-06-18T18:39:08.665+0000] {dbt_hook.py:130} INFO - [0m18:39:08  Concurrency: 2 threads (target='dev')
[2023-06-18T18:39:08.669+0000] {dbt_hook.py:130} INFO - [0m18:39:08
[2023-06-18T18:39:08.688+0000] {dbt_hook.py:130} INFO - [0m18:39:08  1 of 1 START sql table model dbt_busdata_stag.stg_garage_buses ................. [RUN]
[2023-06-18T18:39:11.939+0000] {dbt_hook.py:130} INFO - [0m18:39:11  1 of 1 OK created sql table model dbt_busdata_stag.stg_garage_buses ............ [[32mCREATE TABLE (24.0 rows, 58.9 KiB processed)[0m in 3.25s]
[2023-06-18T18:39:11.946+0000] {dbt_hook.py:130} INFO - [0m18:39:11
[2023-06-18T18:39:11.947+0000] {dbt_hook.py:130} INFO - [0m18:39:11  Finished running 1 table model in 0 hours 0 minutes and 4.91 seconds (4.91s).
[2023-06-18T18:39:11.963+0000] {dbt_hook.py:130} INFO - [0m18:39:11
[2023-06-18T18:39:11.964+0000] {dbt_hook.py:130} INFO - [0m18:39:11  [32mCompleted successfully[0m
[2023-06-18T18:39:11.965+0000] {dbt_hook.py:130} INFO - [0m18:39:11
[2023-06-18T18:39:11.966+0000] {dbt_hook.py:130} INFO - [0m18:39:11  Done. PASS=1 WARN=0 ERROR=0 SKIP=0 TOTAL=1
[2023-06-18T18:39:13.184+0000] {dbt_hook.py:132} INFO - Command exited with return code 0
[2023-06-18T18:39:13.210+0000] {taskinstance.py:1345} INFO - Marking task as SUCCESS. dag_id=dbt-dag, task_id=dbt_run, execution_date=20230618T183903, start_date=20230618T183904, end_date=20230618T183913
[2023-06-18T18:39:13.268+0000] {local_task_job_runner.py:225} INFO - Task exited with return code 0
[2023-06-18T18:39:13.289+0000] {taskinstance.py:2653} INFO - 0 downstream tasks scheduled from follow-on schedule check
