[2023-06-17T20:03:31.477+0000] {processor.py:157} INFO - Started process (PID=52) to work on /home/airflow/.local/lib/python3.11/site-packages/airflow/example_dags/example_dynamic_task_mapping_with_no_taskflow_operators.py
[2023-06-17T20:03:31.480+0000] {processor.py:826} INFO - Processing file /home/airflow/.local/lib/python3.11/site-packages/airflow/example_dags/example_dynamic_task_mapping_with_no_taskflow_operators.py for tasks to queue
[2023-06-17T20:03:31.486+0000] {logging_mixin.py:149} INFO - [2023-06-17T20:03:31.485+0000] {dagbag.py:541} INFO - Filling up the DagBag from /home/airflow/.local/lib/python3.11/site-packages/airflow/example_dags/example_dynamic_task_mapping_with_no_taskflow_operators.py
[2023-06-17T20:03:31.498+0000] {processor.py:836} INFO - DAG(s) dict_keys(['example_dynamic_task_mapping_with_no_taskflow_operators']) retrieved from /home/airflow/.local/lib/python3.11/site-packages/airflow/example_dags/example_dynamic_task_mapping_with_no_taskflow_operators.py
[2023-06-17T20:03:31.593+0000] {logging_mixin.py:149} INFO - [2023-06-17T20:03:31.593+0000] {manager.py:504} INFO - Created Permission View: can edit on DAG:example_dynamic_task_mapping_with_no_taskflow_operators
[2023-06-17T20:03:31.602+0000] {logging_mixin.py:149} INFO - [2023-06-17T20:03:31.602+0000] {manager.py:504} INFO - Created Permission View: can read on DAG:example_dynamic_task_mapping_with_no_taskflow_operators
[2023-06-17T20:03:31.609+0000] {logging_mixin.py:149} INFO - [2023-06-17T20:03:31.609+0000] {manager.py:504} INFO - Created Permission View: can delete on DAG:example_dynamic_task_mapping_with_no_taskflow_operators
[2023-06-17T20:03:31.620+0000] {logging_mixin.py:149} INFO - [2023-06-17T20:03:31.620+0000] {dag.py:2726} INFO - Sync 1 DAGs
[2023-06-17T20:03:31.631+0000] {logging_mixin.py:149} INFO - [2023-06-17T20:03:31.631+0000] {dag.py:2747} INFO - Creating ORM DAG for example_dynamic_task_mapping_with_no_taskflow_operators
[2023-06-17T20:03:31.639+0000] {logging_mixin.py:149} INFO - [2023-06-17T20:03:31.639+0000] {dag.py:3486} INFO - Setting next_dagrun for example_dynamic_task_mapping_with_no_taskflow_operators to 2023-06-16T20:03:31.639162+00:00, run_after=2023-06-17T20:03:31.639162+00:00
[2023-06-17T20:03:31.655+0000] {processor.py:179} INFO - Processing /home/airflow/.local/lib/python3.11/site-packages/airflow/example_dags/example_dynamic_task_mapping_with_no_taskflow_operators.py took 0.181 seconds
[2023-06-17T20:04:02.245+0000] {processor.py:157} INFO - Started process (PID=111) to work on /home/airflow/.local/lib/python3.11/site-packages/airflow/example_dags/example_dynamic_task_mapping_with_no_taskflow_operators.py
[2023-06-17T20:04:02.247+0000] {processor.py:826} INFO - Processing file /home/airflow/.local/lib/python3.11/site-packages/airflow/example_dags/example_dynamic_task_mapping_with_no_taskflow_operators.py for tasks to queue
[2023-06-17T20:04:02.250+0000] {logging_mixin.py:149} INFO - [2023-06-17T20:04:02.250+0000] {dagbag.py:541} INFO - Filling up the DagBag from /home/airflow/.local/lib/python3.11/site-packages/airflow/example_dags/example_dynamic_task_mapping_with_no_taskflow_operators.py
[2023-06-17T20:04:02.256+0000] {processor.py:836} INFO - DAG(s) dict_keys(['example_dynamic_task_mapping_with_no_taskflow_operators']) retrieved from /home/airflow/.local/lib/python3.11/site-packages/airflow/example_dags/example_dynamic_task_mapping_with_no_taskflow_operators.py
[2023-06-17T20:04:02.277+0000] {logging_mixin.py:149} INFO - [2023-06-17T20:04:02.276+0000] {dag.py:2726} INFO - Sync 1 DAGs
[2023-06-17T20:04:02.290+0000] {logging_mixin.py:149} INFO - [2023-06-17T20:04:02.290+0000] {dag.py:3486} INFO - Setting next_dagrun for example_dynamic_task_mapping_with_no_taskflow_operators to 2023-06-16T20:04:02.290418+00:00, run_after=2023-06-17T20:04:02.290418+00:00
[2023-06-17T20:04:02.301+0000] {processor.py:179} INFO - Processing /home/airflow/.local/lib/python3.11/site-packages/airflow/example_dags/example_dynamic_task_mapping_with_no_taskflow_operators.py took 0.059 seconds
[2023-06-17T20:07:15.215+0000] {processor.py:157} INFO - Started process (PID=52) to work on /home/airflow/.local/lib/python3.11/site-packages/airflow/example_dags/example_dynamic_task_mapping_with_no_taskflow_operators.py
[2023-06-17T20:07:15.218+0000] {processor.py:826} INFO - Processing file /home/airflow/.local/lib/python3.11/site-packages/airflow/example_dags/example_dynamic_task_mapping_with_no_taskflow_operators.py for tasks to queue
[2023-06-17T20:07:15.227+0000] {logging_mixin.py:149} INFO - [2023-06-17T20:07:15.226+0000] {dagbag.py:541} INFO - Filling up the DagBag from /home/airflow/.local/lib/python3.11/site-packages/airflow/example_dags/example_dynamic_task_mapping_with_no_taskflow_operators.py
[2023-06-17T20:07:15.285+0000] {processor.py:836} INFO - DAG(s) dict_keys(['example_dynamic_task_mapping_with_no_taskflow_operators']) retrieved from /home/airflow/.local/lib/python3.11/site-packages/airflow/example_dags/example_dynamic_task_mapping_with_no_taskflow_operators.py
[2023-06-17T20:07:15.314+0000] {logging_mixin.py:149} INFO - [2023-06-17T20:07:15.314+0000] {dag.py:2726} INFO - Sync 1 DAGs
[2023-06-17T20:07:15.340+0000] {logging_mixin.py:149} INFO - [2023-06-17T20:07:15.340+0000] {dag.py:3486} INFO - Setting next_dagrun for example_dynamic_task_mapping_with_no_taskflow_operators to 2023-06-16T20:07:15.339806+00:00, run_after=2023-06-17T20:07:15.339806+00:00
[2023-06-17T20:07:15.390+0000] {processor.py:179} INFO - Processing /home/airflow/.local/lib/python3.11/site-packages/airflow/example_dags/example_dynamic_task_mapping_with_no_taskflow_operators.py took 0.179 seconds
[2023-06-17T20:07:45.594+0000] {processor.py:157} INFO - Started process (PID=110) to work on /home/airflow/.local/lib/python3.11/site-packages/airflow/example_dags/example_dynamic_task_mapping_with_no_taskflow_operators.py
[2023-06-17T20:07:45.595+0000] {processor.py:826} INFO - Processing file /home/airflow/.local/lib/python3.11/site-packages/airflow/example_dags/example_dynamic_task_mapping_with_no_taskflow_operators.py for tasks to queue
[2023-06-17T20:07:45.599+0000] {logging_mixin.py:149} INFO - [2023-06-17T20:07:45.599+0000] {dagbag.py:541} INFO - Filling up the DagBag from /home/airflow/.local/lib/python3.11/site-packages/airflow/example_dags/example_dynamic_task_mapping_with_no_taskflow_operators.py
[2023-06-17T20:07:45.611+0000] {processor.py:836} INFO - DAG(s) dict_keys(['example_dynamic_task_mapping_with_no_taskflow_operators']) retrieved from /home/airflow/.local/lib/python3.11/site-packages/airflow/example_dags/example_dynamic_task_mapping_with_no_taskflow_operators.py
[2023-06-17T20:07:45.651+0000] {logging_mixin.py:149} INFO - [2023-06-17T20:07:45.650+0000] {dag.py:2726} INFO - Sync 1 DAGs
[2023-06-17T20:07:45.681+0000] {logging_mixin.py:149} INFO - [2023-06-17T20:07:45.681+0000] {dag.py:3486} INFO - Setting next_dagrun for example_dynamic_task_mapping_with_no_taskflow_operators to 2023-06-16T20:07:45.680673+00:00, run_after=2023-06-17T20:07:45.680673+00:00
[2023-06-17T20:07:45.708+0000] {processor.py:179} INFO - Processing /home/airflow/.local/lib/python3.11/site-packages/airflow/example_dags/example_dynamic_task_mapping_with_no_taskflow_operators.py took 0.118 seconds
[2023-06-17T20:08:16.489+0000] {processor.py:157} INFO - Started process (PID=169) to work on /home/airflow/.local/lib/python3.11/site-packages/airflow/example_dags/example_dynamic_task_mapping_with_no_taskflow_operators.py
[2023-06-17T20:08:16.490+0000] {processor.py:826} INFO - Processing file /home/airflow/.local/lib/python3.11/site-packages/airflow/example_dags/example_dynamic_task_mapping_with_no_taskflow_operators.py for tasks to queue
[2023-06-17T20:08:16.493+0000] {logging_mixin.py:149} INFO - [2023-06-17T20:08:16.493+0000] {dagbag.py:541} INFO - Filling up the DagBag from /home/airflow/.local/lib/python3.11/site-packages/airflow/example_dags/example_dynamic_task_mapping_with_no_taskflow_operators.py
[2023-06-17T20:08:16.499+0000] {processor.py:836} INFO - DAG(s) dict_keys(['example_dynamic_task_mapping_with_no_taskflow_operators']) retrieved from /home/airflow/.local/lib/python3.11/site-packages/airflow/example_dags/example_dynamic_task_mapping_with_no_taskflow_operators.py
[2023-06-17T20:08:16.523+0000] {logging_mixin.py:149} INFO - [2023-06-17T20:08:16.522+0000] {dag.py:2726} INFO - Sync 1 DAGs
[2023-06-17T20:08:16.537+0000] {logging_mixin.py:149} INFO - [2023-06-17T20:08:16.537+0000] {dag.py:3486} INFO - Setting next_dagrun for example_dynamic_task_mapping_with_no_taskflow_operators to 2023-06-16T20:08:16.537295+00:00, run_after=2023-06-17T20:08:16.537295+00:00
[2023-06-17T20:08:16.548+0000] {processor.py:179} INFO - Processing /home/airflow/.local/lib/python3.11/site-packages/airflow/example_dags/example_dynamic_task_mapping_with_no_taskflow_operators.py took 0.062 seconds
[2023-06-17T20:09:32.154+0000] {processor.py:157} INFO - Started process (PID=53) to work on /home/airflow/.local/lib/python3.11/site-packages/airflow/example_dags/example_dynamic_task_mapping_with_no_taskflow_operators.py
[2023-06-17T20:09:32.156+0000] {processor.py:826} INFO - Processing file /home/airflow/.local/lib/python3.11/site-packages/airflow/example_dags/example_dynamic_task_mapping_with_no_taskflow_operators.py for tasks to queue
[2023-06-17T20:09:32.161+0000] {logging_mixin.py:149} INFO - [2023-06-17T20:09:32.161+0000] {dagbag.py:541} INFO - Filling up the DagBag from /home/airflow/.local/lib/python3.11/site-packages/airflow/example_dags/example_dynamic_task_mapping_with_no_taskflow_operators.py
[2023-06-17T20:09:32.171+0000] {processor.py:836} INFO - DAG(s) dict_keys(['example_dynamic_task_mapping_with_no_taskflow_operators']) retrieved from /home/airflow/.local/lib/python3.11/site-packages/airflow/example_dags/example_dynamic_task_mapping_with_no_taskflow_operators.py
[2023-06-17T20:09:32.200+0000] {logging_mixin.py:149} INFO - [2023-06-17T20:09:32.200+0000] {dag.py:2726} INFO - Sync 1 DAGs
[2023-06-17T20:09:32.233+0000] {logging_mixin.py:149} INFO - [2023-06-17T20:09:32.233+0000] {dag.py:3486} INFO - Setting next_dagrun for example_dynamic_task_mapping_with_no_taskflow_operators to 2023-06-16T20:09:32.232532+00:00, run_after=2023-06-17T20:09:32.232532+00:00
[2023-06-17T20:09:32.253+0000] {processor.py:179} INFO - Processing /home/airflow/.local/lib/python3.11/site-packages/airflow/example_dags/example_dynamic_task_mapping_with_no_taskflow_operators.py took 0.109 seconds
[2023-06-17T20:10:02.555+0000] {processor.py:157} INFO - Started process (PID=112) to work on /home/airflow/.local/lib/python3.11/site-packages/airflow/example_dags/example_dynamic_task_mapping_with_no_taskflow_operators.py
[2023-06-17T20:10:02.557+0000] {processor.py:826} INFO - Processing file /home/airflow/.local/lib/python3.11/site-packages/airflow/example_dags/example_dynamic_task_mapping_with_no_taskflow_operators.py for tasks to queue
[2023-06-17T20:10:02.560+0000] {logging_mixin.py:149} INFO - [2023-06-17T20:10:02.560+0000] {dagbag.py:541} INFO - Filling up the DagBag from /home/airflow/.local/lib/python3.11/site-packages/airflow/example_dags/example_dynamic_task_mapping_with_no_taskflow_operators.py
[2023-06-17T20:10:02.566+0000] {processor.py:836} INFO - DAG(s) dict_keys(['example_dynamic_task_mapping_with_no_taskflow_operators']) retrieved from /home/airflow/.local/lib/python3.11/site-packages/airflow/example_dags/example_dynamic_task_mapping_with_no_taskflow_operators.py
[2023-06-17T20:10:02.593+0000] {logging_mixin.py:149} INFO - [2023-06-17T20:10:02.593+0000] {dag.py:2726} INFO - Sync 1 DAGs
[2023-06-17T20:10:02.607+0000] {logging_mixin.py:149} INFO - [2023-06-17T20:10:02.607+0000] {dag.py:3486} INFO - Setting next_dagrun for example_dynamic_task_mapping_with_no_taskflow_operators to 2023-06-16T20:10:02.607380+00:00, run_after=2023-06-17T20:10:02.607380+00:00
[2023-06-17T20:10:02.620+0000] {processor.py:179} INFO - Processing /home/airflow/.local/lib/python3.11/site-packages/airflow/example_dags/example_dynamic_task_mapping_with_no_taskflow_operators.py took 0.068 seconds
[2023-06-17T20:10:33.606+0000] {processor.py:157} INFO - Started process (PID=171) to work on /home/airflow/.local/lib/python3.11/site-packages/airflow/example_dags/example_dynamic_task_mapping_with_no_taskflow_operators.py
[2023-06-17T20:10:33.608+0000] {processor.py:826} INFO - Processing file /home/airflow/.local/lib/python3.11/site-packages/airflow/example_dags/example_dynamic_task_mapping_with_no_taskflow_operators.py for tasks to queue
[2023-06-17T20:10:33.611+0000] {logging_mixin.py:149} INFO - [2023-06-17T20:10:33.611+0000] {dagbag.py:541} INFO - Filling up the DagBag from /home/airflow/.local/lib/python3.11/site-packages/airflow/example_dags/example_dynamic_task_mapping_with_no_taskflow_operators.py
[2023-06-17T20:10:33.616+0000] {processor.py:836} INFO - DAG(s) dict_keys(['example_dynamic_task_mapping_with_no_taskflow_operators']) retrieved from /home/airflow/.local/lib/python3.11/site-packages/airflow/example_dags/example_dynamic_task_mapping_with_no_taskflow_operators.py
[2023-06-17T20:10:33.635+0000] {logging_mixin.py:149} INFO - [2023-06-17T20:10:33.635+0000] {dag.py:2726} INFO - Sync 1 DAGs
[2023-06-17T20:10:33.649+0000] {logging_mixin.py:149} INFO - [2023-06-17T20:10:33.649+0000] {dag.py:3486} INFO - Setting next_dagrun for example_dynamic_task_mapping_with_no_taskflow_operators to 2023-06-16T20:10:33.649074+00:00, run_after=2023-06-17T20:10:33.649074+00:00
[2023-06-17T20:10:33.660+0000] {processor.py:179} INFO - Processing /home/airflow/.local/lib/python3.11/site-packages/airflow/example_dags/example_dynamic_task_mapping_with_no_taskflow_operators.py took 0.057 seconds
[2023-06-17T20:16:23.392+0000] {processor.py:157} INFO - Started process (PID=53) to work on /home/airflow/.local/lib/python3.11/site-packages/airflow/example_dags/example_dynamic_task_mapping_with_no_taskflow_operators.py
[2023-06-17T20:16:23.393+0000] {processor.py:826} INFO - Processing file /home/airflow/.local/lib/python3.11/site-packages/airflow/example_dags/example_dynamic_task_mapping_with_no_taskflow_operators.py for tasks to queue
[2023-06-17T20:16:23.396+0000] {logging_mixin.py:149} INFO - [2023-06-17T20:16:23.396+0000] {dagbag.py:541} INFO - Filling up the DagBag from /home/airflow/.local/lib/python3.11/site-packages/airflow/example_dags/example_dynamic_task_mapping_with_no_taskflow_operators.py
[2023-06-17T20:16:23.406+0000] {processor.py:836} INFO - DAG(s) dict_keys(['example_dynamic_task_mapping_with_no_taskflow_operators']) retrieved from /home/airflow/.local/lib/python3.11/site-packages/airflow/example_dags/example_dynamic_task_mapping_with_no_taskflow_operators.py
[2023-06-17T20:16:23.469+0000] {logging_mixin.py:149} INFO - [2023-06-17T20:16:23.469+0000] {manager.py:504} INFO - Created Permission View: can edit on DAG:example_dynamic_task_mapping_with_no_taskflow_operators
[2023-06-17T20:16:23.475+0000] {logging_mixin.py:149} INFO - [2023-06-17T20:16:23.475+0000] {manager.py:504} INFO - Created Permission View: can delete on DAG:example_dynamic_task_mapping_with_no_taskflow_operators
[2023-06-17T20:16:23.485+0000] {logging_mixin.py:149} INFO - [2023-06-17T20:16:23.485+0000] {manager.py:504} INFO - Created Permission View: can read on DAG:example_dynamic_task_mapping_with_no_taskflow_operators
[2023-06-17T20:16:23.492+0000] {logging_mixin.py:149} INFO - [2023-06-17T20:16:23.492+0000] {dag.py:2726} INFO - Sync 1 DAGs
[2023-06-17T20:16:23.498+0000] {logging_mixin.py:149} INFO - [2023-06-17T20:16:23.498+0000] {dag.py:2747} INFO - Creating ORM DAG for example_dynamic_task_mapping_with_no_taskflow_operators
[2023-06-17T20:16:23.504+0000] {logging_mixin.py:149} INFO - [2023-06-17T20:16:23.503+0000] {dag.py:3486} INFO - Setting next_dagrun for example_dynamic_task_mapping_with_no_taskflow_operators to 2023-06-16T20:16:23.503681+00:00, run_after=2023-06-17T20:16:23.503681+00:00
[2023-06-17T20:16:23.517+0000] {processor.py:179} INFO - Processing /home/airflow/.local/lib/python3.11/site-packages/airflow/example_dags/example_dynamic_task_mapping_with_no_taskflow_operators.py took 0.128 seconds
[2023-06-17T20:16:54.266+0000] {processor.py:157} INFO - Started process (PID=112) to work on /home/airflow/.local/lib/python3.11/site-packages/airflow/example_dags/example_dynamic_task_mapping_with_no_taskflow_operators.py
[2023-06-17T20:16:54.268+0000] {processor.py:826} INFO - Processing file /home/airflow/.local/lib/python3.11/site-packages/airflow/example_dags/example_dynamic_task_mapping_with_no_taskflow_operators.py for tasks to queue
[2023-06-17T20:16:54.271+0000] {logging_mixin.py:149} INFO - [2023-06-17T20:16:54.270+0000] {dagbag.py:541} INFO - Filling up the DagBag from /home/airflow/.local/lib/python3.11/site-packages/airflow/example_dags/example_dynamic_task_mapping_with_no_taskflow_operators.py
[2023-06-17T20:16:54.277+0000] {processor.py:836} INFO - DAG(s) dict_keys(['example_dynamic_task_mapping_with_no_taskflow_operators']) retrieved from /home/airflow/.local/lib/python3.11/site-packages/airflow/example_dags/example_dynamic_task_mapping_with_no_taskflow_operators.py
[2023-06-17T20:16:54.297+0000] {logging_mixin.py:149} INFO - [2023-06-17T20:16:54.297+0000] {dag.py:2726} INFO - Sync 1 DAGs
[2023-06-17T20:16:54.313+0000] {logging_mixin.py:149} INFO - [2023-06-17T20:16:54.313+0000] {dag.py:3486} INFO - Setting next_dagrun for example_dynamic_task_mapping_with_no_taskflow_operators to 2023-06-16T20:16:54.312673+00:00, run_after=2023-06-17T20:16:54.312673+00:00
[2023-06-17T20:16:54.322+0000] {processor.py:179} INFO - Processing /home/airflow/.local/lib/python3.11/site-packages/airflow/example_dags/example_dynamic_task_mapping_with_no_taskflow_operators.py took 0.058 seconds
[2023-06-17T20:17:25.170+0000] {processor.py:157} INFO - Started process (PID=171) to work on /home/airflow/.local/lib/python3.11/site-packages/airflow/example_dags/example_dynamic_task_mapping_with_no_taskflow_operators.py
[2023-06-17T20:17:25.171+0000] {processor.py:826} INFO - Processing file /home/airflow/.local/lib/python3.11/site-packages/airflow/example_dags/example_dynamic_task_mapping_with_no_taskflow_operators.py for tasks to queue
[2023-06-17T20:17:25.173+0000] {logging_mixin.py:149} INFO - [2023-06-17T20:17:25.173+0000] {dagbag.py:541} INFO - Filling up the DagBag from /home/airflow/.local/lib/python3.11/site-packages/airflow/example_dags/example_dynamic_task_mapping_with_no_taskflow_operators.py
[2023-06-17T20:17:25.178+0000] {processor.py:836} INFO - DAG(s) dict_keys(['example_dynamic_task_mapping_with_no_taskflow_operators']) retrieved from /home/airflow/.local/lib/python3.11/site-packages/airflow/example_dags/example_dynamic_task_mapping_with_no_taskflow_operators.py
[2023-06-17T20:17:25.198+0000] {logging_mixin.py:149} INFO - [2023-06-17T20:17:25.197+0000] {dag.py:2726} INFO - Sync 1 DAGs
[2023-06-17T20:17:25.211+0000] {logging_mixin.py:149} INFO - [2023-06-17T20:17:25.211+0000] {dag.py:3486} INFO - Setting next_dagrun for example_dynamic_task_mapping_with_no_taskflow_operators to 2023-06-16T20:17:25.211023+00:00, run_after=2023-06-17T20:17:25.211023+00:00
[2023-06-17T20:17:25.222+0000] {processor.py:179} INFO - Processing /home/airflow/.local/lib/python3.11/site-packages/airflow/example_dags/example_dynamic_task_mapping_with_no_taskflow_operators.py took 0.055 seconds
[2023-06-17T20:19:33.652+0000] {processor.py:157} INFO - Started process (PID=61) to work on /home/airflow/.local/lib/python3.7/site-packages/airflow/example_dags/example_dynamic_task_mapping_with_no_taskflow_operators.py
[2023-06-17T20:19:33.655+0000] {processor.py:826} INFO - Processing file /home/airflow/.local/lib/python3.7/site-packages/airflow/example_dags/example_dynamic_task_mapping_with_no_taskflow_operators.py for tasks to queue
[2023-06-17T20:19:33.659+0000] {logging_mixin.py:149} INFO - [2023-06-17T20:19:33.659+0000] {dagbag.py:541} INFO - Filling up the DagBag from /home/airflow/.local/lib/python3.7/site-packages/airflow/example_dags/example_dynamic_task_mapping_with_no_taskflow_operators.py
[2023-06-17T20:19:33.669+0000] {processor.py:836} INFO - DAG(s) dict_keys(['example_dynamic_task_mapping_with_no_taskflow_operators']) retrieved from /home/airflow/.local/lib/python3.7/site-packages/airflow/example_dags/example_dynamic_task_mapping_with_no_taskflow_operators.py
[2023-06-17T20:19:33.755+0000] {logging_mixin.py:149} INFO - [2023-06-17T20:19:33.755+0000] {manager.py:504} INFO - Created Permission View: can edit on DAG:example_dynamic_task_mapping_with_no_taskflow_operators
[2023-06-17T20:19:33.763+0000] {logging_mixin.py:149} INFO - [2023-06-17T20:19:33.762+0000] {manager.py:504} INFO - Created Permission View: can read on DAG:example_dynamic_task_mapping_with_no_taskflow_operators
[2023-06-17T20:19:33.766+0000] {logging_mixin.py:149} INFO - [2023-06-17T20:19:33.766+0000] {manager.py:504} INFO - Created Permission View: can delete on DAG:example_dynamic_task_mapping_with_no_taskflow_operators
[2023-06-17T20:19:33.774+0000] {logging_mixin.py:149} INFO - [2023-06-17T20:19:33.774+0000] {dag.py:2726} INFO - Sync 1 DAGs
[2023-06-17T20:19:33.786+0000] {logging_mixin.py:149} INFO - [2023-06-17T20:19:33.786+0000] {dag.py:2747} INFO - Creating ORM DAG for example_dynamic_task_mapping_with_no_taskflow_operators
[2023-06-17T20:19:33.795+0000] {logging_mixin.py:149} INFO - [2023-06-17T20:19:33.795+0000] {dag.py:3490} INFO - Setting next_dagrun for example_dynamic_task_mapping_with_no_taskflow_operators to 2023-06-16T20:19:33.794828+00:00, run_after=2023-06-17T20:19:33.794828+00:00
[2023-06-17T20:19:33.806+0000] {processor.py:179} INFO - Processing /home/airflow/.local/lib/python3.7/site-packages/airflow/example_dags/example_dynamic_task_mapping_with_no_taskflow_operators.py took 0.159 seconds
[2023-06-17T20:20:04.526+0000] {processor.py:157} INFO - Started process (PID=120) to work on /home/airflow/.local/lib/python3.7/site-packages/airflow/example_dags/example_dynamic_task_mapping_with_no_taskflow_operators.py
[2023-06-17T20:20:04.528+0000] {processor.py:826} INFO - Processing file /home/airflow/.local/lib/python3.7/site-packages/airflow/example_dags/example_dynamic_task_mapping_with_no_taskflow_operators.py for tasks to queue
[2023-06-17T20:20:04.530+0000] {logging_mixin.py:149} INFO - [2023-06-17T20:20:04.530+0000] {dagbag.py:541} INFO - Filling up the DagBag from /home/airflow/.local/lib/python3.7/site-packages/airflow/example_dags/example_dynamic_task_mapping_with_no_taskflow_operators.py
[2023-06-17T20:20:04.535+0000] {processor.py:836} INFO - DAG(s) dict_keys(['example_dynamic_task_mapping_with_no_taskflow_operators']) retrieved from /home/airflow/.local/lib/python3.7/site-packages/airflow/example_dags/example_dynamic_task_mapping_with_no_taskflow_operators.py
[2023-06-17T20:20:04.557+0000] {logging_mixin.py:149} INFO - [2023-06-17T20:20:04.556+0000] {dag.py:2726} INFO - Sync 1 DAGs
[2023-06-17T20:20:04.575+0000] {logging_mixin.py:149} INFO - [2023-06-17T20:20:04.575+0000] {dag.py:3490} INFO - Setting next_dagrun for example_dynamic_task_mapping_with_no_taskflow_operators to 2023-06-16T20:20:04.574824+00:00, run_after=2023-06-17T20:20:04.574824+00:00
[2023-06-17T20:20:04.591+0000] {processor.py:179} INFO - Processing /home/airflow/.local/lib/python3.7/site-packages/airflow/example_dags/example_dynamic_task_mapping_with_no_taskflow_operators.py took 0.068 seconds
[2023-06-17T20:20:35.235+0000] {processor.py:157} INFO - Started process (PID=179) to work on /home/airflow/.local/lib/python3.7/site-packages/airflow/example_dags/example_dynamic_task_mapping_with_no_taskflow_operators.py
[2023-06-17T20:20:35.237+0000] {processor.py:826} INFO - Processing file /home/airflow/.local/lib/python3.7/site-packages/airflow/example_dags/example_dynamic_task_mapping_with_no_taskflow_operators.py for tasks to queue
[2023-06-17T20:20:35.239+0000] {logging_mixin.py:149} INFO - [2023-06-17T20:20:35.239+0000] {dagbag.py:541} INFO - Filling up the DagBag from /home/airflow/.local/lib/python3.7/site-packages/airflow/example_dags/example_dynamic_task_mapping_with_no_taskflow_operators.py
[2023-06-17T20:20:35.245+0000] {processor.py:836} INFO - DAG(s) dict_keys(['example_dynamic_task_mapping_with_no_taskflow_operators']) retrieved from /home/airflow/.local/lib/python3.7/site-packages/airflow/example_dags/example_dynamic_task_mapping_with_no_taskflow_operators.py
[2023-06-17T20:20:35.266+0000] {logging_mixin.py:149} INFO - [2023-06-17T20:20:35.266+0000] {dag.py:2726} INFO - Sync 1 DAGs
[2023-06-17T20:20:35.283+0000] {logging_mixin.py:149} INFO - [2023-06-17T20:20:35.282+0000] {dag.py:3490} INFO - Setting next_dagrun for example_dynamic_task_mapping_with_no_taskflow_operators to 2023-06-16T20:20:35.282621+00:00, run_after=2023-06-17T20:20:35.282621+00:00
[2023-06-17T20:20:35.296+0000] {processor.py:179} INFO - Processing /home/airflow/.local/lib/python3.7/site-packages/airflow/example_dags/example_dynamic_task_mapping_with_no_taskflow_operators.py took 0.064 seconds
[2023-06-17T20:21:05.465+0000] {processor.py:157} INFO - Started process (PID=238) to work on /home/airflow/.local/lib/python3.7/site-packages/airflow/example_dags/example_dynamic_task_mapping_with_no_taskflow_operators.py
[2023-06-17T20:21:05.466+0000] {processor.py:826} INFO - Processing file /home/airflow/.local/lib/python3.7/site-packages/airflow/example_dags/example_dynamic_task_mapping_with_no_taskflow_operators.py for tasks to queue
[2023-06-17T20:21:05.469+0000] {logging_mixin.py:149} INFO - [2023-06-17T20:21:05.469+0000] {dagbag.py:541} INFO - Filling up the DagBag from /home/airflow/.local/lib/python3.7/site-packages/airflow/example_dags/example_dynamic_task_mapping_with_no_taskflow_operators.py
[2023-06-17T20:21:05.475+0000] {processor.py:836} INFO - DAG(s) dict_keys(['example_dynamic_task_mapping_with_no_taskflow_operators']) retrieved from /home/airflow/.local/lib/python3.7/site-packages/airflow/example_dags/example_dynamic_task_mapping_with_no_taskflow_operators.py
[2023-06-17T20:21:05.503+0000] {logging_mixin.py:149} INFO - [2023-06-17T20:21:05.503+0000] {dag.py:2726} INFO - Sync 1 DAGs
[2023-06-17T20:21:05.522+0000] {logging_mixin.py:149} INFO - [2023-06-17T20:21:05.522+0000] {dag.py:3490} INFO - Setting next_dagrun for example_dynamic_task_mapping_with_no_taskflow_operators to 2023-06-16T20:21:05.522014+00:00, run_after=2023-06-17T20:21:05.522014+00:00
[2023-06-17T20:21:05.535+0000] {processor.py:179} INFO - Processing /home/airflow/.local/lib/python3.7/site-packages/airflow/example_dags/example_dynamic_task_mapping_with_no_taskflow_operators.py took 0.074 seconds
[2023-06-17T20:25:34.680+0000] {processor.py:157} INFO - Started process (PID=60) to work on /home/airflow/.local/lib/python3.7/site-packages/airflow/example_dags/example_dynamic_task_mapping_with_no_taskflow_operators.py
[2023-06-17T20:25:34.681+0000] {processor.py:826} INFO - Processing file /home/airflow/.local/lib/python3.7/site-packages/airflow/example_dags/example_dynamic_task_mapping_with_no_taskflow_operators.py for tasks to queue
[2023-06-17T20:25:34.684+0000] {logging_mixin.py:149} INFO - [2023-06-17T20:25:34.683+0000] {dagbag.py:541} INFO - Filling up the DagBag from /home/airflow/.local/lib/python3.7/site-packages/airflow/example_dags/example_dynamic_task_mapping_with_no_taskflow_operators.py
[2023-06-17T20:25:34.691+0000] {processor.py:836} INFO - DAG(s) dict_keys(['example_dynamic_task_mapping_with_no_taskflow_operators']) retrieved from /home/airflow/.local/lib/python3.7/site-packages/airflow/example_dags/example_dynamic_task_mapping_with_no_taskflow_operators.py
[2023-06-17T20:25:34.775+0000] {logging_mixin.py:149} INFO - [2023-06-17T20:25:34.775+0000] {manager.py:504} INFO - Created Permission View: can read on DAG:example_dynamic_task_mapping_with_no_taskflow_operators
[2023-06-17T20:25:34.783+0000] {logging_mixin.py:149} INFO - [2023-06-17T20:25:34.782+0000] {manager.py:504} INFO - Created Permission View: can edit on DAG:example_dynamic_task_mapping_with_no_taskflow_operators
[2023-06-17T20:25:34.787+0000] {logging_mixin.py:149} INFO - [2023-06-17T20:25:34.787+0000] {manager.py:504} INFO - Created Permission View: can delete on DAG:example_dynamic_task_mapping_with_no_taskflow_operators
[2023-06-17T20:25:34.799+0000] {logging_mixin.py:149} INFO - [2023-06-17T20:25:34.799+0000] {dag.py:2726} INFO - Sync 1 DAGs
[2023-06-17T20:25:34.814+0000] {logging_mixin.py:149} INFO - [2023-06-17T20:25:34.814+0000] {dag.py:2747} INFO - Creating ORM DAG for example_dynamic_task_mapping_with_no_taskflow_operators
[2023-06-17T20:25:34.827+0000] {logging_mixin.py:149} INFO - [2023-06-17T20:25:34.827+0000] {dag.py:3490} INFO - Setting next_dagrun for example_dynamic_task_mapping_with_no_taskflow_operators to 2023-06-16T20:25:34.826939+00:00, run_after=2023-06-17T20:25:34.826939+00:00
[2023-06-17T20:25:34.838+0000] {processor.py:179} INFO - Processing /home/airflow/.local/lib/python3.7/site-packages/airflow/example_dags/example_dynamic_task_mapping_with_no_taskflow_operators.py took 0.162 seconds
[2023-06-17T21:03:08.234+0000] {processor.py:157} INFO - Started process (PID=60) to work on /home/airflow/.local/lib/python3.7/site-packages/airflow/example_dags/example_dynamic_task_mapping_with_no_taskflow_operators.py
[2023-06-17T21:03:08.236+0000] {processor.py:826} INFO - Processing file /home/airflow/.local/lib/python3.7/site-packages/airflow/example_dags/example_dynamic_task_mapping_with_no_taskflow_operators.py for tasks to queue
[2023-06-17T21:03:08.239+0000] {logging_mixin.py:149} INFO - [2023-06-17T21:03:08.239+0000] {dagbag.py:541} INFO - Filling up the DagBag from /home/airflow/.local/lib/python3.7/site-packages/airflow/example_dags/example_dynamic_task_mapping_with_no_taskflow_operators.py
[2023-06-17T21:03:08.247+0000] {processor.py:836} INFO - DAG(s) dict_keys(['example_dynamic_task_mapping_with_no_taskflow_operators']) retrieved from /home/airflow/.local/lib/python3.7/site-packages/airflow/example_dags/example_dynamic_task_mapping_with_no_taskflow_operators.py
[2023-06-17T21:03:08.338+0000] {logging_mixin.py:149} INFO - [2023-06-17T21:03:08.338+0000] {manager.py:504} INFO - Created Permission View: can read on DAG:example_dynamic_task_mapping_with_no_taskflow_operators
[2023-06-17T21:03:08.353+0000] {logging_mixin.py:149} INFO - [2023-06-17T21:03:08.353+0000] {manager.py:504} INFO - Created Permission View: can edit on DAG:example_dynamic_task_mapping_with_no_taskflow_operators
[2023-06-17T21:03:08.361+0000] {logging_mixin.py:149} INFO - [2023-06-17T21:03:08.360+0000] {manager.py:504} INFO - Created Permission View: can delete on DAG:example_dynamic_task_mapping_with_no_taskflow_operators
[2023-06-17T21:03:08.371+0000] {logging_mixin.py:149} INFO - [2023-06-17T21:03:08.371+0000] {dag.py:2726} INFO - Sync 1 DAGs
[2023-06-17T21:03:08.381+0000] {logging_mixin.py:149} INFO - [2023-06-17T21:03:08.381+0000] {dag.py:2747} INFO - Creating ORM DAG for example_dynamic_task_mapping_with_no_taskflow_operators
[2023-06-17T21:03:08.390+0000] {logging_mixin.py:149} INFO - [2023-06-17T21:03:08.390+0000] {dag.py:3490} INFO - Setting next_dagrun for example_dynamic_task_mapping_with_no_taskflow_operators to 2023-06-16T21:03:08.389859+00:00, run_after=2023-06-17T21:03:08.389859+00:00
[2023-06-17T21:03:08.404+0000] {processor.py:179} INFO - Processing /home/airflow/.local/lib/python3.7/site-packages/airflow/example_dags/example_dynamic_task_mapping_with_no_taskflow_operators.py took 0.173 seconds
[2023-06-17T21:03:39.029+0000] {processor.py:157} INFO - Started process (PID=119) to work on /home/airflow/.local/lib/python3.7/site-packages/airflow/example_dags/example_dynamic_task_mapping_with_no_taskflow_operators.py
[2023-06-17T21:03:39.030+0000] {processor.py:826} INFO - Processing file /home/airflow/.local/lib/python3.7/site-packages/airflow/example_dags/example_dynamic_task_mapping_with_no_taskflow_operators.py for tasks to queue
[2023-06-17T21:03:39.033+0000] {logging_mixin.py:149} INFO - [2023-06-17T21:03:39.032+0000] {dagbag.py:541} INFO - Filling up the DagBag from /home/airflow/.local/lib/python3.7/site-packages/airflow/example_dags/example_dynamic_task_mapping_with_no_taskflow_operators.py
[2023-06-17T21:03:39.039+0000] {processor.py:836} INFO - DAG(s) dict_keys(['example_dynamic_task_mapping_with_no_taskflow_operators']) retrieved from /home/airflow/.local/lib/python3.7/site-packages/airflow/example_dags/example_dynamic_task_mapping_with_no_taskflow_operators.py
[2023-06-17T21:03:39.064+0000] {logging_mixin.py:149} INFO - [2023-06-17T21:03:39.064+0000] {dag.py:2726} INFO - Sync 1 DAGs
[2023-06-17T21:03:39.084+0000] {logging_mixin.py:149} INFO - [2023-06-17T21:03:39.084+0000] {dag.py:3490} INFO - Setting next_dagrun for example_dynamic_task_mapping_with_no_taskflow_operators to 2023-06-16T21:03:39.084116+00:00, run_after=2023-06-17T21:03:39.084116+00:00
[2023-06-17T21:03:39.152+0000] {processor.py:179} INFO - Processing /home/airflow/.local/lib/python3.7/site-packages/airflow/example_dags/example_dynamic_task_mapping_with_no_taskflow_operators.py took 0.126 seconds
[2023-06-17T21:04:09.890+0000] {processor.py:157} INFO - Started process (PID=177) to work on /home/airflow/.local/lib/python3.7/site-packages/airflow/example_dags/example_dynamic_task_mapping_with_no_taskflow_operators.py
[2023-06-17T21:04:09.892+0000] {processor.py:826} INFO - Processing file /home/airflow/.local/lib/python3.7/site-packages/airflow/example_dags/example_dynamic_task_mapping_with_no_taskflow_operators.py for tasks to queue
[2023-06-17T21:04:09.898+0000] {logging_mixin.py:149} INFO - [2023-06-17T21:04:09.898+0000] {dagbag.py:541} INFO - Filling up the DagBag from /home/airflow/.local/lib/python3.7/site-packages/airflow/example_dags/example_dynamic_task_mapping_with_no_taskflow_operators.py
[2023-06-17T21:04:09.909+0000] {processor.py:836} INFO - DAG(s) dict_keys(['example_dynamic_task_mapping_with_no_taskflow_operators']) retrieved from /home/airflow/.local/lib/python3.7/site-packages/airflow/example_dags/example_dynamic_task_mapping_with_no_taskflow_operators.py
[2023-06-17T21:04:09.944+0000] {logging_mixin.py:149} INFO - [2023-06-17T21:04:09.944+0000] {dag.py:2726} INFO - Sync 1 DAGs
[2023-06-17T21:04:09.974+0000] {logging_mixin.py:149} INFO - [2023-06-17T21:04:09.974+0000] {dag.py:3490} INFO - Setting next_dagrun for example_dynamic_task_mapping_with_no_taskflow_operators to 2023-06-16T21:04:09.974250+00:00, run_after=2023-06-17T21:04:09.974250+00:00
[2023-06-17T21:04:10.014+0000] {processor.py:179} INFO - Processing /home/airflow/.local/lib/python3.7/site-packages/airflow/example_dags/example_dynamic_task_mapping_with_no_taskflow_operators.py took 0.127 seconds
[2023-06-17T21:04:40.071+0000] {processor.py:157} INFO - Started process (PID=235) to work on /home/airflow/.local/lib/python3.7/site-packages/airflow/example_dags/example_dynamic_task_mapping_with_no_taskflow_operators.py
[2023-06-17T21:04:40.073+0000] {processor.py:826} INFO - Processing file /home/airflow/.local/lib/python3.7/site-packages/airflow/example_dags/example_dynamic_task_mapping_with_no_taskflow_operators.py for tasks to queue
[2023-06-17T21:04:40.075+0000] {logging_mixin.py:149} INFO - [2023-06-17T21:04:40.075+0000] {dagbag.py:541} INFO - Filling up the DagBag from /home/airflow/.local/lib/python3.7/site-packages/airflow/example_dags/example_dynamic_task_mapping_with_no_taskflow_operators.py
[2023-06-17T21:04:40.081+0000] {processor.py:836} INFO - DAG(s) dict_keys(['example_dynamic_task_mapping_with_no_taskflow_operators']) retrieved from /home/airflow/.local/lib/python3.7/site-packages/airflow/example_dags/example_dynamic_task_mapping_with_no_taskflow_operators.py
[2023-06-17T21:04:40.107+0000] {logging_mixin.py:149} INFO - [2023-06-17T21:04:40.106+0000] {dag.py:2726} INFO - Sync 1 DAGs
[2023-06-17T21:04:40.132+0000] {logging_mixin.py:149} INFO - [2023-06-17T21:04:40.132+0000] {dag.py:3490} INFO - Setting next_dagrun for example_dynamic_task_mapping_with_no_taskflow_operators to 2023-06-16T21:04:40.131991+00:00, run_after=2023-06-17T21:04:40.131991+00:00
[2023-06-17T21:04:40.161+0000] {processor.py:179} INFO - Processing /home/airflow/.local/lib/python3.7/site-packages/airflow/example_dags/example_dynamic_task_mapping_with_no_taskflow_operators.py took 0.092 seconds
[2023-06-17T21:05:10.286+0000] {processor.py:157} INFO - Started process (PID=293) to work on /home/airflow/.local/lib/python3.7/site-packages/airflow/example_dags/example_dynamic_task_mapping_with_no_taskflow_operators.py
[2023-06-17T21:05:10.290+0000] {processor.py:826} INFO - Processing file /home/airflow/.local/lib/python3.7/site-packages/airflow/example_dags/example_dynamic_task_mapping_with_no_taskflow_operators.py for tasks to queue
[2023-06-17T21:05:10.293+0000] {logging_mixin.py:149} INFO - [2023-06-17T21:05:10.293+0000] {dagbag.py:541} INFO - Filling up the DagBag from /home/airflow/.local/lib/python3.7/site-packages/airflow/example_dags/example_dynamic_task_mapping_with_no_taskflow_operators.py
[2023-06-17T21:05:10.301+0000] {processor.py:836} INFO - DAG(s) dict_keys(['example_dynamic_task_mapping_with_no_taskflow_operators']) retrieved from /home/airflow/.local/lib/python3.7/site-packages/airflow/example_dags/example_dynamic_task_mapping_with_no_taskflow_operators.py
[2023-06-17T21:05:10.328+0000] {logging_mixin.py:149} INFO - [2023-06-17T21:05:10.328+0000] {dag.py:2726} INFO - Sync 1 DAGs
[2023-06-17T21:05:10.345+0000] {logging_mixin.py:149} INFO - [2023-06-17T21:05:10.345+0000] {dag.py:3490} INFO - Setting next_dagrun for example_dynamic_task_mapping_with_no_taskflow_operators to 2023-06-16T21:05:10.345252+00:00, run_after=2023-06-17T21:05:10.345252+00:00
[2023-06-17T21:05:10.359+0000] {processor.py:179} INFO - Processing /home/airflow/.local/lib/python3.7/site-packages/airflow/example_dags/example_dynamic_task_mapping_with_no_taskflow_operators.py took 0.078 seconds
[2023-06-17T21:05:40.632+0000] {processor.py:157} INFO - Started process (PID=351) to work on /home/airflow/.local/lib/python3.7/site-packages/airflow/example_dags/example_dynamic_task_mapping_with_no_taskflow_operators.py
[2023-06-17T21:05:40.634+0000] {processor.py:826} INFO - Processing file /home/airflow/.local/lib/python3.7/site-packages/airflow/example_dags/example_dynamic_task_mapping_with_no_taskflow_operators.py for tasks to queue
[2023-06-17T21:05:40.637+0000] {logging_mixin.py:149} INFO - [2023-06-17T21:05:40.637+0000] {dagbag.py:541} INFO - Filling up the DagBag from /home/airflow/.local/lib/python3.7/site-packages/airflow/example_dags/example_dynamic_task_mapping_with_no_taskflow_operators.py
[2023-06-17T21:05:40.646+0000] {processor.py:836} INFO - DAG(s) dict_keys(['example_dynamic_task_mapping_with_no_taskflow_operators']) retrieved from /home/airflow/.local/lib/python3.7/site-packages/airflow/example_dags/example_dynamic_task_mapping_with_no_taskflow_operators.py
[2023-06-17T21:05:40.687+0000] {logging_mixin.py:149} INFO - [2023-06-17T21:05:40.686+0000] {dag.py:2726} INFO - Sync 1 DAGs
[2023-06-17T21:05:40.714+0000] {logging_mixin.py:149} INFO - [2023-06-17T21:05:40.714+0000] {dag.py:3490} INFO - Setting next_dagrun for example_dynamic_task_mapping_with_no_taskflow_operators to 2023-06-16T21:05:40.713941+00:00, run_after=2023-06-17T21:05:40.713941+00:00
[2023-06-17T21:05:40.733+0000] {processor.py:179} INFO - Processing /home/airflow/.local/lib/python3.7/site-packages/airflow/example_dags/example_dynamic_task_mapping_with_no_taskflow_operators.py took 0.105 seconds
[2023-06-17T21:06:10.793+0000] {processor.py:157} INFO - Started process (PID=410) to work on /home/airflow/.local/lib/python3.7/site-packages/airflow/example_dags/example_dynamic_task_mapping_with_no_taskflow_operators.py
[2023-06-17T21:06:10.794+0000] {processor.py:826} INFO - Processing file /home/airflow/.local/lib/python3.7/site-packages/airflow/example_dags/example_dynamic_task_mapping_with_no_taskflow_operators.py for tasks to queue
[2023-06-17T21:06:10.796+0000] {logging_mixin.py:149} INFO - [2023-06-17T21:06:10.796+0000] {dagbag.py:541} INFO - Filling up the DagBag from /home/airflow/.local/lib/python3.7/site-packages/airflow/example_dags/example_dynamic_task_mapping_with_no_taskflow_operators.py
[2023-06-17T21:06:10.802+0000] {processor.py:836} INFO - DAG(s) dict_keys(['example_dynamic_task_mapping_with_no_taskflow_operators']) retrieved from /home/airflow/.local/lib/python3.7/site-packages/airflow/example_dags/example_dynamic_task_mapping_with_no_taskflow_operators.py
[2023-06-17T21:06:10.824+0000] {logging_mixin.py:149} INFO - [2023-06-17T21:06:10.824+0000] {dag.py:2726} INFO - Sync 1 DAGs
[2023-06-17T21:06:10.842+0000] {logging_mixin.py:149} INFO - [2023-06-17T21:06:10.842+0000] {dag.py:3490} INFO - Setting next_dagrun for example_dynamic_task_mapping_with_no_taskflow_operators to 2023-06-16T21:06:10.841774+00:00, run_after=2023-06-17T21:06:10.841774+00:00
[2023-06-17T21:06:10.863+0000] {processor.py:179} INFO - Processing /home/airflow/.local/lib/python3.7/site-packages/airflow/example_dags/example_dynamic_task_mapping_with_no_taskflow_operators.py took 0.073 seconds
[2023-06-17T21:06:40.919+0000] {processor.py:157} INFO - Started process (PID=468) to work on /home/airflow/.local/lib/python3.7/site-packages/airflow/example_dags/example_dynamic_task_mapping_with_no_taskflow_operators.py
[2023-06-17T21:06:40.920+0000] {processor.py:826} INFO - Processing file /home/airflow/.local/lib/python3.7/site-packages/airflow/example_dags/example_dynamic_task_mapping_with_no_taskflow_operators.py for tasks to queue
[2023-06-17T21:06:40.923+0000] {logging_mixin.py:149} INFO - [2023-06-17T21:06:40.923+0000] {dagbag.py:541} INFO - Filling up the DagBag from /home/airflow/.local/lib/python3.7/site-packages/airflow/example_dags/example_dynamic_task_mapping_with_no_taskflow_operators.py
[2023-06-17T21:06:40.928+0000] {processor.py:836} INFO - DAG(s) dict_keys(['example_dynamic_task_mapping_with_no_taskflow_operators']) retrieved from /home/airflow/.local/lib/python3.7/site-packages/airflow/example_dags/example_dynamic_task_mapping_with_no_taskflow_operators.py
[2023-06-17T21:06:40.956+0000] {logging_mixin.py:149} INFO - [2023-06-17T21:06:40.956+0000] {dag.py:2726} INFO - Sync 1 DAGs
[2023-06-17T21:06:40.975+0000] {logging_mixin.py:149} INFO - [2023-06-17T21:06:40.975+0000] {dag.py:3490} INFO - Setting next_dagrun for example_dynamic_task_mapping_with_no_taskflow_operators to 2023-06-16T21:06:40.974887+00:00, run_after=2023-06-17T21:06:40.974887+00:00
[2023-06-17T21:06:40.993+0000] {processor.py:179} INFO - Processing /home/airflow/.local/lib/python3.7/site-packages/airflow/example_dags/example_dynamic_task_mapping_with_no_taskflow_operators.py took 0.078 seconds
[2023-06-17T21:07:11.952+0000] {processor.py:157} INFO - Started process (PID=526) to work on /home/airflow/.local/lib/python3.7/site-packages/airflow/example_dags/example_dynamic_task_mapping_with_no_taskflow_operators.py
[2023-06-17T21:07:11.954+0000] {processor.py:826} INFO - Processing file /home/airflow/.local/lib/python3.7/site-packages/airflow/example_dags/example_dynamic_task_mapping_with_no_taskflow_operators.py for tasks to queue
[2023-06-17T21:07:11.956+0000] {logging_mixin.py:149} INFO - [2023-06-17T21:07:11.956+0000] {dagbag.py:541} INFO - Filling up the DagBag from /home/airflow/.local/lib/python3.7/site-packages/airflow/example_dags/example_dynamic_task_mapping_with_no_taskflow_operators.py
[2023-06-17T21:07:11.962+0000] {processor.py:836} INFO - DAG(s) dict_keys(['example_dynamic_task_mapping_with_no_taskflow_operators']) retrieved from /home/airflow/.local/lib/python3.7/site-packages/airflow/example_dags/example_dynamic_task_mapping_with_no_taskflow_operators.py
[2023-06-17T21:07:11.984+0000] {logging_mixin.py:149} INFO - [2023-06-17T21:07:11.983+0000] {dag.py:2726} INFO - Sync 1 DAGs
[2023-06-17T21:07:12.000+0000] {logging_mixin.py:149} INFO - [2023-06-17T21:07:12.000+0000] {dag.py:3490} INFO - Setting next_dagrun for example_dynamic_task_mapping_with_no_taskflow_operators to 2023-06-16T21:07:12.000595+00:00, run_after=2023-06-17T21:07:12.000595+00:00
[2023-06-17T21:07:12.014+0000] {processor.py:179} INFO - Processing /home/airflow/.local/lib/python3.7/site-packages/airflow/example_dags/example_dynamic_task_mapping_with_no_taskflow_operators.py took 0.064 seconds
[2023-06-17T21:07:42.591+0000] {processor.py:157} INFO - Started process (PID=584) to work on /home/airflow/.local/lib/python3.7/site-packages/airflow/example_dags/example_dynamic_task_mapping_with_no_taskflow_operators.py
[2023-06-17T21:07:42.593+0000] {processor.py:826} INFO - Processing file /home/airflow/.local/lib/python3.7/site-packages/airflow/example_dags/example_dynamic_task_mapping_with_no_taskflow_operators.py for tasks to queue
[2023-06-17T21:07:42.595+0000] {logging_mixin.py:149} INFO - [2023-06-17T21:07:42.595+0000] {dagbag.py:541} INFO - Filling up the DagBag from /home/airflow/.local/lib/python3.7/site-packages/airflow/example_dags/example_dynamic_task_mapping_with_no_taskflow_operators.py
[2023-06-17T21:07:42.600+0000] {processor.py:836} INFO - DAG(s) dict_keys(['example_dynamic_task_mapping_with_no_taskflow_operators']) retrieved from /home/airflow/.local/lib/python3.7/site-packages/airflow/example_dags/example_dynamic_task_mapping_with_no_taskflow_operators.py
[2023-06-17T21:07:42.621+0000] {logging_mixin.py:149} INFO - [2023-06-17T21:07:42.621+0000] {dag.py:2726} INFO - Sync 1 DAGs
[2023-06-17T21:07:42.638+0000] {logging_mixin.py:149} INFO - [2023-06-17T21:07:42.638+0000] {dag.py:3490} INFO - Setting next_dagrun for example_dynamic_task_mapping_with_no_taskflow_operators to 2023-06-16T21:07:42.638150+00:00, run_after=2023-06-17T21:07:42.638150+00:00
[2023-06-17T21:07:42.651+0000] {processor.py:179} INFO - Processing /home/airflow/.local/lib/python3.7/site-packages/airflow/example_dags/example_dynamic_task_mapping_with_no_taskflow_operators.py took 0.063 seconds
[2023-06-17T22:25:32.050+0000] {processor.py:157} INFO - Started process (PID=60) to work on /home/airflow/.local/lib/python3.7/site-packages/airflow/example_dags/example_dynamic_task_mapping_with_no_taskflow_operators.py
[2023-06-17T22:25:32.052+0000] {processor.py:826} INFO - Processing file /home/airflow/.local/lib/python3.7/site-packages/airflow/example_dags/example_dynamic_task_mapping_with_no_taskflow_operators.py for tasks to queue
[2023-06-17T22:25:32.054+0000] {logging_mixin.py:149} INFO - [2023-06-17T22:25:32.054+0000] {dagbag.py:541} INFO - Filling up the DagBag from /home/airflow/.local/lib/python3.7/site-packages/airflow/example_dags/example_dynamic_task_mapping_with_no_taskflow_operators.py
[2023-06-17T22:25:32.062+0000] {processor.py:836} INFO - DAG(s) dict_keys(['example_dynamic_task_mapping_with_no_taskflow_operators']) retrieved from /home/airflow/.local/lib/python3.7/site-packages/airflow/example_dags/example_dynamic_task_mapping_with_no_taskflow_operators.py
[2023-06-17T22:25:32.137+0000] {logging_mixin.py:149} INFO - [2023-06-17T22:25:32.137+0000] {manager.py:504} INFO - Created Permission View: can read on DAG:example_dynamic_task_mapping_with_no_taskflow_operators
[2023-06-17T22:25:32.144+0000] {logging_mixin.py:149} INFO - [2023-06-17T22:25:32.144+0000] {manager.py:504} INFO - Created Permission View: can delete on DAG:example_dynamic_task_mapping_with_no_taskflow_operators
[2023-06-17T22:25:32.149+0000] {logging_mixin.py:149} INFO - [2023-06-17T22:25:32.149+0000] {manager.py:504} INFO - Created Permission View: can edit on DAG:example_dynamic_task_mapping_with_no_taskflow_operators
[2023-06-17T22:25:32.159+0000] {logging_mixin.py:149} INFO - [2023-06-17T22:25:32.159+0000] {dag.py:2726} INFO - Sync 1 DAGs
[2023-06-17T22:25:32.168+0000] {logging_mixin.py:149} INFO - [2023-06-17T22:25:32.168+0000] {dag.py:2747} INFO - Creating ORM DAG for example_dynamic_task_mapping_with_no_taskflow_operators
[2023-06-17T22:25:32.175+0000] {logging_mixin.py:149} INFO - [2023-06-17T22:25:32.175+0000] {dag.py:3490} INFO - Setting next_dagrun for example_dynamic_task_mapping_with_no_taskflow_operators to 2023-06-16T22:25:32.175182+00:00, run_after=2023-06-17T22:25:32.175182+00:00
[2023-06-17T22:25:32.188+0000] {processor.py:179} INFO - Processing /home/airflow/.local/lib/python3.7/site-packages/airflow/example_dags/example_dynamic_task_mapping_with_no_taskflow_operators.py took 0.141 seconds
[2023-06-17T22:28:07.340+0000] {processor.py:157} INFO - Started process (PID=61) to work on /home/airflow/.local/lib/python3.7/site-packages/airflow/example_dags/example_dynamic_task_mapping_with_no_taskflow_operators.py
[2023-06-17T22:28:07.342+0000] {processor.py:826} INFO - Processing file /home/airflow/.local/lib/python3.7/site-packages/airflow/example_dags/example_dynamic_task_mapping_with_no_taskflow_operators.py for tasks to queue
[2023-06-17T22:28:07.345+0000] {logging_mixin.py:149} INFO - [2023-06-17T22:28:07.345+0000] {dagbag.py:541} INFO - Filling up the DagBag from /home/airflow/.local/lib/python3.7/site-packages/airflow/example_dags/example_dynamic_task_mapping_with_no_taskflow_operators.py
[2023-06-17T22:28:07.359+0000] {processor.py:836} INFO - DAG(s) dict_keys(['example_dynamic_task_mapping_with_no_taskflow_operators']) retrieved from /home/airflow/.local/lib/python3.7/site-packages/airflow/example_dags/example_dynamic_task_mapping_with_no_taskflow_operators.py
[2023-06-17T22:28:07.452+0000] {logging_mixin.py:149} INFO - [2023-06-17T22:28:07.452+0000] {manager.py:504} INFO - Created Permission View: can edit on DAG:example_dynamic_task_mapping_with_no_taskflow_operators
[2023-06-17T22:28:07.461+0000] {logging_mixin.py:149} INFO - [2023-06-17T22:28:07.461+0000] {manager.py:504} INFO - Created Permission View: can delete on DAG:example_dynamic_task_mapping_with_no_taskflow_operators
[2023-06-17T22:28:07.468+0000] {logging_mixin.py:149} INFO - [2023-06-17T22:28:07.468+0000] {manager.py:504} INFO - Created Permission View: can read on DAG:example_dynamic_task_mapping_with_no_taskflow_operators
[2023-06-17T22:28:07.483+0000] {logging_mixin.py:149} INFO - [2023-06-17T22:28:07.482+0000] {dag.py:2726} INFO - Sync 1 DAGs
[2023-06-17T22:28:07.496+0000] {logging_mixin.py:149} INFO - [2023-06-17T22:28:07.496+0000] {dag.py:2747} INFO - Creating ORM DAG for example_dynamic_task_mapping_with_no_taskflow_operators
[2023-06-17T22:28:07.505+0000] {logging_mixin.py:149} INFO - [2023-06-17T22:28:07.505+0000] {dag.py:3490} INFO - Setting next_dagrun for example_dynamic_task_mapping_with_no_taskflow_operators to 2023-06-16T22:28:07.505140+00:00, run_after=2023-06-17T22:28:07.505140+00:00
[2023-06-17T22:28:07.523+0000] {processor.py:179} INFO - Processing /home/airflow/.local/lib/python3.7/site-packages/airflow/example_dags/example_dynamic_task_mapping_with_no_taskflow_operators.py took 0.187 seconds
[2023-06-17T22:28:38.375+0000] {processor.py:157} INFO - Started process (PID=119) to work on /home/airflow/.local/lib/python3.7/site-packages/airflow/example_dags/example_dynamic_task_mapping_with_no_taskflow_operators.py
[2023-06-17T22:28:38.379+0000] {processor.py:826} INFO - Processing file /home/airflow/.local/lib/python3.7/site-packages/airflow/example_dags/example_dynamic_task_mapping_with_no_taskflow_operators.py for tasks to queue
[2023-06-17T22:28:38.383+0000] {logging_mixin.py:149} INFO - [2023-06-17T22:28:38.382+0000] {dagbag.py:541} INFO - Filling up the DagBag from /home/airflow/.local/lib/python3.7/site-packages/airflow/example_dags/example_dynamic_task_mapping_with_no_taskflow_operators.py
[2023-06-17T22:28:38.394+0000] {processor.py:836} INFO - DAG(s) dict_keys(['example_dynamic_task_mapping_with_no_taskflow_operators']) retrieved from /home/airflow/.local/lib/python3.7/site-packages/airflow/example_dags/example_dynamic_task_mapping_with_no_taskflow_operators.py
[2023-06-17T22:28:38.432+0000] {logging_mixin.py:149} INFO - [2023-06-17T22:28:38.431+0000] {dag.py:2726} INFO - Sync 1 DAGs
[2023-06-17T22:28:38.460+0000] {logging_mixin.py:149} INFO - [2023-06-17T22:28:38.460+0000] {dag.py:3490} INFO - Setting next_dagrun for example_dynamic_task_mapping_with_no_taskflow_operators to 2023-06-16T22:28:38.460308+00:00, run_after=2023-06-17T22:28:38.460308+00:00
[2023-06-17T22:28:38.491+0000] {processor.py:179} INFO - Processing /home/airflow/.local/lib/python3.7/site-packages/airflow/example_dags/example_dynamic_task_mapping_with_no_taskflow_operators.py took 0.121 seconds
[2023-06-17T22:29:08.654+0000] {processor.py:157} INFO - Started process (PID=177) to work on /home/airflow/.local/lib/python3.7/site-packages/airflow/example_dags/example_dynamic_task_mapping_with_no_taskflow_operators.py
[2023-06-17T22:29:08.655+0000] {processor.py:826} INFO - Processing file /home/airflow/.local/lib/python3.7/site-packages/airflow/example_dags/example_dynamic_task_mapping_with_no_taskflow_operators.py for tasks to queue
[2023-06-17T22:29:08.657+0000] {logging_mixin.py:149} INFO - [2023-06-17T22:29:08.657+0000] {dagbag.py:541} INFO - Filling up the DagBag from /home/airflow/.local/lib/python3.7/site-packages/airflow/example_dags/example_dynamic_task_mapping_with_no_taskflow_operators.py
[2023-06-17T22:29:08.664+0000] {processor.py:836} INFO - DAG(s) dict_keys(['example_dynamic_task_mapping_with_no_taskflow_operators']) retrieved from /home/airflow/.local/lib/python3.7/site-packages/airflow/example_dags/example_dynamic_task_mapping_with_no_taskflow_operators.py
[2023-06-17T22:29:08.694+0000] {logging_mixin.py:149} INFO - [2023-06-17T22:29:08.694+0000] {dag.py:2726} INFO - Sync 1 DAGs
[2023-06-17T22:29:08.715+0000] {logging_mixin.py:149} INFO - [2023-06-17T22:29:08.715+0000] {dag.py:3490} INFO - Setting next_dagrun for example_dynamic_task_mapping_with_no_taskflow_operators to 2023-06-16T22:29:08.715139+00:00, run_after=2023-06-17T22:29:08.715139+00:00
[2023-06-17T22:29:08.731+0000] {processor.py:179} INFO - Processing /home/airflow/.local/lib/python3.7/site-packages/airflow/example_dags/example_dynamic_task_mapping_with_no_taskflow_operators.py took 0.080 seconds
[2023-06-17T22:29:39.200+0000] {processor.py:157} INFO - Started process (PID=234) to work on /home/airflow/.local/lib/python3.7/site-packages/airflow/example_dags/example_dynamic_task_mapping_with_no_taskflow_operators.py
[2023-06-17T22:29:39.201+0000] {processor.py:826} INFO - Processing file /home/airflow/.local/lib/python3.7/site-packages/airflow/example_dags/example_dynamic_task_mapping_with_no_taskflow_operators.py for tasks to queue
[2023-06-17T22:29:39.204+0000] {logging_mixin.py:149} INFO - [2023-06-17T22:29:39.204+0000] {dagbag.py:541} INFO - Filling up the DagBag from /home/airflow/.local/lib/python3.7/site-packages/airflow/example_dags/example_dynamic_task_mapping_with_no_taskflow_operators.py
[2023-06-17T22:29:39.211+0000] {processor.py:836} INFO - DAG(s) dict_keys(['example_dynamic_task_mapping_with_no_taskflow_operators']) retrieved from /home/airflow/.local/lib/python3.7/site-packages/airflow/example_dags/example_dynamic_task_mapping_with_no_taskflow_operators.py
[2023-06-17T22:29:39.234+0000] {logging_mixin.py:149} INFO - [2023-06-17T22:29:39.234+0000] {dag.py:2726} INFO - Sync 1 DAGs
[2023-06-17T22:29:39.254+0000] {logging_mixin.py:149} INFO - [2023-06-17T22:29:39.254+0000] {dag.py:3490} INFO - Setting next_dagrun for example_dynamic_task_mapping_with_no_taskflow_operators to 2023-06-16T22:29:39.254401+00:00, run_after=2023-06-17T22:29:39.254401+00:00
[2023-06-17T22:29:39.269+0000] {processor.py:179} INFO - Processing /home/airflow/.local/lib/python3.7/site-packages/airflow/example_dags/example_dynamic_task_mapping_with_no_taskflow_operators.py took 0.073 seconds
[2023-06-17T22:30:10.515+0000] {processor.py:157} INFO - Started process (PID=293) to work on /home/airflow/.local/lib/python3.7/site-packages/airflow/example_dags/example_dynamic_task_mapping_with_no_taskflow_operators.py
[2023-06-17T22:30:10.517+0000] {processor.py:826} INFO - Processing file /home/airflow/.local/lib/python3.7/site-packages/airflow/example_dags/example_dynamic_task_mapping_with_no_taskflow_operators.py for tasks to queue
[2023-06-17T22:30:10.521+0000] {logging_mixin.py:149} INFO - [2023-06-17T22:30:10.521+0000] {dagbag.py:541} INFO - Filling up the DagBag from /home/airflow/.local/lib/python3.7/site-packages/airflow/example_dags/example_dynamic_task_mapping_with_no_taskflow_operators.py
[2023-06-17T22:30:10.550+0000] {processor.py:836} INFO - DAG(s) dict_keys(['example_dynamic_task_mapping_with_no_taskflow_operators']) retrieved from /home/airflow/.local/lib/python3.7/site-packages/airflow/example_dags/example_dynamic_task_mapping_with_no_taskflow_operators.py
[2023-06-17T22:30:10.601+0000] {logging_mixin.py:149} INFO - [2023-06-17T22:30:10.601+0000] {dag.py:2726} INFO - Sync 1 DAGs
[2023-06-17T22:30:10.634+0000] {logging_mixin.py:149} INFO - [2023-06-17T22:30:10.634+0000] {dag.py:3490} INFO - Setting next_dagrun for example_dynamic_task_mapping_with_no_taskflow_operators to 2023-06-16T22:30:10.634234+00:00, run_after=2023-06-17T22:30:10.634234+00:00
[2023-06-17T22:30:10.658+0000] {processor.py:179} INFO - Processing /home/airflow/.local/lib/python3.7/site-packages/airflow/example_dags/example_dynamic_task_mapping_with_no_taskflow_operators.py took 0.147 seconds
[2023-06-17T22:30:26.901+0000] {processor.py:157} INFO - Started process (PID=59) to work on /home/airflow/.local/lib/python3.7/site-packages/airflow/example_dags/example_dynamic_task_mapping_with_no_taskflow_operators.py
[2023-06-17T22:30:26.903+0000] {processor.py:826} INFO - Processing file /home/airflow/.local/lib/python3.7/site-packages/airflow/example_dags/example_dynamic_task_mapping_with_no_taskflow_operators.py for tasks to queue
[2023-06-17T22:30:26.906+0000] {logging_mixin.py:149} INFO - [2023-06-17T22:30:26.906+0000] {dagbag.py:541} INFO - Filling up the DagBag from /home/airflow/.local/lib/python3.7/site-packages/airflow/example_dags/example_dynamic_task_mapping_with_no_taskflow_operators.py
[2023-06-17T22:30:26.915+0000] {processor.py:836} INFO - DAG(s) dict_keys(['example_dynamic_task_mapping_with_no_taskflow_operators']) retrieved from /home/airflow/.local/lib/python3.7/site-packages/airflow/example_dags/example_dynamic_task_mapping_with_no_taskflow_operators.py
[2023-06-17T22:30:26.948+0000] {logging_mixin.py:149} INFO - [2023-06-17T22:30:26.947+0000] {dag.py:2726} INFO - Sync 1 DAGs
[2023-06-17T22:30:26.971+0000] {logging_mixin.py:149} INFO - [2023-06-17T22:30:26.971+0000] {dag.py:3490} INFO - Setting next_dagrun for example_dynamic_task_mapping_with_no_taskflow_operators to 2023-06-16T22:30:26.970821+00:00, run_after=2023-06-17T22:30:26.970821+00:00
[2023-06-17T22:30:26.989+0000] {processor.py:179} INFO - Processing /home/airflow/.local/lib/python3.7/site-packages/airflow/example_dags/example_dynamic_task_mapping_with_no_taskflow_operators.py took 0.092 seconds
[2023-06-17T22:30:58.042+0000] {processor.py:157} INFO - Started process (PID=118) to work on /home/airflow/.local/lib/python3.7/site-packages/airflow/example_dags/example_dynamic_task_mapping_with_no_taskflow_operators.py
[2023-06-17T22:30:58.044+0000] {processor.py:826} INFO - Processing file /home/airflow/.local/lib/python3.7/site-packages/airflow/example_dags/example_dynamic_task_mapping_with_no_taskflow_operators.py for tasks to queue
[2023-06-17T22:30:58.046+0000] {logging_mixin.py:149} INFO - [2023-06-17T22:30:58.045+0000] {dagbag.py:541} INFO - Filling up the DagBag from /home/airflow/.local/lib/python3.7/site-packages/airflow/example_dags/example_dynamic_task_mapping_with_no_taskflow_operators.py
[2023-06-17T22:30:58.052+0000] {processor.py:836} INFO - DAG(s) dict_keys(['example_dynamic_task_mapping_with_no_taskflow_operators']) retrieved from /home/airflow/.local/lib/python3.7/site-packages/airflow/example_dags/example_dynamic_task_mapping_with_no_taskflow_operators.py
[2023-06-17T22:30:58.073+0000] {logging_mixin.py:149} INFO - [2023-06-17T22:30:58.073+0000] {dag.py:2726} INFO - Sync 1 DAGs
[2023-06-17T22:30:58.089+0000] {logging_mixin.py:149} INFO - [2023-06-17T22:30:58.089+0000] {dag.py:3490} INFO - Setting next_dagrun for example_dynamic_task_mapping_with_no_taskflow_operators to 2023-06-16T22:30:58.089596+00:00, run_after=2023-06-17T22:30:58.089596+00:00
[2023-06-17T22:30:58.102+0000] {processor.py:179} INFO - Processing /home/airflow/.local/lib/python3.7/site-packages/airflow/example_dags/example_dynamic_task_mapping_with_no_taskflow_operators.py took 0.062 seconds
[2023-06-17T22:31:29.077+0000] {processor.py:157} INFO - Started process (PID=177) to work on /home/airflow/.local/lib/python3.7/site-packages/airflow/example_dags/example_dynamic_task_mapping_with_no_taskflow_operators.py
[2023-06-17T22:31:29.078+0000] {processor.py:826} INFO - Processing file /home/airflow/.local/lib/python3.7/site-packages/airflow/example_dags/example_dynamic_task_mapping_with_no_taskflow_operators.py for tasks to queue
[2023-06-17T22:31:29.080+0000] {logging_mixin.py:149} INFO - [2023-06-17T22:31:29.080+0000] {dagbag.py:541} INFO - Filling up the DagBag from /home/airflow/.local/lib/python3.7/site-packages/airflow/example_dags/example_dynamic_task_mapping_with_no_taskflow_operators.py
[2023-06-17T22:31:29.085+0000] {processor.py:836} INFO - DAG(s) dict_keys(['example_dynamic_task_mapping_with_no_taskflow_operators']) retrieved from /home/airflow/.local/lib/python3.7/site-packages/airflow/example_dags/example_dynamic_task_mapping_with_no_taskflow_operators.py
[2023-06-17T22:31:29.105+0000] {logging_mixin.py:149} INFO - [2023-06-17T22:31:29.105+0000] {dag.py:2726} INFO - Sync 1 DAGs
[2023-06-17T22:31:29.121+0000] {logging_mixin.py:149} INFO - [2023-06-17T22:31:29.121+0000] {dag.py:3490} INFO - Setting next_dagrun for example_dynamic_task_mapping_with_no_taskflow_operators to 2023-06-16T22:31:29.121450+00:00, run_after=2023-06-17T22:31:29.121450+00:00
[2023-06-17T22:31:29.139+0000] {processor.py:179} INFO - Processing /home/airflow/.local/lib/python3.7/site-packages/airflow/example_dags/example_dynamic_task_mapping_with_no_taskflow_operators.py took 0.065 seconds
[2023-06-17T22:31:59.495+0000] {processor.py:157} INFO - Started process (PID=235) to work on /home/airflow/.local/lib/python3.7/site-packages/airflow/example_dags/example_dynamic_task_mapping_with_no_taskflow_operators.py
[2023-06-17T22:31:59.497+0000] {processor.py:826} INFO - Processing file /home/airflow/.local/lib/python3.7/site-packages/airflow/example_dags/example_dynamic_task_mapping_with_no_taskflow_operators.py for tasks to queue
[2023-06-17T22:31:59.499+0000] {logging_mixin.py:149} INFO - [2023-06-17T22:31:59.499+0000] {dagbag.py:541} INFO - Filling up the DagBag from /home/airflow/.local/lib/python3.7/site-packages/airflow/example_dags/example_dynamic_task_mapping_with_no_taskflow_operators.py
[2023-06-17T22:31:59.505+0000] {processor.py:836} INFO - DAG(s) dict_keys(['example_dynamic_task_mapping_with_no_taskflow_operators']) retrieved from /home/airflow/.local/lib/python3.7/site-packages/airflow/example_dags/example_dynamic_task_mapping_with_no_taskflow_operators.py
[2023-06-17T22:31:59.527+0000] {logging_mixin.py:149} INFO - [2023-06-17T22:31:59.526+0000] {dag.py:2726} INFO - Sync 1 DAGs
[2023-06-17T22:31:59.545+0000] {logging_mixin.py:149} INFO - [2023-06-17T22:31:59.544+0000] {dag.py:3490} INFO - Setting next_dagrun for example_dynamic_task_mapping_with_no_taskflow_operators to 2023-06-16T22:31:59.544714+00:00, run_after=2023-06-17T22:31:59.544714+00:00
[2023-06-17T22:31:59.558+0000] {processor.py:179} INFO - Processing /home/airflow/.local/lib/python3.7/site-packages/airflow/example_dags/example_dynamic_task_mapping_with_no_taskflow_operators.py took 0.065 seconds
[2023-06-17T22:32:30.526+0000] {processor.py:157} INFO - Started process (PID=293) to work on /home/airflow/.local/lib/python3.7/site-packages/airflow/example_dags/example_dynamic_task_mapping_with_no_taskflow_operators.py
[2023-06-17T22:32:30.528+0000] {processor.py:826} INFO - Processing file /home/airflow/.local/lib/python3.7/site-packages/airflow/example_dags/example_dynamic_task_mapping_with_no_taskflow_operators.py for tasks to queue
[2023-06-17T22:32:30.530+0000] {logging_mixin.py:149} INFO - [2023-06-17T22:32:30.530+0000] {dagbag.py:541} INFO - Filling up the DagBag from /home/airflow/.local/lib/python3.7/site-packages/airflow/example_dags/example_dynamic_task_mapping_with_no_taskflow_operators.py
[2023-06-17T22:32:30.535+0000] {processor.py:836} INFO - DAG(s) dict_keys(['example_dynamic_task_mapping_with_no_taskflow_operators']) retrieved from /home/airflow/.local/lib/python3.7/site-packages/airflow/example_dags/example_dynamic_task_mapping_with_no_taskflow_operators.py
[2023-06-17T22:32:30.563+0000] {logging_mixin.py:149} INFO - [2023-06-17T22:32:30.563+0000] {dag.py:2726} INFO - Sync 1 DAGs
[2023-06-17T22:32:30.582+0000] {logging_mixin.py:149} INFO - [2023-06-17T22:32:30.581+0000] {dag.py:3490} INFO - Setting next_dagrun for example_dynamic_task_mapping_with_no_taskflow_operators to 2023-06-16T22:32:30.581738+00:00, run_after=2023-06-17T22:32:30.581738+00:00
[2023-06-17T22:32:30.598+0000] {processor.py:179} INFO - Processing /home/airflow/.local/lib/python3.7/site-packages/airflow/example_dags/example_dynamic_task_mapping_with_no_taskflow_operators.py took 0.075 seconds
[2023-06-17T22:33:01.531+0000] {processor.py:157} INFO - Started process (PID=352) to work on /home/airflow/.local/lib/python3.7/site-packages/airflow/example_dags/example_dynamic_task_mapping_with_no_taskflow_operators.py
[2023-06-17T22:33:01.533+0000] {processor.py:826} INFO - Processing file /home/airflow/.local/lib/python3.7/site-packages/airflow/example_dags/example_dynamic_task_mapping_with_no_taskflow_operators.py for tasks to queue
[2023-06-17T22:33:01.535+0000] {logging_mixin.py:149} INFO - [2023-06-17T22:33:01.535+0000] {dagbag.py:541} INFO - Filling up the DagBag from /home/airflow/.local/lib/python3.7/site-packages/airflow/example_dags/example_dynamic_task_mapping_with_no_taskflow_operators.py
[2023-06-17T22:33:01.539+0000] {processor.py:836} INFO - DAG(s) dict_keys(['example_dynamic_task_mapping_with_no_taskflow_operators']) retrieved from /home/airflow/.local/lib/python3.7/site-packages/airflow/example_dags/example_dynamic_task_mapping_with_no_taskflow_operators.py
[2023-06-17T22:33:01.559+0000] {logging_mixin.py:149} INFO - [2023-06-17T22:33:01.559+0000] {dag.py:2726} INFO - Sync 1 DAGs
[2023-06-17T22:33:01.575+0000] {logging_mixin.py:149} INFO - [2023-06-17T22:33:01.575+0000] {dag.py:3490} INFO - Setting next_dagrun for example_dynamic_task_mapping_with_no_taskflow_operators to 2023-06-16T22:33:01.575489+00:00, run_after=2023-06-17T22:33:01.575489+00:00
[2023-06-17T22:33:01.588+0000] {processor.py:179} INFO - Processing /home/airflow/.local/lib/python3.7/site-packages/airflow/example_dags/example_dynamic_task_mapping_with_no_taskflow_operators.py took 0.060 seconds
[2023-06-17T22:33:31.637+0000] {processor.py:157} INFO - Started process (PID=409) to work on /home/airflow/.local/lib/python3.7/site-packages/airflow/example_dags/example_dynamic_task_mapping_with_no_taskflow_operators.py
[2023-06-17T22:33:31.639+0000] {processor.py:826} INFO - Processing file /home/airflow/.local/lib/python3.7/site-packages/airflow/example_dags/example_dynamic_task_mapping_with_no_taskflow_operators.py for tasks to queue
[2023-06-17T22:33:31.641+0000] {logging_mixin.py:149} INFO - [2023-06-17T22:33:31.641+0000] {dagbag.py:541} INFO - Filling up the DagBag from /home/airflow/.local/lib/python3.7/site-packages/airflow/example_dags/example_dynamic_task_mapping_with_no_taskflow_operators.py
[2023-06-17T22:33:31.646+0000] {processor.py:836} INFO - DAG(s) dict_keys(['example_dynamic_task_mapping_with_no_taskflow_operators']) retrieved from /home/airflow/.local/lib/python3.7/site-packages/airflow/example_dags/example_dynamic_task_mapping_with_no_taskflow_operators.py
[2023-06-17T22:33:31.666+0000] {logging_mixin.py:149} INFO - [2023-06-17T22:33:31.666+0000] {dag.py:2726} INFO - Sync 1 DAGs
[2023-06-17T22:33:31.684+0000] {logging_mixin.py:149} INFO - [2023-06-17T22:33:31.684+0000] {dag.py:3490} INFO - Setting next_dagrun for example_dynamic_task_mapping_with_no_taskflow_operators to 2023-06-16T22:33:31.683905+00:00, run_after=2023-06-17T22:33:31.683905+00:00
[2023-06-17T22:33:31.697+0000] {processor.py:179} INFO - Processing /home/airflow/.local/lib/python3.7/site-packages/airflow/example_dags/example_dynamic_task_mapping_with_no_taskflow_operators.py took 0.063 seconds
[2023-06-17T22:34:01.951+0000] {processor.py:157} INFO - Started process (PID=468) to work on /home/airflow/.local/lib/python3.7/site-packages/airflow/example_dags/example_dynamic_task_mapping_with_no_taskflow_operators.py
[2023-06-17T22:34:01.952+0000] {processor.py:826} INFO - Processing file /home/airflow/.local/lib/python3.7/site-packages/airflow/example_dags/example_dynamic_task_mapping_with_no_taskflow_operators.py for tasks to queue
[2023-06-17T22:34:01.954+0000] {logging_mixin.py:149} INFO - [2023-06-17T22:34:01.954+0000] {dagbag.py:541} INFO - Filling up the DagBag from /home/airflow/.local/lib/python3.7/site-packages/airflow/example_dags/example_dynamic_task_mapping_with_no_taskflow_operators.py
[2023-06-17T22:34:01.959+0000] {processor.py:836} INFO - DAG(s) dict_keys(['example_dynamic_task_mapping_with_no_taskflow_operators']) retrieved from /home/airflow/.local/lib/python3.7/site-packages/airflow/example_dags/example_dynamic_task_mapping_with_no_taskflow_operators.py
[2023-06-17T22:34:01.981+0000] {logging_mixin.py:149} INFO - [2023-06-17T22:34:01.980+0000] {dag.py:2726} INFO - Sync 1 DAGs
[2023-06-17T22:34:02.001+0000] {logging_mixin.py:149} INFO - [2023-06-17T22:34:02.001+0000] {dag.py:3490} INFO - Setting next_dagrun for example_dynamic_task_mapping_with_no_taskflow_operators to 2023-06-16T22:34:02.001492+00:00, run_after=2023-06-17T22:34:02.001492+00:00
[2023-06-17T22:34:02.014+0000] {processor.py:179} INFO - Processing /home/airflow/.local/lib/python3.7/site-packages/airflow/example_dags/example_dynamic_task_mapping_with_no_taskflow_operators.py took 0.067 seconds
[2023-06-17T22:34:32.107+0000] {processor.py:157} INFO - Started process (PID=526) to work on /home/airflow/.local/lib/python3.7/site-packages/airflow/example_dags/example_dynamic_task_mapping_with_no_taskflow_operators.py
[2023-06-17T22:34:32.109+0000] {processor.py:826} INFO - Processing file /home/airflow/.local/lib/python3.7/site-packages/airflow/example_dags/example_dynamic_task_mapping_with_no_taskflow_operators.py for tasks to queue
[2023-06-17T22:34:32.112+0000] {logging_mixin.py:149} INFO - [2023-06-17T22:34:32.112+0000] {dagbag.py:541} INFO - Filling up the DagBag from /home/airflow/.local/lib/python3.7/site-packages/airflow/example_dags/example_dynamic_task_mapping_with_no_taskflow_operators.py
[2023-06-17T22:34:32.120+0000] {processor.py:836} INFO - DAG(s) dict_keys(['example_dynamic_task_mapping_with_no_taskflow_operators']) retrieved from /home/airflow/.local/lib/python3.7/site-packages/airflow/example_dags/example_dynamic_task_mapping_with_no_taskflow_operators.py
[2023-06-17T22:34:32.154+0000] {logging_mixin.py:149} INFO - [2023-06-17T22:34:32.154+0000] {dag.py:2726} INFO - Sync 1 DAGs
[2023-06-17T22:34:32.181+0000] {logging_mixin.py:149} INFO - [2023-06-17T22:34:32.181+0000] {dag.py:3490} INFO - Setting next_dagrun for example_dynamic_task_mapping_with_no_taskflow_operators to 2023-06-16T22:34:32.181288+00:00, run_after=2023-06-17T22:34:32.181288+00:00
[2023-06-17T22:34:32.201+0000] {processor.py:179} INFO - Processing /home/airflow/.local/lib/python3.7/site-packages/airflow/example_dags/example_dynamic_task_mapping_with_no_taskflow_operators.py took 0.099 seconds
[2023-06-17T22:35:02.230+0000] {processor.py:157} INFO - Started process (PID=583) to work on /home/airflow/.local/lib/python3.7/site-packages/airflow/example_dags/example_dynamic_task_mapping_with_no_taskflow_operators.py
[2023-06-17T22:35:02.232+0000] {processor.py:826} INFO - Processing file /home/airflow/.local/lib/python3.7/site-packages/airflow/example_dags/example_dynamic_task_mapping_with_no_taskflow_operators.py for tasks to queue
[2023-06-17T22:35:02.234+0000] {logging_mixin.py:149} INFO - [2023-06-17T22:35:02.234+0000] {dagbag.py:541} INFO - Filling up the DagBag from /home/airflow/.local/lib/python3.7/site-packages/airflow/example_dags/example_dynamic_task_mapping_with_no_taskflow_operators.py
[2023-06-17T22:35:02.240+0000] {processor.py:836} INFO - DAG(s) dict_keys(['example_dynamic_task_mapping_with_no_taskflow_operators']) retrieved from /home/airflow/.local/lib/python3.7/site-packages/airflow/example_dags/example_dynamic_task_mapping_with_no_taskflow_operators.py
[2023-06-17T22:35:02.261+0000] {logging_mixin.py:149} INFO - [2023-06-17T22:35:02.261+0000] {dag.py:2726} INFO - Sync 1 DAGs
[2023-06-17T22:35:02.279+0000] {logging_mixin.py:149} INFO - [2023-06-17T22:35:02.279+0000] {dag.py:3490} INFO - Setting next_dagrun for example_dynamic_task_mapping_with_no_taskflow_operators to 2023-06-16T22:35:02.279158+00:00, run_after=2023-06-17T22:35:02.279158+00:00
[2023-06-17T22:35:02.293+0000] {processor.py:179} INFO - Processing /home/airflow/.local/lib/python3.7/site-packages/airflow/example_dags/example_dynamic_task_mapping_with_no_taskflow_operators.py took 0.066 seconds
[2023-06-17T22:35:32.522+0000] {processor.py:157} INFO - Started process (PID=642) to work on /home/airflow/.local/lib/python3.7/site-packages/airflow/example_dags/example_dynamic_task_mapping_with_no_taskflow_operators.py
[2023-06-17T22:35:32.524+0000] {processor.py:826} INFO - Processing file /home/airflow/.local/lib/python3.7/site-packages/airflow/example_dags/example_dynamic_task_mapping_with_no_taskflow_operators.py for tasks to queue
[2023-06-17T22:35:32.526+0000] {logging_mixin.py:149} INFO - [2023-06-17T22:35:32.526+0000] {dagbag.py:541} INFO - Filling up the DagBag from /home/airflow/.local/lib/python3.7/site-packages/airflow/example_dags/example_dynamic_task_mapping_with_no_taskflow_operators.py
[2023-06-17T22:35:32.531+0000] {processor.py:836} INFO - DAG(s) dict_keys(['example_dynamic_task_mapping_with_no_taskflow_operators']) retrieved from /home/airflow/.local/lib/python3.7/site-packages/airflow/example_dags/example_dynamic_task_mapping_with_no_taskflow_operators.py
[2023-06-17T22:35:32.551+0000] {logging_mixin.py:149} INFO - [2023-06-17T22:35:32.551+0000] {dag.py:2726} INFO - Sync 1 DAGs
[2023-06-17T22:35:32.568+0000] {logging_mixin.py:149} INFO - [2023-06-17T22:35:32.568+0000] {dag.py:3490} INFO - Setting next_dagrun for example_dynamic_task_mapping_with_no_taskflow_operators to 2023-06-16T22:35:32.568319+00:00, run_after=2023-06-17T22:35:32.568319+00:00
[2023-06-17T22:35:32.585+0000] {processor.py:179} INFO - Processing /home/airflow/.local/lib/python3.7/site-packages/airflow/example_dags/example_dynamic_task_mapping_with_no_taskflow_operators.py took 0.066 seconds
[2023-06-17T22:36:02.755+0000] {processor.py:157} INFO - Started process (PID=700) to work on /home/airflow/.local/lib/python3.7/site-packages/airflow/example_dags/example_dynamic_task_mapping_with_no_taskflow_operators.py
[2023-06-17T22:36:02.756+0000] {processor.py:826} INFO - Processing file /home/airflow/.local/lib/python3.7/site-packages/airflow/example_dags/example_dynamic_task_mapping_with_no_taskflow_operators.py for tasks to queue
[2023-06-17T22:36:02.758+0000] {logging_mixin.py:149} INFO - [2023-06-17T22:36:02.758+0000] {dagbag.py:541} INFO - Filling up the DagBag from /home/airflow/.local/lib/python3.7/site-packages/airflow/example_dags/example_dynamic_task_mapping_with_no_taskflow_operators.py
[2023-06-17T22:36:02.763+0000] {processor.py:836} INFO - DAG(s) dict_keys(['example_dynamic_task_mapping_with_no_taskflow_operators']) retrieved from /home/airflow/.local/lib/python3.7/site-packages/airflow/example_dags/example_dynamic_task_mapping_with_no_taskflow_operators.py
[2023-06-17T22:36:02.783+0000] {logging_mixin.py:149} INFO - [2023-06-17T22:36:02.783+0000] {dag.py:2726} INFO - Sync 1 DAGs
[2023-06-17T22:36:02.800+0000] {logging_mixin.py:149} INFO - [2023-06-17T22:36:02.800+0000] {dag.py:3490} INFO - Setting next_dagrun for example_dynamic_task_mapping_with_no_taskflow_operators to 2023-06-16T22:36:02.800140+00:00, run_after=2023-06-17T22:36:02.800140+00:00
[2023-06-17T22:36:02.818+0000] {processor.py:179} INFO - Processing /home/airflow/.local/lib/python3.7/site-packages/airflow/example_dags/example_dynamic_task_mapping_with_no_taskflow_operators.py took 0.067 seconds
[2023-06-17T22:36:33.258+0000] {processor.py:157} INFO - Started process (PID=758) to work on /home/airflow/.local/lib/python3.7/site-packages/airflow/example_dags/example_dynamic_task_mapping_with_no_taskflow_operators.py
[2023-06-17T22:36:33.260+0000] {processor.py:826} INFO - Processing file /home/airflow/.local/lib/python3.7/site-packages/airflow/example_dags/example_dynamic_task_mapping_with_no_taskflow_operators.py for tasks to queue
[2023-06-17T22:36:33.262+0000] {logging_mixin.py:149} INFO - [2023-06-17T22:36:33.262+0000] {dagbag.py:541} INFO - Filling up the DagBag from /home/airflow/.local/lib/python3.7/site-packages/airflow/example_dags/example_dynamic_task_mapping_with_no_taskflow_operators.py
[2023-06-17T22:36:33.267+0000] {processor.py:836} INFO - DAG(s) dict_keys(['example_dynamic_task_mapping_with_no_taskflow_operators']) retrieved from /home/airflow/.local/lib/python3.7/site-packages/airflow/example_dags/example_dynamic_task_mapping_with_no_taskflow_operators.py
[2023-06-17T22:36:33.289+0000] {logging_mixin.py:149} INFO - [2023-06-17T22:36:33.289+0000] {dag.py:2726} INFO - Sync 1 DAGs
[2023-06-17T22:36:33.306+0000] {logging_mixin.py:149} INFO - [2023-06-17T22:36:33.306+0000] {dag.py:3490} INFO - Setting next_dagrun for example_dynamic_task_mapping_with_no_taskflow_operators to 2023-06-16T22:36:33.306665+00:00, run_after=2023-06-17T22:36:33.306665+00:00
[2023-06-17T22:36:33.322+0000] {processor.py:179} INFO - Processing /home/airflow/.local/lib/python3.7/site-packages/airflow/example_dags/example_dynamic_task_mapping_with_no_taskflow_operators.py took 0.067 seconds
[2023-06-17T22:46:48.376+0000] {processor.py:157} INFO - Started process (PID=52) to work on /home/airflow/.local/lib/python3.11/site-packages/airflow/example_dags/example_dynamic_task_mapping_with_no_taskflow_operators.py
[2023-06-17T22:46:48.379+0000] {processor.py:826} INFO - Processing file /home/airflow/.local/lib/python3.11/site-packages/airflow/example_dags/example_dynamic_task_mapping_with_no_taskflow_operators.py for tasks to queue
[2023-06-17T22:46:48.381+0000] {logging_mixin.py:149} INFO - [2023-06-17T22:46:48.381+0000] {dagbag.py:541} INFO - Filling up the DagBag from /home/airflow/.local/lib/python3.11/site-packages/airflow/example_dags/example_dynamic_task_mapping_with_no_taskflow_operators.py
[2023-06-17T22:46:48.393+0000] {processor.py:836} INFO - DAG(s) dict_keys(['example_dynamic_task_mapping_with_no_taskflow_operators']) retrieved from /home/airflow/.local/lib/python3.11/site-packages/airflow/example_dags/example_dynamic_task_mapping_with_no_taskflow_operators.py
[2023-06-17T22:46:48.494+0000] {logging_mixin.py:149} INFO - [2023-06-17T22:46:48.494+0000] {manager.py:504} INFO - Created Permission View: can read on DAG:example_dynamic_task_mapping_with_no_taskflow_operators
[2023-06-17T22:46:48.501+0000] {logging_mixin.py:149} INFO - [2023-06-17T22:46:48.501+0000] {manager.py:504} INFO - Created Permission View: can delete on DAG:example_dynamic_task_mapping_with_no_taskflow_operators
[2023-06-17T22:46:48.506+0000] {logging_mixin.py:149} INFO - [2023-06-17T22:46:48.506+0000] {manager.py:504} INFO - Created Permission View: can edit on DAG:example_dynamic_task_mapping_with_no_taskflow_operators
[2023-06-17T22:46:48.517+0000] {logging_mixin.py:149} INFO - [2023-06-17T22:46:48.516+0000] {dag.py:2726} INFO - Sync 1 DAGs
[2023-06-17T22:46:48.529+0000] {logging_mixin.py:149} INFO - [2023-06-17T22:46:48.529+0000] {dag.py:2747} INFO - Creating ORM DAG for example_dynamic_task_mapping_with_no_taskflow_operators
[2023-06-17T22:46:48.538+0000] {logging_mixin.py:149} INFO - [2023-06-17T22:46:48.538+0000] {dag.py:3486} INFO - Setting next_dagrun for example_dynamic_task_mapping_with_no_taskflow_operators to 2023-06-16T22:46:48.538486+00:00, run_after=2023-06-17T22:46:48.538486+00:00
[2023-06-17T22:46:48.551+0000] {processor.py:179} INFO - Processing /home/airflow/.local/lib/python3.11/site-packages/airflow/example_dags/example_dynamic_task_mapping_with_no_taskflow_operators.py took 0.177 seconds
[2023-06-17T22:47:19.265+0000] {processor.py:157} INFO - Started process (PID=110) to work on /home/airflow/.local/lib/python3.11/site-packages/airflow/example_dags/example_dynamic_task_mapping_with_no_taskflow_operators.py
[2023-06-17T22:47:19.266+0000] {processor.py:826} INFO - Processing file /home/airflow/.local/lib/python3.11/site-packages/airflow/example_dags/example_dynamic_task_mapping_with_no_taskflow_operators.py for tasks to queue
[2023-06-17T22:47:19.268+0000] {logging_mixin.py:149} INFO - [2023-06-17T22:47:19.268+0000] {dagbag.py:541} INFO - Filling up the DagBag from /home/airflow/.local/lib/python3.11/site-packages/airflow/example_dags/example_dynamic_task_mapping_with_no_taskflow_operators.py
[2023-06-17T22:47:19.274+0000] {processor.py:836} INFO - DAG(s) dict_keys(['example_dynamic_task_mapping_with_no_taskflow_operators']) retrieved from /home/airflow/.local/lib/python3.11/site-packages/airflow/example_dags/example_dynamic_task_mapping_with_no_taskflow_operators.py
[2023-06-17T22:47:19.294+0000] {logging_mixin.py:149} INFO - [2023-06-17T22:47:19.294+0000] {dag.py:2726} INFO - Sync 1 DAGs
[2023-06-17T22:47:19.307+0000] {logging_mixin.py:149} INFO - [2023-06-17T22:47:19.307+0000] {dag.py:3486} INFO - Setting next_dagrun for example_dynamic_task_mapping_with_no_taskflow_operators to 2023-06-16T22:47:19.307254+00:00, run_after=2023-06-17T22:47:19.307254+00:00
[2023-06-17T22:47:19.320+0000] {processor.py:179} INFO - Processing /home/airflow/.local/lib/python3.11/site-packages/airflow/example_dags/example_dynamic_task_mapping_with_no_taskflow_operators.py took 0.058 seconds
[2023-06-17T22:47:50.119+0000] {processor.py:157} INFO - Started process (PID=168) to work on /home/airflow/.local/lib/python3.11/site-packages/airflow/example_dags/example_dynamic_task_mapping_with_no_taskflow_operators.py
[2023-06-17T22:47:50.121+0000] {processor.py:826} INFO - Processing file /home/airflow/.local/lib/python3.11/site-packages/airflow/example_dags/example_dynamic_task_mapping_with_no_taskflow_operators.py for tasks to queue
[2023-06-17T22:47:50.123+0000] {logging_mixin.py:149} INFO - [2023-06-17T22:47:50.123+0000] {dagbag.py:541} INFO - Filling up the DagBag from /home/airflow/.local/lib/python3.11/site-packages/airflow/example_dags/example_dynamic_task_mapping_with_no_taskflow_operators.py
[2023-06-17T22:47:50.128+0000] {processor.py:836} INFO - DAG(s) dict_keys(['example_dynamic_task_mapping_with_no_taskflow_operators']) retrieved from /home/airflow/.local/lib/python3.11/site-packages/airflow/example_dags/example_dynamic_task_mapping_with_no_taskflow_operators.py
[2023-06-17T22:47:50.148+0000] {logging_mixin.py:149} INFO - [2023-06-17T22:47:50.148+0000] {dag.py:2726} INFO - Sync 1 DAGs
[2023-06-17T22:47:50.162+0000] {logging_mixin.py:149} INFO - [2023-06-17T22:47:50.162+0000] {dag.py:3486} INFO - Setting next_dagrun for example_dynamic_task_mapping_with_no_taskflow_operators to 2023-06-16T22:47:50.162328+00:00, run_after=2023-06-17T22:47:50.162328+00:00
[2023-06-17T22:47:50.173+0000] {processor.py:179} INFO - Processing /home/airflow/.local/lib/python3.11/site-packages/airflow/example_dags/example_dynamic_task_mapping_with_no_taskflow_operators.py took 0.056 seconds
[2023-06-17T22:50:35.195+0000] {processor.py:157} INFO - Started process (PID=49) to work on /home/airflow/.local/lib/python3.11/site-packages/airflow/example_dags/example_dynamic_task_mapping_with_no_taskflow_operators.py
[2023-06-17T22:50:35.196+0000] {processor.py:826} INFO - Processing file /home/airflow/.local/lib/python3.11/site-packages/airflow/example_dags/example_dynamic_task_mapping_with_no_taskflow_operators.py for tasks to queue
[2023-06-17T22:50:35.199+0000] {logging_mixin.py:149} INFO - [2023-06-17T22:50:35.199+0000] {dagbag.py:541} INFO - Filling up the DagBag from /home/airflow/.local/lib/python3.11/site-packages/airflow/example_dags/example_dynamic_task_mapping_with_no_taskflow_operators.py
[2023-06-17T22:50:35.209+0000] {processor.py:836} INFO - DAG(s) dict_keys(['example_dynamic_task_mapping_with_no_taskflow_operators']) retrieved from /home/airflow/.local/lib/python3.11/site-packages/airflow/example_dags/example_dynamic_task_mapping_with_no_taskflow_operators.py
[2023-06-17T22:50:35.278+0000] {logging_mixin.py:149} INFO - [2023-06-17T22:50:35.278+0000] {manager.py:504} INFO - Created Permission View: can read on DAG:example_dynamic_task_mapping_with_no_taskflow_operators
[2023-06-17T22:50:35.285+0000] {logging_mixin.py:149} INFO - [2023-06-17T22:50:35.285+0000] {manager.py:504} INFO - Created Permission View: can edit on DAG:example_dynamic_task_mapping_with_no_taskflow_operators
[2023-06-17T22:50:35.289+0000] {logging_mixin.py:149} INFO - [2023-06-17T22:50:35.289+0000] {manager.py:504} INFO - Created Permission View: can delete on DAG:example_dynamic_task_mapping_with_no_taskflow_operators
[2023-06-17T22:50:35.296+0000] {logging_mixin.py:149} INFO - [2023-06-17T22:50:35.296+0000] {dag.py:2726} INFO - Sync 1 DAGs
[2023-06-17T22:50:35.440+0000] {logging_mixin.py:149} INFO - [2023-06-17T22:50:35.440+0000] {dag.py:2747} INFO - Creating ORM DAG for example_dynamic_task_mapping_with_no_taskflow_operators
[2023-06-17T22:50:35.445+0000] {logging_mixin.py:149} INFO - [2023-06-17T22:50:35.445+0000] {dag.py:3486} INFO - Setting next_dagrun for example_dynamic_task_mapping_with_no_taskflow_operators to 2023-06-16T22:50:35.445321+00:00, run_after=2023-06-17T22:50:35.445321+00:00
[2023-06-17T22:50:35.454+0000] {processor.py:179} INFO - Processing /home/airflow/.local/lib/python3.11/site-packages/airflow/example_dags/example_dynamic_task_mapping_with_no_taskflow_operators.py took 0.262 seconds
[2023-06-17T22:51:06.242+0000] {processor.py:157} INFO - Started process (PID=103) to work on /home/airflow/.local/lib/python3.11/site-packages/airflow/example_dags/example_dynamic_task_mapping_with_no_taskflow_operators.py
[2023-06-17T22:51:06.244+0000] {processor.py:826} INFO - Processing file /home/airflow/.local/lib/python3.11/site-packages/airflow/example_dags/example_dynamic_task_mapping_with_no_taskflow_operators.py for tasks to queue
[2023-06-17T22:51:06.246+0000] {logging_mixin.py:149} INFO - [2023-06-17T22:51:06.246+0000] {dagbag.py:541} INFO - Filling up the DagBag from /home/airflow/.local/lib/python3.11/site-packages/airflow/example_dags/example_dynamic_task_mapping_with_no_taskflow_operators.py
[2023-06-17T22:51:06.251+0000] {processor.py:836} INFO - DAG(s) dict_keys(['example_dynamic_task_mapping_with_no_taskflow_operators']) retrieved from /home/airflow/.local/lib/python3.11/site-packages/airflow/example_dags/example_dynamic_task_mapping_with_no_taskflow_operators.py
[2023-06-17T22:51:06.272+0000] {logging_mixin.py:149} INFO - [2023-06-17T22:51:06.271+0000] {dag.py:2726} INFO - Sync 1 DAGs
[2023-06-17T22:51:06.285+0000] {logging_mixin.py:149} INFO - [2023-06-17T22:51:06.285+0000] {dag.py:3486} INFO - Setting next_dagrun for example_dynamic_task_mapping_with_no_taskflow_operators to 2023-06-16T22:51:06.284849+00:00, run_after=2023-06-17T22:51:06.284849+00:00
[2023-06-17T22:51:06.295+0000] {processor.py:179} INFO - Processing /home/airflow/.local/lib/python3.11/site-packages/airflow/example_dags/example_dynamic_task_mapping_with_no_taskflow_operators.py took 0.056 seconds
