[2023-06-18T18:53:11.286+0000] {processor.py:157} INFO - Started process (PID=1737) to work on /opt/airflow/dags/controller_dag.py
[2023-06-18T18:53:11.287+0000] {processor.py:826} INFO - Processing file /opt/airflow/dags/controller_dag.py for tasks to queue
[2023-06-18T18:53:11.289+0000] {logging_mixin.py:149} INFO - [2023-06-18T18:53:11.289+0000] {dagbag.py:541} INFO - Filling up the DagBag from /opt/airflow/dags/controller_dag.py
[2023-06-18T18:53:11.316+0000] {processor.py:836} INFO - DAG(s) dict_keys(['dbt-gcp-dag-controller']) retrieved from /opt/airflow/dags/controller_dag.py
[2023-06-18T18:53:11.392+0000] {logging_mixin.py:149} INFO - [2023-06-18T18:53:11.391+0000] {dag.py:2726} INFO - Sync 1 DAGs
[2023-06-18T18:53:11.409+0000] {logging_mixin.py:149} INFO - [2023-06-18T18:53:11.409+0000] {dag.py:3486} INFO - Setting next_dagrun for dbt-gcp-dag-controller to 2023-06-18T18:51:00+00:00, run_after=2023-06-18T18:54:00+00:00
[2023-06-18T18:53:11.560+0000] {processor.py:179} INFO - Processing /opt/airflow/dags/controller_dag.py took 0.277 seconds
[2023-06-18T18:53:42.412+0000] {processor.py:157} INFO - Started process (PID=1794) to work on /opt/airflow/dags/controller_dag.py
[2023-06-18T18:53:42.413+0000] {processor.py:826} INFO - Processing file /opt/airflow/dags/controller_dag.py for tasks to queue
[2023-06-18T18:53:42.414+0000] {logging_mixin.py:149} INFO - [2023-06-18T18:53:42.414+0000] {dagbag.py:541} INFO - Filling up the DagBag from /opt/airflow/dags/controller_dag.py
[2023-06-18T18:53:42.423+0000] {processor.py:836} INFO - DAG(s) dict_keys(['dbt-gcp-dag-controller']) retrieved from /opt/airflow/dags/controller_dag.py
[2023-06-18T18:53:42.598+0000] {logging_mixin.py:149} INFO - [2023-06-18T18:53:42.597+0000] {dag.py:2726} INFO - Sync 1 DAGs
[2023-06-18T18:53:42.610+0000] {logging_mixin.py:149} INFO - [2023-06-18T18:53:42.610+0000] {dag.py:3486} INFO - Setting next_dagrun for dbt-gcp-dag-controller to 2023-06-18T18:51:00+00:00, run_after=2023-06-18T18:54:00+00:00
[2023-06-18T18:53:42.623+0000] {processor.py:179} INFO - Processing /opt/airflow/dags/controller_dag.py took 0.213 seconds
[2023-06-18T18:54:13.786+0000] {processor.py:157} INFO - Started process (PID=1850) to work on /opt/airflow/dags/controller_dag.py
[2023-06-18T18:54:13.788+0000] {processor.py:826} INFO - Processing file /opt/airflow/dags/controller_dag.py for tasks to queue
[2023-06-18T18:54:13.789+0000] {logging_mixin.py:149} INFO - [2023-06-18T18:54:13.789+0000] {dagbag.py:541} INFO - Filling up the DagBag from /opt/airflow/dags/controller_dag.py
[2023-06-18T18:54:13.800+0000] {processor.py:836} INFO - DAG(s) dict_keys(['dbt-gcp-dag-controller']) retrieved from /opt/airflow/dags/controller_dag.py
[2023-06-18T18:54:13.922+0000] {logging_mixin.py:149} INFO - [2023-06-18T18:54:13.921+0000] {dag.py:2726} INFO - Sync 1 DAGs
[2023-06-18T18:54:14.086+0000] {logging_mixin.py:149} INFO - [2023-06-18T18:54:14.086+0000] {dag.py:3486} INFO - Setting next_dagrun for dbt-gcp-dag-controller to 2023-06-18T18:54:00+00:00, run_after=2023-06-18T18:57:00+00:00
[2023-06-18T18:54:14.112+0000] {processor.py:179} INFO - Processing /opt/airflow/dags/controller_dag.py took 0.328 seconds
[2023-06-18T18:54:44.615+0000] {processor.py:157} INFO - Started process (PID=1906) to work on /opt/airflow/dags/controller_dag.py
[2023-06-18T18:54:44.616+0000] {processor.py:826} INFO - Processing file /opt/airflow/dags/controller_dag.py for tasks to queue
[2023-06-18T18:54:44.617+0000] {logging_mixin.py:149} INFO - [2023-06-18T18:54:44.617+0000] {dagbag.py:541} INFO - Filling up the DagBag from /opt/airflow/dags/controller_dag.py
[2023-06-18T18:54:44.625+0000] {processor.py:836} INFO - DAG(s) dict_keys(['dbt-gcp-dag-controller']) retrieved from /opt/airflow/dags/controller_dag.py
[2023-06-18T18:54:44.802+0000] {logging_mixin.py:149} INFO - [2023-06-18T18:54:44.802+0000] {dag.py:2726} INFO - Sync 1 DAGs
[2023-06-18T18:54:44.814+0000] {logging_mixin.py:149} INFO - [2023-06-18T18:54:44.814+0000] {dag.py:3486} INFO - Setting next_dagrun for dbt-gcp-dag-controller to 2023-06-18T18:54:00+00:00, run_after=2023-06-18T18:57:00+00:00
[2023-06-18T18:54:44.825+0000] {processor.py:179} INFO - Processing /opt/airflow/dags/controller_dag.py took 0.213 seconds
[2023-06-18T18:55:15.117+0000] {processor.py:157} INFO - Started process (PID=1962) to work on /opt/airflow/dags/controller_dag.py
[2023-06-18T18:55:15.119+0000] {processor.py:826} INFO - Processing file /opt/airflow/dags/controller_dag.py for tasks to queue
[2023-06-18T18:55:15.120+0000] {logging_mixin.py:149} INFO - [2023-06-18T18:55:15.120+0000] {dagbag.py:541} INFO - Filling up the DagBag from /opt/airflow/dags/controller_dag.py
[2023-06-18T18:55:15.132+0000] {processor.py:836} INFO - DAG(s) dict_keys(['dbt-gcp-dag-controller']) retrieved from /opt/airflow/dags/controller_dag.py
[2023-06-18T18:55:15.207+0000] {logging_mixin.py:149} INFO - [2023-06-18T18:55:15.206+0000] {dag.py:2726} INFO - Sync 1 DAGs
[2023-06-18T18:55:15.336+0000] {logging_mixin.py:149} INFO - [2023-06-18T18:55:15.336+0000] {dag.py:3486} INFO - Setting next_dagrun for dbt-gcp-dag-controller to 2023-06-18T18:54:00+00:00, run_after=2023-06-18T18:57:00+00:00
[2023-06-18T18:55:15.347+0000] {processor.py:179} INFO - Processing /opt/airflow/dags/controller_dag.py took 0.233 seconds
[2023-06-18T18:55:46.103+0000] {processor.py:157} INFO - Started process (PID=2018) to work on /opt/airflow/dags/controller_dag.py
[2023-06-18T18:55:46.104+0000] {processor.py:826} INFO - Processing file /opt/airflow/dags/controller_dag.py for tasks to queue
[2023-06-18T18:55:46.105+0000] {logging_mixin.py:149} INFO - [2023-06-18T18:55:46.105+0000] {dagbag.py:541} INFO - Filling up the DagBag from /opt/airflow/dags/controller_dag.py
[2023-06-18T18:55:46.113+0000] {processor.py:836} INFO - DAG(s) dict_keys(['dbt-gcp-dag-controller']) retrieved from /opt/airflow/dags/controller_dag.py
[2023-06-18T18:55:46.307+0000] {logging_mixin.py:149} INFO - [2023-06-18T18:55:46.307+0000] {dag.py:2726} INFO - Sync 1 DAGs
[2023-06-18T18:55:46.325+0000] {logging_mixin.py:149} INFO - [2023-06-18T18:55:46.325+0000] {dag.py:3486} INFO - Setting next_dagrun for dbt-gcp-dag-controller to 2023-06-18T18:54:00+00:00, run_after=2023-06-18T18:57:00+00:00
[2023-06-18T18:55:46.343+0000] {processor.py:179} INFO - Processing /opt/airflow/dags/controller_dag.py took 0.243 seconds
[2023-06-18T18:56:16.607+0000] {processor.py:157} INFO - Started process (PID=2074) to work on /opt/airflow/dags/controller_dag.py
[2023-06-18T18:56:16.609+0000] {processor.py:826} INFO - Processing file /opt/airflow/dags/controller_dag.py for tasks to queue
[2023-06-18T18:56:16.611+0000] {logging_mixin.py:149} INFO - [2023-06-18T18:56:16.611+0000] {dagbag.py:541} INFO - Filling up the DagBag from /opt/airflow/dags/controller_dag.py
[2023-06-18T18:56:16.628+0000] {processor.py:836} INFO - DAG(s) dict_keys(['dbt-gcp-dag-controller']) retrieved from /opt/airflow/dags/controller_dag.py
[2023-06-18T18:56:16.916+0000] {logging_mixin.py:149} INFO - [2023-06-18T18:56:16.915+0000] {dag.py:2726} INFO - Sync 1 DAGs
[2023-06-18T18:56:16.932+0000] {logging_mixin.py:149} INFO - [2023-06-18T18:56:16.932+0000] {dag.py:3486} INFO - Setting next_dagrun for dbt-gcp-dag-controller to 2023-06-18T18:54:00+00:00, run_after=2023-06-18T18:57:00+00:00
[2023-06-18T18:56:16.956+0000] {processor.py:179} INFO - Processing /opt/airflow/dags/controller_dag.py took 0.352 seconds
[2023-06-18T18:56:47.724+0000] {processor.py:157} INFO - Started process (PID=2130) to work on /opt/airflow/dags/controller_dag.py
[2023-06-18T18:56:47.725+0000] {processor.py:826} INFO - Processing file /opt/airflow/dags/controller_dag.py for tasks to queue
[2023-06-18T18:56:47.726+0000] {logging_mixin.py:149} INFO - [2023-06-18T18:56:47.726+0000] {dagbag.py:541} INFO - Filling up the DagBag from /opt/airflow/dags/controller_dag.py
[2023-06-18T18:56:47.735+0000] {processor.py:836} INFO - DAG(s) dict_keys(['dbt-gcp-dag-controller']) retrieved from /opt/airflow/dags/controller_dag.py
[2023-06-18T18:56:47.808+0000] {logging_mixin.py:149} INFO - [2023-06-18T18:56:47.808+0000] {dag.py:2726} INFO - Sync 1 DAGs
[2023-06-18T18:56:47.946+0000] {logging_mixin.py:149} INFO - [2023-06-18T18:56:47.946+0000] {dag.py:3486} INFO - Setting next_dagrun for dbt-gcp-dag-controller to 2023-06-18T18:54:00+00:00, run_after=2023-06-18T18:57:00+00:00
[2023-06-18T18:56:47.962+0000] {processor.py:179} INFO - Processing /opt/airflow/dags/controller_dag.py took 0.240 seconds
[2023-06-18T18:57:18.569+0000] {processor.py:157} INFO - Started process (PID=2186) to work on /opt/airflow/dags/controller_dag.py
[2023-06-18T18:57:18.570+0000] {processor.py:826} INFO - Processing file /opt/airflow/dags/controller_dag.py for tasks to queue
[2023-06-18T18:57:18.571+0000] {logging_mixin.py:149} INFO - [2023-06-18T18:57:18.571+0000] {dagbag.py:541} INFO - Filling up the DagBag from /opt/airflow/dags/controller_dag.py
[2023-06-18T18:57:18.579+0000] {processor.py:836} INFO - DAG(s) dict_keys(['dbt-gcp-dag-controller']) retrieved from /opt/airflow/dags/controller_dag.py
[2023-06-18T18:57:18.751+0000] {logging_mixin.py:149} INFO - [2023-06-18T18:57:18.750+0000] {dag.py:2726} INFO - Sync 1 DAGs
[2023-06-18T18:57:18.762+0000] {logging_mixin.py:149} INFO - [2023-06-18T18:57:18.762+0000] {dag.py:3486} INFO - Setting next_dagrun for dbt-gcp-dag-controller to 2023-06-18T18:57:00+00:00, run_after=2023-06-18T19:00:00+00:00
[2023-06-18T18:57:18.772+0000] {processor.py:179} INFO - Processing /opt/airflow/dags/controller_dag.py took 0.205 seconds
[2023-06-18T18:57:49.268+0000] {processor.py:157} INFO - Started process (PID=2242) to work on /opt/airflow/dags/controller_dag.py
[2023-06-18T18:57:49.269+0000] {processor.py:826} INFO - Processing file /opt/airflow/dags/controller_dag.py for tasks to queue
[2023-06-18T18:57:49.270+0000] {logging_mixin.py:149} INFO - [2023-06-18T18:57:49.270+0000] {dagbag.py:541} INFO - Filling up the DagBag from /opt/airflow/dags/controller_dag.py
[2023-06-18T18:57:49.278+0000] {processor.py:836} INFO - DAG(s) dict_keys(['dbt-gcp-dag-controller']) retrieved from /opt/airflow/dags/controller_dag.py
[2023-06-18T18:57:49.342+0000] {logging_mixin.py:149} INFO - [2023-06-18T18:57:49.342+0000] {dag.py:2726} INFO - Sync 1 DAGs
[2023-06-18T18:57:49.463+0000] {logging_mixin.py:149} INFO - [2023-06-18T18:57:49.463+0000] {dag.py:3486} INFO - Setting next_dagrun for dbt-gcp-dag-controller to 2023-06-18T18:57:00+00:00, run_after=2023-06-18T19:00:00+00:00
[2023-06-18T18:57:49.475+0000] {processor.py:179} INFO - Processing /opt/airflow/dags/controller_dag.py took 0.210 seconds
[2023-06-18T18:58:20.206+0000] {processor.py:157} INFO - Started process (PID=2298) to work on /opt/airflow/dags/controller_dag.py
[2023-06-18T18:58:20.208+0000] {processor.py:826} INFO - Processing file /opt/airflow/dags/controller_dag.py for tasks to queue
[2023-06-18T18:58:20.209+0000] {logging_mixin.py:149} INFO - [2023-06-18T18:58:20.209+0000] {dagbag.py:541} INFO - Filling up the DagBag from /opt/airflow/dags/controller_dag.py
[2023-06-18T18:58:20.218+0000] {processor.py:836} INFO - DAG(s) dict_keys(['dbt-gcp-dag-controller']) retrieved from /opt/airflow/dags/controller_dag.py
[2023-06-18T18:58:20.436+0000] {logging_mixin.py:149} INFO - [2023-06-18T18:58:20.436+0000] {dag.py:2726} INFO - Sync 1 DAGs
[2023-06-18T18:58:20.449+0000] {logging_mixin.py:149} INFO - [2023-06-18T18:58:20.449+0000] {dag.py:3486} INFO - Setting next_dagrun for dbt-gcp-dag-controller to 2023-06-18T18:57:00+00:00, run_after=2023-06-18T19:00:00+00:00
[2023-06-18T18:58:20.463+0000] {processor.py:179} INFO - Processing /opt/airflow/dags/controller_dag.py took 0.260 seconds
[2023-06-18T18:58:51.235+0000] {processor.py:157} INFO - Started process (PID=2354) to work on /opt/airflow/dags/controller_dag.py
[2023-06-18T18:58:51.237+0000] {processor.py:826} INFO - Processing file /opt/airflow/dags/controller_dag.py for tasks to queue
[2023-06-18T18:58:51.238+0000] {logging_mixin.py:149} INFO - [2023-06-18T18:58:51.237+0000] {dagbag.py:541} INFO - Filling up the DagBag from /opt/airflow/dags/controller_dag.py
[2023-06-18T18:58:51.249+0000] {processor.py:836} INFO - DAG(s) dict_keys(['dbt-gcp-dag-controller']) retrieved from /opt/airflow/dags/controller_dag.py
[2023-06-18T18:58:51.468+0000] {logging_mixin.py:149} INFO - [2023-06-18T18:58:51.468+0000] {dag.py:2726} INFO - Sync 1 DAGs
[2023-06-18T18:58:51.485+0000] {logging_mixin.py:149} INFO - [2023-06-18T18:58:51.485+0000] {dag.py:3486} INFO - Setting next_dagrun for dbt-gcp-dag-controller to 2023-06-18T18:57:00+00:00, run_after=2023-06-18T19:00:00+00:00
[2023-06-18T18:58:51.501+0000] {processor.py:179} INFO - Processing /opt/airflow/dags/controller_dag.py took 0.269 seconds
[2023-06-18T18:59:22.447+0000] {processor.py:157} INFO - Started process (PID=2410) to work on /opt/airflow/dags/controller_dag.py
[2023-06-18T18:59:22.448+0000] {processor.py:826} INFO - Processing file /opt/airflow/dags/controller_dag.py for tasks to queue
[2023-06-18T18:59:22.449+0000] {logging_mixin.py:149} INFO - [2023-06-18T18:59:22.449+0000] {dagbag.py:541} INFO - Filling up the DagBag from /opt/airflow/dags/controller_dag.py
[2023-06-18T18:59:22.459+0000] {processor.py:836} INFO - DAG(s) dict_keys(['dbt-gcp-dag-controller']) retrieved from /opt/airflow/dags/controller_dag.py
[2023-06-18T18:59:22.643+0000] {logging_mixin.py:149} INFO - [2023-06-18T18:59:22.642+0000] {dag.py:2726} INFO - Sync 1 DAGs
[2023-06-18T18:59:22.654+0000] {logging_mixin.py:149} INFO - [2023-06-18T18:59:22.654+0000] {dag.py:3486} INFO - Setting next_dagrun for dbt-gcp-dag-controller to 2023-06-18T18:57:00+00:00, run_after=2023-06-18T19:00:00+00:00
[2023-06-18T18:59:22.664+0000] {processor.py:179} INFO - Processing /opt/airflow/dags/controller_dag.py took 0.220 seconds
[2023-06-18T18:59:52.759+0000] {processor.py:157} INFO - Started process (PID=2466) to work on /opt/airflow/dags/controller_dag.py
[2023-06-18T18:59:52.761+0000] {processor.py:826} INFO - Processing file /opt/airflow/dags/controller_dag.py for tasks to queue
[2023-06-18T18:59:52.762+0000] {logging_mixin.py:149} INFO - [2023-06-18T18:59:52.762+0000] {dagbag.py:541} INFO - Filling up the DagBag from /opt/airflow/dags/controller_dag.py
[2023-06-18T18:59:52.769+0000] {processor.py:836} INFO - DAG(s) dict_keys(['dbt-gcp-dag-controller']) retrieved from /opt/airflow/dags/controller_dag.py
[2023-06-18T18:59:52.943+0000] {logging_mixin.py:149} INFO - [2023-06-18T18:59:52.943+0000] {dag.py:2726} INFO - Sync 1 DAGs
[2023-06-18T18:59:52.955+0000] {logging_mixin.py:149} INFO - [2023-06-18T18:59:52.955+0000] {dag.py:3486} INFO - Setting next_dagrun for dbt-gcp-dag-controller to 2023-06-18T18:57:00+00:00, run_after=2023-06-18T19:00:00+00:00
[2023-06-18T18:59:52.964+0000] {processor.py:179} INFO - Processing /opt/airflow/dags/controller_dag.py took 0.208 seconds
[2023-06-18T19:00:23.928+0000] {processor.py:157} INFO - Started process (PID=2522) to work on /opt/airflow/dags/controller_dag.py
[2023-06-18T19:00:23.930+0000] {processor.py:826} INFO - Processing file /opt/airflow/dags/controller_dag.py for tasks to queue
[2023-06-18T19:00:23.931+0000] {logging_mixin.py:149} INFO - [2023-06-18T19:00:23.931+0000] {dagbag.py:541} INFO - Filling up the DagBag from /opt/airflow/dags/controller_dag.py
[2023-06-18T19:00:23.942+0000] {processor.py:836} INFO - DAG(s) dict_keys(['dbt-gcp-dag-controller']) retrieved from /opt/airflow/dags/controller_dag.py
[2023-06-18T19:00:24.165+0000] {logging_mixin.py:149} INFO - [2023-06-18T19:00:24.165+0000] {dag.py:2726} INFO - Sync 1 DAGs
[2023-06-18T19:00:24.182+0000] {logging_mixin.py:149} INFO - [2023-06-18T19:00:24.182+0000] {dag.py:3486} INFO - Setting next_dagrun for dbt-gcp-dag-controller to 2023-06-18T19:00:00+00:00, run_after=2023-06-18T19:03:00+00:00
[2023-06-18T19:00:24.194+0000] {processor.py:179} INFO - Processing /opt/airflow/dags/controller_dag.py took 0.269 seconds
[2023-06-18T19:00:54.961+0000] {processor.py:157} INFO - Started process (PID=2578) to work on /opt/airflow/dags/controller_dag.py
[2023-06-18T19:00:54.962+0000] {processor.py:826} INFO - Processing file /opt/airflow/dags/controller_dag.py for tasks to queue
[2023-06-18T19:00:54.963+0000] {logging_mixin.py:149} INFO - [2023-06-18T19:00:54.963+0000] {dagbag.py:541} INFO - Filling up the DagBag from /opt/airflow/dags/controller_dag.py
[2023-06-18T19:00:54.971+0000] {processor.py:836} INFO - DAG(s) dict_keys(['dbt-gcp-dag-controller']) retrieved from /opt/airflow/dags/controller_dag.py
[2023-06-18T19:00:55.144+0000] {logging_mixin.py:149} INFO - [2023-06-18T19:00:55.144+0000] {dag.py:2726} INFO - Sync 1 DAGs
[2023-06-18T19:00:55.155+0000] {logging_mixin.py:149} INFO - [2023-06-18T19:00:55.155+0000] {dag.py:3486} INFO - Setting next_dagrun for dbt-gcp-dag-controller to 2023-06-18T19:00:00+00:00, run_after=2023-06-18T19:03:00+00:00
[2023-06-18T19:00:55.166+0000] {processor.py:179} INFO - Processing /opt/airflow/dags/controller_dag.py took 0.207 seconds
[2023-06-18T19:01:25.429+0000] {processor.py:157} INFO - Started process (PID=2634) to work on /opt/airflow/dags/controller_dag.py
[2023-06-18T19:01:25.430+0000] {processor.py:826} INFO - Processing file /opt/airflow/dags/controller_dag.py for tasks to queue
[2023-06-18T19:01:25.432+0000] {logging_mixin.py:149} INFO - [2023-06-18T19:01:25.431+0000] {dagbag.py:541} INFO - Filling up the DagBag from /opt/airflow/dags/controller_dag.py
[2023-06-18T19:01:25.440+0000] {processor.py:836} INFO - DAG(s) dict_keys(['dbt-gcp-dag-controller']) retrieved from /opt/airflow/dags/controller_dag.py
[2023-06-18T19:01:25.643+0000] {logging_mixin.py:149} INFO - [2023-06-18T19:01:25.642+0000] {dag.py:2726} INFO - Sync 1 DAGs
[2023-06-18T19:01:25.657+0000] {logging_mixin.py:149} INFO - [2023-06-18T19:01:25.657+0000] {dag.py:3486} INFO - Setting next_dagrun for dbt-gcp-dag-controller to 2023-06-18T19:00:00+00:00, run_after=2023-06-18T19:03:00+00:00
[2023-06-18T19:01:25.671+0000] {processor.py:179} INFO - Processing /opt/airflow/dags/controller_dag.py took 0.245 seconds
[2023-06-18T19:01:56.309+0000] {processor.py:157} INFO - Started process (PID=2689) to work on /opt/airflow/dags/controller_dag.py
[2023-06-18T19:01:56.310+0000] {processor.py:826} INFO - Processing file /opt/airflow/dags/controller_dag.py for tasks to queue
[2023-06-18T19:01:56.311+0000] {logging_mixin.py:149} INFO - [2023-06-18T19:01:56.311+0000] {dagbag.py:541} INFO - Filling up the DagBag from /opt/airflow/dags/controller_dag.py
[2023-06-18T19:01:56.319+0000] {processor.py:836} INFO - DAG(s) dict_keys(['dbt-gcp-dag-controller']) retrieved from /opt/airflow/dags/controller_dag.py
[2023-06-18T19:01:56.548+0000] {logging_mixin.py:149} INFO - [2023-06-18T19:01:56.548+0000] {dag.py:2726} INFO - Sync 1 DAGs
[2023-06-18T19:01:56.565+0000] {logging_mixin.py:149} INFO - [2023-06-18T19:01:56.565+0000] {dag.py:3486} INFO - Setting next_dagrun for dbt-gcp-dag-controller to 2023-06-18T19:00:00+00:00, run_after=2023-06-18T19:03:00+00:00
[2023-06-18T19:01:56.577+0000] {processor.py:179} INFO - Processing /opt/airflow/dags/controller_dag.py took 0.271 seconds
[2023-06-18T19:02:26.909+0000] {processor.py:157} INFO - Started process (PID=2745) to work on /opt/airflow/dags/controller_dag.py
[2023-06-18T19:02:26.910+0000] {processor.py:826} INFO - Processing file /opt/airflow/dags/controller_dag.py for tasks to queue
[2023-06-18T19:02:26.911+0000] {logging_mixin.py:149} INFO - [2023-06-18T19:02:26.911+0000] {dagbag.py:541} INFO - Filling up the DagBag from /opt/airflow/dags/controller_dag.py
[2023-06-18T19:02:26.918+0000] {processor.py:836} INFO - DAG(s) dict_keys(['dbt-gcp-dag-controller']) retrieved from /opt/airflow/dags/controller_dag.py
[2023-06-18T19:02:27.096+0000] {logging_mixin.py:149} INFO - [2023-06-18T19:02:27.096+0000] {dag.py:2726} INFO - Sync 1 DAGs
[2023-06-18T19:02:27.107+0000] {logging_mixin.py:149} INFO - [2023-06-18T19:02:27.107+0000] {dag.py:3486} INFO - Setting next_dagrun for dbt-gcp-dag-controller to 2023-06-18T19:00:00+00:00, run_after=2023-06-18T19:03:00+00:00
[2023-06-18T19:02:27.117+0000] {processor.py:179} INFO - Processing /opt/airflow/dags/controller_dag.py took 0.211 seconds
[2023-06-18T19:02:57.793+0000] {processor.py:157} INFO - Started process (PID=2801) to work on /opt/airflow/dags/controller_dag.py
[2023-06-18T19:02:57.794+0000] {processor.py:826} INFO - Processing file /opt/airflow/dags/controller_dag.py for tasks to queue
[2023-06-18T19:02:57.795+0000] {logging_mixin.py:149} INFO - [2023-06-18T19:02:57.795+0000] {dagbag.py:541} INFO - Filling up the DagBag from /opt/airflow/dags/controller_dag.py
[2023-06-18T19:02:57.804+0000] {processor.py:836} INFO - DAG(s) dict_keys(['dbt-gcp-dag-controller']) retrieved from /opt/airflow/dags/controller_dag.py
[2023-06-18T19:02:57.992+0000] {logging_mixin.py:149} INFO - [2023-06-18T19:02:57.991+0000] {dag.py:2726} INFO - Sync 1 DAGs
[2023-06-18T19:02:58.004+0000] {logging_mixin.py:149} INFO - [2023-06-18T19:02:58.004+0000] {dag.py:3486} INFO - Setting next_dagrun for dbt-gcp-dag-controller to 2023-06-18T19:00:00+00:00, run_after=2023-06-18T19:03:00+00:00
[2023-06-18T19:02:58.016+0000] {processor.py:179} INFO - Processing /opt/airflow/dags/controller_dag.py took 0.226 seconds
[2023-06-18T19:03:28.798+0000] {processor.py:157} INFO - Started process (PID=2856) to work on /opt/airflow/dags/controller_dag.py
[2023-06-18T19:03:28.800+0000] {processor.py:826} INFO - Processing file /opt/airflow/dags/controller_dag.py for tasks to queue
[2023-06-18T19:03:28.801+0000] {logging_mixin.py:149} INFO - [2023-06-18T19:03:28.801+0000] {dagbag.py:541} INFO - Filling up the DagBag from /opt/airflow/dags/controller_dag.py
[2023-06-18T19:03:28.815+0000] {processor.py:836} INFO - DAG(s) dict_keys(['dbt-gcp-dag-controller']) retrieved from /opt/airflow/dags/controller_dag.py
[2023-06-18T19:03:29.035+0000] {logging_mixin.py:149} INFO - [2023-06-18T19:03:29.035+0000] {dag.py:2726} INFO - Sync 1 DAGs
[2023-06-18T19:03:29.047+0000] {logging_mixin.py:149} INFO - [2023-06-18T19:03:29.047+0000] {dag.py:3486} INFO - Setting next_dagrun for dbt-gcp-dag-controller to 2023-06-18T19:03:00+00:00, run_after=2023-06-18T19:06:00+00:00
[2023-06-18T19:03:29.059+0000] {processor.py:179} INFO - Processing /opt/airflow/dags/controller_dag.py took 0.266 seconds
[2023-06-18T19:03:59.421+0000] {processor.py:157} INFO - Started process (PID=2913) to work on /opt/airflow/dags/controller_dag.py
[2023-06-18T19:03:59.422+0000] {processor.py:826} INFO - Processing file /opt/airflow/dags/controller_dag.py for tasks to queue
[2023-06-18T19:03:59.423+0000] {logging_mixin.py:149} INFO - [2023-06-18T19:03:59.423+0000] {dagbag.py:541} INFO - Filling up the DagBag from /opt/airflow/dags/controller_dag.py
[2023-06-18T19:03:59.431+0000] {processor.py:836} INFO - DAG(s) dict_keys(['dbt-gcp-dag-controller']) retrieved from /opt/airflow/dags/controller_dag.py
[2023-06-18T19:03:59.603+0000] {logging_mixin.py:149} INFO - [2023-06-18T19:03:59.603+0000] {dag.py:2726} INFO - Sync 1 DAGs
[2023-06-18T19:03:59.614+0000] {logging_mixin.py:149} INFO - [2023-06-18T19:03:59.614+0000] {dag.py:3486} INFO - Setting next_dagrun for dbt-gcp-dag-controller to 2023-06-18T19:03:00+00:00, run_after=2023-06-18T19:06:00+00:00
[2023-06-18T19:03:59.624+0000] {processor.py:179} INFO - Processing /opt/airflow/dags/controller_dag.py took 0.206 seconds
[2023-06-18T19:04:29.948+0000] {processor.py:157} INFO - Started process (PID=2969) to work on /opt/airflow/dags/controller_dag.py
[2023-06-18T19:04:29.949+0000] {processor.py:826} INFO - Processing file /opt/airflow/dags/controller_dag.py for tasks to queue
[2023-06-18T19:04:29.950+0000] {logging_mixin.py:149} INFO - [2023-06-18T19:04:29.950+0000] {dagbag.py:541} INFO - Filling up the DagBag from /opt/airflow/dags/controller_dag.py
[2023-06-18T19:04:29.957+0000] {processor.py:836} INFO - DAG(s) dict_keys(['dbt-gcp-dag-controller']) retrieved from /opt/airflow/dags/controller_dag.py
[2023-06-18T19:04:30.016+0000] {logging_mixin.py:149} INFO - [2023-06-18T19:04:30.016+0000] {dag.py:2726} INFO - Sync 1 DAGs
[2023-06-18T19:04:30.029+0000] {logging_mixin.py:149} INFO - [2023-06-18T19:04:30.029+0000] {dag.py:3486} INFO - Setting next_dagrun for dbt-gcp-dag-controller to 2023-06-18T19:03:00+00:00, run_after=2023-06-18T19:06:00+00:00
[2023-06-18T19:04:30.040+0000] {processor.py:179} INFO - Processing /opt/airflow/dags/controller_dag.py took 0.093 seconds
[2023-06-18T19:05:00.655+0000] {processor.py:157} INFO - Started process (PID=3024) to work on /opt/airflow/dags/controller_dag.py
[2023-06-18T19:05:00.657+0000] {processor.py:826} INFO - Processing file /opt/airflow/dags/controller_dag.py for tasks to queue
[2023-06-18T19:05:00.657+0000] {logging_mixin.py:149} INFO - [2023-06-18T19:05:00.657+0000] {dagbag.py:541} INFO - Filling up the DagBag from /opt/airflow/dags/controller_dag.py
[2023-06-18T19:05:00.665+0000] {processor.py:836} INFO - DAG(s) dict_keys(['dbt-gcp-dag-controller']) retrieved from /opt/airflow/dags/controller_dag.py
[2023-06-18T19:05:00.728+0000] {logging_mixin.py:149} INFO - [2023-06-18T19:05:00.728+0000] {dag.py:2726} INFO - Sync 1 DAGs
[2023-06-18T19:05:00.740+0000] {logging_mixin.py:149} INFO - [2023-06-18T19:05:00.740+0000] {dag.py:3486} INFO - Setting next_dagrun for dbt-gcp-dag-controller to 2023-06-18T19:03:00+00:00, run_after=2023-06-18T19:06:00+00:00
[2023-06-18T19:05:00.751+0000] {processor.py:179} INFO - Processing /opt/airflow/dags/controller_dag.py took 0.098 seconds
[2023-06-18T19:05:31.382+0000] {processor.py:157} INFO - Started process (PID=3079) to work on /opt/airflow/dags/controller_dag.py
[2023-06-18T19:05:31.384+0000] {processor.py:826} INFO - Processing file /opt/airflow/dags/controller_dag.py for tasks to queue
[2023-06-18T19:05:31.385+0000] {logging_mixin.py:149} INFO - [2023-06-18T19:05:31.385+0000] {dagbag.py:541} INFO - Filling up the DagBag from /opt/airflow/dags/controller_dag.py
[2023-06-18T19:05:31.392+0000] {processor.py:836} INFO - DAG(s) dict_keys(['dbt-gcp-dag-controller']) retrieved from /opt/airflow/dags/controller_dag.py
[2023-06-18T19:05:31.454+0000] {logging_mixin.py:149} INFO - [2023-06-18T19:05:31.454+0000] {dag.py:2726} INFO - Sync 1 DAGs
[2023-06-18T19:05:31.467+0000] {logging_mixin.py:149} INFO - [2023-06-18T19:05:31.467+0000] {dag.py:3486} INFO - Setting next_dagrun for dbt-gcp-dag-controller to 2023-06-18T19:03:00+00:00, run_after=2023-06-18T19:06:00+00:00
[2023-06-18T19:05:31.480+0000] {processor.py:179} INFO - Processing /opt/airflow/dags/controller_dag.py took 0.100 seconds
[2023-06-18T19:06:02.021+0000] {processor.py:157} INFO - Started process (PID=3135) to work on /opt/airflow/dags/controller_dag.py
[2023-06-18T19:06:02.022+0000] {processor.py:826} INFO - Processing file /opt/airflow/dags/controller_dag.py for tasks to queue
[2023-06-18T19:06:02.023+0000] {logging_mixin.py:149} INFO - [2023-06-18T19:06:02.022+0000] {dagbag.py:541} INFO - Filling up the DagBag from /opt/airflow/dags/controller_dag.py
[2023-06-18T19:06:02.030+0000] {processor.py:836} INFO - DAG(s) dict_keys(['dbt-gcp-dag-controller']) retrieved from /opt/airflow/dags/controller_dag.py
[2023-06-18T19:06:02.091+0000] {logging_mixin.py:149} INFO - [2023-06-18T19:06:02.091+0000] {dag.py:2726} INFO - Sync 1 DAGs
[2023-06-18T19:06:02.103+0000] {logging_mixin.py:149} INFO - [2023-06-18T19:06:02.103+0000] {dag.py:3486} INFO - Setting next_dagrun for dbt-gcp-dag-controller to 2023-06-18T19:06:00+00:00, run_after=2023-06-18T19:09:00+00:00
[2023-06-18T19:06:02.113+0000] {processor.py:179} INFO - Processing /opt/airflow/dags/controller_dag.py took 0.095 seconds
[2023-06-18T19:06:32.726+0000] {processor.py:157} INFO - Started process (PID=3191) to work on /opt/airflow/dags/controller_dag.py
[2023-06-18T19:06:32.727+0000] {processor.py:826} INFO - Processing file /opt/airflow/dags/controller_dag.py for tasks to queue
[2023-06-18T19:06:32.728+0000] {logging_mixin.py:149} INFO - [2023-06-18T19:06:32.728+0000] {dagbag.py:541} INFO - Filling up the DagBag from /opt/airflow/dags/controller_dag.py
[2023-06-18T19:06:32.735+0000] {processor.py:836} INFO - DAG(s) dict_keys(['dbt-gcp-dag-controller']) retrieved from /opt/airflow/dags/controller_dag.py
[2023-06-18T19:06:32.799+0000] {logging_mixin.py:149} INFO - [2023-06-18T19:06:32.798+0000] {dag.py:2726} INFO - Sync 1 DAGs
[2023-06-18T19:06:32.813+0000] {logging_mixin.py:149} INFO - [2023-06-18T19:06:32.813+0000] {dag.py:3486} INFO - Setting next_dagrun for dbt-gcp-dag-controller to 2023-06-18T19:06:00+00:00, run_after=2023-06-18T19:09:00+00:00
[2023-06-18T19:06:32.824+0000] {processor.py:179} INFO - Processing /opt/airflow/dags/controller_dag.py took 0.101 seconds
[2023-06-18T19:07:03.298+0000] {processor.py:157} INFO - Started process (PID=3247) to work on /opt/airflow/dags/controller_dag.py
[2023-06-18T19:07:03.299+0000] {processor.py:826} INFO - Processing file /opt/airflow/dags/controller_dag.py for tasks to queue
[2023-06-18T19:07:03.300+0000] {logging_mixin.py:149} INFO - [2023-06-18T19:07:03.300+0000] {dagbag.py:541} INFO - Filling up the DagBag from /opt/airflow/dags/controller_dag.py
[2023-06-18T19:07:03.307+0000] {processor.py:836} INFO - DAG(s) dict_keys(['dbt-gcp-dag-controller']) retrieved from /opt/airflow/dags/controller_dag.py
[2023-06-18T19:07:03.369+0000] {logging_mixin.py:149} INFO - [2023-06-18T19:07:03.368+0000] {dag.py:2726} INFO - Sync 1 DAGs
[2023-06-18T19:07:03.381+0000] {logging_mixin.py:149} INFO - [2023-06-18T19:07:03.381+0000] {dag.py:3486} INFO - Setting next_dagrun for dbt-gcp-dag-controller to 2023-06-18T19:06:00+00:00, run_after=2023-06-18T19:09:00+00:00
[2023-06-18T19:07:03.394+0000] {processor.py:179} INFO - Processing /opt/airflow/dags/controller_dag.py took 0.099 seconds
[2023-06-18T19:07:34.031+0000] {processor.py:157} INFO - Started process (PID=3303) to work on /opt/airflow/dags/controller_dag.py
[2023-06-18T19:07:34.032+0000] {processor.py:826} INFO - Processing file /opt/airflow/dags/controller_dag.py for tasks to queue
[2023-06-18T19:07:34.032+0000] {logging_mixin.py:149} INFO - [2023-06-18T19:07:34.032+0000] {dagbag.py:541} INFO - Filling up the DagBag from /opt/airflow/dags/controller_dag.py
[2023-06-18T19:07:34.040+0000] {processor.py:836} INFO - DAG(s) dict_keys(['dbt-gcp-dag-controller']) retrieved from /opt/airflow/dags/controller_dag.py
[2023-06-18T19:07:34.103+0000] {logging_mixin.py:149} INFO - [2023-06-18T19:07:34.103+0000] {dag.py:2726} INFO - Sync 1 DAGs
[2023-06-18T19:07:34.116+0000] {logging_mixin.py:149} INFO - [2023-06-18T19:07:34.116+0000] {dag.py:3486} INFO - Setting next_dagrun for dbt-gcp-dag-controller to 2023-06-18T19:06:00+00:00, run_after=2023-06-18T19:09:00+00:00
[2023-06-18T19:07:34.126+0000] {processor.py:179} INFO - Processing /opt/airflow/dags/controller_dag.py took 0.098 seconds
[2023-06-18T19:08:04.955+0000] {processor.py:157} INFO - Started process (PID=3359) to work on /opt/airflow/dags/controller_dag.py
[2023-06-18T19:08:04.956+0000] {processor.py:826} INFO - Processing file /opt/airflow/dags/controller_dag.py for tasks to queue
[2023-06-18T19:08:04.957+0000] {logging_mixin.py:149} INFO - [2023-06-18T19:08:04.957+0000] {dagbag.py:541} INFO - Filling up the DagBag from /opt/airflow/dags/controller_dag.py
[2023-06-18T19:08:04.964+0000] {processor.py:836} INFO - DAG(s) dict_keys(['dbt-gcp-dag-controller']) retrieved from /opt/airflow/dags/controller_dag.py
[2023-06-18T19:08:05.028+0000] {logging_mixin.py:149} INFO - [2023-06-18T19:08:05.028+0000] {dag.py:2726} INFO - Sync 1 DAGs
[2023-06-18T19:08:05.041+0000] {logging_mixin.py:149} INFO - [2023-06-18T19:08:05.041+0000] {dag.py:3486} INFO - Setting next_dagrun for dbt-gcp-dag-controller to 2023-06-18T19:06:00+00:00, run_after=2023-06-18T19:09:00+00:00
[2023-06-18T19:08:05.051+0000] {processor.py:179} INFO - Processing /opt/airflow/dags/controller_dag.py took 0.099 seconds
[2023-06-18T19:08:35.820+0000] {processor.py:157} INFO - Started process (PID=3415) to work on /opt/airflow/dags/controller_dag.py
[2023-06-18T19:08:35.821+0000] {processor.py:826} INFO - Processing file /opt/airflow/dags/controller_dag.py for tasks to queue
[2023-06-18T19:08:35.822+0000] {logging_mixin.py:149} INFO - [2023-06-18T19:08:35.822+0000] {dagbag.py:541} INFO - Filling up the DagBag from /opt/airflow/dags/controller_dag.py
[2023-06-18T19:08:35.829+0000] {processor.py:836} INFO - DAG(s) dict_keys(['dbt-gcp-dag-controller']) retrieved from /opt/airflow/dags/controller_dag.py
[2023-06-18T19:08:35.893+0000] {logging_mixin.py:149} INFO - [2023-06-18T19:08:35.892+0000] {dag.py:2726} INFO - Sync 1 DAGs
[2023-06-18T19:08:35.905+0000] {logging_mixin.py:149} INFO - [2023-06-18T19:08:35.905+0000] {dag.py:3486} INFO - Setting next_dagrun for dbt-gcp-dag-controller to 2023-06-18T19:06:00+00:00, run_after=2023-06-18T19:09:00+00:00
[2023-06-18T19:08:35.917+0000] {processor.py:179} INFO - Processing /opt/airflow/dags/controller_dag.py took 0.100 seconds
[2023-06-18T19:09:06.429+0000] {processor.py:157} INFO - Started process (PID=3471) to work on /opt/airflow/dags/controller_dag.py
[2023-06-18T19:09:06.430+0000] {processor.py:826} INFO - Processing file /opt/airflow/dags/controller_dag.py for tasks to queue
[2023-06-18T19:09:06.431+0000] {logging_mixin.py:149} INFO - [2023-06-18T19:09:06.431+0000] {dagbag.py:541} INFO - Filling up the DagBag from /opt/airflow/dags/controller_dag.py
[2023-06-18T19:09:06.438+0000] {processor.py:836} INFO - DAG(s) dict_keys(['dbt-gcp-dag-controller']) retrieved from /opt/airflow/dags/controller_dag.py
[2023-06-18T19:09:06.501+0000] {logging_mixin.py:149} INFO - [2023-06-18T19:09:06.501+0000] {dag.py:2726} INFO - Sync 1 DAGs
[2023-06-18T19:09:06.513+0000] {logging_mixin.py:149} INFO - [2023-06-18T19:09:06.513+0000] {dag.py:3486} INFO - Setting next_dagrun for dbt-gcp-dag-controller to 2023-06-18T19:09:00+00:00, run_after=2023-06-18T19:12:00+00:00
[2023-06-18T19:09:06.523+0000] {processor.py:179} INFO - Processing /opt/airflow/dags/controller_dag.py took 0.097 seconds
[2023-06-18T19:09:37.277+0000] {processor.py:157} INFO - Started process (PID=3527) to work on /opt/airflow/dags/controller_dag.py
[2023-06-18T19:09:37.278+0000] {processor.py:826} INFO - Processing file /opt/airflow/dags/controller_dag.py for tasks to queue
[2023-06-18T19:09:37.279+0000] {logging_mixin.py:149} INFO - [2023-06-18T19:09:37.279+0000] {dagbag.py:541} INFO - Filling up the DagBag from /opt/airflow/dags/controller_dag.py
[2023-06-18T19:09:37.286+0000] {processor.py:836} INFO - DAG(s) dict_keys(['dbt-gcp-dag-controller']) retrieved from /opt/airflow/dags/controller_dag.py
[2023-06-18T19:09:37.347+0000] {logging_mixin.py:149} INFO - [2023-06-18T19:09:37.347+0000] {dag.py:2726} INFO - Sync 1 DAGs
[2023-06-18T19:09:37.360+0000] {logging_mixin.py:149} INFO - [2023-06-18T19:09:37.360+0000] {dag.py:3486} INFO - Setting next_dagrun for dbt-gcp-dag-controller to 2023-06-18T19:09:00+00:00, run_after=2023-06-18T19:12:00+00:00
[2023-06-18T19:09:37.371+0000] {processor.py:179} INFO - Processing /opt/airflow/dags/controller_dag.py took 0.097 seconds
[2023-06-18T19:10:07.932+0000] {processor.py:157} INFO - Started process (PID=3583) to work on /opt/airflow/dags/controller_dag.py
[2023-06-18T19:10:07.933+0000] {processor.py:826} INFO - Processing file /opt/airflow/dags/controller_dag.py for tasks to queue
[2023-06-18T19:10:07.934+0000] {logging_mixin.py:149} INFO - [2023-06-18T19:10:07.933+0000] {dagbag.py:541} INFO - Filling up the DagBag from /opt/airflow/dags/controller_dag.py
[2023-06-18T19:10:07.941+0000] {processor.py:836} INFO - DAG(s) dict_keys(['dbt-gcp-dag-controller']) retrieved from /opt/airflow/dags/controller_dag.py
[2023-06-18T19:10:08.008+0000] {logging_mixin.py:149} INFO - [2023-06-18T19:10:08.007+0000] {dag.py:2726} INFO - Sync 1 DAGs
[2023-06-18T19:10:08.021+0000] {logging_mixin.py:149} INFO - [2023-06-18T19:10:08.021+0000] {dag.py:3486} INFO - Setting next_dagrun for dbt-gcp-dag-controller to 2023-06-18T19:09:00+00:00, run_after=2023-06-18T19:12:00+00:00
[2023-06-18T19:10:08.032+0000] {processor.py:179} INFO - Processing /opt/airflow/dags/controller_dag.py took 0.103 seconds
[2023-06-18T19:10:38.736+0000] {processor.py:157} INFO - Started process (PID=3639) to work on /opt/airflow/dags/controller_dag.py
[2023-06-18T19:10:38.737+0000] {processor.py:826} INFO - Processing file /opt/airflow/dags/controller_dag.py for tasks to queue
[2023-06-18T19:10:38.738+0000] {logging_mixin.py:149} INFO - [2023-06-18T19:10:38.738+0000] {dagbag.py:541} INFO - Filling up the DagBag from /opt/airflow/dags/controller_dag.py
[2023-06-18T19:10:38.745+0000] {processor.py:836} INFO - DAG(s) dict_keys(['dbt-gcp-dag-controller']) retrieved from /opt/airflow/dags/controller_dag.py
[2023-06-18T19:10:38.807+0000] {logging_mixin.py:149} INFO - [2023-06-18T19:10:38.807+0000] {dag.py:2726} INFO - Sync 1 DAGs
[2023-06-18T19:10:38.821+0000] {logging_mixin.py:149} INFO - [2023-06-18T19:10:38.821+0000] {dag.py:3486} INFO - Setting next_dagrun for dbt-gcp-dag-controller to 2023-06-18T19:09:00+00:00, run_after=2023-06-18T19:12:00+00:00
[2023-06-18T19:10:38.831+0000] {processor.py:179} INFO - Processing /opt/airflow/dags/controller_dag.py took 0.098 seconds
[2023-06-18T19:11:09.456+0000] {processor.py:157} INFO - Started process (PID=3695) to work on /opt/airflow/dags/controller_dag.py
[2023-06-18T19:11:09.457+0000] {processor.py:826} INFO - Processing file /opt/airflow/dags/controller_dag.py for tasks to queue
[2023-06-18T19:11:09.458+0000] {logging_mixin.py:149} INFO - [2023-06-18T19:11:09.458+0000] {dagbag.py:541} INFO - Filling up the DagBag from /opt/airflow/dags/controller_dag.py
[2023-06-18T19:11:09.465+0000] {processor.py:836} INFO - DAG(s) dict_keys(['dbt-gcp-dag-controller']) retrieved from /opt/airflow/dags/controller_dag.py
[2023-06-18T19:11:09.530+0000] {logging_mixin.py:149} INFO - [2023-06-18T19:11:09.530+0000] {dag.py:2726} INFO - Sync 1 DAGs
[2023-06-18T19:11:09.542+0000] {logging_mixin.py:149} INFO - [2023-06-18T19:11:09.542+0000] {dag.py:3486} INFO - Setting next_dagrun for dbt-gcp-dag-controller to 2023-06-18T19:09:00+00:00, run_after=2023-06-18T19:12:00+00:00
[2023-06-18T19:11:09.552+0000] {processor.py:179} INFO - Processing /opt/airflow/dags/controller_dag.py took 0.099 seconds
[2023-06-18T19:11:40.243+0000] {processor.py:157} INFO - Started process (PID=3758) to work on /opt/airflow/dags/controller_dag.py
[2023-06-18T19:11:40.245+0000] {processor.py:826} INFO - Processing file /opt/airflow/dags/controller_dag.py for tasks to queue
[2023-06-18T19:11:40.246+0000] {logging_mixin.py:149} INFO - [2023-06-18T19:11:40.246+0000] {dagbag.py:541} INFO - Filling up the DagBag from /opt/airflow/dags/controller_dag.py
[2023-06-18T19:11:40.257+0000] {processor.py:836} INFO - DAG(s) dict_keys(['dbt-gcp-dag-controller']) retrieved from /opt/airflow/dags/controller_dag.py
[2023-06-18T19:11:40.345+0000] {logging_mixin.py:149} INFO - [2023-06-18T19:11:40.344+0000] {dag.py:2726} INFO - Sync 1 DAGs
[2023-06-18T19:11:40.363+0000] {logging_mixin.py:149} INFO - [2023-06-18T19:11:40.363+0000] {dag.py:3486} INFO - Setting next_dagrun for dbt-gcp-dag-controller to 2023-06-18T19:09:00+00:00, run_after=2023-06-18T19:12:00+00:00
[2023-06-18T19:11:40.381+0000] {processor.py:179} INFO - Processing /opt/airflow/dags/controller_dag.py took 0.143 seconds
[2023-06-18T19:12:11.002+0000] {processor.py:157} INFO - Started process (PID=3815) to work on /opt/airflow/dags/controller_dag.py
[2023-06-18T19:12:11.003+0000] {processor.py:826} INFO - Processing file /opt/airflow/dags/controller_dag.py for tasks to queue
[2023-06-18T19:12:11.004+0000] {logging_mixin.py:149} INFO - [2023-06-18T19:12:11.004+0000] {dagbag.py:541} INFO - Filling up the DagBag from /opt/airflow/dags/controller_dag.py
[2023-06-18T19:12:11.011+0000] {processor.py:836} INFO - DAG(s) dict_keys(['dbt-gcp-dag-controller']) retrieved from /opt/airflow/dags/controller_dag.py
[2023-06-18T19:12:11.076+0000] {logging_mixin.py:149} INFO - [2023-06-18T19:12:11.076+0000] {dag.py:2726} INFO - Sync 1 DAGs
[2023-06-18T19:12:11.089+0000] {logging_mixin.py:149} INFO - [2023-06-18T19:12:11.089+0000] {dag.py:3486} INFO - Setting next_dagrun for dbt-gcp-dag-controller to 2023-06-18T19:12:00+00:00, run_after=2023-06-18T19:15:00+00:00
[2023-06-18T19:12:11.102+0000] {processor.py:179} INFO - Processing /opt/airflow/dags/controller_dag.py took 0.103 seconds
[2023-06-18T19:12:41.223+0000] {processor.py:157} INFO - Started process (PID=3871) to work on /opt/airflow/dags/controller_dag.py
[2023-06-18T19:12:41.224+0000] {processor.py:826} INFO - Processing file /opt/airflow/dags/controller_dag.py for tasks to queue
[2023-06-18T19:12:41.226+0000] {logging_mixin.py:149} INFO - [2023-06-18T19:12:41.226+0000] {dagbag.py:541} INFO - Filling up the DagBag from /opt/airflow/dags/controller_dag.py
[2023-06-18T19:12:41.235+0000] {processor.py:836} INFO - DAG(s) dict_keys(['dbt-gcp-dag-controller']) retrieved from /opt/airflow/dags/controller_dag.py
[2023-06-18T19:12:41.311+0000] {logging_mixin.py:149} INFO - [2023-06-18T19:12:41.311+0000] {dag.py:2726} INFO - Sync 1 DAGs
[2023-06-18T19:12:41.327+0000] {logging_mixin.py:149} INFO - [2023-06-18T19:12:41.327+0000] {dag.py:3486} INFO - Setting next_dagrun for dbt-gcp-dag-controller to 2023-06-18T19:12:00+00:00, run_after=2023-06-18T19:15:00+00:00
[2023-06-18T19:12:41.343+0000] {processor.py:179} INFO - Processing /opt/airflow/dags/controller_dag.py took 0.123 seconds
[2023-06-18T19:13:12.299+0000] {processor.py:157} INFO - Started process (PID=3927) to work on /opt/airflow/dags/controller_dag.py
[2023-06-18T19:13:12.300+0000] {processor.py:826} INFO - Processing file /opt/airflow/dags/controller_dag.py for tasks to queue
[2023-06-18T19:13:12.301+0000] {logging_mixin.py:149} INFO - [2023-06-18T19:13:12.301+0000] {dagbag.py:541} INFO - Filling up the DagBag from /opt/airflow/dags/controller_dag.py
[2023-06-18T19:13:12.309+0000] {processor.py:836} INFO - DAG(s) dict_keys(['dbt-gcp-dag-controller']) retrieved from /opt/airflow/dags/controller_dag.py
[2023-06-18T19:13:12.372+0000] {logging_mixin.py:149} INFO - [2023-06-18T19:13:12.372+0000] {dag.py:2726} INFO - Sync 1 DAGs
[2023-06-18T19:13:12.385+0000] {logging_mixin.py:149} INFO - [2023-06-18T19:13:12.385+0000] {dag.py:3486} INFO - Setting next_dagrun for dbt-gcp-dag-controller to 2023-06-18T19:12:00+00:00, run_after=2023-06-18T19:15:00+00:00
[2023-06-18T19:13:12.395+0000] {processor.py:179} INFO - Processing /opt/airflow/dags/controller_dag.py took 0.098 seconds
[2023-06-18T19:13:42.614+0000] {processor.py:157} INFO - Started process (PID=3983) to work on /opt/airflow/dags/controller_dag.py
[2023-06-18T19:13:42.615+0000] {processor.py:826} INFO - Processing file /opt/airflow/dags/controller_dag.py for tasks to queue
[2023-06-18T19:13:42.616+0000] {logging_mixin.py:149} INFO - [2023-06-18T19:13:42.616+0000] {dagbag.py:541} INFO - Filling up the DagBag from /opt/airflow/dags/controller_dag.py
[2023-06-18T19:13:42.624+0000] {processor.py:836} INFO - DAG(s) dict_keys(['dbt-gcp-dag-controller']) retrieved from /opt/airflow/dags/controller_dag.py
[2023-06-18T19:13:42.696+0000] {logging_mixin.py:149} INFO - [2023-06-18T19:13:42.696+0000] {dag.py:2726} INFO - Sync 1 DAGs
[2023-06-18T19:13:42.710+0000] {logging_mixin.py:149} INFO - [2023-06-18T19:13:42.710+0000] {dag.py:3486} INFO - Setting next_dagrun for dbt-gcp-dag-controller to 2023-06-18T19:12:00+00:00, run_after=2023-06-18T19:15:00+00:00
[2023-06-18T19:13:42.723+0000] {processor.py:179} INFO - Processing /opt/airflow/dags/controller_dag.py took 0.112 seconds
[2023-06-18T19:14:13.523+0000] {processor.py:157} INFO - Started process (PID=4039) to work on /opt/airflow/dags/controller_dag.py
[2023-06-18T19:14:13.525+0000] {processor.py:826} INFO - Processing file /opt/airflow/dags/controller_dag.py for tasks to queue
[2023-06-18T19:14:13.526+0000] {logging_mixin.py:149} INFO - [2023-06-18T19:14:13.526+0000] {dagbag.py:541} INFO - Filling up the DagBag from /opt/airflow/dags/controller_dag.py
[2023-06-18T19:14:13.535+0000] {processor.py:836} INFO - DAG(s) dict_keys(['dbt-gcp-dag-controller']) retrieved from /opt/airflow/dags/controller_dag.py
[2023-06-18T19:14:13.615+0000] {logging_mixin.py:149} INFO - [2023-06-18T19:14:13.615+0000] {dag.py:2726} INFO - Sync 1 DAGs
[2023-06-18T19:14:13.635+0000] {logging_mixin.py:149} INFO - [2023-06-18T19:14:13.635+0000] {dag.py:3486} INFO - Setting next_dagrun for dbt-gcp-dag-controller to 2023-06-18T19:12:00+00:00, run_after=2023-06-18T19:15:00+00:00
[2023-06-18T19:14:13.655+0000] {processor.py:179} INFO - Processing /opt/airflow/dags/controller_dag.py took 0.134 seconds
[2023-06-18T19:14:44.632+0000] {processor.py:157} INFO - Started process (PID=4095) to work on /opt/airflow/dags/controller_dag.py
[2023-06-18T19:14:44.634+0000] {processor.py:826} INFO - Processing file /opt/airflow/dags/controller_dag.py for tasks to queue
[2023-06-18T19:14:44.634+0000] {logging_mixin.py:149} INFO - [2023-06-18T19:14:44.634+0000] {dagbag.py:541} INFO - Filling up the DagBag from /opt/airflow/dags/controller_dag.py
[2023-06-18T19:14:44.643+0000] {processor.py:836} INFO - DAG(s) dict_keys(['dbt-gcp-dag-controller']) retrieved from /opt/airflow/dags/controller_dag.py
[2023-06-18T19:14:44.708+0000] {logging_mixin.py:149} INFO - [2023-06-18T19:14:44.707+0000] {dag.py:2726} INFO - Sync 1 DAGs
[2023-06-18T19:14:44.721+0000] {logging_mixin.py:149} INFO - [2023-06-18T19:14:44.721+0000] {dag.py:3486} INFO - Setting next_dagrun for dbt-gcp-dag-controller to 2023-06-18T19:12:00+00:00, run_after=2023-06-18T19:15:00+00:00
[2023-06-18T19:14:44.733+0000] {processor.py:179} INFO - Processing /opt/airflow/dags/controller_dag.py took 0.103 seconds
[2023-06-18T19:15:15.675+0000] {processor.py:157} INFO - Started process (PID=4151) to work on /opt/airflow/dags/controller_dag.py
[2023-06-18T19:15:15.675+0000] {processor.py:826} INFO - Processing file /opt/airflow/dags/controller_dag.py for tasks to queue
[2023-06-18T19:15:15.676+0000] {logging_mixin.py:149} INFO - [2023-06-18T19:15:15.676+0000] {dagbag.py:541} INFO - Filling up the DagBag from /opt/airflow/dags/controller_dag.py
[2023-06-18T19:15:15.684+0000] {processor.py:836} INFO - DAG(s) dict_keys(['dbt-gcp-dag-controller']) retrieved from /opt/airflow/dags/controller_dag.py
[2023-06-18T19:15:15.751+0000] {logging_mixin.py:149} INFO - [2023-06-18T19:15:15.751+0000] {dag.py:2726} INFO - Sync 1 DAGs
[2023-06-18T19:15:15.765+0000] {logging_mixin.py:149} INFO - [2023-06-18T19:15:15.765+0000] {dag.py:3486} INFO - Setting next_dagrun for dbt-gcp-dag-controller to 2023-06-18T19:15:00+00:00, run_after=2023-06-18T19:18:00+00:00
[2023-06-18T19:15:15.776+0000] {processor.py:179} INFO - Processing /opt/airflow/dags/controller_dag.py took 0.104 seconds
[2023-06-18T19:15:46.515+0000] {processor.py:157} INFO - Started process (PID=4207) to work on /opt/airflow/dags/controller_dag.py
[2023-06-18T19:15:46.517+0000] {processor.py:826} INFO - Processing file /opt/airflow/dags/controller_dag.py for tasks to queue
[2023-06-18T19:15:46.518+0000] {logging_mixin.py:149} INFO - [2023-06-18T19:15:46.518+0000] {dagbag.py:541} INFO - Filling up the DagBag from /opt/airflow/dags/controller_dag.py
[2023-06-18T19:15:46.526+0000] {processor.py:836} INFO - DAG(s) dict_keys(['dbt-gcp-dag-controller']) retrieved from /opt/airflow/dags/controller_dag.py
[2023-06-18T19:15:46.591+0000] {logging_mixin.py:149} INFO - [2023-06-18T19:15:46.591+0000] {dag.py:2726} INFO - Sync 1 DAGs
[2023-06-18T19:15:46.605+0000] {logging_mixin.py:149} INFO - [2023-06-18T19:15:46.605+0000] {dag.py:3486} INFO - Setting next_dagrun for dbt-gcp-dag-controller to 2023-06-18T19:15:00+00:00, run_after=2023-06-18T19:18:00+00:00
[2023-06-18T19:15:46.616+0000] {processor.py:179} INFO - Processing /opt/airflow/dags/controller_dag.py took 0.104 seconds
[2023-06-18T19:16:17.391+0000] {processor.py:157} INFO - Started process (PID=4263) to work on /opt/airflow/dags/controller_dag.py
[2023-06-18T19:16:17.392+0000] {processor.py:826} INFO - Processing file /opt/airflow/dags/controller_dag.py for tasks to queue
[2023-06-18T19:16:17.393+0000] {logging_mixin.py:149} INFO - [2023-06-18T19:16:17.393+0000] {dagbag.py:541} INFO - Filling up the DagBag from /opt/airflow/dags/controller_dag.py
[2023-06-18T19:16:17.406+0000] {processor.py:836} INFO - DAG(s) dict_keys(['dbt-gcp-dag-controller']) retrieved from /opt/airflow/dags/controller_dag.py
[2023-06-18T19:16:17.478+0000] {logging_mixin.py:149} INFO - [2023-06-18T19:16:17.478+0000] {dag.py:2726} INFO - Sync 1 DAGs
[2023-06-18T19:16:17.493+0000] {logging_mixin.py:149} INFO - [2023-06-18T19:16:17.493+0000] {dag.py:3486} INFO - Setting next_dagrun for dbt-gcp-dag-controller to 2023-06-18T19:15:00+00:00, run_after=2023-06-18T19:18:00+00:00
[2023-06-18T19:16:17.505+0000] {processor.py:179} INFO - Processing /opt/airflow/dags/controller_dag.py took 0.117 seconds
[2023-06-18T19:16:48.177+0000] {processor.py:157} INFO - Started process (PID=4319) to work on /opt/airflow/dags/controller_dag.py
[2023-06-18T19:16:48.178+0000] {processor.py:826} INFO - Processing file /opt/airflow/dags/controller_dag.py for tasks to queue
[2023-06-18T19:16:48.180+0000] {logging_mixin.py:149} INFO - [2023-06-18T19:16:48.180+0000] {dagbag.py:541} INFO - Filling up the DagBag from /opt/airflow/dags/controller_dag.py
[2023-06-18T19:16:48.188+0000] {processor.py:836} INFO - DAG(s) dict_keys(['dbt-gcp-dag-controller']) retrieved from /opt/airflow/dags/controller_dag.py
[2023-06-18T19:16:48.253+0000] {logging_mixin.py:149} INFO - [2023-06-18T19:16:48.253+0000] {dag.py:2726} INFO - Sync 1 DAGs
[2023-06-18T19:16:48.268+0000] {logging_mixin.py:149} INFO - [2023-06-18T19:16:48.268+0000] {dag.py:3486} INFO - Setting next_dagrun for dbt-gcp-dag-controller to 2023-06-18T19:15:00+00:00, run_after=2023-06-18T19:18:00+00:00
[2023-06-18T19:16:48.281+0000] {processor.py:179} INFO - Processing /opt/airflow/dags/controller_dag.py took 0.107 seconds
[2023-06-18T19:17:19.098+0000] {processor.py:157} INFO - Started process (PID=4375) to work on /opt/airflow/dags/controller_dag.py
[2023-06-18T19:17:19.099+0000] {processor.py:826} INFO - Processing file /opt/airflow/dags/controller_dag.py for tasks to queue
[2023-06-18T19:17:19.100+0000] {logging_mixin.py:149} INFO - [2023-06-18T19:17:19.100+0000] {dagbag.py:541} INFO - Filling up the DagBag from /opt/airflow/dags/controller_dag.py
[2023-06-18T19:17:19.108+0000] {processor.py:836} INFO - DAG(s) dict_keys(['dbt-gcp-dag-controller']) retrieved from /opt/airflow/dags/controller_dag.py
[2023-06-18T19:17:19.173+0000] {logging_mixin.py:149} INFO - [2023-06-18T19:17:19.173+0000] {dag.py:2726} INFO - Sync 1 DAGs
[2023-06-18T19:17:19.185+0000] {logging_mixin.py:149} INFO - [2023-06-18T19:17:19.185+0000] {dag.py:3486} INFO - Setting next_dagrun for dbt-gcp-dag-controller to 2023-06-18T19:15:00+00:00, run_after=2023-06-18T19:18:00+00:00
[2023-06-18T19:17:19.197+0000] {processor.py:179} INFO - Processing /opt/airflow/dags/controller_dag.py took 0.102 seconds
[2023-06-18T19:17:49.520+0000] {processor.py:157} INFO - Started process (PID=4431) to work on /opt/airflow/dags/controller_dag.py
[2023-06-18T19:17:49.521+0000] {processor.py:826} INFO - Processing file /opt/airflow/dags/controller_dag.py for tasks to queue
[2023-06-18T19:17:49.523+0000] {logging_mixin.py:149} INFO - [2023-06-18T19:17:49.522+0000] {dagbag.py:541} INFO - Filling up the DagBag from /opt/airflow/dags/controller_dag.py
[2023-06-18T19:17:49.536+0000] {processor.py:836} INFO - DAG(s) dict_keys(['dbt-gcp-dag-controller']) retrieved from /opt/airflow/dags/controller_dag.py
[2023-06-18T19:17:49.637+0000] {logging_mixin.py:149} INFO - [2023-06-18T19:17:49.637+0000] {dag.py:2726} INFO - Sync 1 DAGs
[2023-06-18T19:17:49.682+0000] {logging_mixin.py:149} INFO - [2023-06-18T19:17:49.682+0000] {dag.py:3486} INFO - Setting next_dagrun for dbt-gcp-dag-controller to 2023-06-18T19:15:00+00:00, run_after=2023-06-18T19:18:00+00:00
[2023-06-18T19:17:49.698+0000] {processor.py:179} INFO - Processing /opt/airflow/dags/controller_dag.py took 0.181 seconds
[2023-06-18T19:18:20.262+0000] {processor.py:157} INFO - Started process (PID=4487) to work on /opt/airflow/dags/controller_dag.py
[2023-06-18T19:18:20.263+0000] {processor.py:826} INFO - Processing file /opt/airflow/dags/controller_dag.py for tasks to queue
[2023-06-18T19:18:20.264+0000] {logging_mixin.py:149} INFO - [2023-06-18T19:18:20.264+0000] {dagbag.py:541} INFO - Filling up the DagBag from /opt/airflow/dags/controller_dag.py
[2023-06-18T19:18:20.272+0000] {processor.py:836} INFO - DAG(s) dict_keys(['dbt-gcp-dag-controller']) retrieved from /opt/airflow/dags/controller_dag.py
[2023-06-18T19:18:20.337+0000] {logging_mixin.py:149} INFO - [2023-06-18T19:18:20.337+0000] {dag.py:2726} INFO - Sync 1 DAGs
[2023-06-18T19:18:20.351+0000] {logging_mixin.py:149} INFO - [2023-06-18T19:18:20.351+0000] {dag.py:3486} INFO - Setting next_dagrun for dbt-gcp-dag-controller to 2023-06-18T19:18:00+00:00, run_after=2023-06-18T19:21:00+00:00
[2023-06-18T19:18:20.365+0000] {processor.py:179} INFO - Processing /opt/airflow/dags/controller_dag.py took 0.106 seconds
[2023-06-18T19:18:51.355+0000] {processor.py:157} INFO - Started process (PID=4543) to work on /opt/airflow/dags/controller_dag.py
[2023-06-18T19:18:51.357+0000] {processor.py:826} INFO - Processing file /opt/airflow/dags/controller_dag.py for tasks to queue
[2023-06-18T19:18:51.357+0000] {logging_mixin.py:149} INFO - [2023-06-18T19:18:51.357+0000] {dagbag.py:541} INFO - Filling up the DagBag from /opt/airflow/dags/controller_dag.py
[2023-06-18T19:18:51.365+0000] {processor.py:836} INFO - DAG(s) dict_keys(['dbt-gcp-dag-controller']) retrieved from /opt/airflow/dags/controller_dag.py
[2023-06-18T19:18:51.429+0000] {logging_mixin.py:149} INFO - [2023-06-18T19:18:51.429+0000] {dag.py:2726} INFO - Sync 1 DAGs
[2023-06-18T19:18:51.442+0000] {logging_mixin.py:149} INFO - [2023-06-18T19:18:51.442+0000] {dag.py:3486} INFO - Setting next_dagrun for dbt-gcp-dag-controller to 2023-06-18T19:18:00+00:00, run_after=2023-06-18T19:21:00+00:00
[2023-06-18T19:18:51.453+0000] {processor.py:179} INFO - Processing /opt/airflow/dags/controller_dag.py took 0.100 seconds
[2023-06-18T19:19:21.506+0000] {processor.py:157} INFO - Started process (PID=4599) to work on /opt/airflow/dags/controller_dag.py
[2023-06-18T19:19:21.508+0000] {processor.py:826} INFO - Processing file /opt/airflow/dags/controller_dag.py for tasks to queue
[2023-06-18T19:19:21.509+0000] {logging_mixin.py:149} INFO - [2023-06-18T19:19:21.509+0000] {dagbag.py:541} INFO - Filling up the DagBag from /opt/airflow/dags/controller_dag.py
[2023-06-18T19:19:21.516+0000] {processor.py:836} INFO - DAG(s) dict_keys(['dbt-gcp-dag-controller']) retrieved from /opt/airflow/dags/controller_dag.py
[2023-06-18T19:19:21.581+0000] {logging_mixin.py:149} INFO - [2023-06-18T19:19:21.580+0000] {dag.py:2726} INFO - Sync 1 DAGs
[2023-06-18T19:19:21.594+0000] {logging_mixin.py:149} INFO - [2023-06-18T19:19:21.594+0000] {dag.py:3486} INFO - Setting next_dagrun for dbt-gcp-dag-controller to 2023-06-18T19:18:00+00:00, run_after=2023-06-18T19:21:00+00:00
[2023-06-18T19:19:21.605+0000] {processor.py:179} INFO - Processing /opt/airflow/dags/controller_dag.py took 0.101 seconds
[2023-06-18T19:19:51.662+0000] {processor.py:157} INFO - Started process (PID=4655) to work on /opt/airflow/dags/controller_dag.py
[2023-06-18T19:19:51.663+0000] {processor.py:826} INFO - Processing file /opt/airflow/dags/controller_dag.py for tasks to queue
[2023-06-18T19:19:51.664+0000] {logging_mixin.py:149} INFO - [2023-06-18T19:19:51.664+0000] {dagbag.py:541} INFO - Filling up the DagBag from /opt/airflow/dags/controller_dag.py
[2023-06-18T19:19:51.672+0000] {processor.py:836} INFO - DAG(s) dict_keys(['dbt-gcp-dag-controller']) retrieved from /opt/airflow/dags/controller_dag.py
[2023-06-18T19:19:51.737+0000] {logging_mixin.py:149} INFO - [2023-06-18T19:19:51.737+0000] {dag.py:2726} INFO - Sync 1 DAGs
[2023-06-18T19:19:51.749+0000] {logging_mixin.py:149} INFO - [2023-06-18T19:19:51.749+0000] {dag.py:3486} INFO - Setting next_dagrun for dbt-gcp-dag-controller to 2023-06-18T19:18:00+00:00, run_after=2023-06-18T19:21:00+00:00
[2023-06-18T19:19:51.760+0000] {processor.py:179} INFO - Processing /opt/airflow/dags/controller_dag.py took 0.101 seconds
[2023-06-18T19:20:22.737+0000] {processor.py:157} INFO - Started process (PID=4711) to work on /opt/airflow/dags/controller_dag.py
[2023-06-18T19:20:22.738+0000] {processor.py:826} INFO - Processing file /opt/airflow/dags/controller_dag.py for tasks to queue
[2023-06-18T19:20:22.739+0000] {logging_mixin.py:149} INFO - [2023-06-18T19:20:22.739+0000] {dagbag.py:541} INFO - Filling up the DagBag from /opt/airflow/dags/controller_dag.py
[2023-06-18T19:20:22.747+0000] {processor.py:836} INFO - DAG(s) dict_keys(['dbt-gcp-dag-controller']) retrieved from /opt/airflow/dags/controller_dag.py
[2023-06-18T19:20:22.812+0000] {logging_mixin.py:149} INFO - [2023-06-18T19:20:22.812+0000] {dag.py:2726} INFO - Sync 1 DAGs
[2023-06-18T19:20:22.825+0000] {logging_mixin.py:149} INFO - [2023-06-18T19:20:22.825+0000] {dag.py:3486} INFO - Setting next_dagrun for dbt-gcp-dag-controller to 2023-06-18T19:18:00+00:00, run_after=2023-06-18T19:21:00+00:00
[2023-06-18T19:20:22.836+0000] {processor.py:179} INFO - Processing /opt/airflow/dags/controller_dag.py took 0.102 seconds
[2023-06-18T19:20:52.957+0000] {processor.py:157} INFO - Started process (PID=4767) to work on /opt/airflow/dags/controller_dag.py
[2023-06-18T19:20:52.958+0000] {processor.py:826} INFO - Processing file /opt/airflow/dags/controller_dag.py for tasks to queue
[2023-06-18T19:20:52.959+0000] {logging_mixin.py:149} INFO - [2023-06-18T19:20:52.959+0000] {dagbag.py:541} INFO - Filling up the DagBag from /opt/airflow/dags/controller_dag.py
[2023-06-18T19:20:52.967+0000] {processor.py:836} INFO - DAG(s) dict_keys(['dbt-gcp-dag-controller']) retrieved from /opt/airflow/dags/controller_dag.py
[2023-06-18T19:20:53.044+0000] {logging_mixin.py:149} INFO - [2023-06-18T19:20:53.044+0000] {dag.py:2726} INFO - Sync 1 DAGs
[2023-06-18T19:20:53.058+0000] {logging_mixin.py:149} INFO - [2023-06-18T19:20:53.058+0000] {dag.py:3486} INFO - Setting next_dagrun for dbt-gcp-dag-controller to 2023-06-18T19:18:00+00:00, run_after=2023-06-18T19:21:00+00:00
[2023-06-18T19:20:53.072+0000] {processor.py:179} INFO - Processing /opt/airflow/dags/controller_dag.py took 0.117 seconds
[2023-06-18T19:21:23.117+0000] {processor.py:157} INFO - Started process (PID=4823) to work on /opt/airflow/dags/controller_dag.py
[2023-06-18T19:21:23.118+0000] {processor.py:826} INFO - Processing file /opt/airflow/dags/controller_dag.py for tasks to queue
[2023-06-18T19:21:23.119+0000] {logging_mixin.py:149} INFO - [2023-06-18T19:21:23.119+0000] {dagbag.py:541} INFO - Filling up the DagBag from /opt/airflow/dags/controller_dag.py
[2023-06-18T19:21:23.126+0000] {processor.py:836} INFO - DAG(s) dict_keys(['dbt-gcp-dag-controller']) retrieved from /opt/airflow/dags/controller_dag.py
[2023-06-18T19:21:23.193+0000] {logging_mixin.py:149} INFO - [2023-06-18T19:21:23.193+0000] {dag.py:2726} INFO - Sync 1 DAGs
[2023-06-18T19:21:23.206+0000] {logging_mixin.py:149} INFO - [2023-06-18T19:21:23.206+0000] {dag.py:3486} INFO - Setting next_dagrun for dbt-gcp-dag-controller to 2023-06-18T19:21:00+00:00, run_after=2023-06-18T19:24:00+00:00
[2023-06-18T19:21:23.217+0000] {processor.py:179} INFO - Processing /opt/airflow/dags/controller_dag.py took 0.102 seconds
[2023-06-18T19:21:53.281+0000] {processor.py:157} INFO - Started process (PID=4879) to work on /opt/airflow/dags/controller_dag.py
[2023-06-18T19:21:53.282+0000] {processor.py:826} INFO - Processing file /opt/airflow/dags/controller_dag.py for tasks to queue
[2023-06-18T19:21:53.283+0000] {logging_mixin.py:149} INFO - [2023-06-18T19:21:53.283+0000] {dagbag.py:541} INFO - Filling up the DagBag from /opt/airflow/dags/controller_dag.py
[2023-06-18T19:21:53.290+0000] {processor.py:836} INFO - DAG(s) dict_keys(['dbt-gcp-dag-controller']) retrieved from /opt/airflow/dags/controller_dag.py
[2023-06-18T19:21:53.353+0000] {logging_mixin.py:149} INFO - [2023-06-18T19:21:53.352+0000] {dag.py:2726} INFO - Sync 1 DAGs
[2023-06-18T19:21:53.366+0000] {logging_mixin.py:149} INFO - [2023-06-18T19:21:53.366+0000] {dag.py:3486} INFO - Setting next_dagrun for dbt-gcp-dag-controller to 2023-06-18T19:21:00+00:00, run_after=2023-06-18T19:24:00+00:00
[2023-06-18T19:21:53.376+0000] {processor.py:179} INFO - Processing /opt/airflow/dags/controller_dag.py took 0.098 seconds
[2023-06-18T19:22:24.242+0000] {processor.py:157} INFO - Started process (PID=4934) to work on /opt/airflow/dags/controller_dag.py
[2023-06-18T19:22:24.243+0000] {processor.py:826} INFO - Processing file /opt/airflow/dags/controller_dag.py for tasks to queue
[2023-06-18T19:22:24.244+0000] {logging_mixin.py:149} INFO - [2023-06-18T19:22:24.244+0000] {dagbag.py:541} INFO - Filling up the DagBag from /opt/airflow/dags/controller_dag.py
[2023-06-18T19:22:24.251+0000] {processor.py:836} INFO - DAG(s) dict_keys(['dbt-gcp-dag-controller']) retrieved from /opt/airflow/dags/controller_dag.py
[2023-06-18T19:22:24.315+0000] {logging_mixin.py:149} INFO - [2023-06-18T19:22:24.314+0000] {dag.py:2726} INFO - Sync 1 DAGs
[2023-06-18T19:22:24.327+0000] {logging_mixin.py:149} INFO - [2023-06-18T19:22:24.327+0000] {dag.py:3486} INFO - Setting next_dagrun for dbt-gcp-dag-controller to 2023-06-18T19:21:00+00:00, run_after=2023-06-18T19:24:00+00:00
[2023-06-18T19:22:24.339+0000] {processor.py:179} INFO - Processing /opt/airflow/dags/controller_dag.py took 0.100 seconds
[2023-06-18T19:22:55.249+0000] {processor.py:157} INFO - Started process (PID=4991) to work on /opt/airflow/dags/controller_dag.py
[2023-06-18T19:22:55.251+0000] {processor.py:826} INFO - Processing file /opt/airflow/dags/controller_dag.py for tasks to queue
[2023-06-18T19:22:55.251+0000] {logging_mixin.py:149} INFO - [2023-06-18T19:22:55.251+0000] {dagbag.py:541} INFO - Filling up the DagBag from /opt/airflow/dags/controller_dag.py
[2023-06-18T19:22:55.259+0000] {processor.py:836} INFO - DAG(s) dict_keys(['dbt-gcp-dag-controller']) retrieved from /opt/airflow/dags/controller_dag.py
[2023-06-18T19:22:55.322+0000] {logging_mixin.py:149} INFO - [2023-06-18T19:22:55.322+0000] {dag.py:2726} INFO - Sync 1 DAGs
[2023-06-18T19:22:55.335+0000] {logging_mixin.py:149} INFO - [2023-06-18T19:22:55.335+0000] {dag.py:3486} INFO - Setting next_dagrun for dbt-gcp-dag-controller to 2023-06-18T19:21:00+00:00, run_after=2023-06-18T19:24:00+00:00
[2023-06-18T19:22:55.347+0000] {processor.py:179} INFO - Processing /opt/airflow/dags/controller_dag.py took 0.099 seconds
[2023-06-18T19:23:26.130+0000] {processor.py:157} INFO - Started process (PID=5047) to work on /opt/airflow/dags/controller_dag.py
[2023-06-18T19:23:26.132+0000] {processor.py:826} INFO - Processing file /opt/airflow/dags/controller_dag.py for tasks to queue
[2023-06-18T19:23:26.133+0000] {logging_mixin.py:149} INFO - [2023-06-18T19:23:26.132+0000] {dagbag.py:541} INFO - Filling up the DagBag from /opt/airflow/dags/controller_dag.py
[2023-06-18T19:23:26.142+0000] {processor.py:836} INFO - DAG(s) dict_keys(['dbt-gcp-dag-controller']) retrieved from /opt/airflow/dags/controller_dag.py
[2023-06-18T19:23:26.213+0000] {logging_mixin.py:149} INFO - [2023-06-18T19:23:26.212+0000] {dag.py:2726} INFO - Sync 1 DAGs
[2023-06-18T19:23:26.226+0000] {logging_mixin.py:149} INFO - [2023-06-18T19:23:26.226+0000] {dag.py:3486} INFO - Setting next_dagrun for dbt-gcp-dag-controller to 2023-06-18T19:21:00+00:00, run_after=2023-06-18T19:24:00+00:00
[2023-06-18T19:23:26.239+0000] {processor.py:179} INFO - Processing /opt/airflow/dags/controller_dag.py took 0.113 seconds
[2023-06-18T19:23:57.078+0000] {processor.py:157} INFO - Started process (PID=5103) to work on /opt/airflow/dags/controller_dag.py
[2023-06-18T19:23:57.079+0000] {processor.py:826} INFO - Processing file /opt/airflow/dags/controller_dag.py for tasks to queue
[2023-06-18T19:23:57.080+0000] {logging_mixin.py:149} INFO - [2023-06-18T19:23:57.080+0000] {dagbag.py:541} INFO - Filling up the DagBag from /opt/airflow/dags/controller_dag.py
[2023-06-18T19:23:57.088+0000] {processor.py:836} INFO - DAG(s) dict_keys(['dbt-gcp-dag-controller']) retrieved from /opt/airflow/dags/controller_dag.py
[2023-06-18T19:23:57.150+0000] {logging_mixin.py:149} INFO - [2023-06-18T19:23:57.150+0000] {dag.py:2726} INFO - Sync 1 DAGs
[2023-06-18T19:23:57.164+0000] {logging_mixin.py:149} INFO - [2023-06-18T19:23:57.164+0000] {dag.py:3486} INFO - Setting next_dagrun for dbt-gcp-dag-controller to 2023-06-18T19:21:00+00:00, run_after=2023-06-18T19:24:00+00:00
[2023-06-18T19:23:57.174+0000] {processor.py:179} INFO - Processing /opt/airflow/dags/controller_dag.py took 0.098 seconds
[2023-06-18T19:24:28.054+0000] {processor.py:157} INFO - Started process (PID=5160) to work on /opt/airflow/dags/controller_dag.py
[2023-06-18T19:24:28.055+0000] {processor.py:826} INFO - Processing file /opt/airflow/dags/controller_dag.py for tasks to queue
[2023-06-18T19:24:28.056+0000] {logging_mixin.py:149} INFO - [2023-06-18T19:24:28.056+0000] {dagbag.py:541} INFO - Filling up the DagBag from /opt/airflow/dags/controller_dag.py
[2023-06-18T19:24:28.063+0000] {processor.py:836} INFO - DAG(s) dict_keys(['dbt-gcp-dag-controller']) retrieved from /opt/airflow/dags/controller_dag.py
[2023-06-18T19:24:28.131+0000] {logging_mixin.py:149} INFO - [2023-06-18T19:24:28.131+0000] {dag.py:2726} INFO - Sync 1 DAGs
[2023-06-18T19:24:28.144+0000] {logging_mixin.py:149} INFO - [2023-06-18T19:24:28.144+0000] {dag.py:3486} INFO - Setting next_dagrun for dbt-gcp-dag-controller to 2023-06-18T19:24:00+00:00, run_after=2023-06-18T19:27:00+00:00
[2023-06-18T19:24:28.158+0000] {processor.py:179} INFO - Processing /opt/airflow/dags/controller_dag.py took 0.107 seconds
[2023-06-18T19:24:58.847+0000] {processor.py:157} INFO - Started process (PID=5216) to work on /opt/airflow/dags/controller_dag.py
[2023-06-18T19:24:58.848+0000] {processor.py:826} INFO - Processing file /opt/airflow/dags/controller_dag.py for tasks to queue
[2023-06-18T19:24:58.849+0000] {logging_mixin.py:149} INFO - [2023-06-18T19:24:58.849+0000] {dagbag.py:541} INFO - Filling up the DagBag from /opt/airflow/dags/controller_dag.py
[2023-06-18T19:24:58.857+0000] {processor.py:836} INFO - DAG(s) dict_keys(['dbt-gcp-dag-controller']) retrieved from /opt/airflow/dags/controller_dag.py
[2023-06-18T19:24:58.918+0000] {logging_mixin.py:149} INFO - [2023-06-18T19:24:58.918+0000] {dag.py:2726} INFO - Sync 1 DAGs
[2023-06-18T19:24:58.932+0000] {logging_mixin.py:149} INFO - [2023-06-18T19:24:58.932+0000] {dag.py:3486} INFO - Setting next_dagrun for dbt-gcp-dag-controller to 2023-06-18T19:24:00+00:00, run_after=2023-06-18T19:27:00+00:00
[2023-06-18T19:24:58.942+0000] {processor.py:179} INFO - Processing /opt/airflow/dags/controller_dag.py took 0.099 seconds
[2023-06-18T19:25:29.558+0000] {processor.py:157} INFO - Started process (PID=5272) to work on /opt/airflow/dags/controller_dag.py
[2023-06-18T19:25:29.559+0000] {processor.py:826} INFO - Processing file /opt/airflow/dags/controller_dag.py for tasks to queue
[2023-06-18T19:25:29.560+0000] {logging_mixin.py:149} INFO - [2023-06-18T19:25:29.560+0000] {dagbag.py:541} INFO - Filling up the DagBag from /opt/airflow/dags/controller_dag.py
[2023-06-18T19:25:29.567+0000] {processor.py:836} INFO - DAG(s) dict_keys(['dbt-gcp-dag-controller']) retrieved from /opt/airflow/dags/controller_dag.py
[2023-06-18T19:25:29.630+0000] {logging_mixin.py:149} INFO - [2023-06-18T19:25:29.630+0000] {dag.py:2726} INFO - Sync 1 DAGs
[2023-06-18T19:25:29.643+0000] {logging_mixin.py:149} INFO - [2023-06-18T19:25:29.643+0000] {dag.py:3486} INFO - Setting next_dagrun for dbt-gcp-dag-controller to 2023-06-18T19:24:00+00:00, run_after=2023-06-18T19:27:00+00:00
[2023-06-18T19:25:29.655+0000] {processor.py:179} INFO - Processing /opt/airflow/dags/controller_dag.py took 0.099 seconds
[2023-06-18T19:26:00.244+0000] {processor.py:157} INFO - Started process (PID=5328) to work on /opt/airflow/dags/controller_dag.py
[2023-06-18T19:26:00.245+0000] {processor.py:826} INFO - Processing file /opt/airflow/dags/controller_dag.py for tasks to queue
[2023-06-18T19:26:00.246+0000] {logging_mixin.py:149} INFO - [2023-06-18T19:26:00.246+0000] {dagbag.py:541} INFO - Filling up the DagBag from /opt/airflow/dags/controller_dag.py
[2023-06-18T19:26:00.253+0000] {processor.py:836} INFO - DAG(s) dict_keys(['dbt-gcp-dag-controller']) retrieved from /opt/airflow/dags/controller_dag.py
[2023-06-18T19:26:00.315+0000] {logging_mixin.py:149} INFO - [2023-06-18T19:26:00.315+0000] {dag.py:2726} INFO - Sync 1 DAGs
[2023-06-18T19:26:00.328+0000] {logging_mixin.py:149} INFO - [2023-06-18T19:26:00.328+0000] {dag.py:3486} INFO - Setting next_dagrun for dbt-gcp-dag-controller to 2023-06-18T19:24:00+00:00, run_after=2023-06-18T19:27:00+00:00
[2023-06-18T19:26:00.338+0000] {processor.py:179} INFO - Processing /opt/airflow/dags/controller_dag.py took 0.096 seconds
[2023-06-18T19:26:31.097+0000] {processor.py:157} INFO - Started process (PID=5384) to work on /opt/airflow/dags/controller_dag.py
[2023-06-18T19:26:31.098+0000] {processor.py:826} INFO - Processing file /opt/airflow/dags/controller_dag.py for tasks to queue
[2023-06-18T19:26:31.098+0000] {logging_mixin.py:149} INFO - [2023-06-18T19:26:31.098+0000] {dagbag.py:541} INFO - Filling up the DagBag from /opt/airflow/dags/controller_dag.py
[2023-06-18T19:26:31.107+0000] {processor.py:836} INFO - DAG(s) dict_keys(['dbt-gcp-dag-controller']) retrieved from /opt/airflow/dags/controller_dag.py
[2023-06-18T19:26:31.172+0000] {logging_mixin.py:149} INFO - [2023-06-18T19:26:31.171+0000] {dag.py:2726} INFO - Sync 1 DAGs
[2023-06-18T19:26:31.185+0000] {logging_mixin.py:149} INFO - [2023-06-18T19:26:31.185+0000] {dag.py:3486} INFO - Setting next_dagrun for dbt-gcp-dag-controller to 2023-06-18T19:24:00+00:00, run_after=2023-06-18T19:27:00+00:00
[2023-06-18T19:26:31.194+0000] {processor.py:179} INFO - Processing /opt/airflow/dags/controller_dag.py took 0.100 seconds
[2023-06-18T19:27:02.090+0000] {processor.py:157} INFO - Started process (PID=5440) to work on /opt/airflow/dags/controller_dag.py
[2023-06-18T19:27:02.091+0000] {processor.py:826} INFO - Processing file /opt/airflow/dags/controller_dag.py for tasks to queue
[2023-06-18T19:27:02.092+0000] {logging_mixin.py:149} INFO - [2023-06-18T19:27:02.092+0000] {dagbag.py:541} INFO - Filling up the DagBag from /opt/airflow/dags/controller_dag.py
[2023-06-18T19:27:02.100+0000] {processor.py:836} INFO - DAG(s) dict_keys(['dbt-gcp-dag-controller']) retrieved from /opt/airflow/dags/controller_dag.py
[2023-06-18T19:27:02.166+0000] {logging_mixin.py:149} INFO - [2023-06-18T19:27:02.165+0000] {dag.py:2726} INFO - Sync 1 DAGs
[2023-06-18T19:27:02.177+0000] {logging_mixin.py:149} INFO - [2023-06-18T19:27:02.177+0000] {dag.py:3486} INFO - Setting next_dagrun for dbt-gcp-dag-controller to 2023-06-18T19:27:00+00:00, run_after=2023-06-18T19:30:00+00:00
[2023-06-18T19:27:02.191+0000] {processor.py:179} INFO - Processing /opt/airflow/dags/controller_dag.py took 0.103 seconds
[2023-06-18T19:27:32.901+0000] {processor.py:157} INFO - Started process (PID=5496) to work on /opt/airflow/dags/controller_dag.py
[2023-06-18T19:27:32.902+0000] {processor.py:826} INFO - Processing file /opt/airflow/dags/controller_dag.py for tasks to queue
[2023-06-18T19:27:32.903+0000] {logging_mixin.py:149} INFO - [2023-06-18T19:27:32.903+0000] {dagbag.py:541} INFO - Filling up the DagBag from /opt/airflow/dags/controller_dag.py
[2023-06-18T19:27:32.910+0000] {processor.py:836} INFO - DAG(s) dict_keys(['dbt-gcp-dag-controller']) retrieved from /opt/airflow/dags/controller_dag.py
[2023-06-18T19:27:32.974+0000] {logging_mixin.py:149} INFO - [2023-06-18T19:27:32.974+0000] {dag.py:2726} INFO - Sync 1 DAGs
[2023-06-18T19:27:32.986+0000] {logging_mixin.py:149} INFO - [2023-06-18T19:27:32.986+0000] {dag.py:3486} INFO - Setting next_dagrun for dbt-gcp-dag-controller to 2023-06-18T19:27:00+00:00, run_after=2023-06-18T19:30:00+00:00
[2023-06-18T19:27:32.997+0000] {processor.py:179} INFO - Processing /opt/airflow/dags/controller_dag.py took 0.098 seconds
[2023-06-18T19:28:03.675+0000] {processor.py:157} INFO - Started process (PID=5552) to work on /opt/airflow/dags/controller_dag.py
[2023-06-18T19:28:03.676+0000] {processor.py:826} INFO - Processing file /opt/airflow/dags/controller_dag.py for tasks to queue
[2023-06-18T19:28:03.677+0000] {logging_mixin.py:149} INFO - [2023-06-18T19:28:03.677+0000] {dagbag.py:541} INFO - Filling up the DagBag from /opt/airflow/dags/controller_dag.py
[2023-06-18T19:28:03.685+0000] {processor.py:836} INFO - DAG(s) dict_keys(['dbt-gcp-dag-controller']) retrieved from /opt/airflow/dags/controller_dag.py
[2023-06-18T19:28:03.748+0000] {logging_mixin.py:149} INFO - [2023-06-18T19:28:03.748+0000] {dag.py:2726} INFO - Sync 1 DAGs
[2023-06-18T19:28:03.761+0000] {logging_mixin.py:149} INFO - [2023-06-18T19:28:03.761+0000] {dag.py:3486} INFO - Setting next_dagrun for dbt-gcp-dag-controller to 2023-06-18T19:27:00+00:00, run_after=2023-06-18T19:30:00+00:00
[2023-06-18T19:28:03.771+0000] {processor.py:179} INFO - Processing /opt/airflow/dags/controller_dag.py took 0.098 seconds
[2023-06-18T19:28:34.435+0000] {processor.py:157} INFO - Started process (PID=5608) to work on /opt/airflow/dags/controller_dag.py
[2023-06-18T19:28:34.436+0000] {processor.py:826} INFO - Processing file /opt/airflow/dags/controller_dag.py for tasks to queue
[2023-06-18T19:28:34.437+0000] {logging_mixin.py:149} INFO - [2023-06-18T19:28:34.437+0000] {dagbag.py:541} INFO - Filling up the DagBag from /opt/airflow/dags/controller_dag.py
[2023-06-18T19:28:34.445+0000] {processor.py:836} INFO - DAG(s) dict_keys(['dbt-gcp-dag-controller']) retrieved from /opt/airflow/dags/controller_dag.py
[2023-06-18T19:28:34.508+0000] {logging_mixin.py:149} INFO - [2023-06-18T19:28:34.508+0000] {dag.py:2726} INFO - Sync 1 DAGs
[2023-06-18T19:28:34.521+0000] {logging_mixin.py:149} INFO - [2023-06-18T19:28:34.521+0000] {dag.py:3486} INFO - Setting next_dagrun for dbt-gcp-dag-controller to 2023-06-18T19:27:00+00:00, run_after=2023-06-18T19:30:00+00:00
[2023-06-18T19:28:34.530+0000] {processor.py:179} INFO - Processing /opt/airflow/dags/controller_dag.py took 0.098 seconds
[2023-06-18T19:29:05.252+0000] {processor.py:157} INFO - Started process (PID=5664) to work on /opt/airflow/dags/controller_dag.py
[2023-06-18T19:29:05.253+0000] {processor.py:826} INFO - Processing file /opt/airflow/dags/controller_dag.py for tasks to queue
[2023-06-18T19:29:05.253+0000] {logging_mixin.py:149} INFO - [2023-06-18T19:29:05.253+0000] {dagbag.py:541} INFO - Filling up the DagBag from /opt/airflow/dags/controller_dag.py
[2023-06-18T19:29:05.261+0000] {processor.py:836} INFO - DAG(s) dict_keys(['dbt-gcp-dag-controller']) retrieved from /opt/airflow/dags/controller_dag.py
[2023-06-18T19:29:05.325+0000] {logging_mixin.py:149} INFO - [2023-06-18T19:29:05.325+0000] {dag.py:2726} INFO - Sync 1 DAGs
[2023-06-18T19:29:05.338+0000] {logging_mixin.py:149} INFO - [2023-06-18T19:29:05.338+0000] {dag.py:3486} INFO - Setting next_dagrun for dbt-gcp-dag-controller to 2023-06-18T19:27:00+00:00, run_after=2023-06-18T19:30:00+00:00
[2023-06-18T19:29:05.348+0000] {processor.py:179} INFO - Processing /opt/airflow/dags/controller_dag.py took 0.099 seconds
[2023-06-18T19:29:35.923+0000] {processor.py:157} INFO - Started process (PID=5720) to work on /opt/airflow/dags/controller_dag.py
[2023-06-18T19:29:35.924+0000] {processor.py:826} INFO - Processing file /opt/airflow/dags/controller_dag.py for tasks to queue
[2023-06-18T19:29:35.924+0000] {logging_mixin.py:149} INFO - [2023-06-18T19:29:35.924+0000] {dagbag.py:541} INFO - Filling up the DagBag from /opt/airflow/dags/controller_dag.py
[2023-06-18T19:29:35.931+0000] {processor.py:836} INFO - DAG(s) dict_keys(['dbt-gcp-dag-controller']) retrieved from /opt/airflow/dags/controller_dag.py
[2023-06-18T19:29:35.998+0000] {logging_mixin.py:149} INFO - [2023-06-18T19:29:35.997+0000] {dag.py:2726} INFO - Sync 1 DAGs
[2023-06-18T19:29:36.010+0000] {logging_mixin.py:149} INFO - [2023-06-18T19:29:36.010+0000] {dag.py:3486} INFO - Setting next_dagrun for dbt-gcp-dag-controller to 2023-06-18T19:27:00+00:00, run_after=2023-06-18T19:30:00+00:00
[2023-06-18T19:29:36.020+0000] {processor.py:179} INFO - Processing /opt/airflow/dags/controller_dag.py took 0.100 seconds
[2023-06-18T19:30:06.718+0000] {processor.py:157} INFO - Started process (PID=5776) to work on /opt/airflow/dags/controller_dag.py
[2023-06-18T19:30:06.719+0000] {processor.py:826} INFO - Processing file /opt/airflow/dags/controller_dag.py for tasks to queue
[2023-06-18T19:30:06.720+0000] {logging_mixin.py:149} INFO - [2023-06-18T19:30:06.720+0000] {dagbag.py:541} INFO - Filling up the DagBag from /opt/airflow/dags/controller_dag.py
[2023-06-18T19:30:06.727+0000] {processor.py:836} INFO - DAG(s) dict_keys(['dbt-gcp-dag-controller']) retrieved from /opt/airflow/dags/controller_dag.py
[2023-06-18T19:30:06.791+0000] {logging_mixin.py:149} INFO - [2023-06-18T19:30:06.791+0000] {dag.py:2726} INFO - Sync 1 DAGs
[2023-06-18T19:30:06.803+0000] {logging_mixin.py:149} INFO - [2023-06-18T19:30:06.803+0000] {dag.py:3486} INFO - Setting next_dagrun for dbt-gcp-dag-controller to 2023-06-18T19:30:00+00:00, run_after=2023-06-18T19:33:00+00:00
[2023-06-18T19:30:06.814+0000] {processor.py:179} INFO - Processing /opt/airflow/dags/controller_dag.py took 0.098 seconds
[2023-06-18T19:30:37.304+0000] {processor.py:157} INFO - Started process (PID=5832) to work on /opt/airflow/dags/controller_dag.py
[2023-06-18T19:30:37.305+0000] {processor.py:826} INFO - Processing file /opt/airflow/dags/controller_dag.py for tasks to queue
[2023-06-18T19:30:37.306+0000] {logging_mixin.py:149} INFO - [2023-06-18T19:30:37.306+0000] {dagbag.py:541} INFO - Filling up the DagBag from /opt/airflow/dags/controller_dag.py
[2023-06-18T19:30:37.314+0000] {processor.py:836} INFO - DAG(s) dict_keys(['dbt-gcp-dag-controller']) retrieved from /opt/airflow/dags/controller_dag.py
[2023-06-18T19:30:37.378+0000] {logging_mixin.py:149} INFO - [2023-06-18T19:30:37.377+0000] {dag.py:2726} INFO - Sync 1 DAGs
[2023-06-18T19:30:37.390+0000] {logging_mixin.py:149} INFO - [2023-06-18T19:30:37.390+0000] {dag.py:3486} INFO - Setting next_dagrun for dbt-gcp-dag-controller to 2023-06-18T19:30:00+00:00, run_after=2023-06-18T19:33:00+00:00
[2023-06-18T19:30:37.401+0000] {processor.py:179} INFO - Processing /opt/airflow/dags/controller_dag.py took 0.100 seconds
[2023-06-18T19:31:07.866+0000] {processor.py:157} INFO - Started process (PID=5888) to work on /opt/airflow/dags/controller_dag.py
[2023-06-18T19:31:07.867+0000] {processor.py:826} INFO - Processing file /opt/airflow/dags/controller_dag.py for tasks to queue
[2023-06-18T19:31:07.868+0000] {logging_mixin.py:149} INFO - [2023-06-18T19:31:07.867+0000] {dagbag.py:541} INFO - Filling up the DagBag from /opt/airflow/dags/controller_dag.py
[2023-06-18T19:31:07.875+0000] {processor.py:836} INFO - DAG(s) dict_keys(['dbt-gcp-dag-controller']) retrieved from /opt/airflow/dags/controller_dag.py
[2023-06-18T19:31:07.939+0000] {logging_mixin.py:149} INFO - [2023-06-18T19:31:07.939+0000] {dag.py:2726} INFO - Sync 1 DAGs
[2023-06-18T19:31:07.952+0000] {logging_mixin.py:149} INFO - [2023-06-18T19:31:07.952+0000] {dag.py:3486} INFO - Setting next_dagrun for dbt-gcp-dag-controller to 2023-06-18T19:30:00+00:00, run_after=2023-06-18T19:33:00+00:00
[2023-06-18T19:31:07.962+0000] {processor.py:179} INFO - Processing /opt/airflow/dags/controller_dag.py took 0.099 seconds
[2023-06-18T19:31:38.640+0000] {processor.py:157} INFO - Started process (PID=5944) to work on /opt/airflow/dags/controller_dag.py
[2023-06-18T19:31:38.641+0000] {processor.py:826} INFO - Processing file /opt/airflow/dags/controller_dag.py for tasks to queue
[2023-06-18T19:31:38.642+0000] {logging_mixin.py:149} INFO - [2023-06-18T19:31:38.642+0000] {dagbag.py:541} INFO - Filling up the DagBag from /opt/airflow/dags/controller_dag.py
[2023-06-18T19:31:38.649+0000] {processor.py:836} INFO - DAG(s) dict_keys(['dbt-gcp-dag-controller']) retrieved from /opt/airflow/dags/controller_dag.py
[2023-06-18T19:31:38.713+0000] {logging_mixin.py:149} INFO - [2023-06-18T19:31:38.713+0000] {dag.py:2726} INFO - Sync 1 DAGs
[2023-06-18T19:31:38.726+0000] {logging_mixin.py:149} INFO - [2023-06-18T19:31:38.726+0000] {dag.py:3486} INFO - Setting next_dagrun for dbt-gcp-dag-controller to 2023-06-18T19:30:00+00:00, run_after=2023-06-18T19:33:00+00:00
[2023-06-18T19:31:38.737+0000] {processor.py:179} INFO - Processing /opt/airflow/dags/controller_dag.py took 0.099 seconds
[2023-06-18T19:32:09.327+0000] {processor.py:157} INFO - Started process (PID=5999) to work on /opt/airflow/dags/controller_dag.py
[2023-06-18T19:32:09.328+0000] {processor.py:826} INFO - Processing file /opt/airflow/dags/controller_dag.py for tasks to queue
[2023-06-18T19:32:09.329+0000] {logging_mixin.py:149} INFO - [2023-06-18T19:32:09.329+0000] {dagbag.py:541} INFO - Filling up the DagBag from /opt/airflow/dags/controller_dag.py
[2023-06-18T19:32:09.336+0000] {processor.py:836} INFO - DAG(s) dict_keys(['dbt-gcp-dag-controller']) retrieved from /opt/airflow/dags/controller_dag.py
[2023-06-18T19:32:09.398+0000] {logging_mixin.py:149} INFO - [2023-06-18T19:32:09.398+0000] {dag.py:2726} INFO - Sync 1 DAGs
[2023-06-18T19:32:09.411+0000] {logging_mixin.py:149} INFO - [2023-06-18T19:32:09.410+0000] {dag.py:3486} INFO - Setting next_dagrun for dbt-gcp-dag-controller to 2023-06-18T19:30:00+00:00, run_after=2023-06-18T19:33:00+00:00
[2023-06-18T19:32:09.421+0000] {processor.py:179} INFO - Processing /opt/airflow/dags/controller_dag.py took 0.097 seconds
[2023-06-18T19:32:40.013+0000] {processor.py:157} INFO - Started process (PID=6055) to work on /opt/airflow/dags/controller_dag.py
[2023-06-18T19:32:40.014+0000] {processor.py:826} INFO - Processing file /opt/airflow/dags/controller_dag.py for tasks to queue
[2023-06-18T19:32:40.015+0000] {logging_mixin.py:149} INFO - [2023-06-18T19:32:40.015+0000] {dagbag.py:541} INFO - Filling up the DagBag from /opt/airflow/dags/controller_dag.py
[2023-06-18T19:32:40.022+0000] {processor.py:836} INFO - DAG(s) dict_keys(['dbt-gcp-dag-controller']) retrieved from /opt/airflow/dags/controller_dag.py
[2023-06-18T19:32:40.084+0000] {logging_mixin.py:149} INFO - [2023-06-18T19:32:40.084+0000] {dag.py:2726} INFO - Sync 1 DAGs
[2023-06-18T19:32:40.097+0000] {logging_mixin.py:149} INFO - [2023-06-18T19:32:40.097+0000] {dag.py:3486} INFO - Setting next_dagrun for dbt-gcp-dag-controller to 2023-06-18T19:30:00+00:00, run_after=2023-06-18T19:33:00+00:00
[2023-06-18T19:32:40.107+0000] {processor.py:179} INFO - Processing /opt/airflow/dags/controller_dag.py took 0.097 seconds
[2023-06-18T19:33:10.693+0000] {processor.py:157} INFO - Started process (PID=6111) to work on /opt/airflow/dags/controller_dag.py
[2023-06-18T19:33:10.694+0000] {processor.py:826} INFO - Processing file /opt/airflow/dags/controller_dag.py for tasks to queue
[2023-06-18T19:33:10.695+0000] {logging_mixin.py:149} INFO - [2023-06-18T19:33:10.695+0000] {dagbag.py:541} INFO - Filling up the DagBag from /opt/airflow/dags/controller_dag.py
[2023-06-18T19:33:10.703+0000] {processor.py:836} INFO - DAG(s) dict_keys(['dbt-gcp-dag-controller']) retrieved from /opt/airflow/dags/controller_dag.py
[2023-06-18T19:33:10.768+0000] {logging_mixin.py:149} INFO - [2023-06-18T19:33:10.767+0000] {dag.py:2726} INFO - Sync 1 DAGs
[2023-06-18T19:33:10.780+0000] {logging_mixin.py:149} INFO - [2023-06-18T19:33:10.780+0000] {dag.py:3486} INFO - Setting next_dagrun for dbt-gcp-dag-controller to 2023-06-18T19:33:00+00:00, run_after=2023-06-18T19:36:00+00:00
[2023-06-18T19:33:10.792+0000] {processor.py:179} INFO - Processing /opt/airflow/dags/controller_dag.py took 0.101 seconds
[2023-06-18T19:33:41.474+0000] {processor.py:157} INFO - Started process (PID=6167) to work on /opt/airflow/dags/controller_dag.py
[2023-06-18T19:33:41.475+0000] {processor.py:826} INFO - Processing file /opt/airflow/dags/controller_dag.py for tasks to queue
[2023-06-18T19:33:41.476+0000] {logging_mixin.py:149} INFO - [2023-06-18T19:33:41.476+0000] {dagbag.py:541} INFO - Filling up the DagBag from /opt/airflow/dags/controller_dag.py
[2023-06-18T19:33:41.483+0000] {processor.py:836} INFO - DAG(s) dict_keys(['dbt-gcp-dag-controller']) retrieved from /opt/airflow/dags/controller_dag.py
[2023-06-18T19:33:41.547+0000] {logging_mixin.py:149} INFO - [2023-06-18T19:33:41.547+0000] {dag.py:2726} INFO - Sync 1 DAGs
[2023-06-18T19:33:41.560+0000] {logging_mixin.py:149} INFO - [2023-06-18T19:33:41.560+0000] {dag.py:3486} INFO - Setting next_dagrun for dbt-gcp-dag-controller to 2023-06-18T19:33:00+00:00, run_after=2023-06-18T19:36:00+00:00
[2023-06-18T19:33:41.570+0000] {processor.py:179} INFO - Processing /opt/airflow/dags/controller_dag.py took 0.098 seconds
[2023-06-18T19:34:12.159+0000] {processor.py:157} INFO - Started process (PID=6223) to work on /opt/airflow/dags/controller_dag.py
[2023-06-18T19:34:12.159+0000] {processor.py:826} INFO - Processing file /opt/airflow/dags/controller_dag.py for tasks to queue
[2023-06-18T19:34:12.160+0000] {logging_mixin.py:149} INFO - [2023-06-18T19:34:12.160+0000] {dagbag.py:541} INFO - Filling up the DagBag from /opt/airflow/dags/controller_dag.py
[2023-06-18T19:34:12.169+0000] {processor.py:836} INFO - DAG(s) dict_keys(['dbt-gcp-dag-controller']) retrieved from /opt/airflow/dags/controller_dag.py
[2023-06-18T19:34:12.231+0000] {logging_mixin.py:149} INFO - [2023-06-18T19:34:12.231+0000] {dag.py:2726} INFO - Sync 1 DAGs
[2023-06-18T19:34:12.244+0000] {logging_mixin.py:149} INFO - [2023-06-18T19:34:12.244+0000] {dag.py:3486} INFO - Setting next_dagrun for dbt-gcp-dag-controller to 2023-06-18T19:33:00+00:00, run_after=2023-06-18T19:36:00+00:00
[2023-06-18T19:34:12.256+0000] {processor.py:179} INFO - Processing /opt/airflow/dags/controller_dag.py took 0.100 seconds
[2023-06-18T19:34:42.958+0000] {processor.py:157} INFO - Started process (PID=6279) to work on /opt/airflow/dags/controller_dag.py
[2023-06-18T19:34:42.959+0000] {processor.py:826} INFO - Processing file /opt/airflow/dags/controller_dag.py for tasks to queue
[2023-06-18T19:34:42.960+0000] {logging_mixin.py:149} INFO - [2023-06-18T19:34:42.960+0000] {dagbag.py:541} INFO - Filling up the DagBag from /opt/airflow/dags/controller_dag.py
[2023-06-18T19:34:42.967+0000] {processor.py:836} INFO - DAG(s) dict_keys(['dbt-gcp-dag-controller']) retrieved from /opt/airflow/dags/controller_dag.py
[2023-06-18T19:34:43.029+0000] {logging_mixin.py:149} INFO - [2023-06-18T19:34:43.029+0000] {dag.py:2726} INFO - Sync 1 DAGs
[2023-06-18T19:34:43.041+0000] {logging_mixin.py:149} INFO - [2023-06-18T19:34:43.041+0000] {dag.py:3486} INFO - Setting next_dagrun for dbt-gcp-dag-controller to 2023-06-18T19:33:00+00:00, run_after=2023-06-18T19:36:00+00:00
[2023-06-18T19:34:43.052+0000] {processor.py:179} INFO - Processing /opt/airflow/dags/controller_dag.py took 0.096 seconds
