[2023-06-18T18:22:17.389+0000] {processor.py:157} INFO - Started process (PID=6706) to work on /opt/airflow/dags/dbt_gcp_controller.py
[2023-06-18T18:22:17.390+0000] {processor.py:826} INFO - Processing file /opt/airflow/dags/dbt_gcp_controller.py for tasks to queue
[2023-06-18T18:22:17.391+0000] {logging_mixin.py:149} INFO - [2023-06-18T18:22:17.391+0000] {dagbag.py:541} INFO - Filling up the DagBag from /opt/airflow/dags/dbt_gcp_controller.py
[2023-06-18T18:22:17.403+0000] {processor.py:836} INFO - DAG(s) dict_keys(['controller1']) retrieved from /opt/airflow/dags/dbt_gcp_controller.py
[2023-06-18T18:22:17.418+0000] {logging_mixin.py:149} INFO - [2023-06-18T18:22:17.418+0000] {dag.py:2726} INFO - Sync 1 DAGs
[2023-06-18T18:22:17.436+0000] {logging_mixin.py:149} INFO - [2023-06-18T18:22:17.436+0000] {dag.py:3486} INFO - Setting next_dagrun for controller1 to 2023-06-18T18:21:00+00:00, run_after=2023-06-18T18:24:00+00:00
[2023-06-18T18:22:17.451+0000] {processor.py:179} INFO - Processing /opt/airflow/dags/dbt_gcp_controller.py took 0.065 seconds
[2023-06-18T18:22:31.127+0000] {processor.py:157} INFO - Started process (PID=6760) to work on /opt/airflow/dags/dbt_gcp_controller.py
[2023-06-18T18:22:31.129+0000] {processor.py:826} INFO - Processing file /opt/airflow/dags/dbt_gcp_controller.py for tasks to queue
[2023-06-18T18:22:31.130+0000] {logging_mixin.py:149} INFO - [2023-06-18T18:22:31.130+0000] {dagbag.py:541} INFO - Filling up the DagBag from /opt/airflow/dags/dbt_gcp_controller.py
[2023-06-18T18:22:31.142+0000] {processor.py:836} INFO - DAG(s) dict_keys(['controller1']) retrieved from /opt/airflow/dags/dbt_gcp_controller.py
[2023-06-18T18:22:31.157+0000] {logging_mixin.py:149} INFO - [2023-06-18T18:22:31.157+0000] {dag.py:2726} INFO - Sync 1 DAGs
[2023-06-18T18:22:31.180+0000] {logging_mixin.py:149} INFO - [2023-06-18T18:22:31.180+0000] {dag.py:3486} INFO - Setting next_dagrun for controller1 to 2023-06-18T18:21:00+00:00, run_after=2023-06-18T18:24:00+00:00
[2023-06-18T18:22:31.200+0000] {processor.py:179} INFO - Processing /opt/airflow/dags/dbt_gcp_controller.py took 0.075 seconds
[2023-06-18T18:22:40.557+0000] {processor.py:157} INFO - Started process (PID=6763) to work on /opt/airflow/dags/dbt_gcp_controller.py
[2023-06-18T18:22:40.558+0000] {processor.py:826} INFO - Processing file /opt/airflow/dags/dbt_gcp_controller.py for tasks to queue
[2023-06-18T18:22:40.559+0000] {logging_mixin.py:149} INFO - [2023-06-18T18:22:40.559+0000] {dagbag.py:541} INFO - Filling up the DagBag from /opt/airflow/dags/dbt_gcp_controller.py
[2023-06-18T18:22:40.576+0000] {processor.py:836} INFO - DAG(s) dict_keys(['controller1']) retrieved from /opt/airflow/dags/dbt_gcp_controller.py
[2023-06-18T18:22:40.589+0000] {logging_mixin.py:149} INFO - [2023-06-18T18:22:40.588+0000] {dag.py:2726} INFO - Sync 1 DAGs
[2023-06-18T18:22:40.604+0000] {logging_mixin.py:149} INFO - [2023-06-18T18:22:40.604+0000] {dag.py:3486} INFO - Setting next_dagrun for controller1 to 2023-06-18T18:21:00+00:00, run_after=2023-06-18T18:24:00+00:00
[2023-06-18T18:22:40.615+0000] {processor.py:179} INFO - Processing /opt/airflow/dags/dbt_gcp_controller.py took 0.061 seconds
[2023-06-18T18:23:10.922+0000] {processor.py:157} INFO - Started process (PID=6822) to work on /opt/airflow/dags/dbt_gcp_controller.py
[2023-06-18T18:23:10.924+0000] {processor.py:826} INFO - Processing file /opt/airflow/dags/dbt_gcp_controller.py for tasks to queue
[2023-06-18T18:23:10.925+0000] {logging_mixin.py:149} INFO - [2023-06-18T18:23:10.925+0000] {dagbag.py:541} INFO - Filling up the DagBag from /opt/airflow/dags/dbt_gcp_controller.py
[2023-06-18T18:23:10.938+0000] {processor.py:836} INFO - DAG(s) dict_keys(['controller1']) retrieved from /opt/airflow/dags/dbt_gcp_controller.py
[2023-06-18T18:23:10.951+0000] {logging_mixin.py:149} INFO - [2023-06-18T18:23:10.950+0000] {dag.py:2726} INFO - Sync 1 DAGs
[2023-06-18T18:23:10.969+0000] {logging_mixin.py:149} INFO - [2023-06-18T18:23:10.969+0000] {dag.py:3486} INFO - Setting next_dagrun for controller1 to 2023-06-18T18:21:00+00:00, run_after=2023-06-18T18:24:00+00:00
[2023-06-18T18:23:10.981+0000] {processor.py:179} INFO - Processing /opt/airflow/dags/dbt_gcp_controller.py took 0.063 seconds
[2023-06-18T18:23:41.038+0000] {processor.py:157} INFO - Started process (PID=6881) to work on /opt/airflow/dags/dbt_gcp_controller.py
[2023-06-18T18:23:41.039+0000] {processor.py:826} INFO - Processing file /opt/airflow/dags/dbt_gcp_controller.py for tasks to queue
[2023-06-18T18:23:41.040+0000] {logging_mixin.py:149} INFO - [2023-06-18T18:23:41.040+0000] {dagbag.py:541} INFO - Filling up the DagBag from /opt/airflow/dags/dbt_gcp_controller.py
[2023-06-18T18:23:41.050+0000] {processor.py:836} INFO - DAG(s) dict_keys(['controller1']) retrieved from /opt/airflow/dags/dbt_gcp_controller.py
[2023-06-18T18:23:41.063+0000] {logging_mixin.py:149} INFO - [2023-06-18T18:23:41.063+0000] {dag.py:2726} INFO - Sync 1 DAGs
[2023-06-18T18:23:41.079+0000] {logging_mixin.py:149} INFO - [2023-06-18T18:23:41.079+0000] {dag.py:3486} INFO - Setting next_dagrun for controller1 to 2023-06-18T18:21:00+00:00, run_after=2023-06-18T18:24:00+00:00
[2023-06-18T18:23:41.089+0000] {processor.py:179} INFO - Processing /opt/airflow/dags/dbt_gcp_controller.py took 0.054 seconds
[2023-06-18T18:23:44.082+0000] {processor.py:157} INFO - Started process (PID=6882) to work on /opt/airflow/dags/dbt_gcp_controller.py
[2023-06-18T18:23:44.084+0000] {processor.py:826} INFO - Processing file /opt/airflow/dags/dbt_gcp_controller.py for tasks to queue
[2023-06-18T18:23:44.085+0000] {logging_mixin.py:149} INFO - [2023-06-18T18:23:44.084+0000] {dagbag.py:541} INFO - Filling up the DagBag from /opt/airflow/dags/dbt_gcp_controller.py
[2023-06-18T18:23:44.097+0000] {processor.py:836} INFO - DAG(s) dict_keys(['dbt-gcp-dag-controller']) retrieved from /opt/airflow/dags/dbt_gcp_controller.py
[2023-06-18T18:23:44.160+0000] {logging_mixin.py:149} INFO - [2023-06-18T18:23:44.160+0000] {manager.py:504} INFO - Created Permission View: can edit on DAG:dbt-gcp-dag-controller
[2023-06-18T18:23:44.166+0000] {logging_mixin.py:149} INFO - [2023-06-18T18:23:44.166+0000] {manager.py:504} INFO - Created Permission View: can delete on DAG:dbt-gcp-dag-controller
[2023-06-18T18:23:44.169+0000] {logging_mixin.py:149} INFO - [2023-06-18T18:23:44.169+0000] {manager.py:504} INFO - Created Permission View: can read on DAG:dbt-gcp-dag-controller
[2023-06-18T18:23:44.176+0000] {logging_mixin.py:149} INFO - [2023-06-18T18:23:44.176+0000] {dag.py:2726} INFO - Sync 1 DAGs
[2023-06-18T18:23:44.183+0000] {logging_mixin.py:149} INFO - [2023-06-18T18:23:44.183+0000] {dag.py:2747} INFO - Creating ORM DAG for dbt-gcp-dag-controller
[2023-06-18T18:23:44.191+0000] {logging_mixin.py:149} INFO - [2023-06-18T18:23:44.191+0000] {dag.py:3486} INFO - Setting next_dagrun for dbt-gcp-dag-controller to 2023-06-18T18:21:00+00:00, run_after=2023-06-18T18:24:00+00:00
[2023-06-18T18:23:44.202+0000] {processor.py:179} INFO - Processing /opt/airflow/dags/dbt_gcp_controller.py took 0.123 seconds
[2023-06-18T18:24:14.466+0000] {processor.py:157} INFO - Started process (PID=6940) to work on /opt/airflow/dags/dbt_gcp_controller.py
[2023-06-18T18:24:14.469+0000] {processor.py:826} INFO - Processing file /opt/airflow/dags/dbt_gcp_controller.py for tasks to queue
[2023-06-18T18:24:14.470+0000] {logging_mixin.py:149} INFO - [2023-06-18T18:24:14.469+0000] {dagbag.py:541} INFO - Filling up the DagBag from /opt/airflow/dags/dbt_gcp_controller.py
[2023-06-18T18:24:14.480+0000] {processor.py:836} INFO - DAG(s) dict_keys(['dbt-gcp-dag-controller']) retrieved from /opt/airflow/dags/dbt_gcp_controller.py
[2023-06-18T18:24:14.550+0000] {logging_mixin.py:149} INFO - [2023-06-18T18:24:14.550+0000] {dag.py:2726} INFO - Sync 1 DAGs
[2023-06-18T18:24:14.562+0000] {logging_mixin.py:149} INFO - [2023-06-18T18:24:14.562+0000] {dag.py:3486} INFO - Setting next_dagrun for dbt-gcp-dag-controller to 2023-06-18T18:24:00+00:00, run_after=2023-06-18T18:27:00+00:00
[2023-06-18T18:24:14.573+0000] {processor.py:179} INFO - Processing /opt/airflow/dags/dbt_gcp_controller.py took 0.109 seconds
[2023-06-18T18:24:44.818+0000] {processor.py:157} INFO - Started process (PID=6999) to work on /opt/airflow/dags/dbt_gcp_controller.py
[2023-06-18T18:24:44.823+0000] {processor.py:826} INFO - Processing file /opt/airflow/dags/dbt_gcp_controller.py for tasks to queue
[2023-06-18T18:24:44.825+0000] {logging_mixin.py:149} INFO - [2023-06-18T18:24:44.825+0000] {dagbag.py:541} INFO - Filling up the DagBag from /opt/airflow/dags/dbt_gcp_controller.py
[2023-06-18T18:24:44.844+0000] {processor.py:836} INFO - DAG(s) dict_keys(['dbt-gcp-dag-controller']) retrieved from /opt/airflow/dags/dbt_gcp_controller.py
[2023-06-18T18:24:44.988+0000] {logging_mixin.py:149} INFO - [2023-06-18T18:24:44.987+0000] {dag.py:2726} INFO - Sync 1 DAGs
[2023-06-18T18:24:45.009+0000] {logging_mixin.py:149} INFO - [2023-06-18T18:24:45.009+0000] {dag.py:3486} INFO - Setting next_dagrun for dbt-gcp-dag-controller to 2023-06-18T18:24:00+00:00, run_after=2023-06-18T18:27:00+00:00
[2023-06-18T18:24:45.032+0000] {processor.py:179} INFO - Processing /opt/airflow/dags/dbt_gcp_controller.py took 0.218 seconds
[2023-06-18T18:25:16.568+0000] {processor.py:157} INFO - Started process (PID=7015) to work on /opt/airflow/dags/dbt_gcp_controller.py
[2023-06-18T18:25:16.570+0000] {processor.py:826} INFO - Processing file /opt/airflow/dags/dbt_gcp_controller.py for tasks to queue
[2023-06-18T18:25:16.585+0000] {logging_mixin.py:149} INFO - [2023-06-18T18:25:16.584+0000] {dagbag.py:541} INFO - Filling up the DagBag from /opt/airflow/dags/dbt_gcp_controller.py
[2023-06-18T18:25:16.635+0000] {processor.py:836} INFO - DAG(s) dict_keys(['dbt-gcp-dag-controller']) retrieved from /opt/airflow/dags/dbt_gcp_controller.py
[2023-06-18T18:25:16.827+0000] {logging_mixin.py:149} INFO - [2023-06-18T18:25:16.827+0000] {dag.py:2726} INFO - Sync 1 DAGs
[2023-06-18T18:25:16.850+0000] {logging_mixin.py:149} INFO - [2023-06-18T18:25:16.849+0000] {dag.py:3486} INFO - Setting next_dagrun for dbt-gcp-dag-controller to 2023-06-18T18:24:00+00:00, run_after=2023-06-18T18:27:00+00:00
[2023-06-18T18:25:16.873+0000] {processor.py:179} INFO - Processing /opt/airflow/dags/dbt_gcp_controller.py took 0.310 seconds
[2023-06-18T18:25:47.622+0000] {processor.py:157} INFO - Started process (PID=7074) to work on /opt/airflow/dags/dbt_gcp_controller.py
[2023-06-18T18:25:47.623+0000] {processor.py:826} INFO - Processing file /opt/airflow/dags/dbt_gcp_controller.py for tasks to queue
[2023-06-18T18:25:47.624+0000] {logging_mixin.py:149} INFO - [2023-06-18T18:25:47.624+0000] {dagbag.py:541} INFO - Filling up the DagBag from /opt/airflow/dags/dbt_gcp_controller.py
[2023-06-18T18:25:47.634+0000] {processor.py:836} INFO - DAG(s) dict_keys(['dbt-gcp-dag-controller']) retrieved from /opt/airflow/dags/dbt_gcp_controller.py
[2023-06-18T18:25:47.706+0000] {logging_mixin.py:149} INFO - [2023-06-18T18:25:47.706+0000] {dag.py:2726} INFO - Sync 1 DAGs
[2023-06-18T18:25:47.721+0000] {logging_mixin.py:149} INFO - [2023-06-18T18:25:47.721+0000] {dag.py:3486} INFO - Setting next_dagrun for dbt-gcp-dag-controller to 2023-06-18T18:24:00+00:00, run_after=2023-06-18T18:27:00+00:00
[2023-06-18T18:25:47.733+0000] {processor.py:179} INFO - Processing /opt/airflow/dags/dbt_gcp_controller.py took 0.114 seconds
[2023-06-18T18:26:18.029+0000] {processor.py:157} INFO - Started process (PID=7132) to work on /opt/airflow/dags/dbt_gcp_controller.py
[2023-06-18T18:26:18.030+0000] {processor.py:826} INFO - Processing file /opt/airflow/dags/dbt_gcp_controller.py for tasks to queue
[2023-06-18T18:26:18.031+0000] {logging_mixin.py:149} INFO - [2023-06-18T18:26:18.031+0000] {dagbag.py:541} INFO - Filling up the DagBag from /opt/airflow/dags/dbt_gcp_controller.py
[2023-06-18T18:26:18.041+0000] {processor.py:836} INFO - DAG(s) dict_keys(['dbt-gcp-dag-controller']) retrieved from /opt/airflow/dags/dbt_gcp_controller.py
[2023-06-18T18:26:18.109+0000] {logging_mixin.py:149} INFO - [2023-06-18T18:26:18.109+0000] {dag.py:2726} INFO - Sync 1 DAGs
[2023-06-18T18:26:18.122+0000] {logging_mixin.py:149} INFO - [2023-06-18T18:26:18.122+0000] {dag.py:3486} INFO - Setting next_dagrun for dbt-gcp-dag-controller to 2023-06-18T18:24:00+00:00, run_after=2023-06-18T18:27:00+00:00
[2023-06-18T18:26:18.137+0000] {processor.py:179} INFO - Processing /opt/airflow/dags/dbt_gcp_controller.py took 0.111 seconds
[2023-06-18T18:26:51.747+0000] {processor.py:157} INFO - Started process (PID=7177) to work on /opt/airflow/dags/dbt_gcp_controller.py
[2023-06-18T18:26:51.763+0000] {processor.py:826} INFO - Processing file /opt/airflow/dags/dbt_gcp_controller.py for tasks to queue
[2023-06-18T18:26:51.767+0000] {logging_mixin.py:149} INFO - [2023-06-18T18:26:51.766+0000] {dagbag.py:541} INFO - Filling up the DagBag from /opt/airflow/dags/dbt_gcp_controller.py
[2023-06-18T18:26:51.978+0000] {processor.py:836} INFO - DAG(s) dict_keys(['dbt-gcp-dag-controller']) retrieved from /opt/airflow/dags/dbt_gcp_controller.py
[2023-06-18T18:26:52.811+0000] {logging_mixin.py:149} INFO - [2023-06-18T18:26:52.811+0000] {dag.py:2726} INFO - Sync 1 DAGs
[2023-06-18T18:26:52.842+0000] {logging_mixin.py:149} INFO - [2023-06-18T18:26:52.842+0000] {dag.py:3486} INFO - Setting next_dagrun for dbt-gcp-dag-controller to 2023-06-18T18:24:00+00:00, run_after=2023-06-18T18:27:00+00:00
[2023-06-18T18:26:53.002+0000] {processor.py:179} INFO - Processing /opt/airflow/dags/dbt_gcp_controller.py took 1.288 seconds
[2023-06-18T18:27:32.818+0000] {processor.py:157} INFO - Started process (PID=7235) to work on /opt/airflow/dags/dbt_gcp_controller.py
[2023-06-18T18:27:32.824+0000] {processor.py:826} INFO - Processing file /opt/airflow/dags/dbt_gcp_controller.py for tasks to queue
[2023-06-18T18:27:32.826+0000] {logging_mixin.py:149} INFO - [2023-06-18T18:27:32.826+0000] {dagbag.py:541} INFO - Filling up the DagBag from /opt/airflow/dags/dbt_gcp_controller.py
[2023-06-18T18:27:32.885+0000] {processor.py:836} INFO - DAG(s) dict_keys(['dbt-gcp-dag-controller']) retrieved from /opt/airflow/dags/dbt_gcp_controller.py
[2023-06-18T18:27:33.180+0000] {logging_mixin.py:149} INFO - [2023-06-18T18:27:33.180+0000] {dag.py:2726} INFO - Sync 1 DAGs
[2023-06-18T18:27:33.204+0000] {logging_mixin.py:149} INFO - [2023-06-18T18:27:33.204+0000] {dag.py:3486} INFO - Setting next_dagrun for dbt-gcp-dag-controller to 2023-06-18T18:27:00+00:00, run_after=2023-06-18T18:30:00+00:00
[2023-06-18T18:27:33.231+0000] {processor.py:179} INFO - Processing /opt/airflow/dags/dbt_gcp_controller.py took 0.429 seconds
[2023-06-18T18:28:03.996+0000] {processor.py:157} INFO - Started process (PID=7308) to work on /opt/airflow/dags/dbt_gcp_controller.py
[2023-06-18T18:28:03.998+0000] {processor.py:826} INFO - Processing file /opt/airflow/dags/dbt_gcp_controller.py for tasks to queue
[2023-06-18T18:28:03.999+0000] {logging_mixin.py:149} INFO - [2023-06-18T18:28:03.999+0000] {dagbag.py:541} INFO - Filling up the DagBag from /opt/airflow/dags/dbt_gcp_controller.py
[2023-06-18T18:28:04.014+0000] {processor.py:836} INFO - DAG(s) dict_keys(['dbt-gcp-dag-controller']) retrieved from /opt/airflow/dags/dbt_gcp_controller.py
[2023-06-18T18:28:04.124+0000] {logging_mixin.py:149} INFO - [2023-06-18T18:28:04.124+0000] {dag.py:2726} INFO - Sync 1 DAGs
[2023-06-18T18:28:04.138+0000] {logging_mixin.py:149} INFO - [2023-06-18T18:28:04.138+0000] {dag.py:3486} INFO - Setting next_dagrun for dbt-gcp-dag-controller to 2023-06-18T18:27:00+00:00, run_after=2023-06-18T18:30:00+00:00
[2023-06-18T18:28:04.150+0000] {processor.py:179} INFO - Processing /opt/airflow/dags/dbt_gcp_controller.py took 0.159 seconds
[2023-06-18T18:28:34.481+0000] {processor.py:157} INFO - Started process (PID=7366) to work on /opt/airflow/dags/dbt_gcp_controller.py
[2023-06-18T18:28:34.483+0000] {processor.py:826} INFO - Processing file /opt/airflow/dags/dbt_gcp_controller.py for tasks to queue
[2023-06-18T18:28:34.484+0000] {logging_mixin.py:149} INFO - [2023-06-18T18:28:34.484+0000] {dagbag.py:541} INFO - Filling up the DagBag from /opt/airflow/dags/dbt_gcp_controller.py
[2023-06-18T18:28:34.494+0000] {processor.py:836} INFO - DAG(s) dict_keys(['dbt-gcp-dag-controller']) retrieved from /opt/airflow/dags/dbt_gcp_controller.py
[2023-06-18T18:28:34.565+0000] {logging_mixin.py:149} INFO - [2023-06-18T18:28:34.565+0000] {dag.py:2726} INFO - Sync 1 DAGs
[2023-06-18T18:28:34.581+0000] {logging_mixin.py:149} INFO - [2023-06-18T18:28:34.581+0000] {dag.py:3486} INFO - Setting next_dagrun for dbt-gcp-dag-controller to 2023-06-18T18:27:00+00:00, run_after=2023-06-18T18:30:00+00:00
[2023-06-18T18:28:34.594+0000] {processor.py:179} INFO - Processing /opt/airflow/dags/dbt_gcp_controller.py took 0.116 seconds
[2023-06-18T18:29:05.482+0000] {processor.py:157} INFO - Started process (PID=7426) to work on /opt/airflow/dags/dbt_gcp_controller.py
[2023-06-18T18:29:05.484+0000] {processor.py:826} INFO - Processing file /opt/airflow/dags/dbt_gcp_controller.py for tasks to queue
[2023-06-18T18:29:05.485+0000] {logging_mixin.py:149} INFO - [2023-06-18T18:29:05.485+0000] {dagbag.py:541} INFO - Filling up the DagBag from /opt/airflow/dags/dbt_gcp_controller.py
[2023-06-18T18:29:05.497+0000] {processor.py:836} INFO - DAG(s) dict_keys(['dbt-gcp-dag-controller']) retrieved from /opt/airflow/dags/dbt_gcp_controller.py
[2023-06-18T18:29:05.617+0000] {logging_mixin.py:149} INFO - [2023-06-18T18:29:05.616+0000] {dag.py:2726} INFO - Sync 1 DAGs
[2023-06-18T18:29:05.631+0000] {logging_mixin.py:149} INFO - [2023-06-18T18:29:05.631+0000] {dag.py:3486} INFO - Setting next_dagrun for dbt-gcp-dag-controller to 2023-06-18T18:27:00+00:00, run_after=2023-06-18T18:30:00+00:00
[2023-06-18T18:29:05.646+0000] {processor.py:179} INFO - Processing /opt/airflow/dags/dbt_gcp_controller.py took 0.166 seconds
[2023-06-18T18:29:35.815+0000] {processor.py:157} INFO - Started process (PID=7484) to work on /opt/airflow/dags/dbt_gcp_controller.py
[2023-06-18T18:29:35.818+0000] {processor.py:826} INFO - Processing file /opt/airflow/dags/dbt_gcp_controller.py for tasks to queue
[2023-06-18T18:29:35.821+0000] {logging_mixin.py:149} INFO - [2023-06-18T18:29:35.821+0000] {dagbag.py:541} INFO - Filling up the DagBag from /opt/airflow/dags/dbt_gcp_controller.py
[2023-06-18T18:29:35.841+0000] {processor.py:836} INFO - DAG(s) dict_keys(['dbt-gcp-dag-controller']) retrieved from /opt/airflow/dags/dbt_gcp_controller.py
[2023-06-18T18:29:35.952+0000] {logging_mixin.py:149} INFO - [2023-06-18T18:29:35.951+0000] {dag.py:2726} INFO - Sync 1 DAGs
[2023-06-18T18:29:35.968+0000] {logging_mixin.py:149} INFO - [2023-06-18T18:29:35.968+0000] {dag.py:3486} INFO - Setting next_dagrun for dbt-gcp-dag-controller to 2023-06-18T18:27:00+00:00, run_after=2023-06-18T18:30:00+00:00
[2023-06-18T18:29:35.982+0000] {processor.py:179} INFO - Processing /opt/airflow/dags/dbt_gcp_controller.py took 0.171 seconds
[2023-06-18T18:30:06.264+0000] {processor.py:157} INFO - Started process (PID=7542) to work on /opt/airflow/dags/dbt_gcp_controller.py
[2023-06-18T18:30:06.265+0000] {processor.py:826} INFO - Processing file /opt/airflow/dags/dbt_gcp_controller.py for tasks to queue
[2023-06-18T18:30:06.266+0000] {logging_mixin.py:149} INFO - [2023-06-18T18:30:06.266+0000] {dagbag.py:541} INFO - Filling up the DagBag from /opt/airflow/dags/dbt_gcp_controller.py
[2023-06-18T18:30:06.276+0000] {processor.py:836} INFO - DAG(s) dict_keys(['dbt-gcp-dag-controller']) retrieved from /opt/airflow/dags/dbt_gcp_controller.py
[2023-06-18T18:30:06.375+0000] {logging_mixin.py:149} INFO - [2023-06-18T18:30:06.375+0000] {dag.py:2726} INFO - Sync 1 DAGs
[2023-06-18T18:30:06.389+0000] {logging_mixin.py:149} INFO - [2023-06-18T18:30:06.389+0000] {dag.py:3486} INFO - Setting next_dagrun for dbt-gcp-dag-controller to 2023-06-18T18:30:00+00:00, run_after=2023-06-18T18:33:00+00:00
[2023-06-18T18:30:06.399+0000] {processor.py:179} INFO - Processing /opt/airflow/dags/dbt_gcp_controller.py took 0.138 seconds
[2023-06-18T18:30:36.569+0000] {processor.py:157} INFO - Started process (PID=7600) to work on /opt/airflow/dags/dbt_gcp_controller.py
[2023-06-18T18:30:36.570+0000] {processor.py:826} INFO - Processing file /opt/airflow/dags/dbt_gcp_controller.py for tasks to queue
[2023-06-18T18:30:36.571+0000] {logging_mixin.py:149} INFO - [2023-06-18T18:30:36.571+0000] {dagbag.py:541} INFO - Filling up the DagBag from /opt/airflow/dags/dbt_gcp_controller.py
[2023-06-18T18:30:36.581+0000] {processor.py:836} INFO - DAG(s) dict_keys(['dbt-gcp-dag-controller']) retrieved from /opt/airflow/dags/dbt_gcp_controller.py
[2023-06-18T18:30:36.651+0000] {logging_mixin.py:149} INFO - [2023-06-18T18:30:36.651+0000] {dag.py:2726} INFO - Sync 1 DAGs
[2023-06-18T18:30:36.665+0000] {logging_mixin.py:149} INFO - [2023-06-18T18:30:36.665+0000] {dag.py:3486} INFO - Setting next_dagrun for dbt-gcp-dag-controller to 2023-06-18T18:30:00+00:00, run_after=2023-06-18T18:33:00+00:00
[2023-06-18T18:30:36.678+0000] {processor.py:179} INFO - Processing /opt/airflow/dags/dbt_gcp_controller.py took 0.112 seconds
[2023-06-18T18:31:06.952+0000] {processor.py:157} INFO - Started process (PID=7658) to work on /opt/airflow/dags/dbt_gcp_controller.py
[2023-06-18T18:31:06.955+0000] {processor.py:826} INFO - Processing file /opt/airflow/dags/dbt_gcp_controller.py for tasks to queue
[2023-06-18T18:31:06.957+0000] {logging_mixin.py:149} INFO - [2023-06-18T18:31:06.956+0000] {dagbag.py:541} INFO - Filling up the DagBag from /opt/airflow/dags/dbt_gcp_controller.py
[2023-06-18T18:31:06.973+0000] {processor.py:836} INFO - DAG(s) dict_keys(['dbt-gcp-dag-controller']) retrieved from /opt/airflow/dags/dbt_gcp_controller.py
[2023-06-18T18:31:07.072+0000] {logging_mixin.py:149} INFO - [2023-06-18T18:31:07.072+0000] {dag.py:2726} INFO - Sync 1 DAGs
[2023-06-18T18:31:07.090+0000] {logging_mixin.py:149} INFO - [2023-06-18T18:31:07.090+0000] {dag.py:3486} INFO - Setting next_dagrun for dbt-gcp-dag-controller to 2023-06-18T18:30:00+00:00, run_after=2023-06-18T18:33:00+00:00
[2023-06-18T18:31:07.109+0000] {processor.py:179} INFO - Processing /opt/airflow/dags/dbt_gcp_controller.py took 0.160 seconds
[2023-06-18T18:31:37.241+0000] {processor.py:157} INFO - Started process (PID=7716) to work on /opt/airflow/dags/dbt_gcp_controller.py
[2023-06-18T18:31:37.243+0000] {processor.py:826} INFO - Processing file /opt/airflow/dags/dbt_gcp_controller.py for tasks to queue
[2023-06-18T18:31:37.244+0000] {logging_mixin.py:149} INFO - [2023-06-18T18:31:37.244+0000] {dagbag.py:541} INFO - Filling up the DagBag from /opt/airflow/dags/dbt_gcp_controller.py
[2023-06-18T18:31:37.262+0000] {processor.py:836} INFO - DAG(s) dict_keys(['dbt-gcp-dag-controller']) retrieved from /opt/airflow/dags/dbt_gcp_controller.py
[2023-06-18T18:31:37.341+0000] {logging_mixin.py:149} INFO - [2023-06-18T18:31:37.341+0000] {dag.py:2726} INFO - Sync 1 DAGs
[2023-06-18T18:31:37.356+0000] {logging_mixin.py:149} INFO - [2023-06-18T18:31:37.356+0000] {dag.py:3486} INFO - Setting next_dagrun for dbt-gcp-dag-controller to 2023-06-18T18:30:00+00:00, run_after=2023-06-18T18:33:00+00:00
[2023-06-18T18:31:37.371+0000] {processor.py:179} INFO - Processing /opt/airflow/dags/dbt_gcp_controller.py took 0.134 seconds
[2023-06-18T18:32:08.391+0000] {processor.py:157} INFO - Started process (PID=7775) to work on /opt/airflow/dags/dbt_gcp_controller.py
[2023-06-18T18:32:08.392+0000] {processor.py:826} INFO - Processing file /opt/airflow/dags/dbt_gcp_controller.py for tasks to queue
[2023-06-18T18:32:08.393+0000] {logging_mixin.py:149} INFO - [2023-06-18T18:32:08.393+0000] {dagbag.py:541} INFO - Filling up the DagBag from /opt/airflow/dags/dbt_gcp_controller.py
[2023-06-18T18:32:08.402+0000] {processor.py:836} INFO - DAG(s) dict_keys(['dbt-gcp-dag-controller']) retrieved from /opt/airflow/dags/dbt_gcp_controller.py
[2023-06-18T18:32:08.476+0000] {logging_mixin.py:149} INFO - [2023-06-18T18:32:08.476+0000] {dag.py:2726} INFO - Sync 1 DAGs
[2023-06-18T18:32:08.490+0000] {logging_mixin.py:149} INFO - [2023-06-18T18:32:08.490+0000] {dag.py:3486} INFO - Setting next_dagrun for dbt-gcp-dag-controller to 2023-06-18T18:30:00+00:00, run_after=2023-06-18T18:33:00+00:00
[2023-06-18T18:32:08.501+0000] {processor.py:179} INFO - Processing /opt/airflow/dags/dbt_gcp_controller.py took 0.113 seconds
[2023-06-18T18:32:39.276+0000] {processor.py:157} INFO - Started process (PID=7833) to work on /opt/airflow/dags/dbt_gcp_controller.py
[2023-06-18T18:32:39.278+0000] {processor.py:826} INFO - Processing file /opt/airflow/dags/dbt_gcp_controller.py for tasks to queue
[2023-06-18T18:32:39.280+0000] {logging_mixin.py:149} INFO - [2023-06-18T18:32:39.280+0000] {dagbag.py:541} INFO - Filling up the DagBag from /opt/airflow/dags/dbt_gcp_controller.py
[2023-06-18T18:32:39.288+0000] {processor.py:836} INFO - DAG(s) dict_keys(['dbt-gcp-dag-controller']) retrieved from /opt/airflow/dags/dbt_gcp_controller.py
[2023-06-18T18:32:39.356+0000] {logging_mixin.py:149} INFO - [2023-06-18T18:32:39.356+0000] {dag.py:2726} INFO - Sync 1 DAGs
[2023-06-18T18:32:39.369+0000] {logging_mixin.py:149} INFO - [2023-06-18T18:32:39.369+0000] {dag.py:3486} INFO - Setting next_dagrun for dbt-gcp-dag-controller to 2023-06-18T18:30:00+00:00, run_after=2023-06-18T18:33:00+00:00
[2023-06-18T18:32:39.380+0000] {processor.py:179} INFO - Processing /opt/airflow/dags/dbt_gcp_controller.py took 0.107 seconds
[2023-06-18T18:33:21.930+0000] {processor.py:157} INFO - Started process (PID=7891) to work on /opt/airflow/dags/dbt_gcp_controller.py
[2023-06-18T18:33:21.931+0000] {processor.py:826} INFO - Processing file /opt/airflow/dags/dbt_gcp_controller.py for tasks to queue
[2023-06-18T18:33:21.932+0000] {logging_mixin.py:149} INFO - [2023-06-18T18:33:21.932+0000] {dagbag.py:541} INFO - Filling up the DagBag from /opt/airflow/dags/dbt_gcp_controller.py
[2023-06-18T18:33:21.945+0000] {processor.py:836} INFO - DAG(s) dict_keys(['dbt-gcp-dag-controller']) retrieved from /opt/airflow/dags/dbt_gcp_controller.py
[2023-06-18T18:33:22.075+0000] {logging_mixin.py:149} INFO - [2023-06-18T18:33:22.075+0000] {dag.py:2726} INFO - Sync 1 DAGs
[2023-06-18T18:33:22.090+0000] {logging_mixin.py:149} INFO - [2023-06-18T18:33:22.090+0000] {dag.py:3486} INFO - Setting next_dagrun for dbt-gcp-dag-controller to 2023-06-18T18:33:00+00:00, run_after=2023-06-18T18:36:00+00:00
[2023-06-18T18:33:22.115+0000] {processor.py:179} INFO - Processing /opt/airflow/dags/dbt_gcp_controller.py took 0.188 seconds
[2023-06-18T18:33:52.723+0000] {processor.py:157} INFO - Started process (PID=7944) to work on /opt/airflow/dags/dbt_gcp_controller.py
[2023-06-18T18:33:52.726+0000] {processor.py:826} INFO - Processing file /opt/airflow/dags/dbt_gcp_controller.py for tasks to queue
[2023-06-18T18:33:52.728+0000] {logging_mixin.py:149} INFO - [2023-06-18T18:33:52.728+0000] {dagbag.py:541} INFO - Filling up the DagBag from /opt/airflow/dags/dbt_gcp_controller.py
[2023-06-18T18:33:52.743+0000] {processor.py:836} INFO - DAG(s) dict_keys(['dbt-gcp-dag-controller']) retrieved from /opt/airflow/dags/dbt_gcp_controller.py
[2023-06-18T18:33:52.834+0000] {logging_mixin.py:149} INFO - [2023-06-18T18:33:52.834+0000] {dag.py:2726} INFO - Sync 1 DAGs
[2023-06-18T18:33:52.849+0000] {logging_mixin.py:149} INFO - [2023-06-18T18:33:52.849+0000] {dag.py:3486} INFO - Setting next_dagrun for dbt-gcp-dag-controller to 2023-06-18T18:33:00+00:00, run_after=2023-06-18T18:36:00+00:00
[2023-06-18T18:33:52.864+0000] {processor.py:179} INFO - Processing /opt/airflow/dags/dbt_gcp_controller.py took 0.147 seconds
[2023-06-18T18:34:29.033+0000] {processor.py:157} INFO - Started process (PID=7999) to work on /opt/airflow/dags/dbt_gcp_controller.py
[2023-06-18T18:34:29.036+0000] {processor.py:826} INFO - Processing file /opt/airflow/dags/dbt_gcp_controller.py for tasks to queue
[2023-06-18T18:34:29.038+0000] {logging_mixin.py:149} INFO - [2023-06-18T18:34:29.038+0000] {dagbag.py:541} INFO - Filling up the DagBag from /opt/airflow/dags/dbt_gcp_controller.py
[2023-06-18T18:34:29.181+0000] {processor.py:836} INFO - DAG(s) dict_keys(['dbt-gcp-dag-controller']) retrieved from /opt/airflow/dags/dbt_gcp_controller.py
[2023-06-18T18:34:29.618+0000] {logging_mixin.py:149} INFO - [2023-06-18T18:34:29.617+0000] {dag.py:2726} INFO - Sync 1 DAGs
[2023-06-18T18:34:29.647+0000] {logging_mixin.py:149} INFO - [2023-06-18T18:34:29.647+0000] {dag.py:3486} INFO - Setting next_dagrun for dbt-gcp-dag-controller to 2023-06-18T18:33:00+00:00, run_after=2023-06-18T18:36:00+00:00
[2023-06-18T18:34:29.684+0000] {processor.py:179} INFO - Processing /opt/airflow/dags/dbt_gcp_controller.py took 5.571 seconds
[2023-06-18T18:35:01.704+0000] {processor.py:157} INFO - Started process (PID=8061) to work on /opt/airflow/dags/dbt_gcp_controller.py
[2023-06-18T18:35:01.767+0000] {processor.py:826} INFO - Processing file /opt/airflow/dags/dbt_gcp_controller.py for tasks to queue
[2023-06-18T18:35:01.793+0000] {logging_mixin.py:149} INFO - [2023-06-18T18:35:01.793+0000] {dagbag.py:541} INFO - Filling up the DagBag from /opt/airflow/dags/dbt_gcp_controller.py
[2023-06-18T18:35:01.990+0000] {processor.py:836} INFO - DAG(s) dict_keys(['dbt-gcp-dag-controller']) retrieved from /opt/airflow/dags/dbt_gcp_controller.py
[2023-06-18T18:35:02.726+0000] {logging_mixin.py:149} INFO - [2023-06-18T18:35:02.726+0000] {dag.py:2726} INFO - Sync 1 DAGs
[2023-06-18T18:35:02.783+0000] {logging_mixin.py:149} INFO - [2023-06-18T18:35:02.783+0000] {dag.py:3486} INFO - Setting next_dagrun for dbt-gcp-dag-controller to 2023-06-18T18:33:00+00:00, run_after=2023-06-18T18:36:00+00:00
[2023-06-18T18:35:02.816+0000] {processor.py:179} INFO - Processing /opt/airflow/dags/dbt_gcp_controller.py took 1.127 seconds
[2023-06-18T18:35:40.982+0000] {processor.py:157} INFO - Started process (PID=8119) to work on /opt/airflow/dags/dbt_gcp_controller.py
[2023-06-18T18:35:40.986+0000] {processor.py:826} INFO - Processing file /opt/airflow/dags/dbt_gcp_controller.py for tasks to queue
[2023-06-18T18:35:41.000+0000] {logging_mixin.py:149} INFO - [2023-06-18T18:35:40.990+0000] {dagbag.py:541} INFO - Filling up the DagBag from /opt/airflow/dags/dbt_gcp_controller.py
[2023-06-18T18:35:43.356+0000] {processor.py:836} INFO - DAG(s) dict_keys(['dbt-gcp-dag-controller']) retrieved from /opt/airflow/dags/dbt_gcp_controller.py
[2023-06-18T18:38:09.581+0000] {processor.py:157} INFO - Started process (PID=24) to work on /opt/airflow/dags/dbt_gcp_controller.py
[2023-06-18T18:38:09.583+0000] {processor.py:826} INFO - Processing file /opt/airflow/dags/dbt_gcp_controller.py for tasks to queue
[2023-06-18T18:38:09.585+0000] {logging_mixin.py:149} INFO - [2023-06-18T18:38:09.585+0000] {dagbag.py:541} INFO - Filling up the DagBag from /opt/airflow/dags/dbt_gcp_controller.py
[2023-06-18T18:38:09.598+0000] {processor.py:836} INFO - DAG(s) dict_keys(['dbt-gcp-dag-controller']) retrieved from /opt/airflow/dags/dbt_gcp_controller.py
[2023-06-18T18:38:09.736+0000] {logging_mixin.py:149} INFO - [2023-06-18T18:38:09.735+0000] {dag.py:2726} INFO - Sync 1 DAGs
[2023-06-18T18:38:09.751+0000] {logging_mixin.py:149} INFO - [2023-06-18T18:38:09.751+0000] {dag.py:3486} INFO - Setting next_dagrun for dbt-gcp-dag-controller to 2023-06-18T18:36:00+00:00, run_after=2023-06-18T18:39:00+00:00
[2023-06-18T18:38:09.764+0000] {processor.py:179} INFO - Processing /opt/airflow/dags/dbt_gcp_controller.py took 0.186 seconds
[2023-06-18T18:38:40.990+0000] {processor.py:157} INFO - Started process (PID=96) to work on /opt/airflow/dags/dbt_gcp_controller.py
[2023-06-18T18:38:40.993+0000] {processor.py:826} INFO - Processing file /opt/airflow/dags/dbt_gcp_controller.py for tasks to queue
[2023-06-18T18:38:40.997+0000] {logging_mixin.py:149} INFO - [2023-06-18T18:38:40.997+0000] {dagbag.py:541} INFO - Filling up the DagBag from /opt/airflow/dags/dbt_gcp_controller.py
[2023-06-18T18:38:41.008+0000] {processor.py:836} INFO - DAG(s) dict_keys(['dbt-gcp-dag-controller']) retrieved from /opt/airflow/dags/dbt_gcp_controller.py
[2023-06-18T18:38:41.084+0000] {logging_mixin.py:149} INFO - [2023-06-18T18:38:41.084+0000] {dag.py:2726} INFO - Sync 1 DAGs
[2023-06-18T18:38:41.103+0000] {logging_mixin.py:149} INFO - [2023-06-18T18:38:41.103+0000] {dag.py:3486} INFO - Setting next_dagrun for dbt-gcp-dag-controller to 2023-06-18T18:36:00+00:00, run_after=2023-06-18T18:39:00+00:00
[2023-06-18T18:38:41.117+0000] {processor.py:179} INFO - Processing /opt/airflow/dags/dbt_gcp_controller.py took 0.130 seconds
[2023-06-18T18:39:11.684+0000] {processor.py:157} INFO - Started process (PID=158) to work on /opt/airflow/dags/dbt_gcp_controller.py
[2023-06-18T18:39:11.686+0000] {processor.py:826} INFO - Processing file /opt/airflow/dags/dbt_gcp_controller.py for tasks to queue
[2023-06-18T18:39:11.693+0000] {logging_mixin.py:149} INFO - [2023-06-18T18:39:11.693+0000] {dagbag.py:541} INFO - Filling up the DagBag from /opt/airflow/dags/dbt_gcp_controller.py
[2023-06-18T18:39:11.708+0000] {processor.py:836} INFO - DAG(s) dict_keys(['dbt-gcp-dag-controller']) retrieved from /opt/airflow/dags/dbt_gcp_controller.py
[2023-06-18T18:39:11.786+0000] {logging_mixin.py:149} INFO - [2023-06-18T18:39:11.786+0000] {dag.py:2726} INFO - Sync 1 DAGs
[2023-06-18T18:39:11.803+0000] {logging_mixin.py:149} INFO - [2023-06-18T18:39:11.803+0000] {dag.py:3486} INFO - Setting next_dagrun for dbt-gcp-dag-controller to 2023-06-18T18:39:00+00:00, run_after=2023-06-18T18:42:00+00:00
[2023-06-18T18:39:11.818+0000] {processor.py:179} INFO - Processing /opt/airflow/dags/dbt_gcp_controller.py took 0.137 seconds
[2023-06-18T18:39:42.613+0000] {processor.py:157} INFO - Started process (PID=216) to work on /opt/airflow/dags/dbt_gcp_controller.py
[2023-06-18T18:39:42.615+0000] {processor.py:826} INFO - Processing file /opt/airflow/dags/dbt_gcp_controller.py for tasks to queue
[2023-06-18T18:39:42.618+0000] {logging_mixin.py:149} INFO - [2023-06-18T18:39:42.618+0000] {dagbag.py:541} INFO - Filling up the DagBag from /opt/airflow/dags/dbt_gcp_controller.py
[2023-06-18T18:39:42.628+0000] {processor.py:836} INFO - DAG(s) dict_keys(['dbt-gcp-dag-controller']) retrieved from /opt/airflow/dags/dbt_gcp_controller.py
[2023-06-18T18:39:42.695+0000] {logging_mixin.py:149} INFO - [2023-06-18T18:39:42.695+0000] {dag.py:2726} INFO - Sync 1 DAGs
[2023-06-18T18:39:42.709+0000] {logging_mixin.py:149} INFO - [2023-06-18T18:39:42.709+0000] {dag.py:3486} INFO - Setting next_dagrun for dbt-gcp-dag-controller to 2023-06-18T18:39:00+00:00, run_after=2023-06-18T18:42:00+00:00
[2023-06-18T18:39:42.721+0000] {processor.py:179} INFO - Processing /opt/airflow/dags/dbt_gcp_controller.py took 0.111 seconds
[2023-06-18T18:40:13.626+0000] {processor.py:157} INFO - Started process (PID=274) to work on /opt/airflow/dags/dbt_gcp_controller.py
[2023-06-18T18:40:13.628+0000] {processor.py:826} INFO - Processing file /opt/airflow/dags/dbt_gcp_controller.py for tasks to queue
[2023-06-18T18:40:13.631+0000] {logging_mixin.py:149} INFO - [2023-06-18T18:40:13.631+0000] {dagbag.py:541} INFO - Filling up the DagBag from /opt/airflow/dags/dbt_gcp_controller.py
[2023-06-18T18:40:13.641+0000] {processor.py:836} INFO - DAG(s) dict_keys(['dbt-gcp-dag-controller']) retrieved from /opt/airflow/dags/dbt_gcp_controller.py
[2023-06-18T18:40:13.710+0000] {logging_mixin.py:149} INFO - [2023-06-18T18:40:13.710+0000] {dag.py:2726} INFO - Sync 1 DAGs
[2023-06-18T18:40:13.724+0000] {logging_mixin.py:149} INFO - [2023-06-18T18:40:13.723+0000] {dag.py:3486} INFO - Setting next_dagrun for dbt-gcp-dag-controller to 2023-06-18T18:39:00+00:00, run_after=2023-06-18T18:42:00+00:00
[2023-06-18T18:40:13.737+0000] {processor.py:179} INFO - Processing /opt/airflow/dags/dbt_gcp_controller.py took 0.114 seconds
[2023-06-18T18:40:44.311+0000] {processor.py:157} INFO - Started process (PID=333) to work on /opt/airflow/dags/dbt_gcp_controller.py
[2023-06-18T18:40:44.313+0000] {processor.py:826} INFO - Processing file /opt/airflow/dags/dbt_gcp_controller.py for tasks to queue
[2023-06-18T18:40:44.316+0000] {logging_mixin.py:149} INFO - [2023-06-18T18:40:44.315+0000] {dagbag.py:541} INFO - Filling up the DagBag from /opt/airflow/dags/dbt_gcp_controller.py
[2023-06-18T18:40:44.324+0000] {processor.py:836} INFO - DAG(s) dict_keys(['dbt-gcp-dag-controller']) retrieved from /opt/airflow/dags/dbt_gcp_controller.py
[2023-06-18T18:40:44.392+0000] {logging_mixin.py:149} INFO - [2023-06-18T18:40:44.392+0000] {dag.py:2726} INFO - Sync 1 DAGs
[2023-06-18T18:40:44.405+0000] {logging_mixin.py:149} INFO - [2023-06-18T18:40:44.405+0000] {dag.py:3486} INFO - Setting next_dagrun for dbt-gcp-dag-controller to 2023-06-18T18:39:00+00:00, run_after=2023-06-18T18:42:00+00:00
[2023-06-18T18:40:44.417+0000] {processor.py:179} INFO - Processing /opt/airflow/dags/dbt_gcp_controller.py took 0.109 seconds
[2023-06-18T18:41:15.358+0000] {processor.py:157} INFO - Started process (PID=391) to work on /opt/airflow/dags/dbt_gcp_controller.py
[2023-06-18T18:41:15.360+0000] {processor.py:826} INFO - Processing file /opt/airflow/dags/dbt_gcp_controller.py for tasks to queue
[2023-06-18T18:41:15.363+0000] {logging_mixin.py:149} INFO - [2023-06-18T18:41:15.363+0000] {dagbag.py:541} INFO - Filling up the DagBag from /opt/airflow/dags/dbt_gcp_controller.py
[2023-06-18T18:41:15.371+0000] {processor.py:836} INFO - DAG(s) dict_keys(['dbt-gcp-dag-controller']) retrieved from /opt/airflow/dags/dbt_gcp_controller.py
[2023-06-18T18:41:15.441+0000] {logging_mixin.py:149} INFO - [2023-06-18T18:41:15.440+0000] {dag.py:2726} INFO - Sync 1 DAGs
[2023-06-18T18:41:15.454+0000] {logging_mixin.py:149} INFO - [2023-06-18T18:41:15.454+0000] {dag.py:3486} INFO - Setting next_dagrun for dbt-gcp-dag-controller to 2023-06-18T18:39:00+00:00, run_after=2023-06-18T18:42:00+00:00
[2023-06-18T18:41:15.467+0000] {processor.py:179} INFO - Processing /opt/airflow/dags/dbt_gcp_controller.py took 0.112 seconds
[2023-06-18T18:41:45.607+0000] {processor.py:157} INFO - Started process (PID=449) to work on /opt/airflow/dags/dbt_gcp_controller.py
[2023-06-18T18:41:45.609+0000] {processor.py:826} INFO - Processing file /opt/airflow/dags/dbt_gcp_controller.py for tasks to queue
[2023-06-18T18:41:45.613+0000] {logging_mixin.py:149} INFO - [2023-06-18T18:41:45.612+0000] {dagbag.py:541} INFO - Filling up the DagBag from /opt/airflow/dags/dbt_gcp_controller.py
[2023-06-18T18:41:45.620+0000] {processor.py:836} INFO - DAG(s) dict_keys(['dbt-gcp-dag-controller']) retrieved from /opt/airflow/dags/dbt_gcp_controller.py
[2023-06-18T18:41:45.688+0000] {logging_mixin.py:149} INFO - [2023-06-18T18:41:45.687+0000] {dag.py:2726} INFO - Sync 1 DAGs
[2023-06-18T18:41:45.701+0000] {logging_mixin.py:149} INFO - [2023-06-18T18:41:45.701+0000] {dag.py:3486} INFO - Setting next_dagrun for dbt-gcp-dag-controller to 2023-06-18T18:39:00+00:00, run_after=2023-06-18T18:42:00+00:00
[2023-06-18T18:41:45.715+0000] {processor.py:179} INFO - Processing /opt/airflow/dags/dbt_gcp_controller.py took 0.112 seconds
[2023-06-18T18:42:15.930+0000] {processor.py:157} INFO - Started process (PID=511) to work on /opt/airflow/dags/dbt_gcp_controller.py
[2023-06-18T18:42:15.932+0000] {processor.py:826} INFO - Processing file /opt/airflow/dags/dbt_gcp_controller.py for tasks to queue
[2023-06-18T18:42:15.935+0000] {logging_mixin.py:149} INFO - [2023-06-18T18:42:15.935+0000] {dagbag.py:541} INFO - Filling up the DagBag from /opt/airflow/dags/dbt_gcp_controller.py
[2023-06-18T18:42:15.944+0000] {processor.py:836} INFO - DAG(s) dict_keys(['dbt-gcp-dag-controller']) retrieved from /opt/airflow/dags/dbt_gcp_controller.py
[2023-06-18T18:42:16.012+0000] {logging_mixin.py:149} INFO - [2023-06-18T18:42:16.012+0000] {dag.py:2726} INFO - Sync 1 DAGs
[2023-06-18T18:42:16.025+0000] {logging_mixin.py:149} INFO - [2023-06-18T18:42:16.025+0000] {dag.py:3486} INFO - Setting next_dagrun for dbt-gcp-dag-controller to 2023-06-18T18:42:00+00:00, run_after=2023-06-18T18:45:00+00:00
[2023-06-18T18:42:16.037+0000] {processor.py:179} INFO - Processing /opt/airflow/dags/dbt_gcp_controller.py took 0.109 seconds
[2023-06-18T18:42:46.247+0000] {processor.py:157} INFO - Started process (PID=569) to work on /opt/airflow/dags/dbt_gcp_controller.py
[2023-06-18T18:42:46.249+0000] {processor.py:826} INFO - Processing file /opt/airflow/dags/dbt_gcp_controller.py for tasks to queue
[2023-06-18T18:42:46.253+0000] {logging_mixin.py:149} INFO - [2023-06-18T18:42:46.252+0000] {dagbag.py:541} INFO - Filling up the DagBag from /opt/airflow/dags/dbt_gcp_controller.py
[2023-06-18T18:42:46.262+0000] {processor.py:836} INFO - DAG(s) dict_keys(['dbt-gcp-dag-controller']) retrieved from /opt/airflow/dags/dbt_gcp_controller.py
[2023-06-18T18:42:46.330+0000] {logging_mixin.py:149} INFO - [2023-06-18T18:42:46.330+0000] {dag.py:2726} INFO - Sync 1 DAGs
[2023-06-18T18:42:46.343+0000] {logging_mixin.py:149} INFO - [2023-06-18T18:42:46.343+0000] {dag.py:3486} INFO - Setting next_dagrun for dbt-gcp-dag-controller to 2023-06-18T18:42:00+00:00, run_after=2023-06-18T18:45:00+00:00
[2023-06-18T18:42:46.355+0000] {processor.py:179} INFO - Processing /opt/airflow/dags/dbt_gcp_controller.py took 0.112 seconds
[2023-06-18T18:43:16.410+0000] {processor.py:157} INFO - Started process (PID=627) to work on /opt/airflow/dags/dbt_gcp_controller.py
[2023-06-18T18:43:16.412+0000] {processor.py:826} INFO - Processing file /opt/airflow/dags/dbt_gcp_controller.py for tasks to queue
[2023-06-18T18:43:16.415+0000] {logging_mixin.py:149} INFO - [2023-06-18T18:43:16.415+0000] {dagbag.py:541} INFO - Filling up the DagBag from /opt/airflow/dags/dbt_gcp_controller.py
[2023-06-18T18:43:16.423+0000] {processor.py:836} INFO - DAG(s) dict_keys(['dbt-gcp-dag-controller']) retrieved from /opt/airflow/dags/dbt_gcp_controller.py
[2023-06-18T18:43:16.490+0000] {logging_mixin.py:149} INFO - [2023-06-18T18:43:16.490+0000] {dag.py:2726} INFO - Sync 1 DAGs
[2023-06-18T18:43:16.504+0000] {logging_mixin.py:149} INFO - [2023-06-18T18:43:16.503+0000] {dag.py:3486} INFO - Setting next_dagrun for dbt-gcp-dag-controller to 2023-06-18T18:42:00+00:00, run_after=2023-06-18T18:45:00+00:00
[2023-06-18T18:43:16.519+0000] {processor.py:179} INFO - Processing /opt/airflow/dags/dbt_gcp_controller.py took 0.113 seconds
[2023-06-18T18:43:47.401+0000] {processor.py:157} INFO - Started process (PID=685) to work on /opt/airflow/dags/dbt_gcp_controller.py
[2023-06-18T18:43:47.403+0000] {processor.py:826} INFO - Processing file /opt/airflow/dags/dbt_gcp_controller.py for tasks to queue
[2023-06-18T18:43:47.406+0000] {logging_mixin.py:149} INFO - [2023-06-18T18:43:47.406+0000] {dagbag.py:541} INFO - Filling up the DagBag from /opt/airflow/dags/dbt_gcp_controller.py
[2023-06-18T18:43:47.414+0000] {processor.py:836} INFO - DAG(s) dict_keys(['dbt-gcp-dag-controller']) retrieved from /opt/airflow/dags/dbt_gcp_controller.py
[2023-06-18T18:43:47.480+0000] {logging_mixin.py:149} INFO - [2023-06-18T18:43:47.480+0000] {dag.py:2726} INFO - Sync 1 DAGs
[2023-06-18T18:43:47.493+0000] {logging_mixin.py:149} INFO - [2023-06-18T18:43:47.493+0000] {dag.py:3486} INFO - Setting next_dagrun for dbt-gcp-dag-controller to 2023-06-18T18:42:00+00:00, run_after=2023-06-18T18:45:00+00:00
[2023-06-18T18:43:47.506+0000] {processor.py:179} INFO - Processing /opt/airflow/dags/dbt_gcp_controller.py took 0.108 seconds
[2023-06-18T18:44:17.634+0000] {processor.py:157} INFO - Started process (PID=743) to work on /opt/airflow/dags/dbt_gcp_controller.py
[2023-06-18T18:44:17.636+0000] {processor.py:826} INFO - Processing file /opt/airflow/dags/dbt_gcp_controller.py for tasks to queue
[2023-06-18T18:44:17.640+0000] {logging_mixin.py:149} INFO - [2023-06-18T18:44:17.640+0000] {dagbag.py:541} INFO - Filling up the DagBag from /opt/airflow/dags/dbt_gcp_controller.py
[2023-06-18T18:44:17.648+0000] {processor.py:836} INFO - DAG(s) dict_keys(['dbt-gcp-dag-controller']) retrieved from /opt/airflow/dags/dbt_gcp_controller.py
[2023-06-18T18:44:17.741+0000] {logging_mixin.py:149} INFO - [2023-06-18T18:44:17.741+0000] {dag.py:2726} INFO - Sync 1 DAGs
[2023-06-18T18:44:17.759+0000] {logging_mixin.py:149} INFO - [2023-06-18T18:44:17.759+0000] {dag.py:3486} INFO - Setting next_dagrun for dbt-gcp-dag-controller to 2023-06-18T18:42:00+00:00, run_after=2023-06-18T18:45:00+00:00
[2023-06-18T18:44:17.776+0000] {processor.py:179} INFO - Processing /opt/airflow/dags/dbt_gcp_controller.py took 0.145 seconds
[2023-06-18T18:44:48.249+0000] {processor.py:157} INFO - Started process (PID=801) to work on /opt/airflow/dags/dbt_gcp_controller.py
[2023-06-18T18:44:48.251+0000] {processor.py:826} INFO - Processing file /opt/airflow/dags/dbt_gcp_controller.py for tasks to queue
[2023-06-18T18:44:48.254+0000] {logging_mixin.py:149} INFO - [2023-06-18T18:44:48.254+0000] {dagbag.py:541} INFO - Filling up the DagBag from /opt/airflow/dags/dbt_gcp_controller.py
[2023-06-18T18:44:48.263+0000] {processor.py:836} INFO - DAG(s) dict_keys(['dbt-gcp-dag-controller']) retrieved from /opt/airflow/dags/dbt_gcp_controller.py
[2023-06-18T18:44:48.372+0000] {logging_mixin.py:149} INFO - [2023-06-18T18:44:48.371+0000] {dag.py:2726} INFO - Sync 1 DAGs
[2023-06-18T18:44:48.396+0000] {logging_mixin.py:149} INFO - [2023-06-18T18:44:48.396+0000] {dag.py:3486} INFO - Setting next_dagrun for dbt-gcp-dag-controller to 2023-06-18T18:42:00+00:00, run_after=2023-06-18T18:45:00+00:00
[2023-06-18T18:44:48.425+0000] {processor.py:179} INFO - Processing /opt/airflow/dags/dbt_gcp_controller.py took 0.179 seconds
[2023-06-18T18:45:18.932+0000] {processor.py:157} INFO - Started process (PID=863) to work on /opt/airflow/dags/dbt_gcp_controller.py
[2023-06-18T18:45:18.934+0000] {processor.py:826} INFO - Processing file /opt/airflow/dags/dbt_gcp_controller.py for tasks to queue
[2023-06-18T18:45:18.937+0000] {logging_mixin.py:149} INFO - [2023-06-18T18:45:18.937+0000] {dagbag.py:541} INFO - Filling up the DagBag from /opt/airflow/dags/dbt_gcp_controller.py
[2023-06-18T18:45:18.947+0000] {processor.py:836} INFO - DAG(s) dict_keys(['dbt-gcp-dag-controller']) retrieved from /opt/airflow/dags/dbt_gcp_controller.py
[2023-06-18T18:45:19.029+0000] {logging_mixin.py:149} INFO - [2023-06-18T18:45:19.029+0000] {dag.py:2726} INFO - Sync 1 DAGs
[2023-06-18T18:45:19.045+0000] {logging_mixin.py:149} INFO - [2023-06-18T18:45:19.045+0000] {dag.py:3486} INFO - Setting next_dagrun for dbt-gcp-dag-controller to 2023-06-18T18:45:00+00:00, run_after=2023-06-18T18:48:00+00:00
[2023-06-18T18:45:19.062+0000] {processor.py:179} INFO - Processing /opt/airflow/dags/dbt_gcp_controller.py took 0.133 seconds
[2023-06-18T18:45:49.772+0000] {processor.py:157} INFO - Started process (PID=921) to work on /opt/airflow/dags/dbt_gcp_controller.py
[2023-06-18T18:45:49.775+0000] {processor.py:826} INFO - Processing file /opt/airflow/dags/dbt_gcp_controller.py for tasks to queue
[2023-06-18T18:45:49.778+0000] {logging_mixin.py:149} INFO - [2023-06-18T18:45:49.778+0000] {dagbag.py:541} INFO - Filling up the DagBag from /opt/airflow/dags/dbt_gcp_controller.py
[2023-06-18T18:45:49.788+0000] {processor.py:836} INFO - DAG(s) dict_keys(['dbt-gcp-dag-controller']) retrieved from /opt/airflow/dags/dbt_gcp_controller.py
[2023-06-18T18:45:49.860+0000] {logging_mixin.py:149} INFO - [2023-06-18T18:45:49.860+0000] {dag.py:2726} INFO - Sync 1 DAGs
[2023-06-18T18:45:49.877+0000] {logging_mixin.py:149} INFO - [2023-06-18T18:45:49.877+0000] {dag.py:3486} INFO - Setting next_dagrun for dbt-gcp-dag-controller to 2023-06-18T18:45:00+00:00, run_after=2023-06-18T18:48:00+00:00
[2023-06-18T18:45:49.894+0000] {processor.py:179} INFO - Processing /opt/airflow/dags/dbt_gcp_controller.py took 0.125 seconds
[2023-06-18T18:46:20.561+0000] {processor.py:157} INFO - Started process (PID=979) to work on /opt/airflow/dags/dbt_gcp_controller.py
[2023-06-18T18:46:20.564+0000] {processor.py:826} INFO - Processing file /opt/airflow/dags/dbt_gcp_controller.py for tasks to queue
[2023-06-18T18:46:20.570+0000] {logging_mixin.py:149} INFO - [2023-06-18T18:46:20.570+0000] {dagbag.py:541} INFO - Filling up the DagBag from /opt/airflow/dags/dbt_gcp_controller.py
[2023-06-18T18:46:20.587+0000] {processor.py:836} INFO - DAG(s) dict_keys(['dbt-gcp-dag-controller']) retrieved from /opt/airflow/dags/dbt_gcp_controller.py
[2023-06-18T18:46:20.693+0000] {logging_mixin.py:149} INFO - [2023-06-18T18:46:20.692+0000] {dag.py:2726} INFO - Sync 1 DAGs
[2023-06-18T18:46:20.713+0000] {logging_mixin.py:149} INFO - [2023-06-18T18:46:20.713+0000] {dag.py:3486} INFO - Setting next_dagrun for dbt-gcp-dag-controller to 2023-06-18T18:45:00+00:00, run_after=2023-06-18T18:48:00+00:00
[2023-06-18T18:46:20.733+0000] {processor.py:179} INFO - Processing /opt/airflow/dags/dbt_gcp_controller.py took 0.177 seconds
[2023-06-18T18:46:51.059+0000] {processor.py:157} INFO - Started process (PID=1037) to work on /opt/airflow/dags/dbt_gcp_controller.py
[2023-06-18T18:46:51.061+0000] {processor.py:826} INFO - Processing file /opt/airflow/dags/dbt_gcp_controller.py for tasks to queue
[2023-06-18T18:46:51.064+0000] {logging_mixin.py:149} INFO - [2023-06-18T18:46:51.064+0000] {dagbag.py:541} INFO - Filling up the DagBag from /opt/airflow/dags/dbt_gcp_controller.py
[2023-06-18T18:46:51.076+0000] {processor.py:836} INFO - DAG(s) dict_keys(['dbt-gcp-dag-controller']) retrieved from /opt/airflow/dags/dbt_gcp_controller.py
[2023-06-18T18:46:51.147+0000] {logging_mixin.py:149} INFO - [2023-06-18T18:46:51.146+0000] {dag.py:2726} INFO - Sync 1 DAGs
[2023-06-18T18:46:51.159+0000] {logging_mixin.py:149} INFO - [2023-06-18T18:46:51.159+0000] {dag.py:3486} INFO - Setting next_dagrun for dbt-gcp-dag-controller to 2023-06-18T18:45:00+00:00, run_after=2023-06-18T18:48:00+00:00
[2023-06-18T18:46:51.172+0000] {processor.py:179} INFO - Processing /opt/airflow/dags/dbt_gcp_controller.py took 0.116 seconds
[2023-06-18T18:47:21.359+0000] {processor.py:157} INFO - Started process (PID=1095) to work on /opt/airflow/dags/dbt_gcp_controller.py
[2023-06-18T18:47:21.362+0000] {processor.py:826} INFO - Processing file /opt/airflow/dags/dbt_gcp_controller.py for tasks to queue
[2023-06-18T18:47:21.365+0000] {logging_mixin.py:149} INFO - [2023-06-18T18:47:21.365+0000] {dagbag.py:541} INFO - Filling up the DagBag from /opt/airflow/dags/dbt_gcp_controller.py
[2023-06-18T18:47:21.376+0000] {processor.py:836} INFO - DAG(s) dict_keys(['dbt-gcp-dag-controller']) retrieved from /opt/airflow/dags/dbt_gcp_controller.py
[2023-06-18T18:47:21.452+0000] {logging_mixin.py:149} INFO - [2023-06-18T18:47:21.452+0000] {dag.py:2726} INFO - Sync 1 DAGs
[2023-06-18T18:47:21.591+0000] {logging_mixin.py:149} INFO - [2023-06-18T18:47:21.591+0000] {dag.py:3486} INFO - Setting next_dagrun for dbt-gcp-dag-controller to 2023-06-18T18:45:00+00:00, run_after=2023-06-18T18:48:00+00:00
[2023-06-18T18:47:21.604+0000] {processor.py:179} INFO - Processing /opt/airflow/dags/dbt_gcp_controller.py took 0.249 seconds
[2023-06-18T18:47:51.954+0000] {processor.py:157} INFO - Started process (PID=1153) to work on /opt/airflow/dags/dbt_gcp_controller.py
[2023-06-18T18:47:51.957+0000] {processor.py:826} INFO - Processing file /opt/airflow/dags/dbt_gcp_controller.py for tasks to queue
[2023-06-18T18:47:51.962+0000] {logging_mixin.py:149} INFO - [2023-06-18T18:47:51.962+0000] {dagbag.py:541} INFO - Filling up the DagBag from /opt/airflow/dags/dbt_gcp_controller.py
[2023-06-18T18:47:51.973+0000] {processor.py:836} INFO - DAG(s) dict_keys(['dbt-gcp-dag-controller']) retrieved from /opt/airflow/dags/dbt_gcp_controller.py
[2023-06-18T18:47:52.054+0000] {logging_mixin.py:149} INFO - [2023-06-18T18:47:52.054+0000] {dag.py:2726} INFO - Sync 1 DAGs
[2023-06-18T18:47:52.070+0000] {logging_mixin.py:149} INFO - [2023-06-18T18:47:52.070+0000] {dag.py:3486} INFO - Setting next_dagrun for dbt-gcp-dag-controller to 2023-06-18T18:45:00+00:00, run_after=2023-06-18T18:48:00+00:00
[2023-06-18T18:47:52.088+0000] {processor.py:179} INFO - Processing /opt/airflow/dags/dbt_gcp_controller.py took 0.139 seconds
[2023-06-18T18:48:22.990+0000] {processor.py:157} INFO - Started process (PID=1209) to work on /opt/airflow/dags/dbt_gcp_controller.py
[2023-06-18T18:48:22.992+0000] {processor.py:826} INFO - Processing file /opt/airflow/dags/dbt_gcp_controller.py for tasks to queue
[2023-06-18T18:48:22.994+0000] {logging_mixin.py:149} INFO - [2023-06-18T18:48:22.994+0000] {dagbag.py:541} INFO - Filling up the DagBag from /opt/airflow/dags/dbt_gcp_controller.py
[2023-06-18T18:48:23.008+0000] {processor.py:836} INFO - DAG(s) dict_keys(['dbt-gcp-dag-controller']) retrieved from /opt/airflow/dags/dbt_gcp_controller.py
[2023-06-18T18:48:23.117+0000] {logging_mixin.py:149} INFO - [2023-06-18T18:48:23.116+0000] {dag.py:2726} INFO - Sync 1 DAGs
[2023-06-18T18:48:23.132+0000] {logging_mixin.py:149} INFO - [2023-06-18T18:48:23.132+0000] {dag.py:3486} INFO - Setting next_dagrun for dbt-gcp-dag-controller to 2023-06-18T18:48:00+00:00, run_after=2023-06-18T18:51:00+00:00
[2023-06-18T18:48:23.143+0000] {processor.py:179} INFO - Processing /opt/airflow/dags/dbt_gcp_controller.py took 0.156 seconds
