[2023-06-18T18:53:10.987+0000] {processor.py:157} INFO - Started process (PID=1735) to work on /opt/airflow/dags/gcp_dag.py
[2023-06-18T18:53:10.988+0000] {processor.py:826} INFO - Processing file /opt/airflow/dags/gcp_dag.py for tasks to queue
[2023-06-18T18:53:10.989+0000] {logging_mixin.py:149} INFO - [2023-06-18T18:53:10.989+0000] {dagbag.py:541} INFO - Filling up the DagBag from /opt/airflow/dags/gcp_dag.py
[2023-06-18T18:53:11.008+0000] {processor.py:836} INFO - DAG(s) dict_keys(['gcs-files-dag']) retrieved from /opt/airflow/dags/gcp_dag.py
[2023-06-18T18:53:11.078+0000] {logging_mixin.py:149} INFO - [2023-06-18T18:53:11.077+0000] {dag.py:2726} INFO - Sync 1 DAGs
[2023-06-18T18:53:11.090+0000] {logging_mixin.py:149} INFO - [2023-06-18T18:53:11.090+0000] {dag.py:3486} INFO - Setting next_dagrun for gcs-files-dag to 2023-06-18T18:53:11.001803+00:00, run_after=2023-06-19T18:53:11.001803+00:00
[2023-06-18T18:53:11.235+0000] {processor.py:179} INFO - Processing /opt/airflow/dags/gcp_dag.py took 0.252 seconds
[2023-06-18T18:53:42.140+0000] {processor.py:157} INFO - Started process (PID=1792) to work on /opt/airflow/dags/gcp_dag.py
[2023-06-18T18:53:42.142+0000] {processor.py:826} INFO - Processing file /opt/airflow/dags/gcp_dag.py for tasks to queue
[2023-06-18T18:53:42.143+0000] {logging_mixin.py:149} INFO - [2023-06-18T18:53:42.142+0000] {dagbag.py:541} INFO - Filling up the DagBag from /opt/airflow/dags/gcp_dag.py
[2023-06-18T18:53:42.153+0000] {processor.py:836} INFO - DAG(s) dict_keys(['gcs-files-dag']) retrieved from /opt/airflow/dags/gcp_dag.py
[2023-06-18T18:53:42.349+0000] {logging_mixin.py:149} INFO - [2023-06-18T18:53:42.349+0000] {dag.py:2726} INFO - Sync 1 DAGs
[2023-06-18T18:53:42.362+0000] {logging_mixin.py:149} INFO - [2023-06-18T18:53:42.362+0000] {dag.py:3486} INFO - Setting next_dagrun for gcs-files-dag to 2023-06-18T18:53:42.148177+00:00, run_after=2023-06-19T18:53:42.148177+00:00
[2023-06-18T18:53:42.373+0000] {processor.py:179} INFO - Processing /opt/airflow/dags/gcp_dag.py took 0.236 seconds
[2023-06-18T18:54:13.405+0000] {processor.py:157} INFO - Started process (PID=1848) to work on /opt/airflow/dags/gcp_dag.py
[2023-06-18T18:54:13.408+0000] {processor.py:826} INFO - Processing file /opt/airflow/dags/gcp_dag.py for tasks to queue
[2023-06-18T18:54:13.410+0000] {logging_mixin.py:149} INFO - [2023-06-18T18:54:13.410+0000] {dagbag.py:541} INFO - Filling up the DagBag from /opt/airflow/dags/gcp_dag.py
[2023-06-18T18:54:13.424+0000] {processor.py:836} INFO - DAG(s) dict_keys(['gcs-files-dag']) retrieved from /opt/airflow/dags/gcp_dag.py
[2023-06-18T18:54:13.521+0000] {logging_mixin.py:149} INFO - [2023-06-18T18:54:13.521+0000] {dag.py:2726} INFO - Sync 1 DAGs
[2023-06-18T18:54:13.693+0000] {logging_mixin.py:149} INFO - [2023-06-18T18:54:13.692+0000] {dag.py:3486} INFO - Setting next_dagrun for gcs-files-dag to 2023-06-18T18:54:13.417026+00:00, run_after=2023-06-19T18:54:13.417026+00:00
[2023-06-18T18:54:13.712+0000] {processor.py:179} INFO - Processing /opt/airflow/dags/gcp_dag.py took 0.310 seconds
[2023-06-18T18:54:44.331+0000] {processor.py:157} INFO - Started process (PID=1904) to work on /opt/airflow/dags/gcp_dag.py
[2023-06-18T18:54:44.333+0000] {processor.py:826} INFO - Processing file /opt/airflow/dags/gcp_dag.py for tasks to queue
[2023-06-18T18:54:44.334+0000] {logging_mixin.py:149} INFO - [2023-06-18T18:54:44.334+0000] {dagbag.py:541} INFO - Filling up the DagBag from /opt/airflow/dags/gcp_dag.py
[2023-06-18T18:54:44.345+0000] {processor.py:836} INFO - DAG(s) dict_keys(['gcs-files-dag']) retrieved from /opt/airflow/dags/gcp_dag.py
[2023-06-18T18:54:44.551+0000] {logging_mixin.py:149} INFO - [2023-06-18T18:54:44.551+0000] {dag.py:2726} INFO - Sync 1 DAGs
[2023-06-18T18:54:44.562+0000] {logging_mixin.py:149} INFO - [2023-06-18T18:54:44.562+0000] {dag.py:3486} INFO - Setting next_dagrun for gcs-files-dag to 2023-06-18T18:54:44.339357+00:00, run_after=2023-06-19T18:54:44.339357+00:00
[2023-06-18T18:54:44.574+0000] {processor.py:179} INFO - Processing /opt/airflow/dags/gcp_dag.py took 0.246 seconds
[2023-06-18T18:55:14.818+0000] {processor.py:157} INFO - Started process (PID=1960) to work on /opt/airflow/dags/gcp_dag.py
[2023-06-18T18:55:14.821+0000] {processor.py:826} INFO - Processing file /opt/airflow/dags/gcp_dag.py for tasks to queue
[2023-06-18T18:55:14.822+0000] {logging_mixin.py:149} INFO - [2023-06-18T18:55:14.822+0000] {dagbag.py:541} INFO - Filling up the DagBag from /opt/airflow/dags/gcp_dag.py
[2023-06-18T18:55:14.832+0000] {processor.py:836} INFO - DAG(s) dict_keys(['gcs-files-dag']) retrieved from /opt/airflow/dags/gcp_dag.py
[2023-06-18T18:55:15.047+0000] {logging_mixin.py:149} INFO - [2023-06-18T18:55:15.046+0000] {dag.py:2726} INFO - Sync 1 DAGs
[2023-06-18T18:55:15.060+0000] {logging_mixin.py:149} INFO - [2023-06-18T18:55:15.059+0000] {dag.py:3486} INFO - Setting next_dagrun for gcs-files-dag to 2023-06-18T18:55:14.827031+00:00, run_after=2023-06-19T18:55:14.827031+00:00
[2023-06-18T18:55:15.072+0000] {processor.py:179} INFO - Processing /opt/airflow/dags/gcp_dag.py took 0.257 seconds
[2023-06-18T18:55:45.809+0000] {processor.py:157} INFO - Started process (PID=2016) to work on /opt/airflow/dags/gcp_dag.py
[2023-06-18T18:55:45.810+0000] {processor.py:826} INFO - Processing file /opt/airflow/dags/gcp_dag.py for tasks to queue
[2023-06-18T18:55:45.811+0000] {logging_mixin.py:149} INFO - [2023-06-18T18:55:45.811+0000] {dagbag.py:541} INFO - Filling up the DagBag from /opt/airflow/dags/gcp_dag.py
[2023-06-18T18:55:45.824+0000] {processor.py:836} INFO - DAG(s) dict_keys(['gcs-files-dag']) retrieved from /opt/airflow/dags/gcp_dag.py
[2023-06-18T18:55:45.913+0000] {logging_mixin.py:149} INFO - [2023-06-18T18:55:45.913+0000] {dag.py:2726} INFO - Sync 1 DAGs
[2023-06-18T18:55:45.925+0000] {logging_mixin.py:149} INFO - [2023-06-18T18:55:45.925+0000] {dag.py:3486} INFO - Setting next_dagrun for gcs-files-dag to 2023-06-18T18:55:45.817698+00:00, run_after=2023-06-19T18:55:45.817698+00:00
[2023-06-18T18:55:46.060+0000] {processor.py:179} INFO - Processing /opt/airflow/dags/gcp_dag.py took 0.256 seconds
[2023-06-18T18:56:16.173+0000] {processor.py:157} INFO - Started process (PID=2072) to work on /opt/airflow/dags/gcp_dag.py
[2023-06-18T18:56:16.177+0000] {processor.py:826} INFO - Processing file /opt/airflow/dags/gcp_dag.py for tasks to queue
[2023-06-18T18:56:16.180+0000] {logging_mixin.py:149} INFO - [2023-06-18T18:56:16.180+0000] {dagbag.py:541} INFO - Filling up the DagBag from /opt/airflow/dags/gcp_dag.py
[2023-06-18T18:56:16.195+0000] {processor.py:836} INFO - DAG(s) dict_keys(['gcs-files-dag']) retrieved from /opt/airflow/dags/gcp_dag.py
[2023-06-18T18:56:16.491+0000] {logging_mixin.py:149} INFO - [2023-06-18T18:56:16.491+0000] {dag.py:2726} INFO - Sync 1 DAGs
[2023-06-18T18:56:16.504+0000] {logging_mixin.py:149} INFO - [2023-06-18T18:56:16.504+0000] {dag.py:3486} INFO - Setting next_dagrun for gcs-files-dag to 2023-06-18T18:56:16.189353+00:00, run_after=2023-06-19T18:56:16.189353+00:00
[2023-06-18T18:56:16.527+0000] {processor.py:179} INFO - Processing /opt/airflow/dags/gcp_dag.py took 0.358 seconds
[2023-06-18T18:56:47.442+0000] {processor.py:157} INFO - Started process (PID=2128) to work on /opt/airflow/dags/gcp_dag.py
[2023-06-18T18:56:47.445+0000] {processor.py:826} INFO - Processing file /opt/airflow/dags/gcp_dag.py for tasks to queue
[2023-06-18T18:56:47.446+0000] {logging_mixin.py:149} INFO - [2023-06-18T18:56:47.446+0000] {dagbag.py:541} INFO - Filling up the DagBag from /opt/airflow/dags/gcp_dag.py
[2023-06-18T18:56:47.458+0000] {processor.py:836} INFO - DAG(s) dict_keys(['gcs-files-dag']) retrieved from /opt/airflow/dags/gcp_dag.py
[2023-06-18T18:56:47.525+0000] {logging_mixin.py:149} INFO - [2023-06-18T18:56:47.525+0000] {dag.py:2726} INFO - Sync 1 DAGs
[2023-06-18T18:56:47.669+0000] {logging_mixin.py:149} INFO - [2023-06-18T18:56:47.669+0000] {dag.py:3486} INFO - Setting next_dagrun for gcs-files-dag to 2023-06-18T18:56:47.452189+00:00, run_after=2023-06-19T18:56:47.452189+00:00
[2023-06-18T18:56:47.679+0000] {processor.py:179} INFO - Processing /opt/airflow/dags/gcp_dag.py took 0.241 seconds
[2023-06-18T18:57:18.274+0000] {processor.py:157} INFO - Started process (PID=2184) to work on /opt/airflow/dags/gcp_dag.py
[2023-06-18T18:57:18.275+0000] {processor.py:826} INFO - Processing file /opt/airflow/dags/gcp_dag.py for tasks to queue
[2023-06-18T18:57:18.276+0000] {logging_mixin.py:149} INFO - [2023-06-18T18:57:18.276+0000] {dagbag.py:541} INFO - Filling up the DagBag from /opt/airflow/dags/gcp_dag.py
[2023-06-18T18:57:18.286+0000] {processor.py:836} INFO - DAG(s) dict_keys(['gcs-files-dag']) retrieved from /opt/airflow/dags/gcp_dag.py
[2023-06-18T18:57:18.472+0000] {logging_mixin.py:149} INFO - [2023-06-18T18:57:18.471+0000] {dag.py:2726} INFO - Sync 1 DAGs
[2023-06-18T18:57:18.483+0000] {logging_mixin.py:149} INFO - [2023-06-18T18:57:18.483+0000] {dag.py:3486} INFO - Setting next_dagrun for gcs-files-dag to 2023-06-18T18:57:18.280857+00:00, run_after=2023-06-19T18:57:18.280857+00:00
[2023-06-18T18:57:18.516+0000] {processor.py:179} INFO - Processing /opt/airflow/dags/gcp_dag.py took 0.245 seconds
[2023-06-18T18:57:48.992+0000] {processor.py:157} INFO - Started process (PID=2240) to work on /opt/airflow/dags/gcp_dag.py
[2023-06-18T18:57:48.994+0000] {processor.py:826} INFO - Processing file /opt/airflow/dags/gcp_dag.py for tasks to queue
[2023-06-18T18:57:48.995+0000] {logging_mixin.py:149} INFO - [2023-06-18T18:57:48.995+0000] {dagbag.py:541} INFO - Filling up the DagBag from /opt/airflow/dags/gcp_dag.py
[2023-06-18T18:57:49.005+0000] {processor.py:836} INFO - DAG(s) dict_keys(['gcs-files-dag']) retrieved from /opt/airflow/dags/gcp_dag.py
[2023-06-18T18:57:49.073+0000] {logging_mixin.py:149} INFO - [2023-06-18T18:57:49.072+0000] {dag.py:2726} INFO - Sync 1 DAGs
[2023-06-18T18:57:49.213+0000] {logging_mixin.py:149} INFO - [2023-06-18T18:57:49.213+0000] {dag.py:3486} INFO - Setting next_dagrun for gcs-files-dag to 2023-06-18T18:57:48.999941+00:00, run_after=2023-06-19T18:57:48.999941+00:00
[2023-06-18T18:57:49.227+0000] {processor.py:179} INFO - Processing /opt/airflow/dags/gcp_dag.py took 0.237 seconds
[2023-06-18T18:58:19.802+0000] {processor.py:157} INFO - Started process (PID=2296) to work on /opt/airflow/dags/gcp_dag.py
[2023-06-18T18:58:19.804+0000] {processor.py:826} INFO - Processing file /opt/airflow/dags/gcp_dag.py for tasks to queue
[2023-06-18T18:58:19.805+0000] {logging_mixin.py:149} INFO - [2023-06-18T18:58:19.805+0000] {dagbag.py:541} INFO - Filling up the DagBag from /opt/airflow/dags/gcp_dag.py
[2023-06-18T18:58:19.816+0000] {processor.py:836} INFO - DAG(s) dict_keys(['gcs-files-dag']) retrieved from /opt/airflow/dags/gcp_dag.py
[2023-06-18T18:58:20.132+0000] {logging_mixin.py:149} INFO - [2023-06-18T18:58:20.132+0000] {dag.py:2726} INFO - Sync 1 DAGs
[2023-06-18T18:58:20.146+0000] {logging_mixin.py:149} INFO - [2023-06-18T18:58:20.145+0000] {dag.py:3486} INFO - Setting next_dagrun for gcs-files-dag to 2023-06-18T18:58:19.810380+00:00, run_after=2023-06-19T18:58:19.810380+00:00
[2023-06-18T18:58:20.159+0000] {processor.py:179} INFO - Processing /opt/airflow/dags/gcp_dag.py took 0.361 seconds
[2023-06-18T18:58:50.956+0000] {processor.py:157} INFO - Started process (PID=2352) to work on /opt/airflow/dags/gcp_dag.py
[2023-06-18T18:58:50.957+0000] {processor.py:826} INFO - Processing file /opt/airflow/dags/gcp_dag.py for tasks to queue
[2023-06-18T18:58:50.958+0000] {logging_mixin.py:149} INFO - [2023-06-18T18:58:50.958+0000] {dagbag.py:541} INFO - Filling up the DagBag from /opt/airflow/dags/gcp_dag.py
[2023-06-18T18:58:50.968+0000] {processor.py:836} INFO - DAG(s) dict_keys(['gcs-files-dag']) retrieved from /opt/airflow/dags/gcp_dag.py
[2023-06-18T18:58:51.164+0000] {logging_mixin.py:149} INFO - [2023-06-18T18:58:51.164+0000] {dag.py:2726} INFO - Sync 1 DAGs
[2023-06-18T18:58:51.176+0000] {logging_mixin.py:149} INFO - [2023-06-18T18:58:51.176+0000] {dag.py:3486} INFO - Setting next_dagrun for gcs-files-dag to 2023-06-18T18:58:50.962015+00:00, run_after=2023-06-19T18:58:50.962015+00:00
[2023-06-18T18:58:51.190+0000] {processor.py:179} INFO - Processing /opt/airflow/dags/gcp_dag.py took 0.236 seconds
[2023-06-18T18:59:22.189+0000] {processor.py:157} INFO - Started process (PID=2408) to work on /opt/airflow/dags/gcp_dag.py
[2023-06-18T18:59:22.190+0000] {processor.py:826} INFO - Processing file /opt/airflow/dags/gcp_dag.py for tasks to queue
[2023-06-18T18:59:22.192+0000] {logging_mixin.py:149} INFO - [2023-06-18T18:59:22.192+0000] {dagbag.py:541} INFO - Filling up the DagBag from /opt/airflow/dags/gcp_dag.py
[2023-06-18T18:59:22.201+0000] {processor.py:836} INFO - DAG(s) dict_keys(['gcs-files-dag']) retrieved from /opt/airflow/dags/gcp_dag.py
[2023-06-18T18:59:22.386+0000] {logging_mixin.py:149} INFO - [2023-06-18T18:59:22.385+0000] {dag.py:2726} INFO - Sync 1 DAGs
[2023-06-18T18:59:22.397+0000] {logging_mixin.py:149} INFO - [2023-06-18T18:59:22.397+0000] {dag.py:3486} INFO - Setting next_dagrun for gcs-files-dag to 2023-06-18T18:59:22.196109+00:00, run_after=2023-06-19T18:59:22.196109+00:00
[2023-06-18T18:59:22.407+0000] {processor.py:179} INFO - Processing /opt/airflow/dags/gcp_dag.py took 0.221 seconds
[2023-06-18T18:59:52.486+0000] {processor.py:157} INFO - Started process (PID=2464) to work on /opt/airflow/dags/gcp_dag.py
[2023-06-18T18:59:52.488+0000] {processor.py:826} INFO - Processing file /opt/airflow/dags/gcp_dag.py for tasks to queue
[2023-06-18T18:59:52.489+0000] {logging_mixin.py:149} INFO - [2023-06-18T18:59:52.489+0000] {dagbag.py:541} INFO - Filling up the DagBag from /opt/airflow/dags/gcp_dag.py
[2023-06-18T18:59:52.497+0000] {processor.py:836} INFO - DAG(s) dict_keys(['gcs-files-dag']) retrieved from /opt/airflow/dags/gcp_dag.py
[2023-06-18T18:59:52.699+0000] {logging_mixin.py:149} INFO - [2023-06-18T18:59:52.699+0000] {dag.py:2726} INFO - Sync 1 DAGs
[2023-06-18T18:59:52.708+0000] {logging_mixin.py:149} INFO - [2023-06-18T18:59:52.708+0000] {dag.py:3486} INFO - Setting next_dagrun for gcs-files-dag to 2023-06-18T18:59:52.492878+00:00, run_after=2023-06-19T18:59:52.492878+00:00
[2023-06-18T18:59:52.718+0000] {processor.py:179} INFO - Processing /opt/airflow/dags/gcp_dag.py took 0.236 seconds
[2023-06-18T19:00:23.604+0000] {processor.py:157} INFO - Started process (PID=2520) to work on /opt/airflow/dags/gcp_dag.py
[2023-06-18T19:00:23.606+0000] {processor.py:826} INFO - Processing file /opt/airflow/dags/gcp_dag.py for tasks to queue
[2023-06-18T19:00:23.609+0000] {logging_mixin.py:149} INFO - [2023-06-18T19:00:23.608+0000] {dagbag.py:541} INFO - Filling up the DagBag from /opt/airflow/dags/gcp_dag.py
[2023-06-18T19:00:23.623+0000] {processor.py:836} INFO - DAG(s) dict_keys(['gcs-files-dag']) retrieved from /opt/airflow/dags/gcp_dag.py
[2023-06-18T19:00:23.852+0000] {logging_mixin.py:149} INFO - [2023-06-18T19:00:23.851+0000] {dag.py:2726} INFO - Sync 1 DAGs
[2023-06-18T19:00:23.867+0000] {logging_mixin.py:149} INFO - [2023-06-18T19:00:23.867+0000] {dag.py:3486} INFO - Setting next_dagrun for gcs-files-dag to 2023-06-18T19:00:23.614787+00:00, run_after=2023-06-19T19:00:23.614787+00:00
[2023-06-18T19:00:23.882+0000] {processor.py:179} INFO - Processing /opt/airflow/dags/gcp_dag.py took 0.281 seconds
[2023-06-18T19:00:54.662+0000] {processor.py:157} INFO - Started process (PID=2576) to work on /opt/airflow/dags/gcp_dag.py
[2023-06-18T19:00:54.664+0000] {processor.py:826} INFO - Processing file /opt/airflow/dags/gcp_dag.py for tasks to queue
[2023-06-18T19:00:54.665+0000] {logging_mixin.py:149} INFO - [2023-06-18T19:00:54.665+0000] {dagbag.py:541} INFO - Filling up the DagBag from /opt/airflow/dags/gcp_dag.py
[2023-06-18T19:00:54.676+0000] {processor.py:836} INFO - DAG(s) dict_keys(['gcs-files-dag']) retrieved from /opt/airflow/dags/gcp_dag.py
[2023-06-18T19:00:54.900+0000] {logging_mixin.py:149} INFO - [2023-06-18T19:00:54.900+0000] {dag.py:2726} INFO - Sync 1 DAGs
[2023-06-18T19:00:54.911+0000] {logging_mixin.py:149} INFO - [2023-06-18T19:00:54.910+0000] {dag.py:3486} INFO - Setting next_dagrun for gcs-files-dag to 2023-06-18T19:00:54.669273+00:00, run_after=2023-06-19T19:00:54.669273+00:00
[2023-06-18T19:00:54.922+0000] {processor.py:179} INFO - Processing /opt/airflow/dags/gcp_dag.py took 0.263 seconds
[2023-06-18T19:01:25.126+0000] {processor.py:157} INFO - Started process (PID=2632) to work on /opt/airflow/dags/gcp_dag.py
[2023-06-18T19:01:25.128+0000] {processor.py:826} INFO - Processing file /opt/airflow/dags/gcp_dag.py for tasks to queue
[2023-06-18T19:01:25.129+0000] {logging_mixin.py:149} INFO - [2023-06-18T19:01:25.129+0000] {dagbag.py:541} INFO - Filling up the DagBag from /opt/airflow/dags/gcp_dag.py
[2023-06-18T19:01:25.138+0000] {processor.py:836} INFO - DAG(s) dict_keys(['gcs-files-dag']) retrieved from /opt/airflow/dags/gcp_dag.py
[2023-06-18T19:01:25.344+0000] {logging_mixin.py:149} INFO - [2023-06-18T19:01:25.343+0000] {dag.py:2726} INFO - Sync 1 DAGs
[2023-06-18T19:01:25.354+0000] {logging_mixin.py:149} INFO - [2023-06-18T19:01:25.354+0000] {dag.py:3486} INFO - Setting next_dagrun for gcs-files-dag to 2023-06-18T19:01:25.132841+00:00, run_after=2023-06-19T19:01:25.132841+00:00
[2023-06-18T19:01:25.367+0000] {processor.py:179} INFO - Processing /opt/airflow/dags/gcp_dag.py took 0.244 seconds
[2023-06-18T19:01:55.995+0000] {processor.py:157} INFO - Started process (PID=2687) to work on /opt/airflow/dags/gcp_dag.py
[2023-06-18T19:01:55.998+0000] {processor.py:826} INFO - Processing file /opt/airflow/dags/gcp_dag.py for tasks to queue
[2023-06-18T19:01:56.000+0000] {logging_mixin.py:149} INFO - [2023-06-18T19:01:55.999+0000] {dagbag.py:541} INFO - Filling up the DagBag from /opt/airflow/dags/gcp_dag.py
[2023-06-18T19:01:56.012+0000] {processor.py:836} INFO - DAG(s) dict_keys(['gcs-files-dag']) retrieved from /opt/airflow/dags/gcp_dag.py
[2023-06-18T19:01:56.240+0000] {logging_mixin.py:149} INFO - [2023-06-18T19:01:56.240+0000] {dag.py:2726} INFO - Sync 1 DAGs
[2023-06-18T19:01:56.252+0000] {logging_mixin.py:149} INFO - [2023-06-18T19:01:56.251+0000] {dag.py:3486} INFO - Setting next_dagrun for gcs-files-dag to 2023-06-18T19:01:56.005429+00:00, run_after=2023-06-19T19:01:56.005429+00:00
[2023-06-18T19:01:56.263+0000] {processor.py:179} INFO - Processing /opt/airflow/dags/gcp_dag.py took 0.271 seconds
[2023-06-18T19:02:26.640+0000] {processor.py:157} INFO - Started process (PID=2743) to work on /opt/airflow/dags/gcp_dag.py
[2023-06-18T19:02:26.642+0000] {processor.py:826} INFO - Processing file /opt/airflow/dags/gcp_dag.py for tasks to queue
[2023-06-18T19:02:26.643+0000] {logging_mixin.py:149} INFO - [2023-06-18T19:02:26.643+0000] {dagbag.py:541} INFO - Filling up the DagBag from /opt/airflow/dags/gcp_dag.py
[2023-06-18T19:02:26.652+0000] {processor.py:836} INFO - DAG(s) dict_keys(['gcs-files-dag']) retrieved from /opt/airflow/dags/gcp_dag.py
[2023-06-18T19:02:26.845+0000] {logging_mixin.py:149} INFO - [2023-06-18T19:02:26.845+0000] {dag.py:2726} INFO - Sync 1 DAGs
[2023-06-18T19:02:26.856+0000] {logging_mixin.py:149} INFO - [2023-06-18T19:02:26.856+0000] {dag.py:3486} INFO - Setting next_dagrun for gcs-files-dag to 2023-06-18T19:02:26.646004+00:00, run_after=2023-06-19T19:02:26.646004+00:00
[2023-06-18T19:02:26.867+0000] {processor.py:179} INFO - Processing /opt/airflow/dags/gcp_dag.py took 0.230 seconds
[2023-06-18T19:02:57.526+0000] {processor.py:157} INFO - Started process (PID=2799) to work on /opt/airflow/dags/gcp_dag.py
[2023-06-18T19:02:57.527+0000] {processor.py:826} INFO - Processing file /opt/airflow/dags/gcp_dag.py for tasks to queue
[2023-06-18T19:02:57.528+0000] {logging_mixin.py:149} INFO - [2023-06-18T19:02:57.528+0000] {dagbag.py:541} INFO - Filling up the DagBag from /opt/airflow/dags/gcp_dag.py
[2023-06-18T19:02:57.537+0000] {processor.py:836} INFO - DAG(s) dict_keys(['gcs-files-dag']) retrieved from /opt/airflow/dags/gcp_dag.py
[2023-06-18T19:02:57.729+0000] {logging_mixin.py:149} INFO - [2023-06-18T19:02:57.729+0000] {dag.py:2726} INFO - Sync 1 DAGs
[2023-06-18T19:02:57.740+0000] {logging_mixin.py:149} INFO - [2023-06-18T19:02:57.740+0000] {dag.py:3486} INFO - Setting next_dagrun for gcs-files-dag to 2023-06-18T19:02:57.532089+00:00, run_after=2023-06-19T19:02:57.532089+00:00
[2023-06-18T19:02:57.750+0000] {processor.py:179} INFO - Processing /opt/airflow/dags/gcp_dag.py took 0.227 seconds
[2023-06-18T19:03:28.507+0000] {processor.py:157} INFO - Started process (PID=2854) to work on /opt/airflow/dags/gcp_dag.py
[2023-06-18T19:03:28.509+0000] {processor.py:826} INFO - Processing file /opt/airflow/dags/gcp_dag.py for tasks to queue
[2023-06-18T19:03:28.510+0000] {logging_mixin.py:149} INFO - [2023-06-18T19:03:28.510+0000] {dagbag.py:541} INFO - Filling up the DagBag from /opt/airflow/dags/gcp_dag.py
[2023-06-18T19:03:28.519+0000] {processor.py:836} INFO - DAG(s) dict_keys(['gcs-files-dag']) retrieved from /opt/airflow/dags/gcp_dag.py
[2023-06-18T19:03:28.706+0000] {logging_mixin.py:149} INFO - [2023-06-18T19:03:28.706+0000] {dag.py:2726} INFO - Sync 1 DAGs
[2023-06-18T19:03:28.717+0000] {logging_mixin.py:149} INFO - [2023-06-18T19:03:28.717+0000] {dag.py:3486} INFO - Setting next_dagrun for gcs-files-dag to 2023-06-18T19:03:28.514358+00:00, run_after=2023-06-19T19:03:28.514358+00:00
[2023-06-18T19:03:28.730+0000] {processor.py:179} INFO - Processing /opt/airflow/dags/gcp_dag.py took 0.226 seconds
[2023-06-18T19:03:59.162+0000] {processor.py:157} INFO - Started process (PID=2911) to work on /opt/airflow/dags/gcp_dag.py
[2023-06-18T19:03:59.163+0000] {processor.py:826} INFO - Processing file /opt/airflow/dags/gcp_dag.py for tasks to queue
[2023-06-18T19:03:59.164+0000] {logging_mixin.py:149} INFO - [2023-06-18T19:03:59.164+0000] {dagbag.py:541} INFO - Filling up the DagBag from /opt/airflow/dags/gcp_dag.py
[2023-06-18T19:03:59.174+0000] {processor.py:836} INFO - DAG(s) dict_keys(['gcs-files-dag']) retrieved from /opt/airflow/dags/gcp_dag.py
[2023-06-18T19:03:59.357+0000] {logging_mixin.py:149} INFO - [2023-06-18T19:03:59.357+0000] {dag.py:2726} INFO - Sync 1 DAGs
[2023-06-18T19:03:59.369+0000] {logging_mixin.py:149} INFO - [2023-06-18T19:03:59.368+0000] {dag.py:3486} INFO - Setting next_dagrun for gcs-files-dag to 2023-06-18T19:03:59.168112+00:00, run_after=2023-06-19T19:03:59.168112+00:00
[2023-06-18T19:03:59.380+0000] {processor.py:179} INFO - Processing /opt/airflow/dags/gcp_dag.py took 0.221 seconds
[2023-06-18T19:04:29.817+0000] {processor.py:157} INFO - Started process (PID=2967) to work on /opt/airflow/dags/gcp_dag.py
[2023-06-18T19:04:29.819+0000] {processor.py:826} INFO - Processing file /opt/airflow/dags/gcp_dag.py for tasks to queue
[2023-06-18T19:04:29.820+0000] {logging_mixin.py:149} INFO - [2023-06-18T19:04:29.820+0000] {dagbag.py:541} INFO - Filling up the DagBag from /opt/airflow/dags/gcp_dag.py
[2023-06-18T19:04:29.829+0000] {processor.py:836} INFO - DAG(s) dict_keys(['gcs-files-dag']) retrieved from /opt/airflow/dags/gcp_dag.py
[2023-06-18T19:04:29.897+0000] {logging_mixin.py:149} INFO - [2023-06-18T19:04:29.897+0000] {dag.py:2726} INFO - Sync 1 DAGs
[2023-06-18T19:04:29.910+0000] {logging_mixin.py:149} INFO - [2023-06-18T19:04:29.909+0000] {dag.py:3486} INFO - Setting next_dagrun for gcs-files-dag to 2023-06-18T19:04:29.824270+00:00, run_after=2023-06-19T19:04:29.824270+00:00
[2023-06-18T19:04:29.921+0000] {processor.py:179} INFO - Processing /opt/airflow/dags/gcp_dag.py took 0.107 seconds
[2023-06-18T19:05:00.527+0000] {processor.py:157} INFO - Started process (PID=3022) to work on /opt/airflow/dags/gcp_dag.py
[2023-06-18T19:05:00.529+0000] {processor.py:826} INFO - Processing file /opt/airflow/dags/gcp_dag.py for tasks to queue
[2023-06-18T19:05:00.530+0000] {logging_mixin.py:149} INFO - [2023-06-18T19:05:00.530+0000] {dagbag.py:541} INFO - Filling up the DagBag from /opt/airflow/dags/gcp_dag.py
[2023-06-18T19:05:00.538+0000] {processor.py:836} INFO - DAG(s) dict_keys(['gcs-files-dag']) retrieved from /opt/airflow/dags/gcp_dag.py
[2023-06-18T19:05:00.604+0000] {logging_mixin.py:149} INFO - [2023-06-18T19:05:00.603+0000] {dag.py:2726} INFO - Sync 1 DAGs
[2023-06-18T19:05:00.615+0000] {logging_mixin.py:149} INFO - [2023-06-18T19:05:00.615+0000] {dag.py:3486} INFO - Setting next_dagrun for gcs-files-dag to 2023-06-18T19:05:00.533893+00:00, run_after=2023-06-19T19:05:00.533893+00:00
[2023-06-18T19:05:00.627+0000] {processor.py:179} INFO - Processing /opt/airflow/dags/gcp_dag.py took 0.102 seconds
[2023-06-18T19:05:31.249+0000] {processor.py:157} INFO - Started process (PID=3077) to work on /opt/airflow/dags/gcp_dag.py
[2023-06-18T19:05:31.251+0000] {processor.py:826} INFO - Processing file /opt/airflow/dags/gcp_dag.py for tasks to queue
[2023-06-18T19:05:31.252+0000] {logging_mixin.py:149} INFO - [2023-06-18T19:05:31.252+0000] {dagbag.py:541} INFO - Filling up the DagBag from /opt/airflow/dags/gcp_dag.py
[2023-06-18T19:05:31.262+0000] {processor.py:836} INFO - DAG(s) dict_keys(['gcs-files-dag']) retrieved from /opt/airflow/dags/gcp_dag.py
[2023-06-18T19:05:31.331+0000] {logging_mixin.py:149} INFO - [2023-06-18T19:05:31.330+0000] {dag.py:2726} INFO - Sync 1 DAGs
[2023-06-18T19:05:31.343+0000] {logging_mixin.py:149} INFO - [2023-06-18T19:05:31.343+0000] {dag.py:3486} INFO - Setting next_dagrun for gcs-files-dag to 2023-06-18T19:05:31.256744+00:00, run_after=2023-06-19T19:05:31.256744+00:00
[2023-06-18T19:05:31.355+0000] {processor.py:179} INFO - Processing /opt/airflow/dags/gcp_dag.py took 0.109 seconds
[2023-06-18T19:06:01.891+0000] {processor.py:157} INFO - Started process (PID=3133) to work on /opt/airflow/dags/gcp_dag.py
[2023-06-18T19:06:01.893+0000] {processor.py:826} INFO - Processing file /opt/airflow/dags/gcp_dag.py for tasks to queue
[2023-06-18T19:06:01.894+0000] {logging_mixin.py:149} INFO - [2023-06-18T19:06:01.894+0000] {dagbag.py:541} INFO - Filling up the DagBag from /opt/airflow/dags/gcp_dag.py
[2023-06-18T19:06:01.905+0000] {processor.py:836} INFO - DAG(s) dict_keys(['gcs-files-dag']) retrieved from /opt/airflow/dags/gcp_dag.py
[2023-06-18T19:06:01.969+0000] {logging_mixin.py:149} INFO - [2023-06-18T19:06:01.969+0000] {dag.py:2726} INFO - Sync 1 DAGs
[2023-06-18T19:06:01.981+0000] {logging_mixin.py:149} INFO - [2023-06-18T19:06:01.981+0000] {dag.py:3486} INFO - Setting next_dagrun for gcs-files-dag to 2023-06-18T19:06:01.898837+00:00, run_after=2023-06-19T19:06:01.898837+00:00
[2023-06-18T19:06:01.993+0000] {processor.py:179} INFO - Processing /opt/airflow/dags/gcp_dag.py took 0.105 seconds
[2023-06-18T19:06:32.596+0000] {processor.py:157} INFO - Started process (PID=3189) to work on /opt/airflow/dags/gcp_dag.py
[2023-06-18T19:06:32.598+0000] {processor.py:826} INFO - Processing file /opt/airflow/dags/gcp_dag.py for tasks to queue
[2023-06-18T19:06:32.600+0000] {logging_mixin.py:149} INFO - [2023-06-18T19:06:32.600+0000] {dagbag.py:541} INFO - Filling up the DagBag from /opt/airflow/dags/gcp_dag.py
[2023-06-18T19:06:32.608+0000] {processor.py:836} INFO - DAG(s) dict_keys(['gcs-files-dag']) retrieved from /opt/airflow/dags/gcp_dag.py
[2023-06-18T19:06:32.674+0000] {logging_mixin.py:149} INFO - [2023-06-18T19:06:32.674+0000] {dag.py:2726} INFO - Sync 1 DAGs
[2023-06-18T19:06:32.687+0000] {logging_mixin.py:149} INFO - [2023-06-18T19:06:32.686+0000] {dag.py:3486} INFO - Setting next_dagrun for gcs-files-dag to 2023-06-18T19:06:32.603682+00:00, run_after=2023-06-19T19:06:32.603682+00:00
[2023-06-18T19:06:32.698+0000] {processor.py:179} INFO - Processing /opt/airflow/dags/gcp_dag.py took 0.105 seconds
[2023-06-18T19:07:03.167+0000] {processor.py:157} INFO - Started process (PID=3245) to work on /opt/airflow/dags/gcp_dag.py
[2023-06-18T19:07:03.168+0000] {processor.py:826} INFO - Processing file /opt/airflow/dags/gcp_dag.py for tasks to queue
[2023-06-18T19:07:03.169+0000] {logging_mixin.py:149} INFO - [2023-06-18T19:07:03.169+0000] {dagbag.py:541} INFO - Filling up the DagBag from /opt/airflow/dags/gcp_dag.py
[2023-06-18T19:07:03.178+0000] {processor.py:836} INFO - DAG(s) dict_keys(['gcs-files-dag']) retrieved from /opt/airflow/dags/gcp_dag.py
[2023-06-18T19:07:03.243+0000] {logging_mixin.py:149} INFO - [2023-06-18T19:07:03.243+0000] {dag.py:2726} INFO - Sync 1 DAGs
[2023-06-18T19:07:03.254+0000] {logging_mixin.py:149} INFO - [2023-06-18T19:07:03.254+0000] {dag.py:3486} INFO - Setting next_dagrun for gcs-files-dag to 2023-06-18T19:07:03.173322+00:00, run_after=2023-06-19T19:07:03.173322+00:00
[2023-06-18T19:07:03.269+0000] {processor.py:179} INFO - Processing /opt/airflow/dags/gcp_dag.py took 0.105 seconds
[2023-06-18T19:07:33.899+0000] {processor.py:157} INFO - Started process (PID=3301) to work on /opt/airflow/dags/gcp_dag.py
[2023-06-18T19:07:33.901+0000] {processor.py:826} INFO - Processing file /opt/airflow/dags/gcp_dag.py for tasks to queue
[2023-06-18T19:07:33.902+0000] {logging_mixin.py:149} INFO - [2023-06-18T19:07:33.902+0000] {dagbag.py:541} INFO - Filling up the DagBag from /opt/airflow/dags/gcp_dag.py
[2023-06-18T19:07:33.912+0000] {processor.py:836} INFO - DAG(s) dict_keys(['gcs-files-dag']) retrieved from /opt/airflow/dags/gcp_dag.py
[2023-06-18T19:07:33.981+0000] {logging_mixin.py:149} INFO - [2023-06-18T19:07:33.980+0000] {dag.py:2726} INFO - Sync 1 DAGs
[2023-06-18T19:07:33.992+0000] {logging_mixin.py:149} INFO - [2023-06-18T19:07:33.992+0000] {dag.py:3486} INFO - Setting next_dagrun for gcs-files-dag to 2023-06-18T19:07:33.906624+00:00, run_after=2023-06-19T19:07:33.906624+00:00
[2023-06-18T19:07:34.003+0000] {processor.py:179} INFO - Processing /opt/airflow/dags/gcp_dag.py took 0.107 seconds
[2023-06-18T19:08:04.820+0000] {processor.py:157} INFO - Started process (PID=3357) to work on /opt/airflow/dags/gcp_dag.py
[2023-06-18T19:08:04.822+0000] {processor.py:826} INFO - Processing file /opt/airflow/dags/gcp_dag.py for tasks to queue
[2023-06-18T19:08:04.823+0000] {logging_mixin.py:149} INFO - [2023-06-18T19:08:04.823+0000] {dagbag.py:541} INFO - Filling up the DagBag from /opt/airflow/dags/gcp_dag.py
[2023-06-18T19:08:04.832+0000] {processor.py:836} INFO - DAG(s) dict_keys(['gcs-files-dag']) retrieved from /opt/airflow/dags/gcp_dag.py
[2023-06-18T19:08:04.902+0000] {logging_mixin.py:149} INFO - [2023-06-18T19:08:04.902+0000] {dag.py:2726} INFO - Sync 1 DAGs
[2023-06-18T19:08:04.915+0000] {logging_mixin.py:149} INFO - [2023-06-18T19:08:04.915+0000] {dag.py:3486} INFO - Setting next_dagrun for gcs-files-dag to 2023-06-18T19:08:04.827425+00:00, run_after=2023-06-19T19:08:04.827425+00:00
[2023-06-18T19:08:04.926+0000] {processor.py:179} INFO - Processing /opt/airflow/dags/gcp_dag.py took 0.110 seconds
[2023-06-18T19:08:35.690+0000] {processor.py:157} INFO - Started process (PID=3413) to work on /opt/airflow/dags/gcp_dag.py
[2023-06-18T19:08:35.692+0000] {processor.py:826} INFO - Processing file /opt/airflow/dags/gcp_dag.py for tasks to queue
[2023-06-18T19:08:35.693+0000] {logging_mixin.py:149} INFO - [2023-06-18T19:08:35.693+0000] {dagbag.py:541} INFO - Filling up the DagBag from /opt/airflow/dags/gcp_dag.py
[2023-06-18T19:08:35.702+0000] {processor.py:836} INFO - DAG(s) dict_keys(['gcs-files-dag']) retrieved from /opt/airflow/dags/gcp_dag.py
[2023-06-18T19:08:35.769+0000] {logging_mixin.py:149} INFO - [2023-06-18T19:08:35.768+0000] {dag.py:2726} INFO - Sync 1 DAGs
[2023-06-18T19:08:35.781+0000] {logging_mixin.py:149} INFO - [2023-06-18T19:08:35.781+0000] {dag.py:3486} INFO - Setting next_dagrun for gcs-files-dag to 2023-06-18T19:08:35.697458+00:00, run_after=2023-06-19T19:08:35.697458+00:00
[2023-06-18T19:08:35.792+0000] {processor.py:179} INFO - Processing /opt/airflow/dags/gcp_dag.py took 0.105 seconds
[2023-06-18T19:09:06.294+0000] {processor.py:157} INFO - Started process (PID=3469) to work on /opt/airflow/dags/gcp_dag.py
[2023-06-18T19:09:06.295+0000] {processor.py:826} INFO - Processing file /opt/airflow/dags/gcp_dag.py for tasks to queue
[2023-06-18T19:09:06.296+0000] {logging_mixin.py:149} INFO - [2023-06-18T19:09:06.296+0000] {dagbag.py:541} INFO - Filling up the DagBag from /opt/airflow/dags/gcp_dag.py
[2023-06-18T19:09:06.306+0000] {processor.py:836} INFO - DAG(s) dict_keys(['gcs-files-dag']) retrieved from /opt/airflow/dags/gcp_dag.py
[2023-06-18T19:09:06.376+0000] {logging_mixin.py:149} INFO - [2023-06-18T19:09:06.375+0000] {dag.py:2726} INFO - Sync 1 DAGs
[2023-06-18T19:09:06.388+0000] {logging_mixin.py:149} INFO - [2023-06-18T19:09:06.388+0000] {dag.py:3486} INFO - Setting next_dagrun for gcs-files-dag to 2023-06-18T19:09:06.300301+00:00, run_after=2023-06-19T19:09:06.300301+00:00
[2023-06-18T19:09:06.400+0000] {processor.py:179} INFO - Processing /opt/airflow/dags/gcp_dag.py took 0.109 seconds
[2023-06-18T19:09:37.148+0000] {processor.py:157} INFO - Started process (PID=3525) to work on /opt/airflow/dags/gcp_dag.py
[2023-06-18T19:09:37.149+0000] {processor.py:826} INFO - Processing file /opt/airflow/dags/gcp_dag.py for tasks to queue
[2023-06-18T19:09:37.150+0000] {logging_mixin.py:149} INFO - [2023-06-18T19:09:37.150+0000] {dagbag.py:541} INFO - Filling up the DagBag from /opt/airflow/dags/gcp_dag.py
[2023-06-18T19:09:37.159+0000] {processor.py:836} INFO - DAG(s) dict_keys(['gcs-files-dag']) retrieved from /opt/airflow/dags/gcp_dag.py
[2023-06-18T19:09:37.224+0000] {logging_mixin.py:149} INFO - [2023-06-18T19:09:37.223+0000] {dag.py:2726} INFO - Sync 1 DAGs
[2023-06-18T19:09:37.235+0000] {logging_mixin.py:149} INFO - [2023-06-18T19:09:37.235+0000] {dag.py:3486} INFO - Setting next_dagrun for gcs-files-dag to 2023-06-18T19:09:37.154379+00:00, run_after=2023-06-19T19:09:37.154379+00:00
[2023-06-18T19:09:37.250+0000] {processor.py:179} INFO - Processing /opt/airflow/dags/gcp_dag.py took 0.105 seconds
[2023-06-18T19:10:07.795+0000] {processor.py:157} INFO - Started process (PID=3581) to work on /opt/airflow/dags/gcp_dag.py
[2023-06-18T19:10:07.797+0000] {processor.py:826} INFO - Processing file /opt/airflow/dags/gcp_dag.py for tasks to queue
[2023-06-18T19:10:07.797+0000] {logging_mixin.py:149} INFO - [2023-06-18T19:10:07.797+0000] {dagbag.py:541} INFO - Filling up the DagBag from /opt/airflow/dags/gcp_dag.py
[2023-06-18T19:10:07.808+0000] {processor.py:836} INFO - DAG(s) dict_keys(['gcs-files-dag']) retrieved from /opt/airflow/dags/gcp_dag.py
[2023-06-18T19:10:07.880+0000] {logging_mixin.py:149} INFO - [2023-06-18T19:10:07.880+0000] {dag.py:2726} INFO - Sync 1 DAGs
[2023-06-18T19:10:07.892+0000] {logging_mixin.py:149} INFO - [2023-06-18T19:10:07.892+0000] {dag.py:3486} INFO - Setting next_dagrun for gcs-files-dag to 2023-06-18T19:10:07.802329+00:00, run_after=2023-06-19T19:10:07.802329+00:00
[2023-06-18T19:10:07.903+0000] {processor.py:179} INFO - Processing /opt/airflow/dags/gcp_dag.py took 0.112 seconds
[2023-06-18T19:10:38.576+0000] {processor.py:157} INFO - Started process (PID=3637) to work on /opt/airflow/dags/gcp_dag.py
[2023-06-18T19:10:38.578+0000] {processor.py:826} INFO - Processing file /opt/airflow/dags/gcp_dag.py for tasks to queue
[2023-06-18T19:10:38.578+0000] {logging_mixin.py:149} INFO - [2023-06-18T19:10:38.578+0000] {dagbag.py:541} INFO - Filling up the DagBag from /opt/airflow/dags/gcp_dag.py
[2023-06-18T19:10:38.588+0000] {processor.py:836} INFO - DAG(s) dict_keys(['gcs-files-dag']) retrieved from /opt/airflow/dags/gcp_dag.py
[2023-06-18T19:10:38.680+0000] {logging_mixin.py:149} INFO - [2023-06-18T19:10:38.680+0000] {dag.py:2726} INFO - Sync 1 DAGs
[2023-06-18T19:10:38.695+0000] {logging_mixin.py:149} INFO - [2023-06-18T19:10:38.695+0000] {dag.py:3486} INFO - Setting next_dagrun for gcs-files-dag to 2023-06-18T19:10:38.582937+00:00, run_after=2023-06-19T19:10:38.582937+00:00
[2023-06-18T19:10:38.707+0000] {processor.py:179} INFO - Processing /opt/airflow/dags/gcp_dag.py took 0.134 seconds
[2023-06-18T19:11:09.330+0000] {processor.py:157} INFO - Started process (PID=3693) to work on /opt/airflow/dags/gcp_dag.py
[2023-06-18T19:11:09.331+0000] {processor.py:826} INFO - Processing file /opt/airflow/dags/gcp_dag.py for tasks to queue
[2023-06-18T19:11:09.332+0000] {logging_mixin.py:149} INFO - [2023-06-18T19:11:09.332+0000] {dagbag.py:541} INFO - Filling up the DagBag from /opt/airflow/dags/gcp_dag.py
[2023-06-18T19:11:09.341+0000] {processor.py:836} INFO - DAG(s) dict_keys(['gcs-files-dag']) retrieved from /opt/airflow/dags/gcp_dag.py
[2023-06-18T19:11:09.406+0000] {logging_mixin.py:149} INFO - [2023-06-18T19:11:09.406+0000] {dag.py:2726} INFO - Sync 1 DAGs
[2023-06-18T19:11:09.417+0000] {logging_mixin.py:149} INFO - [2023-06-18T19:11:09.417+0000] {dag.py:3486} INFO - Setting next_dagrun for gcs-files-dag to 2023-06-18T19:11:09.335955+00:00, run_after=2023-06-19T19:11:09.335955+00:00
[2023-06-18T19:11:09.427+0000] {processor.py:179} INFO - Processing /opt/airflow/dags/gcp_dag.py took 0.100 seconds
[2023-06-18T19:11:40.015+0000] {processor.py:157} INFO - Started process (PID=3749) to work on /opt/airflow/dags/gcp_dag.py
[2023-06-18T19:11:40.018+0000] {processor.py:826} INFO - Processing file /opt/airflow/dags/gcp_dag.py for tasks to queue
[2023-06-18T19:11:40.019+0000] {logging_mixin.py:149} INFO - [2023-06-18T19:11:40.019+0000] {dagbag.py:541} INFO - Filling up the DagBag from /opt/airflow/dags/gcp_dag.py
[2023-06-18T19:11:40.032+0000] {processor.py:836} INFO - DAG(s) dict_keys(['gcs-files-dag']) retrieved from /opt/airflow/dags/gcp_dag.py
[2023-06-18T19:11:40.127+0000] {logging_mixin.py:149} INFO - [2023-06-18T19:11:40.126+0000] {dag.py:2726} INFO - Sync 1 DAGs
[2023-06-18T19:11:40.145+0000] {logging_mixin.py:149} INFO - [2023-06-18T19:11:40.145+0000] {dag.py:3486} INFO - Setting next_dagrun for gcs-files-dag to 2023-06-18T19:11:40.024383+00:00, run_after=2023-06-19T19:11:40.024383+00:00
[2023-06-18T19:11:40.178+0000] {processor.py:179} INFO - Processing /opt/airflow/dags/gcp_dag.py took 0.167 seconds
[2023-06-18T19:12:10.871+0000] {processor.py:157} INFO - Started process (PID=3813) to work on /opt/airflow/dags/gcp_dag.py
[2023-06-18T19:12:10.872+0000] {processor.py:826} INFO - Processing file /opt/airflow/dags/gcp_dag.py for tasks to queue
[2023-06-18T19:12:10.873+0000] {logging_mixin.py:149} INFO - [2023-06-18T19:12:10.873+0000] {dagbag.py:541} INFO - Filling up the DagBag from /opt/airflow/dags/gcp_dag.py
[2023-06-18T19:12:10.885+0000] {processor.py:836} INFO - DAG(s) dict_keys(['gcs-files-dag']) retrieved from /opt/airflow/dags/gcp_dag.py
[2023-06-18T19:12:10.951+0000] {logging_mixin.py:149} INFO - [2023-06-18T19:12:10.950+0000] {dag.py:2726} INFO - Sync 1 DAGs
[2023-06-18T19:12:10.962+0000] {logging_mixin.py:149} INFO - [2023-06-18T19:12:10.962+0000] {dag.py:3486} INFO - Setting next_dagrun for gcs-files-dag to 2023-06-18T19:12:10.880439+00:00, run_after=2023-06-19T19:12:10.880439+00:00
[2023-06-18T19:12:10.974+0000] {processor.py:179} INFO - Processing /opt/airflow/dags/gcp_dag.py took 0.105 seconds
[2023-06-18T19:12:41.071+0000] {processor.py:157} INFO - Started process (PID=3869) to work on /opt/airflow/dags/gcp_dag.py
[2023-06-18T19:12:41.073+0000] {processor.py:826} INFO - Processing file /opt/airflow/dags/gcp_dag.py for tasks to queue
[2023-06-18T19:12:41.074+0000] {logging_mixin.py:149} INFO - [2023-06-18T19:12:41.074+0000] {dagbag.py:541} INFO - Filling up the DagBag from /opt/airflow/dags/gcp_dag.py
[2023-06-18T19:12:41.087+0000] {processor.py:836} INFO - DAG(s) dict_keys(['gcs-files-dag']) retrieved from /opt/airflow/dags/gcp_dag.py
[2023-06-18T19:12:41.161+0000] {logging_mixin.py:149} INFO - [2023-06-18T19:12:41.161+0000] {dag.py:2726} INFO - Sync 1 DAGs
[2023-06-18T19:12:41.173+0000] {logging_mixin.py:149} INFO - [2023-06-18T19:12:41.173+0000] {dag.py:3486} INFO - Setting next_dagrun for gcs-files-dag to 2023-06-18T19:12:41.082258+00:00, run_after=2023-06-19T19:12:41.082258+00:00
[2023-06-18T19:12:41.187+0000] {processor.py:179} INFO - Processing /opt/airflow/dags/gcp_dag.py took 0.119 seconds
[2023-06-18T19:13:12.158+0000] {processor.py:157} INFO - Started process (PID=3925) to work on /opt/airflow/dags/gcp_dag.py
[2023-06-18T19:13:12.160+0000] {processor.py:826} INFO - Processing file /opt/airflow/dags/gcp_dag.py for tasks to queue
[2023-06-18T19:13:12.161+0000] {logging_mixin.py:149} INFO - [2023-06-18T19:13:12.161+0000] {dagbag.py:541} INFO - Filling up the DagBag from /opt/airflow/dags/gcp_dag.py
[2023-06-18T19:13:12.173+0000] {processor.py:836} INFO - DAG(s) dict_keys(['gcs-files-dag']) retrieved from /opt/airflow/dags/gcp_dag.py
[2023-06-18T19:13:12.246+0000] {logging_mixin.py:149} INFO - [2023-06-18T19:13:12.245+0000] {dag.py:2726} INFO - Sync 1 DAGs
[2023-06-18T19:13:12.258+0000] {logging_mixin.py:149} INFO - [2023-06-18T19:13:12.258+0000] {dag.py:3486} INFO - Setting next_dagrun for gcs-files-dag to 2023-06-18T19:13:12.165806+00:00, run_after=2023-06-19T19:13:12.165806+00:00
[2023-06-18T19:13:12.270+0000] {processor.py:179} INFO - Processing /opt/airflow/dags/gcp_dag.py took 0.116 seconds
[2023-06-18T19:13:42.469+0000] {processor.py:157} INFO - Started process (PID=3981) to work on /opt/airflow/dags/gcp_dag.py
[2023-06-18T19:13:42.471+0000] {processor.py:826} INFO - Processing file /opt/airflow/dags/gcp_dag.py for tasks to queue
[2023-06-18T19:13:42.473+0000] {logging_mixin.py:149} INFO - [2023-06-18T19:13:42.473+0000] {dagbag.py:541} INFO - Filling up the DagBag from /opt/airflow/dags/gcp_dag.py
[2023-06-18T19:13:42.483+0000] {processor.py:836} INFO - DAG(s) dict_keys(['gcs-files-dag']) retrieved from /opt/airflow/dags/gcp_dag.py
[2023-06-18T19:13:42.556+0000] {logging_mixin.py:149} INFO - [2023-06-18T19:13:42.556+0000] {dag.py:2726} INFO - Sync 1 DAGs
[2023-06-18T19:13:42.568+0000] {logging_mixin.py:149} INFO - [2023-06-18T19:13:42.568+0000] {dag.py:3486} INFO - Setting next_dagrun for gcs-files-dag to 2023-06-18T19:13:42.477714+00:00, run_after=2023-06-19T19:13:42.477714+00:00
[2023-06-18T19:13:42.583+0000] {processor.py:179} INFO - Processing /opt/airflow/dags/gcp_dag.py took 0.117 seconds
[2023-06-18T19:14:13.379+0000] {processor.py:157} INFO - Started process (PID=4037) to work on /opt/airflow/dags/gcp_dag.py
[2023-06-18T19:14:13.380+0000] {processor.py:826} INFO - Processing file /opt/airflow/dags/gcp_dag.py for tasks to queue
[2023-06-18T19:14:13.381+0000] {logging_mixin.py:149} INFO - [2023-06-18T19:14:13.381+0000] {dagbag.py:541} INFO - Filling up the DagBag from /opt/airflow/dags/gcp_dag.py
[2023-06-18T19:14:13.390+0000] {processor.py:836} INFO - DAG(s) dict_keys(['gcs-files-dag']) retrieved from /opt/airflow/dags/gcp_dag.py
[2023-06-18T19:14:13.463+0000] {logging_mixin.py:149} INFO - [2023-06-18T19:14:13.463+0000] {dag.py:2726} INFO - Sync 1 DAGs
[2023-06-18T19:14:13.476+0000] {logging_mixin.py:149} INFO - [2023-06-18T19:14:13.476+0000] {dag.py:3486} INFO - Setting next_dagrun for gcs-files-dag to 2023-06-18T19:14:13.384926+00:00, run_after=2023-06-19T19:14:13.384926+00:00
[2023-06-18T19:14:13.490+0000] {processor.py:179} INFO - Processing /opt/airflow/dags/gcp_dag.py took 0.114 seconds
[2023-06-18T19:14:44.501+0000] {processor.py:157} INFO - Started process (PID=4093) to work on /opt/airflow/dags/gcp_dag.py
[2023-06-18T19:14:44.504+0000] {processor.py:826} INFO - Processing file /opt/airflow/dags/gcp_dag.py for tasks to queue
[2023-06-18T19:14:44.505+0000] {logging_mixin.py:149} INFO - [2023-06-18T19:14:44.505+0000] {dagbag.py:541} INFO - Filling up the DagBag from /opt/airflow/dags/gcp_dag.py
[2023-06-18T19:14:44.515+0000] {processor.py:836} INFO - DAG(s) dict_keys(['gcs-files-dag']) retrieved from /opt/airflow/dags/gcp_dag.py
[2023-06-18T19:14:44.583+0000] {logging_mixin.py:149} INFO - [2023-06-18T19:14:44.583+0000] {dag.py:2726} INFO - Sync 1 DAGs
[2023-06-18T19:14:44.594+0000] {logging_mixin.py:149} INFO - [2023-06-18T19:14:44.594+0000] {dag.py:3486} INFO - Setting next_dagrun for gcs-files-dag to 2023-06-18T19:14:44.509927+00:00, run_after=2023-06-19T19:14:44.509927+00:00
[2023-06-18T19:14:44.606+0000] {processor.py:179} INFO - Processing /opt/airflow/dags/gcp_dag.py took 0.108 seconds
[2023-06-18T19:15:15.543+0000] {processor.py:157} INFO - Started process (PID=4149) to work on /opt/airflow/dags/gcp_dag.py
[2023-06-18T19:15:15.545+0000] {processor.py:826} INFO - Processing file /opt/airflow/dags/gcp_dag.py for tasks to queue
[2023-06-18T19:15:15.546+0000] {logging_mixin.py:149} INFO - [2023-06-18T19:15:15.546+0000] {dagbag.py:541} INFO - Filling up the DagBag from /opt/airflow/dags/gcp_dag.py
[2023-06-18T19:15:15.556+0000] {processor.py:836} INFO - DAG(s) dict_keys(['gcs-files-dag']) retrieved from /opt/airflow/dags/gcp_dag.py
[2023-06-18T19:15:15.623+0000] {logging_mixin.py:149} INFO - [2023-06-18T19:15:15.622+0000] {dag.py:2726} INFO - Sync 1 DAGs
[2023-06-18T19:15:15.634+0000] {logging_mixin.py:149} INFO - [2023-06-18T19:15:15.634+0000] {dag.py:3486} INFO - Setting next_dagrun for gcs-files-dag to 2023-06-18T19:15:15.550908+00:00, run_after=2023-06-19T19:15:15.550908+00:00
[2023-06-18T19:15:15.646+0000] {processor.py:179} INFO - Processing /opt/airflow/dags/gcp_dag.py took 0.105 seconds
[2023-06-18T19:15:46.362+0000] {processor.py:157} INFO - Started process (PID=4205) to work on /opt/airflow/dags/gcp_dag.py
[2023-06-18T19:15:46.364+0000] {processor.py:826} INFO - Processing file /opt/airflow/dags/gcp_dag.py for tasks to queue
[2023-06-18T19:15:46.365+0000] {logging_mixin.py:149} INFO - [2023-06-18T19:15:46.364+0000] {dagbag.py:541} INFO - Filling up the DagBag from /opt/airflow/dags/gcp_dag.py
[2023-06-18T19:15:46.378+0000] {processor.py:836} INFO - DAG(s) dict_keys(['gcs-files-dag']) retrieved from /opt/airflow/dags/gcp_dag.py
[2023-06-18T19:15:46.453+0000] {logging_mixin.py:149} INFO - [2023-06-18T19:15:46.453+0000] {dag.py:2726} INFO - Sync 1 DAGs
[2023-06-18T19:15:46.467+0000] {logging_mixin.py:149} INFO - [2023-06-18T19:15:46.466+0000] {dag.py:3486} INFO - Setting next_dagrun for gcs-files-dag to 2023-06-18T19:15:46.370243+00:00, run_after=2023-06-19T19:15:46.370243+00:00
[2023-06-18T19:15:46.485+0000] {processor.py:179} INFO - Processing /opt/airflow/dags/gcp_dag.py took 0.126 seconds
[2023-06-18T19:16:17.257+0000] {processor.py:157} INFO - Started process (PID=4261) to work on /opt/airflow/dags/gcp_dag.py
[2023-06-18T19:16:17.259+0000] {processor.py:826} INFO - Processing file /opt/airflow/dags/gcp_dag.py for tasks to queue
[2023-06-18T19:16:17.261+0000] {logging_mixin.py:149} INFO - [2023-06-18T19:16:17.261+0000] {dagbag.py:541} INFO - Filling up the DagBag from /opt/airflow/dags/gcp_dag.py
[2023-06-18T19:16:17.270+0000] {processor.py:836} INFO - DAG(s) dict_keys(['gcs-files-dag']) retrieved from /opt/airflow/dags/gcp_dag.py
[2023-06-18T19:16:17.338+0000] {logging_mixin.py:149} INFO - [2023-06-18T19:16:17.337+0000] {dag.py:2726} INFO - Sync 1 DAGs
[2023-06-18T19:16:17.349+0000] {logging_mixin.py:149} INFO - [2023-06-18T19:16:17.349+0000] {dag.py:3486} INFO - Setting next_dagrun for gcs-files-dag to 2023-06-18T19:16:17.265245+00:00, run_after=2023-06-19T19:16:17.265245+00:00
[2023-06-18T19:16:17.363+0000] {processor.py:179} INFO - Processing /opt/airflow/dags/gcp_dag.py took 0.109 seconds
[2023-06-18T19:16:48.047+0000] {processor.py:157} INFO - Started process (PID=4317) to work on /opt/airflow/dags/gcp_dag.py
[2023-06-18T19:16:48.048+0000] {processor.py:826} INFO - Processing file /opt/airflow/dags/gcp_dag.py for tasks to queue
[2023-06-18T19:16:48.049+0000] {logging_mixin.py:149} INFO - [2023-06-18T19:16:48.049+0000] {dagbag.py:541} INFO - Filling up the DagBag from /opt/airflow/dags/gcp_dag.py
[2023-06-18T19:16:48.058+0000] {processor.py:836} INFO - DAG(s) dict_keys(['gcs-files-dag']) retrieved from /opt/airflow/dags/gcp_dag.py
[2023-06-18T19:16:48.122+0000] {logging_mixin.py:149} INFO - [2023-06-18T19:16:48.122+0000] {dag.py:2726} INFO - Sync 1 DAGs
[2023-06-18T19:16:48.133+0000] {logging_mixin.py:149} INFO - [2023-06-18T19:16:48.133+0000] {dag.py:3486} INFO - Setting next_dagrun for gcs-files-dag to 2023-06-18T19:16:48.053389+00:00, run_after=2023-06-19T19:16:48.053389+00:00
[2023-06-18T19:16:48.146+0000] {processor.py:179} INFO - Processing /opt/airflow/dags/gcp_dag.py took 0.103 seconds
[2023-06-18T19:17:18.959+0000] {processor.py:157} INFO - Started process (PID=4373) to work on /opt/airflow/dags/gcp_dag.py
[2023-06-18T19:17:18.961+0000] {processor.py:826} INFO - Processing file /opt/airflow/dags/gcp_dag.py for tasks to queue
[2023-06-18T19:17:18.962+0000] {logging_mixin.py:149} INFO - [2023-06-18T19:17:18.962+0000] {dagbag.py:541} INFO - Filling up the DagBag from /opt/airflow/dags/gcp_dag.py
[2023-06-18T19:17:18.975+0000] {processor.py:836} INFO - DAG(s) dict_keys(['gcs-files-dag']) retrieved from /opt/airflow/dags/gcp_dag.py
[2023-06-18T19:17:19.045+0000] {logging_mixin.py:149} INFO - [2023-06-18T19:17:19.044+0000] {dag.py:2726} INFO - Sync 1 DAGs
[2023-06-18T19:17:19.056+0000] {logging_mixin.py:149} INFO - [2023-06-18T19:17:19.056+0000] {dag.py:3486} INFO - Setting next_dagrun for gcs-files-dag to 2023-06-18T19:17:18.969879+00:00, run_after=2023-06-19T19:17:18.969879+00:00
[2023-06-18T19:17:19.068+0000] {processor.py:179} INFO - Processing /opt/airflow/dags/gcp_dag.py took 0.112 seconds
[2023-06-18T19:17:49.316+0000] {processor.py:157} INFO - Started process (PID=4429) to work on /opt/airflow/dags/gcp_dag.py
[2023-06-18T19:17:49.319+0000] {processor.py:826} INFO - Processing file /opt/airflow/dags/gcp_dag.py for tasks to queue
[2023-06-18T19:17:49.320+0000] {logging_mixin.py:149} INFO - [2023-06-18T19:17:49.320+0000] {dagbag.py:541} INFO - Filling up the DagBag from /opt/airflow/dags/gcp_dag.py
[2023-06-18T19:17:49.336+0000] {processor.py:836} INFO - DAG(s) dict_keys(['gcs-files-dag']) retrieved from /opt/airflow/dags/gcp_dag.py
[2023-06-18T19:17:49.429+0000] {logging_mixin.py:149} INFO - [2023-06-18T19:17:49.429+0000] {dag.py:2726} INFO - Sync 1 DAGs
[2023-06-18T19:17:49.448+0000] {logging_mixin.py:149} INFO - [2023-06-18T19:17:49.448+0000] {dag.py:3486} INFO - Setting next_dagrun for gcs-files-dag to 2023-06-18T19:17:49.328990+00:00, run_after=2023-06-19T19:17:49.328990+00:00
[2023-06-18T19:17:49.473+0000] {processor.py:179} INFO - Processing /opt/airflow/dags/gcp_dag.py took 0.160 seconds
[2023-06-18T19:18:20.127+0000] {processor.py:157} INFO - Started process (PID=4485) to work on /opt/airflow/dags/gcp_dag.py
[2023-06-18T19:18:20.128+0000] {processor.py:826} INFO - Processing file /opt/airflow/dags/gcp_dag.py for tasks to queue
[2023-06-18T19:18:20.129+0000] {logging_mixin.py:149} INFO - [2023-06-18T19:18:20.129+0000] {dagbag.py:541} INFO - Filling up the DagBag from /opt/airflow/dags/gcp_dag.py
[2023-06-18T19:18:20.140+0000] {processor.py:836} INFO - DAG(s) dict_keys(['gcs-files-dag']) retrieved from /opt/airflow/dags/gcp_dag.py
[2023-06-18T19:18:20.210+0000] {logging_mixin.py:149} INFO - [2023-06-18T19:18:20.209+0000] {dag.py:2726} INFO - Sync 1 DAGs
[2023-06-18T19:18:20.221+0000] {logging_mixin.py:149} INFO - [2023-06-18T19:18:20.221+0000] {dag.py:3486} INFO - Setting next_dagrun for gcs-files-dag to 2023-06-18T19:18:20.133333+00:00, run_after=2023-06-19T19:18:20.133333+00:00
[2023-06-18T19:18:20.234+0000] {processor.py:179} INFO - Processing /opt/airflow/dags/gcp_dag.py took 0.111 seconds
[2023-06-18T19:18:51.227+0000] {processor.py:157} INFO - Started process (PID=4541) to work on /opt/airflow/dags/gcp_dag.py
[2023-06-18T19:18:51.228+0000] {processor.py:826} INFO - Processing file /opt/airflow/dags/gcp_dag.py for tasks to queue
[2023-06-18T19:18:51.229+0000] {logging_mixin.py:149} INFO - [2023-06-18T19:18:51.229+0000] {dagbag.py:541} INFO - Filling up the DagBag from /opt/airflow/dags/gcp_dag.py
[2023-06-18T19:18:51.239+0000] {processor.py:836} INFO - DAG(s) dict_keys(['gcs-files-dag']) retrieved from /opt/airflow/dags/gcp_dag.py
[2023-06-18T19:18:51.307+0000] {logging_mixin.py:149} INFO - [2023-06-18T19:18:51.307+0000] {dag.py:2726} INFO - Sync 1 DAGs
[2023-06-18T19:18:51.318+0000] {logging_mixin.py:149} INFO - [2023-06-18T19:18:51.318+0000] {dag.py:3486} INFO - Setting next_dagrun for gcs-files-dag to 2023-06-18T19:18:51.233712+00:00, run_after=2023-06-19T19:18:51.233712+00:00
[2023-06-18T19:18:51.329+0000] {processor.py:179} INFO - Processing /opt/airflow/dags/gcp_dag.py took 0.105 seconds
[2023-06-18T19:19:21.375+0000] {processor.py:157} INFO - Started process (PID=4597) to work on /opt/airflow/dags/gcp_dag.py
[2023-06-18T19:19:21.376+0000] {processor.py:826} INFO - Processing file /opt/airflow/dags/gcp_dag.py for tasks to queue
[2023-06-18T19:19:21.377+0000] {logging_mixin.py:149} INFO - [2023-06-18T19:19:21.377+0000] {dagbag.py:541} INFO - Filling up the DagBag from /opt/airflow/dags/gcp_dag.py
[2023-06-18T19:19:21.387+0000] {processor.py:836} INFO - DAG(s) dict_keys(['gcs-files-dag']) retrieved from /opt/airflow/dags/gcp_dag.py
[2023-06-18T19:19:21.454+0000] {logging_mixin.py:149} INFO - [2023-06-18T19:19:21.453+0000] {dag.py:2726} INFO - Sync 1 DAGs
[2023-06-18T19:19:21.465+0000] {logging_mixin.py:149} INFO - [2023-06-18T19:19:21.465+0000] {dag.py:3486} INFO - Setting next_dagrun for gcs-files-dag to 2023-06-18T19:19:21.381996+00:00, run_after=2023-06-19T19:19:21.381996+00:00
[2023-06-18T19:19:21.477+0000] {processor.py:179} INFO - Processing /opt/airflow/dags/gcp_dag.py took 0.104 seconds
[2023-06-18T19:19:51.522+0000] {processor.py:157} INFO - Started process (PID=4653) to work on /opt/airflow/dags/gcp_dag.py
[2023-06-18T19:19:51.524+0000] {processor.py:826} INFO - Processing file /opt/airflow/dags/gcp_dag.py for tasks to queue
[2023-06-18T19:19:51.525+0000] {logging_mixin.py:149} INFO - [2023-06-18T19:19:51.525+0000] {dagbag.py:541} INFO - Filling up the DagBag from /opt/airflow/dags/gcp_dag.py
[2023-06-18T19:19:51.534+0000] {processor.py:836} INFO - DAG(s) dict_keys(['gcs-files-dag']) retrieved from /opt/airflow/dags/gcp_dag.py
[2023-06-18T19:19:51.609+0000] {logging_mixin.py:149} INFO - [2023-06-18T19:19:51.608+0000] {dag.py:2726} INFO - Sync 1 DAGs
[2023-06-18T19:19:51.620+0000] {logging_mixin.py:149} INFO - [2023-06-18T19:19:51.620+0000] {dag.py:3486} INFO - Setting next_dagrun for gcs-files-dag to 2023-06-18T19:19:51.529346+00:00, run_after=2023-06-19T19:19:51.529346+00:00
[2023-06-18T19:19:51.631+0000] {processor.py:179} INFO - Processing /opt/airflow/dags/gcp_dag.py took 0.112 seconds
[2023-06-18T19:20:22.603+0000] {processor.py:157} INFO - Started process (PID=4709) to work on /opt/airflow/dags/gcp_dag.py
[2023-06-18T19:20:22.604+0000] {processor.py:826} INFO - Processing file /opt/airflow/dags/gcp_dag.py for tasks to queue
[2023-06-18T19:20:22.605+0000] {logging_mixin.py:149} INFO - [2023-06-18T19:20:22.605+0000] {dagbag.py:541} INFO - Filling up the DagBag from /opt/airflow/dags/gcp_dag.py
[2023-06-18T19:20:22.616+0000] {processor.py:836} INFO - DAG(s) dict_keys(['gcs-files-dag']) retrieved from /opt/airflow/dags/gcp_dag.py
[2023-06-18T19:20:22.685+0000] {logging_mixin.py:149} INFO - [2023-06-18T19:20:22.684+0000] {dag.py:2726} INFO - Sync 1 DAGs
[2023-06-18T19:20:22.697+0000] {logging_mixin.py:149} INFO - [2023-06-18T19:20:22.697+0000] {dag.py:3486} INFO - Setting next_dagrun for gcs-files-dag to 2023-06-18T19:20:22.610037+00:00, run_after=2023-06-19T19:20:22.610037+00:00
[2023-06-18T19:20:22.709+0000] {processor.py:179} INFO - Processing /opt/airflow/dags/gcp_dag.py took 0.108 seconds
[2023-06-18T19:20:52.788+0000] {processor.py:157} INFO - Started process (PID=4765) to work on /opt/airflow/dags/gcp_dag.py
[2023-06-18T19:20:52.790+0000] {processor.py:826} INFO - Processing file /opt/airflow/dags/gcp_dag.py for tasks to queue
[2023-06-18T19:20:52.791+0000] {logging_mixin.py:149} INFO - [2023-06-18T19:20:52.791+0000] {dagbag.py:541} INFO - Filling up the DagBag from /opt/airflow/dags/gcp_dag.py
[2023-06-18T19:20:52.802+0000] {processor.py:836} INFO - DAG(s) dict_keys(['gcs-files-dag']) retrieved from /opt/airflow/dags/gcp_dag.py
[2023-06-18T19:20:52.882+0000] {logging_mixin.py:149} INFO - [2023-06-18T19:20:52.881+0000] {dag.py:2726} INFO - Sync 1 DAGs
[2023-06-18T19:20:52.894+0000] {logging_mixin.py:149} INFO - [2023-06-18T19:20:52.894+0000] {dag.py:3486} INFO - Setting next_dagrun for gcs-files-dag to 2023-06-18T19:20:52.797169+00:00, run_after=2023-06-19T19:20:52.797169+00:00
[2023-06-18T19:20:52.912+0000] {processor.py:179} INFO - Processing /opt/airflow/dags/gcp_dag.py took 0.129 seconds
[2023-06-18T19:21:22.985+0000] {processor.py:157} INFO - Started process (PID=4821) to work on /opt/airflow/dags/gcp_dag.py
[2023-06-18T19:21:22.986+0000] {processor.py:826} INFO - Processing file /opt/airflow/dags/gcp_dag.py for tasks to queue
[2023-06-18T19:21:22.987+0000] {logging_mixin.py:149} INFO - [2023-06-18T19:21:22.987+0000] {dagbag.py:541} INFO - Filling up the DagBag from /opt/airflow/dags/gcp_dag.py
[2023-06-18T19:21:22.996+0000] {processor.py:836} INFO - DAG(s) dict_keys(['gcs-files-dag']) retrieved from /opt/airflow/dags/gcp_dag.py
[2023-06-18T19:21:23.063+0000] {logging_mixin.py:149} INFO - [2023-06-18T19:21:23.062+0000] {dag.py:2726} INFO - Sync 1 DAGs
[2023-06-18T19:21:23.073+0000] {logging_mixin.py:149} INFO - [2023-06-18T19:21:23.073+0000] {dag.py:3486} INFO - Setting next_dagrun for gcs-files-dag to 2023-06-18T19:21:22.991512+00:00, run_after=2023-06-19T19:21:22.991512+00:00
[2023-06-18T19:21:23.086+0000] {processor.py:179} INFO - Processing /opt/airflow/dags/gcp_dag.py took 0.103 seconds
[2023-06-18T19:21:53.150+0000] {processor.py:157} INFO - Started process (PID=4877) to work on /opt/airflow/dags/gcp_dag.py
[2023-06-18T19:21:53.153+0000] {processor.py:826} INFO - Processing file /opt/airflow/dags/gcp_dag.py for tasks to queue
[2023-06-18T19:21:53.154+0000] {logging_mixin.py:149} INFO - [2023-06-18T19:21:53.154+0000] {dagbag.py:541} INFO - Filling up the DagBag from /opt/airflow/dags/gcp_dag.py
[2023-06-18T19:21:53.163+0000] {processor.py:836} INFO - DAG(s) dict_keys(['gcs-files-dag']) retrieved from /opt/airflow/dags/gcp_dag.py
[2023-06-18T19:21:53.230+0000] {logging_mixin.py:149} INFO - [2023-06-18T19:21:53.230+0000] {dag.py:2726} INFO - Sync 1 DAGs
[2023-06-18T19:21:53.243+0000] {logging_mixin.py:149} INFO - [2023-06-18T19:21:53.243+0000] {dag.py:3486} INFO - Setting next_dagrun for gcs-files-dag to 2023-06-18T19:21:53.158143+00:00, run_after=2023-06-19T19:21:53.158143+00:00
[2023-06-18T19:21:53.255+0000] {processor.py:179} INFO - Processing /opt/airflow/dags/gcp_dag.py took 0.107 seconds
[2023-06-18T19:22:24.110+0000] {processor.py:157} INFO - Started process (PID=4932) to work on /opt/airflow/dags/gcp_dag.py
[2023-06-18T19:22:24.112+0000] {processor.py:826} INFO - Processing file /opt/airflow/dags/gcp_dag.py for tasks to queue
[2023-06-18T19:22:24.113+0000] {logging_mixin.py:149} INFO - [2023-06-18T19:22:24.113+0000] {dagbag.py:541} INFO - Filling up the DagBag from /opt/airflow/dags/gcp_dag.py
[2023-06-18T19:22:24.123+0000] {processor.py:836} INFO - DAG(s) dict_keys(['gcs-files-dag']) retrieved from /opt/airflow/dags/gcp_dag.py
[2023-06-18T19:22:24.191+0000] {logging_mixin.py:149} INFO - [2023-06-18T19:22:24.191+0000] {dag.py:2726} INFO - Sync 1 DAGs
[2023-06-18T19:22:24.202+0000] {logging_mixin.py:149} INFO - [2023-06-18T19:22:24.202+0000] {dag.py:3486} INFO - Setting next_dagrun for gcs-files-dag to 2023-06-18T19:22:24.117651+00:00, run_after=2023-06-19T19:22:24.117651+00:00
[2023-06-18T19:22:24.214+0000] {processor.py:179} INFO - Processing /opt/airflow/dags/gcp_dag.py took 0.107 seconds
[2023-06-18T19:22:55.114+0000] {processor.py:157} INFO - Started process (PID=4989) to work on /opt/airflow/dags/gcp_dag.py
[2023-06-18T19:22:55.117+0000] {processor.py:826} INFO - Processing file /opt/airflow/dags/gcp_dag.py for tasks to queue
[2023-06-18T19:22:55.118+0000] {logging_mixin.py:149} INFO - [2023-06-18T19:22:55.118+0000] {dagbag.py:541} INFO - Filling up the DagBag from /opt/airflow/dags/gcp_dag.py
[2023-06-18T19:22:55.127+0000] {processor.py:836} INFO - DAG(s) dict_keys(['gcs-files-dag']) retrieved from /opt/airflow/dags/gcp_dag.py
[2023-06-18T19:22:55.196+0000] {logging_mixin.py:149} INFO - [2023-06-18T19:22:55.195+0000] {dag.py:2726} INFO - Sync 1 DAGs
[2023-06-18T19:22:55.208+0000] {logging_mixin.py:149} INFO - [2023-06-18T19:22:55.208+0000] {dag.py:3486} INFO - Setting next_dagrun for gcs-files-dag to 2023-06-18T19:22:55.121674+00:00, run_after=2023-06-19T19:22:55.121674+00:00
[2023-06-18T19:22:55.221+0000] {processor.py:179} INFO - Processing /opt/airflow/dags/gcp_dag.py took 0.109 seconds
[2023-06-18T19:23:25.953+0000] {processor.py:157} INFO - Started process (PID=5045) to work on /opt/airflow/dags/gcp_dag.py
[2023-06-18T19:23:25.955+0000] {processor.py:826} INFO - Processing file /opt/airflow/dags/gcp_dag.py for tasks to queue
[2023-06-18T19:23:25.956+0000] {logging_mixin.py:149} INFO - [2023-06-18T19:23:25.956+0000] {dagbag.py:541} INFO - Filling up the DagBag from /opt/airflow/dags/gcp_dag.py
[2023-06-18T19:23:25.969+0000] {processor.py:836} INFO - DAG(s) dict_keys(['gcs-files-dag']) retrieved from /opt/airflow/dags/gcp_dag.py
[2023-06-18T19:23:26.071+0000] {logging_mixin.py:149} INFO - [2023-06-18T19:23:26.071+0000] {dag.py:2726} INFO - Sync 1 DAGs
[2023-06-18T19:23:26.084+0000] {logging_mixin.py:149} INFO - [2023-06-18T19:23:26.084+0000] {dag.py:3486} INFO - Setting next_dagrun for gcs-files-dag to 2023-06-18T19:23:25.961249+00:00, run_after=2023-06-19T19:23:25.961249+00:00
[2023-06-18T19:23:26.097+0000] {processor.py:179} INFO - Processing /opt/airflow/dags/gcp_dag.py took 0.147 seconds
[2023-06-18T19:23:56.913+0000] {processor.py:157} INFO - Started process (PID=5101) to work on /opt/airflow/dags/gcp_dag.py
[2023-06-18T19:23:56.915+0000] {processor.py:826} INFO - Processing file /opt/airflow/dags/gcp_dag.py for tasks to queue
[2023-06-18T19:23:56.916+0000] {logging_mixin.py:149} INFO - [2023-06-18T19:23:56.916+0000] {dagbag.py:541} INFO - Filling up the DagBag from /opt/airflow/dags/gcp_dag.py
[2023-06-18T19:23:56.926+0000] {processor.py:836} INFO - DAG(s) dict_keys(['gcs-files-dag']) retrieved from /opt/airflow/dags/gcp_dag.py
[2023-06-18T19:23:57.004+0000] {logging_mixin.py:149} INFO - [2023-06-18T19:23:57.004+0000] {dag.py:2726} INFO - Sync 1 DAGs
[2023-06-18T19:23:57.017+0000] {logging_mixin.py:149} INFO - [2023-06-18T19:23:57.017+0000] {dag.py:3486} INFO - Setting next_dagrun for gcs-files-dag to 2023-06-18T19:23:56.920470+00:00, run_after=2023-06-19T19:23:56.920470+00:00
[2023-06-18T19:23:57.039+0000] {processor.py:179} INFO - Processing /opt/airflow/dags/gcp_dag.py took 0.129 seconds
[2023-06-18T19:24:27.916+0000] {processor.py:157} INFO - Started process (PID=5158) to work on /opt/airflow/dags/gcp_dag.py
[2023-06-18T19:24:27.917+0000] {processor.py:826} INFO - Processing file /opt/airflow/dags/gcp_dag.py for tasks to queue
[2023-06-18T19:24:27.920+0000] {logging_mixin.py:149} INFO - [2023-06-18T19:24:27.919+0000] {dagbag.py:541} INFO - Filling up the DagBag from /opt/airflow/dags/gcp_dag.py
[2023-06-18T19:24:27.930+0000] {processor.py:836} INFO - DAG(s) dict_keys(['gcs-files-dag']) retrieved from /opt/airflow/dags/gcp_dag.py
[2023-06-18T19:24:27.998+0000] {logging_mixin.py:149} INFO - [2023-06-18T19:24:27.997+0000] {dag.py:2726} INFO - Sync 1 DAGs
[2023-06-18T19:24:28.010+0000] {logging_mixin.py:149} INFO - [2023-06-18T19:24:28.010+0000] {dag.py:3486} INFO - Setting next_dagrun for gcs-files-dag to 2023-06-18T19:24:27.925222+00:00, run_after=2023-06-19T19:24:27.925222+00:00
[2023-06-18T19:24:28.023+0000] {processor.py:179} INFO - Processing /opt/airflow/dags/gcp_dag.py took 0.109 seconds
[2023-06-18T19:24:58.713+0000] {processor.py:157} INFO - Started process (PID=5214) to work on /opt/airflow/dags/gcp_dag.py
[2023-06-18T19:24:58.714+0000] {processor.py:826} INFO - Processing file /opt/airflow/dags/gcp_dag.py for tasks to queue
[2023-06-18T19:24:58.715+0000] {logging_mixin.py:149} INFO - [2023-06-18T19:24:58.715+0000] {dagbag.py:541} INFO - Filling up the DagBag from /opt/airflow/dags/gcp_dag.py
[2023-06-18T19:24:58.724+0000] {processor.py:836} INFO - DAG(s) dict_keys(['gcs-files-dag']) retrieved from /opt/airflow/dags/gcp_dag.py
[2023-06-18T19:24:58.791+0000] {logging_mixin.py:149} INFO - [2023-06-18T19:24:58.791+0000] {dag.py:2726} INFO - Sync 1 DAGs
[2023-06-18T19:24:58.803+0000] {logging_mixin.py:149} INFO - [2023-06-18T19:24:58.803+0000] {dag.py:3486} INFO - Setting next_dagrun for gcs-files-dag to 2023-06-18T19:24:58.719578+00:00, run_after=2023-06-19T19:24:58.719578+00:00
[2023-06-18T19:24:58.815+0000] {processor.py:179} INFO - Processing /opt/airflow/dags/gcp_dag.py took 0.105 seconds
[2023-06-18T19:25:29.431+0000] {processor.py:157} INFO - Started process (PID=5270) to work on /opt/airflow/dags/gcp_dag.py
[2023-06-18T19:25:29.432+0000] {processor.py:826} INFO - Processing file /opt/airflow/dags/gcp_dag.py for tasks to queue
[2023-06-18T19:25:29.433+0000] {logging_mixin.py:149} INFO - [2023-06-18T19:25:29.433+0000] {dagbag.py:541} INFO - Filling up the DagBag from /opt/airflow/dags/gcp_dag.py
[2023-06-18T19:25:29.443+0000] {processor.py:836} INFO - DAG(s) dict_keys(['gcs-files-dag']) retrieved from /opt/airflow/dags/gcp_dag.py
[2023-06-18T19:25:29.507+0000] {logging_mixin.py:149} INFO - [2023-06-18T19:25:29.506+0000] {dag.py:2726} INFO - Sync 1 DAGs
[2023-06-18T19:25:29.518+0000] {logging_mixin.py:149} INFO - [2023-06-18T19:25:29.518+0000] {dag.py:3486} INFO - Setting next_dagrun for gcs-files-dag to 2023-06-18T19:25:29.437939+00:00, run_after=2023-06-19T19:25:29.437939+00:00
[2023-06-18T19:25:29.529+0000] {processor.py:179} INFO - Processing /opt/airflow/dags/gcp_dag.py took 0.102 seconds
[2023-06-18T19:26:00.119+0000] {processor.py:157} INFO - Started process (PID=5326) to work on /opt/airflow/dags/gcp_dag.py
[2023-06-18T19:26:00.120+0000] {processor.py:826} INFO - Processing file /opt/airflow/dags/gcp_dag.py for tasks to queue
[2023-06-18T19:26:00.121+0000] {logging_mixin.py:149} INFO - [2023-06-18T19:26:00.121+0000] {dagbag.py:541} INFO - Filling up the DagBag from /opt/airflow/dags/gcp_dag.py
[2023-06-18T19:26:00.130+0000] {processor.py:836} INFO - DAG(s) dict_keys(['gcs-files-dag']) retrieved from /opt/airflow/dags/gcp_dag.py
[2023-06-18T19:26:00.195+0000] {logging_mixin.py:149} INFO - [2023-06-18T19:26:00.194+0000] {dag.py:2726} INFO - Sync 1 DAGs
[2023-06-18T19:26:00.206+0000] {logging_mixin.py:149} INFO - [2023-06-18T19:26:00.206+0000] {dag.py:3486} INFO - Setting next_dagrun for gcs-files-dag to 2023-06-18T19:26:00.124840+00:00, run_after=2023-06-19T19:26:00.124840+00:00
[2023-06-18T19:26:00.218+0000] {processor.py:179} INFO - Processing /opt/airflow/dags/gcp_dag.py took 0.103 seconds
[2023-06-18T19:26:30.966+0000] {processor.py:157} INFO - Started process (PID=5382) to work on /opt/airflow/dags/gcp_dag.py
[2023-06-18T19:26:30.967+0000] {processor.py:826} INFO - Processing file /opt/airflow/dags/gcp_dag.py for tasks to queue
[2023-06-18T19:26:30.968+0000] {logging_mixin.py:149} INFO - [2023-06-18T19:26:30.968+0000] {dagbag.py:541} INFO - Filling up the DagBag from /opt/airflow/dags/gcp_dag.py
[2023-06-18T19:26:30.981+0000] {processor.py:836} INFO - DAG(s) dict_keys(['gcs-files-dag']) retrieved from /opt/airflow/dags/gcp_dag.py
[2023-06-18T19:26:31.044+0000] {logging_mixin.py:149} INFO - [2023-06-18T19:26:31.044+0000] {dag.py:2726} INFO - Sync 1 DAGs
[2023-06-18T19:26:31.056+0000] {logging_mixin.py:149} INFO - [2023-06-18T19:26:31.056+0000] {dag.py:3486} INFO - Setting next_dagrun for gcs-files-dag to 2023-06-18T19:26:30.974838+00:00, run_after=2023-06-19T19:26:30.974838+00:00
[2023-06-18T19:26:31.067+0000] {processor.py:179} INFO - Processing /opt/airflow/dags/gcp_dag.py took 0.104 seconds
[2023-06-18T19:27:01.959+0000] {processor.py:157} INFO - Started process (PID=5438) to work on /opt/airflow/dags/gcp_dag.py
[2023-06-18T19:27:01.960+0000] {processor.py:826} INFO - Processing file /opt/airflow/dags/gcp_dag.py for tasks to queue
[2023-06-18T19:27:01.961+0000] {logging_mixin.py:149} INFO - [2023-06-18T19:27:01.961+0000] {dagbag.py:541} INFO - Filling up the DagBag from /opt/airflow/dags/gcp_dag.py
[2023-06-18T19:27:01.972+0000] {processor.py:836} INFO - DAG(s) dict_keys(['gcs-files-dag']) retrieved from /opt/airflow/dags/gcp_dag.py
[2023-06-18T19:27:02.036+0000] {logging_mixin.py:149} INFO - [2023-06-18T19:27:02.036+0000] {dag.py:2726} INFO - Sync 1 DAGs
[2023-06-18T19:27:02.050+0000] {logging_mixin.py:149} INFO - [2023-06-18T19:27:02.050+0000] {dag.py:3486} INFO - Setting next_dagrun for gcs-files-dag to 2023-06-18T19:27:01.966010+00:00, run_after=2023-06-19T19:27:01.966010+00:00
[2023-06-18T19:27:02.062+0000] {processor.py:179} INFO - Processing /opt/airflow/dags/gcp_dag.py took 0.107 seconds
[2023-06-18T19:27:32.763+0000] {processor.py:157} INFO - Started process (PID=5494) to work on /opt/airflow/dags/gcp_dag.py
[2023-06-18T19:27:32.764+0000] {processor.py:826} INFO - Processing file /opt/airflow/dags/gcp_dag.py for tasks to queue
[2023-06-18T19:27:32.767+0000] {logging_mixin.py:149} INFO - [2023-06-18T19:27:32.767+0000] {dagbag.py:541} INFO - Filling up the DagBag from /opt/airflow/dags/gcp_dag.py
[2023-06-18T19:27:32.780+0000] {processor.py:836} INFO - DAG(s) dict_keys(['gcs-files-dag']) retrieved from /opt/airflow/dags/gcp_dag.py
[2023-06-18T19:27:32.849+0000] {logging_mixin.py:149} INFO - [2023-06-18T19:27:32.849+0000] {dag.py:2726} INFO - Sync 1 DAGs
[2023-06-18T19:27:32.860+0000] {logging_mixin.py:149} INFO - [2023-06-18T19:27:32.860+0000] {dag.py:3486} INFO - Setting next_dagrun for gcs-files-dag to 2023-06-18T19:27:32.773140+00:00, run_after=2023-06-19T19:27:32.773140+00:00
[2023-06-18T19:27:32.871+0000] {processor.py:179} INFO - Processing /opt/airflow/dags/gcp_dag.py took 0.111 seconds
[2023-06-18T19:28:03.540+0000] {processor.py:157} INFO - Started process (PID=5550) to work on /opt/airflow/dags/gcp_dag.py
[2023-06-18T19:28:03.542+0000] {processor.py:826} INFO - Processing file /opt/airflow/dags/gcp_dag.py for tasks to queue
[2023-06-18T19:28:03.543+0000] {logging_mixin.py:149} INFO - [2023-06-18T19:28:03.543+0000] {dagbag.py:541} INFO - Filling up the DagBag from /opt/airflow/dags/gcp_dag.py
[2023-06-18T19:28:03.555+0000] {processor.py:836} INFO - DAG(s) dict_keys(['gcs-files-dag']) retrieved from /opt/airflow/dags/gcp_dag.py
[2023-06-18T19:28:03.622+0000] {logging_mixin.py:149} INFO - [2023-06-18T19:28:03.622+0000] {dag.py:2726} INFO - Sync 1 DAGs
[2023-06-18T19:28:03.634+0000] {logging_mixin.py:149} INFO - [2023-06-18T19:28:03.634+0000] {dag.py:3486} INFO - Setting next_dagrun for gcs-files-dag to 2023-06-18T19:28:03.549140+00:00, run_after=2023-06-19T19:28:03.549140+00:00
[2023-06-18T19:28:03.646+0000] {processor.py:179} INFO - Processing /opt/airflow/dags/gcp_dag.py took 0.109 seconds
[2023-06-18T19:28:34.308+0000] {processor.py:157} INFO - Started process (PID=5606) to work on /opt/airflow/dags/gcp_dag.py
[2023-06-18T19:28:34.309+0000] {processor.py:826} INFO - Processing file /opt/airflow/dags/gcp_dag.py for tasks to queue
[2023-06-18T19:28:34.310+0000] {logging_mixin.py:149} INFO - [2023-06-18T19:28:34.310+0000] {dagbag.py:541} INFO - Filling up the DagBag from /opt/airflow/dags/gcp_dag.py
[2023-06-18T19:28:34.320+0000] {processor.py:836} INFO - DAG(s) dict_keys(['gcs-files-dag']) retrieved from /opt/airflow/dags/gcp_dag.py
[2023-06-18T19:28:34.386+0000] {logging_mixin.py:149} INFO - [2023-06-18T19:28:34.386+0000] {dag.py:2726} INFO - Sync 1 DAGs
[2023-06-18T19:28:34.397+0000] {logging_mixin.py:149} INFO - [2023-06-18T19:28:34.397+0000] {dag.py:3486} INFO - Setting next_dagrun for gcs-files-dag to 2023-06-18T19:28:34.315208+00:00, run_after=2023-06-19T19:28:34.315208+00:00
[2023-06-18T19:28:34.408+0000] {processor.py:179} INFO - Processing /opt/airflow/dags/gcp_dag.py took 0.103 seconds
[2023-06-18T19:29:05.121+0000] {processor.py:157} INFO - Started process (PID=5662) to work on /opt/airflow/dags/gcp_dag.py
[2023-06-18T19:29:05.122+0000] {processor.py:826} INFO - Processing file /opt/airflow/dags/gcp_dag.py for tasks to queue
[2023-06-18T19:29:05.124+0000] {logging_mixin.py:149} INFO - [2023-06-18T19:29:05.123+0000] {dagbag.py:541} INFO - Filling up the DagBag from /opt/airflow/dags/gcp_dag.py
[2023-06-18T19:29:05.133+0000] {processor.py:836} INFO - DAG(s) dict_keys(['gcs-files-dag']) retrieved from /opt/airflow/dags/gcp_dag.py
[2023-06-18T19:29:05.201+0000] {logging_mixin.py:149} INFO - [2023-06-18T19:29:05.201+0000] {dag.py:2726} INFO - Sync 1 DAGs
[2023-06-18T19:29:05.213+0000] {logging_mixin.py:149} INFO - [2023-06-18T19:29:05.213+0000] {dag.py:3486} INFO - Setting next_dagrun for gcs-files-dag to 2023-06-18T19:29:05.128099+00:00, run_after=2023-06-19T19:29:05.128099+00:00
[2023-06-18T19:29:05.223+0000] {processor.py:179} INFO - Processing /opt/airflow/dags/gcp_dag.py took 0.105 seconds
[2023-06-18T19:29:35.778+0000] {processor.py:157} INFO - Started process (PID=5718) to work on /opt/airflow/dags/gcp_dag.py
[2023-06-18T19:29:35.779+0000] {processor.py:826} INFO - Processing file /opt/airflow/dags/gcp_dag.py for tasks to queue
[2023-06-18T19:29:35.780+0000] {logging_mixin.py:149} INFO - [2023-06-18T19:29:35.780+0000] {dagbag.py:541} INFO - Filling up the DagBag from /opt/airflow/dags/gcp_dag.py
[2023-06-18T19:29:35.790+0000] {processor.py:836} INFO - DAG(s) dict_keys(['gcs-files-dag']) retrieved from /opt/airflow/dags/gcp_dag.py
[2023-06-18T19:29:35.856+0000] {logging_mixin.py:149} INFO - [2023-06-18T19:29:35.855+0000] {dag.py:2726} INFO - Sync 1 DAGs
[2023-06-18T19:29:35.869+0000] {logging_mixin.py:149} INFO - [2023-06-18T19:29:35.869+0000] {dag.py:3486} INFO - Setting next_dagrun for gcs-files-dag to 2023-06-18T19:29:35.783992+00:00, run_after=2023-06-19T19:29:35.783992+00:00
[2023-06-18T19:29:35.885+0000] {processor.py:179} INFO - Processing /opt/airflow/dags/gcp_dag.py took 0.111 seconds
[2023-06-18T19:30:06.593+0000] {processor.py:157} INFO - Started process (PID=5774) to work on /opt/airflow/dags/gcp_dag.py
[2023-06-18T19:30:06.594+0000] {processor.py:826} INFO - Processing file /opt/airflow/dags/gcp_dag.py for tasks to queue
[2023-06-18T19:30:06.595+0000] {logging_mixin.py:149} INFO - [2023-06-18T19:30:06.595+0000] {dagbag.py:541} INFO - Filling up the DagBag from /opt/airflow/dags/gcp_dag.py
[2023-06-18T19:30:06.604+0000] {processor.py:836} INFO - DAG(s) dict_keys(['gcs-files-dag']) retrieved from /opt/airflow/dags/gcp_dag.py
[2023-06-18T19:30:06.669+0000] {logging_mixin.py:149} INFO - [2023-06-18T19:30:06.669+0000] {dag.py:2726} INFO - Sync 1 DAGs
[2023-06-18T19:30:06.680+0000] {logging_mixin.py:149} INFO - [2023-06-18T19:30:06.680+0000] {dag.py:3486} INFO - Setting next_dagrun for gcs-files-dag to 2023-06-18T19:30:06.599050+00:00, run_after=2023-06-19T19:30:06.599050+00:00
[2023-06-18T19:30:06.690+0000] {processor.py:179} INFO - Processing /opt/airflow/dags/gcp_dag.py took 0.100 seconds
[2023-06-18T19:30:37.174+0000] {processor.py:157} INFO - Started process (PID=5830) to work on /opt/airflow/dags/gcp_dag.py
[2023-06-18T19:30:37.175+0000] {processor.py:826} INFO - Processing file /opt/airflow/dags/gcp_dag.py for tasks to queue
[2023-06-18T19:30:37.176+0000] {logging_mixin.py:149} INFO - [2023-06-18T19:30:37.176+0000] {dagbag.py:541} INFO - Filling up the DagBag from /opt/airflow/dags/gcp_dag.py
[2023-06-18T19:30:37.186+0000] {processor.py:836} INFO - DAG(s) dict_keys(['gcs-files-dag']) retrieved from /opt/airflow/dags/gcp_dag.py
[2023-06-18T19:30:37.252+0000] {logging_mixin.py:149} INFO - [2023-06-18T19:30:37.252+0000] {dag.py:2726} INFO - Sync 1 DAGs
[2023-06-18T19:30:37.264+0000] {logging_mixin.py:149} INFO - [2023-06-18T19:30:37.264+0000] {dag.py:3486} INFO - Setting next_dagrun for gcs-files-dag to 2023-06-18T19:30:37.180556+00:00, run_after=2023-06-19T19:30:37.180556+00:00
[2023-06-18T19:30:37.276+0000] {processor.py:179} INFO - Processing /opt/airflow/dags/gcp_dag.py took 0.105 seconds
[2023-06-18T19:31:07.734+0000] {processor.py:157} INFO - Started process (PID=5886) to work on /opt/airflow/dags/gcp_dag.py
[2023-06-18T19:31:07.736+0000] {processor.py:826} INFO - Processing file /opt/airflow/dags/gcp_dag.py for tasks to queue
[2023-06-18T19:31:07.737+0000] {logging_mixin.py:149} INFO - [2023-06-18T19:31:07.737+0000] {dagbag.py:541} INFO - Filling up the DagBag from /opt/airflow/dags/gcp_dag.py
[2023-06-18T19:31:07.747+0000] {processor.py:836} INFO - DAG(s) dict_keys(['gcs-files-dag']) retrieved from /opt/airflow/dags/gcp_dag.py
[2023-06-18T19:31:07.816+0000] {logging_mixin.py:149} INFO - [2023-06-18T19:31:07.816+0000] {dag.py:2726} INFO - Sync 1 DAGs
[2023-06-18T19:31:07.827+0000] {logging_mixin.py:149} INFO - [2023-06-18T19:31:07.827+0000] {dag.py:3486} INFO - Setting next_dagrun for gcs-files-dag to 2023-06-18T19:31:07.741416+00:00, run_after=2023-06-19T19:31:07.741416+00:00
[2023-06-18T19:31:07.838+0000] {processor.py:179} INFO - Processing /opt/airflow/dags/gcp_dag.py took 0.107 seconds
[2023-06-18T19:31:38.505+0000] {processor.py:157} INFO - Started process (PID=5942) to work on /opt/airflow/dags/gcp_dag.py
[2023-06-18T19:31:38.507+0000] {processor.py:826} INFO - Processing file /opt/airflow/dags/gcp_dag.py for tasks to queue
[2023-06-18T19:31:38.509+0000] {logging_mixin.py:149} INFO - [2023-06-18T19:31:38.509+0000] {dagbag.py:541} INFO - Filling up the DagBag from /opt/airflow/dags/gcp_dag.py
[2023-06-18T19:31:38.520+0000] {processor.py:836} INFO - DAG(s) dict_keys(['gcs-files-dag']) retrieved from /opt/airflow/dags/gcp_dag.py
[2023-06-18T19:31:38.588+0000] {logging_mixin.py:149} INFO - [2023-06-18T19:31:38.588+0000] {dag.py:2726} INFO - Sync 1 DAGs
[2023-06-18T19:31:38.599+0000] {logging_mixin.py:149} INFO - [2023-06-18T19:31:38.599+0000] {dag.py:3486} INFO - Setting next_dagrun for gcs-files-dag to 2023-06-18T19:31:38.514045+00:00, run_after=2023-06-19T19:31:38.514045+00:00
[2023-06-18T19:31:38.610+0000] {processor.py:179} INFO - Processing /opt/airflow/dags/gcp_dag.py took 0.108 seconds
[2023-06-18T19:32:09.198+0000] {processor.py:157} INFO - Started process (PID=5997) to work on /opt/airflow/dags/gcp_dag.py
[2023-06-18T19:32:09.200+0000] {processor.py:826} INFO - Processing file /opt/airflow/dags/gcp_dag.py for tasks to queue
[2023-06-18T19:32:09.201+0000] {logging_mixin.py:149} INFO - [2023-06-18T19:32:09.201+0000] {dagbag.py:541} INFO - Filling up the DagBag from /opt/airflow/dags/gcp_dag.py
[2023-06-18T19:32:09.210+0000] {processor.py:836} INFO - DAG(s) dict_keys(['gcs-files-dag']) retrieved from /opt/airflow/dags/gcp_dag.py
[2023-06-18T19:32:09.277+0000] {logging_mixin.py:149} INFO - [2023-06-18T19:32:09.276+0000] {dag.py:2726} INFO - Sync 1 DAGs
[2023-06-18T19:32:09.288+0000] {logging_mixin.py:149} INFO - [2023-06-18T19:32:09.287+0000] {dag.py:3486} INFO - Setting next_dagrun for gcs-files-dag to 2023-06-18T19:32:09.205241+00:00, run_after=2023-06-19T19:32:09.205241+00:00
[2023-06-18T19:32:09.299+0000] {processor.py:179} INFO - Processing /opt/airflow/dags/gcp_dag.py took 0.105 seconds
[2023-06-18T19:32:39.885+0000] {processor.py:157} INFO - Started process (PID=6053) to work on /opt/airflow/dags/gcp_dag.py
[2023-06-18T19:32:39.886+0000] {processor.py:826} INFO - Processing file /opt/airflow/dags/gcp_dag.py for tasks to queue
[2023-06-18T19:32:39.887+0000] {logging_mixin.py:149} INFO - [2023-06-18T19:32:39.887+0000] {dagbag.py:541} INFO - Filling up the DagBag from /opt/airflow/dags/gcp_dag.py
[2023-06-18T19:32:39.897+0000] {processor.py:836} INFO - DAG(s) dict_keys(['gcs-files-dag']) retrieved from /opt/airflow/dags/gcp_dag.py
[2023-06-18T19:32:39.962+0000] {logging_mixin.py:149} INFO - [2023-06-18T19:32:39.962+0000] {dag.py:2726} INFO - Sync 1 DAGs
[2023-06-18T19:32:39.974+0000] {logging_mixin.py:149} INFO - [2023-06-18T19:32:39.974+0000] {dag.py:3486} INFO - Setting next_dagrun for gcs-files-dag to 2023-06-18T19:32:39.891816+00:00, run_after=2023-06-19T19:32:39.891816+00:00
[2023-06-18T19:32:39.985+0000] {processor.py:179} INFO - Processing /opt/airflow/dags/gcp_dag.py took 0.103 seconds
[2023-06-18T19:33:10.558+0000] {processor.py:157} INFO - Started process (PID=6109) to work on /opt/airflow/dags/gcp_dag.py
[2023-06-18T19:33:10.560+0000] {processor.py:826} INFO - Processing file /opt/airflow/dags/gcp_dag.py for tasks to queue
[2023-06-18T19:33:10.562+0000] {logging_mixin.py:149} INFO - [2023-06-18T19:33:10.561+0000] {dagbag.py:541} INFO - Filling up the DagBag from /opt/airflow/dags/gcp_dag.py
[2023-06-18T19:33:10.573+0000] {processor.py:836} INFO - DAG(s) dict_keys(['gcs-files-dag']) retrieved from /opt/airflow/dags/gcp_dag.py
[2023-06-18T19:33:10.641+0000] {logging_mixin.py:149} INFO - [2023-06-18T19:33:10.641+0000] {dag.py:2726} INFO - Sync 1 DAGs
[2023-06-18T19:33:10.653+0000] {logging_mixin.py:149} INFO - [2023-06-18T19:33:10.653+0000] {dag.py:3486} INFO - Setting next_dagrun for gcs-files-dag to 2023-06-18T19:33:10.566495+00:00, run_after=2023-06-19T19:33:10.566495+00:00
[2023-06-18T19:33:10.665+0000] {processor.py:179} INFO - Processing /opt/airflow/dags/gcp_dag.py took 0.110 seconds
[2023-06-18T19:33:41.347+0000] {processor.py:157} INFO - Started process (PID=6165) to work on /opt/airflow/dags/gcp_dag.py
[2023-06-18T19:33:41.348+0000] {processor.py:826} INFO - Processing file /opt/airflow/dags/gcp_dag.py for tasks to queue
[2023-06-18T19:33:41.350+0000] {logging_mixin.py:149} INFO - [2023-06-18T19:33:41.350+0000] {dagbag.py:541} INFO - Filling up the DagBag from /opt/airflow/dags/gcp_dag.py
[2023-06-18T19:33:41.359+0000] {processor.py:836} INFO - DAG(s) dict_keys(['gcs-files-dag']) retrieved from /opt/airflow/dags/gcp_dag.py
[2023-06-18T19:33:41.424+0000] {logging_mixin.py:149} INFO - [2023-06-18T19:33:41.423+0000] {dag.py:2726} INFO - Sync 1 DAGs
[2023-06-18T19:33:41.435+0000] {logging_mixin.py:149} INFO - [2023-06-18T19:33:41.434+0000] {dag.py:3486} INFO - Setting next_dagrun for gcs-files-dag to 2023-06-18T19:33:41.354117+00:00, run_after=2023-06-19T19:33:41.354117+00:00
[2023-06-18T19:33:41.445+0000] {processor.py:179} INFO - Processing /opt/airflow/dags/gcp_dag.py took 0.102 seconds
[2023-06-18T19:34:12.027+0000] {processor.py:157} INFO - Started process (PID=6221) to work on /opt/airflow/dags/gcp_dag.py
[2023-06-18T19:34:12.028+0000] {processor.py:826} INFO - Processing file /opt/airflow/dags/gcp_dag.py for tasks to queue
[2023-06-18T19:34:12.029+0000] {logging_mixin.py:149} INFO - [2023-06-18T19:34:12.029+0000] {dagbag.py:541} INFO - Filling up the DagBag from /opt/airflow/dags/gcp_dag.py
[2023-06-18T19:34:12.039+0000] {processor.py:836} INFO - DAG(s) dict_keys(['gcs-files-dag']) retrieved from /opt/airflow/dags/gcp_dag.py
[2023-06-18T19:34:12.105+0000] {logging_mixin.py:149} INFO - [2023-06-18T19:34:12.105+0000] {dag.py:2726} INFO - Sync 1 DAGs
[2023-06-18T19:34:12.118+0000] {logging_mixin.py:149} INFO - [2023-06-18T19:34:12.117+0000] {dag.py:3486} INFO - Setting next_dagrun for gcs-files-dag to 2023-06-18T19:34:12.033967+00:00, run_after=2023-06-19T19:34:12.033967+00:00
[2023-06-18T19:34:12.130+0000] {processor.py:179} INFO - Processing /opt/airflow/dags/gcp_dag.py took 0.106 seconds
[2023-06-18T19:34:42.828+0000] {processor.py:157} INFO - Started process (PID=6277) to work on /opt/airflow/dags/gcp_dag.py
[2023-06-18T19:34:42.829+0000] {processor.py:826} INFO - Processing file /opt/airflow/dags/gcp_dag.py for tasks to queue
[2023-06-18T19:34:42.830+0000] {logging_mixin.py:149} INFO - [2023-06-18T19:34:42.830+0000] {dagbag.py:541} INFO - Filling up the DagBag from /opt/airflow/dags/gcp_dag.py
[2023-06-18T19:34:42.840+0000] {processor.py:836} INFO - DAG(s) dict_keys(['gcs-files-dag']) retrieved from /opt/airflow/dags/gcp_dag.py
[2023-06-18T19:34:42.906+0000] {logging_mixin.py:149} INFO - [2023-06-18T19:34:42.906+0000] {dag.py:2726} INFO - Sync 1 DAGs
[2023-06-18T19:34:42.917+0000] {logging_mixin.py:149} INFO - [2023-06-18T19:34:42.917+0000] {dag.py:3486} INFO - Setting next_dagrun for gcs-files-dag to 2023-06-18T19:34:42.834609+00:00, run_after=2023-06-19T19:34:42.834609+00:00
[2023-06-18T19:34:42.928+0000] {processor.py:179} INFO - Processing /opt/airflow/dags/gcp_dag.py took 0.103 seconds
