[2023-06-22T23:42:05.900+0000] {taskinstance.py:1103} INFO - Dependencies all met for dep_context=non-requeueable deps ti=<TaskInstance: running-buses-dbt-dag.dbt_run manual__2023-06-22T23:42:04.944200+00:00 [queued]>
[2023-06-22T23:42:05.906+0000] {taskinstance.py:1103} INFO - Dependencies all met for dep_context=requeueable deps ti=<TaskInstance: running-buses-dbt-dag.dbt_run manual__2023-06-22T23:42:04.944200+00:00 [queued]>
[2023-06-22T23:42:05.907+0000] {taskinstance.py:1308} INFO - Starting attempt 1 of 1
[2023-06-22T23:42:05.914+0000] {taskinstance.py:1327} INFO - Executing <Task(DbtRunOperator): dbt_run> on 2023-06-22 23:42:04.944200+00:00
[2023-06-22T23:42:05.920+0000] {standard_task_runner.py:57} INFO - Started process 8491 to run task
[2023-06-22T23:42:05.926+0000] {standard_task_runner.py:84} INFO - Running: ['***', 'tasks', 'run', 'running-buses-dbt-dag', 'dbt_run', 'manual__2023-06-22T23:42:04.944200+00:00', '--job-id', '472', '--raw', '--subdir', 'DAGS_FOLDER/running_buses_dbt_dag.py', '--cfg-path', '/tmp/tmpnar_cu7_']
[2023-06-22T23:42:05.932+0000] {standard_task_runner.py:85} INFO - Job 472: Subtask dbt_run
[2023-06-22T23:42:05.988+0000] {task_command.py:410} INFO - Running <TaskInstance: running-buses-dbt-dag.dbt_run manual__2023-06-22T23:42:04.944200+00:00 [running]> on host 6bba1fead03c
[2023-06-22T23:42:06.063+0000] {taskinstance.py:1545} INFO - Exporting env vars: AIRFLOW_CTX_DAG_OWNER='***' AIRFLOW_CTX_DAG_ID='running-buses-dbt-dag' AIRFLOW_CTX_TASK_ID='dbt_run' AIRFLOW_CTX_EXECUTION_DATE='2023-06-22T23:42:04.944200+00:00' AIRFLOW_CTX_TRY_NUMBER='1' AIRFLOW_CTX_DAG_RUN_ID='manual__2023-06-22T23:42:04.944200+00:00'
[2023-06-22T23:42:06.065+0000] {dbt_hook.py:117} INFO - dbt run --profiles-dir /opt/***/tmp_data/dbt_bus_data/.dbt_profile --select stg_running_buses
[2023-06-22T23:42:06.068+0000] {dbt_hook.py:126} INFO - Output:
[2023-06-22T23:42:07.530+0000] {dbt_hook.py:130} INFO - [0m23:42:07  Running with dbt=1.5.1
[2023-06-22T23:42:08.092+0000] {dbt_hook.py:130} INFO - [0m23:42:08  [[33mWARNING[0m]: Configuration paths exist in your dbt_project.yml file which do not apply to any resources.
[2023-06-22T23:42:08.093+0000] {dbt_hook.py:130} INFO - There are 1 unused configuration paths:
[2023-06-22T23:42:08.094+0000] {dbt_hook.py:130} INFO - - models.dbt_bus_data.core
[2023-06-22T23:42:08.117+0000] {dbt_hook.py:130} INFO - [0m23:42:08  Found 1 model, 9 tests, 0 snapshots, 0 analyses, 356 macros, 0 operations, 3 seed files, 2 sources, 0 exposures, 0 metrics, 0 groups
[2023-06-22T23:42:08.120+0000] {dbt_hook.py:130} INFO - [0m23:42:08
[2023-06-22T23:42:09.229+0000] {dbt_hook.py:130} INFO - [0m23:42:09  Concurrency: 2 threads (target='dev')
[2023-06-22T23:42:09.230+0000] {dbt_hook.py:130} INFO - [0m23:42:09
[2023-06-22T23:42:09.245+0000] {dbt_hook.py:130} INFO - [0m23:42:09  1 of 1 START sql view model dbt_busdata_stag.stg_running_buses ................. [RUN]
[2023-06-22T23:42:10.297+0000] {dbt_hook.py:130} INFO - [0m23:42:10  1 of 1 OK created sql view model dbt_busdata_stag.stg_running_buses ............ [[32mCREATE VIEW (0 processed)[0m in 1.05s]
[2023-06-22T23:42:10.305+0000] {dbt_hook.py:130} INFO - [0m23:42:10
[2023-06-22T23:42:10.307+0000] {dbt_hook.py:130} INFO - [0m23:42:10  Finished running 1 view model in 0 hours 0 minutes and 2.18 seconds (2.18s).
[2023-06-22T23:42:10.331+0000] {dbt_hook.py:130} INFO - [0m23:42:10
[2023-06-22T23:42:10.333+0000] {dbt_hook.py:130} INFO - [0m23:42:10  [32mCompleted successfully[0m
[2023-06-22T23:42:10.334+0000] {dbt_hook.py:130} INFO - [0m23:42:10
[2023-06-22T23:42:10.336+0000] {dbt_hook.py:130} INFO - [0m23:42:10  Done. PASS=1 WARN=0 ERROR=0 SKIP=0 TOTAL=1
[2023-06-22T23:42:11.297+0000] {dbt_hook.py:132} INFO - Command exited with return code 0
[2023-06-22T23:42:11.310+0000] {taskinstance.py:1345} INFO - Marking task as SUCCESS. dag_id=running-buses-dbt-dag, task_id=dbt_run, execution_date=20230622T234204, start_date=20230622T234205, end_date=20230622T234211
[2023-06-22T23:42:11.342+0000] {local_task_job_runner.py:225} INFO - Task exited with return code 0
[2023-06-22T23:42:11.358+0000] {taskinstance.py:2653} INFO - 0 downstream tasks scheduled from follow-on schedule check
