[2023-06-18T18:42:04.649+0000] {taskinstance.py:1103} INFO - Dependencies all met for dep_context=non-requeueable deps ti=<TaskInstance: dbt-dag.dbt_run manual__2023-06-18T18:42:03.724989+00:00 [queued]>
[2023-06-18T18:42:04.660+0000] {taskinstance.py:1103} INFO - Dependencies all met for dep_context=requeueable deps ti=<TaskInstance: dbt-dag.dbt_run manual__2023-06-18T18:42:03.724989+00:00 [queued]>
[2023-06-18T18:42:04.661+0000] {taskinstance.py:1308} INFO - Starting attempt 1 of 1
[2023-06-18T18:42:04.668+0000] {taskinstance.py:1327} INFO - Executing <Task(DbtRunOperator): dbt_run> on 2023-06-18 18:42:03.724989+00:00
[2023-06-18T18:42:04.673+0000] {standard_task_runner.py:57} INFO - Started process 3565 to run task
[2023-06-18T18:42:04.678+0000] {standard_task_runner.py:84} INFO - Running: ['***', 'tasks', 'run', 'dbt-dag', 'dbt_run', 'manual__2023-06-18T18:42:03.724989+00:00', '--job-id', '102', '--raw', '--subdir', 'DAGS_FOLDER/dbt_test.py', '--cfg-path', '/tmp/tmpv4iziklc']
[2023-06-18T18:42:04.681+0000] {standard_task_runner.py:85} INFO - Job 102: Subtask dbt_run
[2023-06-18T18:42:04.722+0000] {task_command.py:410} INFO - Running <TaskInstance: dbt-dag.dbt_run manual__2023-06-18T18:42:03.724989+00:00 [running]> on host 6bba1fead03c
[2023-06-18T18:42:04.782+0000] {taskinstance.py:1545} INFO - Exporting env vars: AIRFLOW_CTX_DAG_OWNER='***' AIRFLOW_CTX_DAG_ID='dbt-dag' AIRFLOW_CTX_TASK_ID='dbt_run' AIRFLOW_CTX_EXECUTION_DATE='2023-06-18T18:42:03.724989+00:00' AIRFLOW_CTX_TRY_NUMBER='1' AIRFLOW_CTX_DAG_RUN_ID='manual__2023-06-18T18:42:03.724989+00:00'
[2023-06-18T18:42:04.784+0000] {dbt_hook.py:117} INFO - dbt run --profiles-dir /opt/***/tmp_data/dbt_bus_data/.dbt_profile
[2023-06-18T18:42:04.786+0000] {dbt_hook.py:126} INFO - Output:
[2023-06-18T18:42:06.466+0000] {dbt_hook.py:130} INFO - [0m18:42:06  Running with dbt=1.5.1
[2023-06-18T18:42:07.170+0000] {dbt_hook.py:130} INFO - [0m18:42:07  [[33mWARNING[0m]: Configuration paths exist in your dbt_project.yml file which do not apply to any resources.
[2023-06-18T18:42:07.171+0000] {dbt_hook.py:130} INFO - There are 1 unused configuration paths:
[2023-06-18T18:42:07.172+0000] {dbt_hook.py:130} INFO - - models.dbt_bus_data.core
[2023-06-18T18:42:07.189+0000] {dbt_hook.py:130} INFO - [0m18:42:07  Found 1 model, 6 tests, 0 snapshots, 0 analyses, 356 macros, 0 operations, 2 seed files, 1 source, 0 exposures, 0 metrics, 0 groups
[2023-06-18T18:42:07.192+0000] {dbt_hook.py:130} INFO - [0m18:42:07
[2023-06-18T18:42:08.266+0000] {dbt_hook.py:130} INFO - [0m18:42:08  Concurrency: 2 threads (target='dev')
[2023-06-18T18:42:08.271+0000] {dbt_hook.py:130} INFO - [0m18:42:08
[2023-06-18T18:42:08.285+0000] {dbt_hook.py:130} INFO - [0m18:42:08  1 of 1 START sql table model dbt_busdata_stag.stg_garage_buses ................. [RUN]
[2023-06-18T18:42:11.534+0000] {dbt_hook.py:130} INFO - [0m18:42:11  1 of 1 OK created sql table model dbt_busdata_stag.stg_garage_buses ............ [[32mCREATE TABLE (24.0 rows, 61.6 KiB processed)[0m in 3.25s]
[2023-06-18T18:42:11.540+0000] {dbt_hook.py:130} INFO - [0m18:42:11
[2023-06-18T18:42:11.542+0000] {dbt_hook.py:130} INFO - [0m18:42:11  Finished running 1 table model in 0 hours 0 minutes and 4.35 seconds (4.35s).
[2023-06-18T18:42:11.557+0000] {dbt_hook.py:130} INFO - [0m18:42:11
[2023-06-18T18:42:11.558+0000] {dbt_hook.py:130} INFO - [0m18:42:11  [32mCompleted successfully[0m
[2023-06-18T18:42:11.560+0000] {dbt_hook.py:130} INFO - [0m18:42:11
[2023-06-18T18:42:11.561+0000] {dbt_hook.py:130} INFO - [0m18:42:11  Done. PASS=1 WARN=0 ERROR=0 SKIP=0 TOTAL=1
[2023-06-18T18:42:12.535+0000] {dbt_hook.py:132} INFO - Command exited with return code 0
[2023-06-18T18:42:12.546+0000] {taskinstance.py:1345} INFO - Marking task as SUCCESS. dag_id=dbt-dag, task_id=dbt_run, execution_date=20230618T184203, start_date=20230618T184204, end_date=20230618T184212
[2023-06-18T18:42:12.564+0000] {local_task_job_runner.py:225} INFO - Task exited with return code 0
[2023-06-18T18:42:12.579+0000] {taskinstance.py:2653} INFO - 0 downstream tasks scheduled from follow-on schedule check
