[2023-06-22T21:42:04.580+0000] {taskinstance.py:1103} INFO - Dependencies all met for dep_context=non-requeueable deps ti=<TaskInstance: running-buses-dbt-dag.dbt_run manual__2023-06-22T21:42:03.585166+00:00 [queued]>
[2023-06-22T21:42:04.591+0000] {taskinstance.py:1103} INFO - Dependencies all met for dep_context=requeueable deps ti=<TaskInstance: running-buses-dbt-dag.dbt_run manual__2023-06-22T21:42:03.585166+00:00 [queued]>
[2023-06-22T21:42:04.592+0000] {taskinstance.py:1308} INFO - Starting attempt 1 of 1
[2023-06-22T21:42:04.603+0000] {taskinstance.py:1327} INFO - Executing <Task(DbtRunOperator): dbt_run> on 2023-06-22 21:42:03.585166+00:00
[2023-06-22T21:42:04.612+0000] {standard_task_runner.py:57} INFO - Started process 5625 to run task
[2023-06-22T21:42:04.619+0000] {standard_task_runner.py:84} INFO - Running: ['***', 'tasks', 'run', 'running-buses-dbt-dag', 'dbt_run', 'manual__2023-06-22T21:42:03.585166+00:00', '--job-id', '277', '--raw', '--subdir', 'DAGS_FOLDER/running_buses_dbt_dag.py', '--cfg-path', '/tmp/tmpqakyk9nc']
[2023-06-22T21:42:04.625+0000] {standard_task_runner.py:85} INFO - Job 277: Subtask dbt_run
[2023-06-22T21:42:04.703+0000] {task_command.py:410} INFO - Running <TaskInstance: running-buses-dbt-dag.dbt_run manual__2023-06-22T21:42:03.585166+00:00 [running]> on host 6bba1fead03c
[2023-06-22T21:42:04.790+0000] {taskinstance.py:1545} INFO - Exporting env vars: AIRFLOW_CTX_DAG_OWNER='***' AIRFLOW_CTX_DAG_ID='running-buses-dbt-dag' AIRFLOW_CTX_TASK_ID='dbt_run' AIRFLOW_CTX_EXECUTION_DATE='2023-06-22T21:42:03.585166+00:00' AIRFLOW_CTX_TRY_NUMBER='1' AIRFLOW_CTX_DAG_RUN_ID='manual__2023-06-22T21:42:03.585166+00:00'
[2023-06-22T21:42:04.793+0000] {dbt_hook.py:117} INFO - dbt run --profiles-dir /opt/***/tmp_data/dbt_bus_data/.dbt_profile --select stg_running_buses
[2023-06-22T21:42:04.798+0000] {dbt_hook.py:126} INFO - Output:
[2023-06-22T21:42:06.514+0000] {dbt_hook.py:130} INFO - [0m21:42:06  Running with dbt=1.5.1
[2023-06-22T21:42:07.340+0000] {dbt_hook.py:130} INFO - [0m21:42:07  [[33mWARNING[0m]: Configuration paths exist in your dbt_project.yml file which do not apply to any resources.
[2023-06-22T21:42:07.343+0000] {dbt_hook.py:130} INFO - There are 1 unused configuration paths:
[2023-06-22T21:42:07.343+0000] {dbt_hook.py:130} INFO - - models.dbt_bus_data.core
[2023-06-22T21:42:07.381+0000] {dbt_hook.py:130} INFO - [0m21:42:07  Found 1 model, 9 tests, 0 snapshots, 0 analyses, 356 macros, 0 operations, 3 seed files, 2 sources, 0 exposures, 0 metrics, 0 groups
[2023-06-22T21:42:07.405+0000] {dbt_hook.py:130} INFO - [0m21:42:07
[2023-06-22T21:42:09.014+0000] {dbt_hook.py:130} INFO - [0m21:42:09  Concurrency: 2 threads (target='dev')
[2023-06-22T21:42:09.015+0000] {dbt_hook.py:130} INFO - [0m21:42:09
[2023-06-22T21:42:09.028+0000] {dbt_hook.py:130} INFO - [0m21:42:09  1 of 1 START sql view model dbt_busdata_stag.stg_running_buses ................. [RUN]
[2023-06-22T21:42:10.430+0000] {dbt_hook.py:130} INFO - [0m21:42:10  1 of 1 OK created sql view model dbt_busdata_stag.stg_running_buses ............ [[32mCREATE VIEW (0 processed)[0m in 1.40s]
[2023-06-22T21:42:10.437+0000] {dbt_hook.py:130} INFO - [0m21:42:10
[2023-06-22T21:42:10.438+0000] {dbt_hook.py:130} INFO - [0m21:42:10  Finished running 1 view model in 0 hours 0 minutes and 3.02 seconds (3.02s).
[2023-06-22T21:42:10.456+0000] {dbt_hook.py:130} INFO - [0m21:42:10
[2023-06-22T21:42:10.457+0000] {dbt_hook.py:130} INFO - [0m21:42:10  [32mCompleted successfully[0m
[2023-06-22T21:42:10.458+0000] {dbt_hook.py:130} INFO - [0m21:42:10
[2023-06-22T21:42:10.459+0000] {dbt_hook.py:130} INFO - [0m21:42:10  Done. PASS=1 WARN=0 ERROR=0 SKIP=0 TOTAL=1
[2023-06-22T21:42:12.048+0000] {dbt_hook.py:132} INFO - Command exited with return code 0
[2023-06-22T21:42:12.061+0000] {taskinstance.py:1345} INFO - Marking task as SUCCESS. dag_id=running-buses-dbt-dag, task_id=dbt_run, execution_date=20230622T214203, start_date=20230622T214204, end_date=20230622T214212
[2023-06-22T21:42:12.120+0000] {local_task_job_runner.py:225} INFO - Task exited with return code 0
[2023-06-22T21:42:12.136+0000] {taskinstance.py:2653} INFO - 0 downstream tasks scheduled from follow-on schedule check
