[2023-06-22T19:10:24.784+0000] {taskinstance.py:1103} INFO - Dependencies all met for dep_context=non-requeueable deps ti=<TaskInstance: running-buses-dbt-dag.dbt_run manual__2023-06-22T19:10:23.005741+00:00 [queued]>
[2023-06-22T19:10:24.788+0000] {taskinstance.py:1103} INFO - Dependencies all met for dep_context=requeueable deps ti=<TaskInstance: running-buses-dbt-dag.dbt_run manual__2023-06-22T19:10:23.005741+00:00 [queued]>
[2023-06-22T19:10:24.789+0000] {taskinstance.py:1308} INFO - Starting attempt 1 of 1
[2023-06-22T19:10:24.795+0000] {taskinstance.py:1327} INFO - Executing <Task(DbtRunOperator): dbt_run> on 2023-06-22 19:10:23.005741+00:00
[2023-06-22T19:10:24.800+0000] {standard_task_runner.py:57} INFO - Started process 3500 to run task
[2023-06-22T19:10:24.804+0000] {standard_task_runner.py:84} INFO - Running: ['***', 'tasks', 'run', 'running-buses-dbt-dag', 'dbt_run', 'manual__2023-06-22T19:10:23.005741+00:00', '--job-id', '268', '--raw', '--subdir', 'DAGS_FOLDER/running_buses_dbt_dag.py', '--cfg-path', '/tmp/tmphkxhb42a']
[2023-06-22T19:10:24.807+0000] {standard_task_runner.py:85} INFO - Job 268: Subtask dbt_run
[2023-06-22T19:10:24.849+0000] {task_command.py:410} INFO - Running <TaskInstance: running-buses-dbt-dag.dbt_run manual__2023-06-22T19:10:23.005741+00:00 [running]> on host 6bba1fead03c
[2023-06-22T19:10:24.913+0000] {taskinstance.py:1545} INFO - Exporting env vars: AIRFLOW_CTX_DAG_OWNER='***' AIRFLOW_CTX_DAG_ID='running-buses-dbt-dag' AIRFLOW_CTX_TASK_ID='dbt_run' AIRFLOW_CTX_EXECUTION_DATE='2023-06-22T19:10:23.005741+00:00' AIRFLOW_CTX_TRY_NUMBER='1' AIRFLOW_CTX_DAG_RUN_ID='manual__2023-06-22T19:10:23.005741+00:00'
[2023-06-22T19:10:24.915+0000] {dbt_hook.py:117} INFO - dbt run --profiles-dir /opt/***/tmp_data/dbt_bus_data/.dbt_profile --select stg_running_buses
[2023-06-22T19:10:24.917+0000] {dbt_hook.py:126} INFO - Output:
[2023-06-22T19:10:26.291+0000] {dbt_hook.py:130} INFO - [0m19:10:26  Running with dbt=1.5.1
[2023-06-22T19:10:27.168+0000] {dbt_hook.py:130} INFO - [0m19:10:27  [[33mWARNING[0m]: Configuration paths exist in your dbt_project.yml file which do not apply to any resources.
[2023-06-22T19:10:27.169+0000] {dbt_hook.py:130} INFO - There are 1 unused configuration paths:
[2023-06-22T19:10:27.169+0000] {dbt_hook.py:130} INFO - - models.dbt_bus_data.core
[2023-06-22T19:10:27.185+0000] {dbt_hook.py:130} INFO - [0m19:10:27  Found 1 model, 9 tests, 0 snapshots, 0 analyses, 356 macros, 0 operations, 3 seed files, 2 sources, 0 exposures, 0 metrics, 0 groups
[2023-06-22T19:10:27.188+0000] {dbt_hook.py:130} INFO - [0m19:10:27
[2023-06-22T19:10:28.318+0000] {dbt_hook.py:130} INFO - [0m19:10:28  Concurrency: 2 threads (target='dev')
[2023-06-22T19:10:28.320+0000] {dbt_hook.py:130} INFO - [0m19:10:28
[2023-06-22T19:10:28.332+0000] {dbt_hook.py:130} INFO - [0m19:10:28  1 of 1 START sql view model dbt_busdata_stag.stg_running_buses ................. [RUN]
[2023-06-22T19:10:29.661+0000] {dbt_hook.py:130} INFO - [0m19:10:29  1 of 1 OK created sql view model dbt_busdata_stag.stg_running_buses ............ [[32mCREATE VIEW (0 processed)[0m in 1.33s]
[2023-06-22T19:10:29.668+0000] {dbt_hook.py:130} INFO - [0m19:10:29
[2023-06-22T19:10:29.670+0000] {dbt_hook.py:130} INFO - [0m19:10:29  Finished running 1 view model in 0 hours 0 minutes and 2.48 seconds (2.48s).
[2023-06-22T19:10:29.689+0000] {dbt_hook.py:130} INFO - [0m19:10:29
[2023-06-22T19:10:29.690+0000] {dbt_hook.py:130} INFO - [0m19:10:29  [32mCompleted successfully[0m
[2023-06-22T19:10:29.691+0000] {dbt_hook.py:130} INFO - [0m19:10:29
[2023-06-22T19:10:29.693+0000] {dbt_hook.py:130} INFO - [0m19:10:29  Done. PASS=1 WARN=0 ERROR=0 SKIP=0 TOTAL=1
[2023-06-22T19:10:31.045+0000] {dbt_hook.py:132} INFO - Command exited with return code 0
[2023-06-22T19:10:31.055+0000] {taskinstance.py:1345} INFO - Marking task as SUCCESS. dag_id=running-buses-dbt-dag, task_id=dbt_run, execution_date=20230622T191023, start_date=20230622T191024, end_date=20230622T191031
[2023-06-22T19:10:31.084+0000] {local_task_job_runner.py:225} INFO - Task exited with return code 0
[2023-06-22T19:10:31.097+0000] {taskinstance.py:2653} INFO - 0 downstream tasks scheduled from follow-on schedule check
