[2023-06-22T18:30:04.658+0000] {taskinstance.py:1103} INFO - Dependencies all met for dep_context=non-requeueable deps ti=<TaskInstance: running-buses-dbt-dag.dbt_run manual__2023-06-22T18:30:03.014576+00:00 [queued]>
[2023-06-22T18:30:04.666+0000] {taskinstance.py:1103} INFO - Dependencies all met for dep_context=requeueable deps ti=<TaskInstance: running-buses-dbt-dag.dbt_run manual__2023-06-22T18:30:03.014576+00:00 [queued]>
[2023-06-22T18:30:04.668+0000] {taskinstance.py:1308} INFO - Starting attempt 1 of 1
[2023-06-22T18:30:04.680+0000] {taskinstance.py:1327} INFO - Executing <Task(DbtRunOperator): dbt_run> on 2023-06-22 18:30:03.014576+00:00
[2023-06-22T18:30:04.688+0000] {standard_task_runner.py:57} INFO - Started process 2616 to run task
[2023-06-22T18:30:04.693+0000] {standard_task_runner.py:84} INFO - Running: ['***', 'tasks', 'run', 'running-buses-dbt-dag', 'dbt_run', 'manual__2023-06-22T18:30:03.014576+00:00', '--job-id', '213', '--raw', '--subdir', 'DAGS_FOLDER/running_buses_dbt_dag.py', '--cfg-path', '/tmp/tmp881dm7ln']
[2023-06-22T18:30:04.698+0000] {standard_task_runner.py:85} INFO - Job 213: Subtask dbt_run
[2023-06-22T18:30:04.746+0000] {task_command.py:410} INFO - Running <TaskInstance: running-buses-dbt-dag.dbt_run manual__2023-06-22T18:30:03.014576+00:00 [running]> on host 6bba1fead03c
[2023-06-22T18:30:04.814+0000] {taskinstance.py:1545} INFO - Exporting env vars: AIRFLOW_CTX_DAG_OWNER='***' AIRFLOW_CTX_DAG_ID='running-buses-dbt-dag' AIRFLOW_CTX_TASK_ID='dbt_run' AIRFLOW_CTX_EXECUTION_DATE='2023-06-22T18:30:03.014576+00:00' AIRFLOW_CTX_TRY_NUMBER='1' AIRFLOW_CTX_DAG_RUN_ID='manual__2023-06-22T18:30:03.014576+00:00'
[2023-06-22T18:30:04.816+0000] {dbt_hook.py:117} INFO - dbt run --profiles-dir /opt/***/tmp_data/dbt_bus_data/.dbt_profile --select stg_running_buses
[2023-06-22T18:30:04.817+0000] {dbt_hook.py:126} INFO - Output:
[2023-06-22T18:30:06.190+0000] {dbt_hook.py:130} INFO - [0m18:30:06  Running with dbt=1.5.1
[2023-06-22T18:30:06.669+0000] {dbt_hook.py:130} INFO - [0m18:30:06  [[33mWARNING[0m]: Configuration paths exist in your dbt_project.yml file which do not apply to any resources.
[2023-06-22T18:30:06.669+0000] {dbt_hook.py:130} INFO - There are 1 unused configuration paths:
[2023-06-22T18:30:06.670+0000] {dbt_hook.py:130} INFO - - models.dbt_bus_data.core
[2023-06-22T18:30:06.690+0000] {dbt_hook.py:130} INFO - [0m18:30:06  Found 1 model, 8 tests, 0 snapshots, 0 analyses, 356 macros, 0 operations, 3 seed files, 2 sources, 0 exposures, 0 metrics, 0 groups
[2023-06-22T18:30:06.693+0000] {dbt_hook.py:130} INFO - [0m18:30:06
[2023-06-22T18:30:07.749+0000] {dbt_hook.py:130} INFO - [0m18:30:07  Concurrency: 2 threads (target='dev')
[2023-06-22T18:30:07.750+0000] {dbt_hook.py:130} INFO - [0m18:30:07
[2023-06-22T18:30:07.769+0000] {dbt_hook.py:130} INFO - [0m18:30:07  1 of 1 START sql view model dbt_busdata_stag.stg_running_buses ................. [RUN]
[2023-06-22T18:30:08.790+0000] {dbt_hook.py:130} INFO - [0m18:30:08  1 of 1 OK created sql view model dbt_busdata_stag.stg_running_buses ............ [[32mCREATE VIEW (0 processed)[0m in 1.02s]
[2023-06-22T18:30:08.797+0000] {dbt_hook.py:130} INFO - [0m18:30:08
[2023-06-22T18:30:08.799+0000] {dbt_hook.py:130} INFO - [0m18:30:08  Finished running 1 view model in 0 hours 0 minutes and 2.10 seconds (2.10s).
[2023-06-22T18:30:08.818+0000] {dbt_hook.py:130} INFO - [0m18:30:08
[2023-06-22T18:30:08.819+0000] {dbt_hook.py:130} INFO - [0m18:30:08  [32mCompleted successfully[0m
[2023-06-22T18:30:08.820+0000] {dbt_hook.py:130} INFO - [0m18:30:08
[2023-06-22T18:30:08.821+0000] {dbt_hook.py:130} INFO - [0m18:30:08  Done. PASS=1 WARN=0 ERROR=0 SKIP=0 TOTAL=1
[2023-06-22T18:30:09.806+0000] {dbt_hook.py:132} INFO - Command exited with return code 0
[2023-06-22T18:30:09.816+0000] {taskinstance.py:1345} INFO - Marking task as SUCCESS. dag_id=running-buses-dbt-dag, task_id=dbt_run, execution_date=20230622T183003, start_date=20230622T183004, end_date=20230622T183009
[2023-06-22T18:30:09.833+0000] {local_task_job_runner.py:225} INFO - Task exited with return code 0
[2023-06-22T18:30:09.845+0000] {taskinstance.py:2653} INFO - 0 downstream tasks scheduled from follow-on schedule check
