[2023-06-22T21:45:03.971+0000] {taskinstance.py:1103} INFO - Dependencies all met for dep_context=non-requeueable deps ti=<TaskInstance: running-buses-dbt-dag.dbt_run manual__2023-06-22T21:45:03.077386+00:00 [queued]>
[2023-06-22T21:45:03.976+0000] {taskinstance.py:1103} INFO - Dependencies all met for dep_context=requeueable deps ti=<TaskInstance: running-buses-dbt-dag.dbt_run manual__2023-06-22T21:45:03.077386+00:00 [queued]>
[2023-06-22T21:45:03.977+0000] {taskinstance.py:1308} INFO - Starting attempt 1 of 1
[2023-06-22T21:45:03.984+0000] {taskinstance.py:1327} INFO - Executing <Task(DbtRunOperator): dbt_run> on 2023-06-22 21:45:03.077386+00:00
[2023-06-22T21:45:03.988+0000] {standard_task_runner.py:57} INFO - Started process 5698 to run task
[2023-06-22T21:45:03.991+0000] {standard_task_runner.py:84} INFO - Running: ['***', 'tasks', 'run', 'running-buses-dbt-dag', 'dbt_run', 'manual__2023-06-22T21:45:03.077386+00:00', '--job-id', '282', '--raw', '--subdir', 'DAGS_FOLDER/running_buses_dbt_dag.py', '--cfg-path', '/tmp/tmpn13yac7s']
[2023-06-22T21:45:03.994+0000] {standard_task_runner.py:85} INFO - Job 282: Subtask dbt_run
[2023-06-22T21:45:04.034+0000] {task_command.py:410} INFO - Running <TaskInstance: running-buses-dbt-dag.dbt_run manual__2023-06-22T21:45:03.077386+00:00 [running]> on host 6bba1fead03c
[2023-06-22T21:45:04.100+0000] {taskinstance.py:1545} INFO - Exporting env vars: AIRFLOW_CTX_DAG_OWNER='***' AIRFLOW_CTX_DAG_ID='running-buses-dbt-dag' AIRFLOW_CTX_TASK_ID='dbt_run' AIRFLOW_CTX_EXECUTION_DATE='2023-06-22T21:45:03.077386+00:00' AIRFLOW_CTX_TRY_NUMBER='1' AIRFLOW_CTX_DAG_RUN_ID='manual__2023-06-22T21:45:03.077386+00:00'
[2023-06-22T21:45:04.102+0000] {dbt_hook.py:117} INFO - dbt run --profiles-dir /opt/***/tmp_data/dbt_bus_data/.dbt_profile --select stg_running_buses
[2023-06-22T21:45:04.104+0000] {dbt_hook.py:126} INFO - Output:
[2023-06-22T21:45:05.430+0000] {dbt_hook.py:130} INFO - [0m21:45:05  Running with dbt=1.5.1
[2023-06-22T21:45:05.948+0000] {dbt_hook.py:130} INFO - [0m21:45:05  [[33mWARNING[0m]: Configuration paths exist in your dbt_project.yml file which do not apply to any resources.
[2023-06-22T21:45:05.949+0000] {dbt_hook.py:130} INFO - There are 1 unused configuration paths:
[2023-06-22T21:45:05.949+0000] {dbt_hook.py:130} INFO - - models.dbt_bus_data.core
[2023-06-22T21:45:05.973+0000] {dbt_hook.py:130} INFO - [0m21:45:05  Found 1 model, 9 tests, 0 snapshots, 0 analyses, 356 macros, 0 operations, 3 seed files, 2 sources, 0 exposures, 0 metrics, 0 groups
[2023-06-22T21:45:05.976+0000] {dbt_hook.py:130} INFO - [0m21:45:05
[2023-06-22T21:45:07.067+0000] {dbt_hook.py:130} INFO - [0m21:45:07  Concurrency: 2 threads (target='dev')
[2023-06-22T21:45:07.073+0000] {dbt_hook.py:130} INFO - [0m21:45:07
[2023-06-22T21:45:07.088+0000] {dbt_hook.py:130} INFO - [0m21:45:07  1 of 1 START sql view model dbt_busdata_stag.stg_running_buses ................. [RUN]
[2023-06-22T21:45:08.252+0000] {dbt_hook.py:130} INFO - [0m21:45:08  1 of 1 OK created sql view model dbt_busdata_stag.stg_running_buses ............ [[32mCREATE VIEW (0 processed)[0m in 1.16s]
[2023-06-22T21:45:08.259+0000] {dbt_hook.py:130} INFO - [0m21:45:08
[2023-06-22T21:45:08.261+0000] {dbt_hook.py:130} INFO - [0m21:45:08  Finished running 1 view model in 0 hours 0 minutes and 2.28 seconds (2.28s).
[2023-06-22T21:45:08.280+0000] {dbt_hook.py:130} INFO - [0m21:45:08
[2023-06-22T21:45:08.281+0000] {dbt_hook.py:130} INFO - [0m21:45:08  [32mCompleted successfully[0m
[2023-06-22T21:45:08.282+0000] {dbt_hook.py:130} INFO - [0m21:45:08
[2023-06-22T21:45:08.284+0000] {dbt_hook.py:130} INFO - [0m21:45:08  Done. PASS=1 WARN=0 ERROR=0 SKIP=0 TOTAL=1
[2023-06-22T21:45:09.417+0000] {dbt_hook.py:132} INFO - Command exited with return code 0
[2023-06-22T21:45:09.431+0000] {taskinstance.py:1345} INFO - Marking task as SUCCESS. dag_id=running-buses-dbt-dag, task_id=dbt_run, execution_date=20230622T214503, start_date=20230622T214503, end_date=20230622T214509
[2023-06-22T21:45:09.498+0000] {local_task_job_runner.py:225} INFO - Task exited with return code 0
[2023-06-22T21:45:09.524+0000] {taskinstance.py:2653} INFO - 0 downstream tasks scheduled from follow-on schedule check
