[2023-06-22T18:48:05.213+0000] {taskinstance.py:1103} INFO - Dependencies all met for dep_context=non-requeueable deps ti=<TaskInstance: running-buses-dbt-dag.dbt_run manual__2023-06-22T18:48:03.775457+00:00 [queued]>
[2023-06-22T18:48:05.222+0000] {taskinstance.py:1103} INFO - Dependencies all met for dep_context=requeueable deps ti=<TaskInstance: running-buses-dbt-dag.dbt_run manual__2023-06-22T18:48:03.775457+00:00 [queued]>
[2023-06-22T18:48:05.223+0000] {taskinstance.py:1308} INFO - Starting attempt 1 of 1
[2023-06-22T18:48:05.232+0000] {taskinstance.py:1327} INFO - Executing <Task(DbtRunOperator): dbt_run> on 2023-06-22 18:48:03.775457+00:00
[2023-06-22T18:48:05.238+0000] {standard_task_runner.py:57} INFO - Started process 3049 to run task
[2023-06-22T18:48:05.243+0000] {standard_task_runner.py:84} INFO - Running: ['***', 'tasks', 'run', 'running-buses-dbt-dag', 'dbt_run', 'manual__2023-06-22T18:48:03.775457+00:00', '--job-id', '243', '--raw', '--subdir', 'DAGS_FOLDER/running_buses_dbt_dag.py', '--cfg-path', '/tmp/tmp_ddyaefl']
[2023-06-22T18:48:05.246+0000] {standard_task_runner.py:85} INFO - Job 243: Subtask dbt_run
[2023-06-22T18:48:05.289+0000] {task_command.py:410} INFO - Running <TaskInstance: running-buses-dbt-dag.dbt_run manual__2023-06-22T18:48:03.775457+00:00 [running]> on host 6bba1fead03c
[2023-06-22T18:48:05.356+0000] {taskinstance.py:1545} INFO - Exporting env vars: AIRFLOW_CTX_DAG_OWNER='***' AIRFLOW_CTX_DAG_ID='running-buses-dbt-dag' AIRFLOW_CTX_TASK_ID='dbt_run' AIRFLOW_CTX_EXECUTION_DATE='2023-06-22T18:48:03.775457+00:00' AIRFLOW_CTX_TRY_NUMBER='1' AIRFLOW_CTX_DAG_RUN_ID='manual__2023-06-22T18:48:03.775457+00:00'
[2023-06-22T18:48:05.359+0000] {dbt_hook.py:117} INFO - dbt run --profiles-dir /opt/***/tmp_data/dbt_bus_data/.dbt_profile --select stg_running_buses
[2023-06-22T18:48:05.361+0000] {dbt_hook.py:126} INFO - Output:
[2023-06-22T18:48:06.827+0000] {dbt_hook.py:130} INFO - [0m18:48:06  Running with dbt=1.5.1
[2023-06-22T18:48:07.325+0000] {dbt_hook.py:130} INFO - [0m18:48:07  [[33mWARNING[0m]: Configuration paths exist in your dbt_project.yml file which do not apply to any resources.
[2023-06-22T18:48:07.326+0000] {dbt_hook.py:130} INFO - There are 1 unused configuration paths:
[2023-06-22T18:48:07.326+0000] {dbt_hook.py:130} INFO - - models.dbt_bus_data.core
[2023-06-22T18:48:07.344+0000] {dbt_hook.py:130} INFO - [0m18:48:07  Found 1 model, 8 tests, 0 snapshots, 0 analyses, 356 macros, 0 operations, 3 seed files, 2 sources, 0 exposures, 0 metrics, 0 groups
[2023-06-22T18:48:07.346+0000] {dbt_hook.py:130} INFO - [0m18:48:07
[2023-06-22T18:49:24.115+0000] {dbt_hook.py:130} INFO - [0m18:49:24  Concurrency: 2 threads (target='dev')
[2023-06-22T18:49:24.118+0000] {dbt_hook.py:130} INFO - [0m18:49:24
[2023-06-22T18:49:24.136+0000] {dbt_hook.py:130} INFO - [0m18:49:24  1 of 1 START sql view model dbt_busdata_stag.stg_running_buses ................. [RUN]
[2023-06-22T18:49:25.122+0000] {dbt_hook.py:130} INFO - [0m18:49:25  1 of 1 OK created sql view model dbt_busdata_stag.stg_running_buses ............ [[32mCREATE VIEW (0 processed)[0m in 0.98s]
[2023-06-22T18:49:25.130+0000] {dbt_hook.py:130} INFO - [0m18:49:25
[2023-06-22T18:49:25.131+0000] {dbt_hook.py:130} INFO - [0m18:49:25  Finished running 1 view model in 0 hours 1 minutes and 17.78 seconds (77.78s).
[2023-06-22T18:49:25.152+0000] {dbt_hook.py:130} INFO - [0m18:49:25
[2023-06-22T18:49:25.153+0000] {dbt_hook.py:130} INFO - [0m18:49:25  [32mCompleted successfully[0m
[2023-06-22T18:49:25.154+0000] {dbt_hook.py:130} INFO - [0m18:49:25
[2023-06-22T18:49:25.156+0000] {dbt_hook.py:130} INFO - [0m18:49:25  Done. PASS=1 WARN=0 ERROR=0 SKIP=0 TOTAL=1
[2023-06-22T18:49:26.305+0000] {dbt_hook.py:132} INFO - Command exited with return code 0
[2023-06-22T18:49:26.324+0000] {taskinstance.py:1345} INFO - Marking task as SUCCESS. dag_id=running-buses-dbt-dag, task_id=dbt_run, execution_date=20230622T184803, start_date=20230622T184805, end_date=20230622T184926
[2023-06-22T18:49:26.387+0000] {local_task_job_runner.py:225} INFO - Task exited with return code 0
[2023-06-22T18:49:26.413+0000] {taskinstance.py:2653} INFO - 0 downstream tasks scheduled from follow-on schedule check
