[2023-06-22T17:45:04.145+0000] {taskinstance.py:1103} INFO - Dependencies all met for dep_context=non-requeueable deps ti=<TaskInstance: running-buses-dbt-dag.dbt_run manual__2023-06-22T17:45:02.938671+00:00 [queued]>
[2023-06-22T17:45:04.150+0000] {taskinstance.py:1103} INFO - Dependencies all met for dep_context=requeueable deps ti=<TaskInstance: running-buses-dbt-dag.dbt_run manual__2023-06-22T17:45:02.938671+00:00 [queued]>
[2023-06-22T17:45:04.151+0000] {taskinstance.py:1308} INFO - Starting attempt 1 of 1
[2023-06-22T17:45:04.160+0000] {taskinstance.py:1327} INFO - Executing <Task(DbtRunOperator): dbt_run> on 2023-06-22 17:45:02.938671+00:00
[2023-06-22T17:45:04.165+0000] {standard_task_runner.py:57} INFO - Started process 1683 to run task
[2023-06-22T17:45:04.172+0000] {standard_task_runner.py:84} INFO - Running: ['***', 'tasks', 'run', 'running-buses-dbt-dag', 'dbt_run', 'manual__2023-06-22T17:45:02.938671+00:00', '--job-id', '163', '--raw', '--subdir', 'DAGS_FOLDER/running_buses_dbt_dag.py', '--cfg-path', '/tmp/tmpqdeqnrkr']
[2023-06-22T17:45:04.179+0000] {standard_task_runner.py:85} INFO - Job 163: Subtask dbt_run
[2023-06-22T17:45:04.238+0000] {task_command.py:410} INFO - Running <TaskInstance: running-buses-dbt-dag.dbt_run manual__2023-06-22T17:45:02.938671+00:00 [running]> on host 6bba1fead03c
[2023-06-22T17:45:04.303+0000] {taskinstance.py:1545} INFO - Exporting env vars: AIRFLOW_CTX_DAG_OWNER='***' AIRFLOW_CTX_DAG_ID='running-buses-dbt-dag' AIRFLOW_CTX_TASK_ID='dbt_run' AIRFLOW_CTX_EXECUTION_DATE='2023-06-22T17:45:02.938671+00:00' AIRFLOW_CTX_TRY_NUMBER='1' AIRFLOW_CTX_DAG_RUN_ID='manual__2023-06-22T17:45:02.938671+00:00'
[2023-06-22T17:45:04.305+0000] {dbt_hook.py:117} INFO - dbt run --profiles-dir /opt/***/tmp_data/dbt_bus_data/.dbt_profile --select stg_running_buses
[2023-06-22T17:45:04.306+0000] {dbt_hook.py:126} INFO - Output:
[2023-06-22T17:45:05.673+0000] {dbt_hook.py:130} INFO - [0m17:45:05  Running with dbt=1.5.1
[2023-06-22T17:45:06.229+0000] {dbt_hook.py:130} INFO - [0m17:45:06  Unable to do partial parsing because profile has changed
[2023-06-22T17:45:06.616+0000] {dbt_hook.py:130} INFO - [0m17:45:06  [[33mWARNING[0m]: Did not find matching node for patch with name 'stg_garage_buses' in the 'models' section of file 'models/staging/schema.yml'
[2023-06-22T17:45:06.658+0000] {dbt_hook.py:130} INFO - [0m17:45:06  [[33mWARNING[0m]: Test 'test.dbt_bus_data.not_null_stg_garage_buses_company_name.03bb591818' (models/staging/schema.yml) depends on a node named 'stg_garage_buses' in package '' which was not found
[2023-06-22T17:45:06.660+0000] {dbt_hook.py:130} INFO - [0m17:45:06  [[33mWARNING[0m]: Test 'test.dbt_bus_data.not_null_stg_garage_buses_agg_code_company_code.89da70d7fe' (models/staging/schema.yml) depends on a node named 'stg_garage_buses' in package '' which was not found
[2023-06-22T17:45:06.662+0000] {dbt_hook.py:130} INFO - [0m17:45:06  [[33mWARNING[0m]: Test 'test.dbt_bus_data.not_null_stg_garage_buses_agg_region_name.1579c0491c' (models/staging/schema.yml) depends on a node named 'stg_garage_buses' in package '' which was not found
[2023-06-22T17:45:06.663+0000] {dbt_hook.py:130} INFO - [0m17:45:06  [[33mWARNING[0m]: Test 'test.dbt_bus_data.not_null_stg_garage_buses_agg_region_color.4472168eec' (models/staging/schema.yml) depends on a node named 'stg_garage_buses' in package '' which was not found
[2023-06-22T17:45:06.664+0000] {dbt_hook.py:130} INFO - [0m17:45:06  [[33mWARNING[0m]: Test 'test.dbt_bus_data.not_null_stg_garage_buses_total_stopped_buses.06f317b3b3' (models/staging/schema.yml) depends on a node named 'stg_garage_buses' in package '' which was not found
[2023-06-22T17:45:06.666+0000] {dbt_hook.py:130} INFO - [0m17:45:06  [[33mWARNING[0m]: Test 'test.dbt_bus_data.not_null_stg_garage_buses_timestamp.fcf99dd2ef' (models/staging/schema.yml) depends on a node named 'stg_garage_buses' in package '' which was not found
[2023-06-22T17:45:06.730+0000] {dbt_hook.py:130} INFO - [0m17:45:06  [[33mWARNING[0m]: Configuration paths exist in your dbt_project.yml file which do not apply to any resources.
[2023-06-22T17:45:06.731+0000] {dbt_hook.py:130} INFO - There are 1 unused configuration paths:
[2023-06-22T17:45:06.732+0000] {dbt_hook.py:130} INFO - - models.dbt_bus_data.core
[2023-06-22T17:45:06.750+0000] {dbt_hook.py:130} INFO - [0m17:45:06  Found 1 model, 8 tests, 0 snapshots, 0 analyses, 356 macros, 0 operations, 3 seed files, 2 sources, 0 exposures, 0 metrics, 0 groups
[2023-06-22T17:45:06.753+0000] {dbt_hook.py:130} INFO - [0m17:45:06
[2023-06-22T17:45:07.819+0000] {dbt_hook.py:130} INFO - [0m17:45:07  Concurrency: 2 threads (target='dev')
[2023-06-22T17:45:07.823+0000] {dbt_hook.py:130} INFO - [0m17:45:07
[2023-06-22T17:45:07.841+0000] {dbt_hook.py:130} INFO - [0m17:45:07  1 of 1 START sql view model dbt_busdata_stag.stg_running_buses ................. [RUN]
[2023-06-22T17:45:09.009+0000] {dbt_hook.py:130} INFO - [0m17:45:09  1 of 1 OK created sql view model dbt_busdata_stag.stg_running_buses ............ [[32mCREATE VIEW (0 processed)[0m in 1.16s]
[2023-06-22T17:45:09.016+0000] {dbt_hook.py:130} INFO - [0m17:45:09
[2023-06-22T17:45:09.018+0000] {dbt_hook.py:130} INFO - [0m17:45:09  Finished running 1 view model in 0 hours 0 minutes and 2.26 seconds (2.26s).
[2023-06-22T17:45:09.032+0000] {dbt_hook.py:130} INFO - [0m17:45:09
[2023-06-22T17:45:09.033+0000] {dbt_hook.py:130} INFO - [0m17:45:09  [32mCompleted successfully[0m
[2023-06-22T17:45:09.035+0000] {dbt_hook.py:130} INFO - [0m17:45:09
[2023-06-22T17:45:09.036+0000] {dbt_hook.py:130} INFO - [0m17:45:09  Done. PASS=1 WARN=0 ERROR=0 SKIP=0 TOTAL=1
[2023-06-22T17:45:10.225+0000] {dbt_hook.py:132} INFO - Command exited with return code 0
[2023-06-22T17:45:10.235+0000] {taskinstance.py:1345} INFO - Marking task as SUCCESS. dag_id=running-buses-dbt-dag, task_id=dbt_run, execution_date=20230622T174502, start_date=20230622T174504, end_date=20230622T174510
[2023-06-22T17:45:10.258+0000] {local_task_job_runner.py:225} INFO - Task exited with return code 0
[2023-06-22T17:45:10.273+0000] {taskinstance.py:2653} INFO - 0 downstream tasks scheduled from follow-on schedule check
