[2023-06-22T18:12:04.284+0000] {taskinstance.py:1103} INFO - Dependencies all met for dep_context=non-requeueable deps ti=<TaskInstance: running-buses-dbt-dag.dbt_run manual__2023-06-22T18:12:03.426440+00:00 [queued]>
[2023-06-22T18:12:04.291+0000] {taskinstance.py:1103} INFO - Dependencies all met for dep_context=requeueable deps ti=<TaskInstance: running-buses-dbt-dag.dbt_run manual__2023-06-22T18:12:03.426440+00:00 [queued]>
[2023-06-22T18:12:04.292+0000] {taskinstance.py:1308} INFO - Starting attempt 1 of 1
[2023-06-22T18:12:04.300+0000] {taskinstance.py:1327} INFO - Executing <Task(DbtRunOperator): dbt_run> on 2023-06-22 18:12:03.426440+00:00
[2023-06-22T18:12:04.304+0000] {standard_task_runner.py:57} INFO - Started process 2177 to run task
[2023-06-22T18:12:04.308+0000] {standard_task_runner.py:84} INFO - Running: ['***', 'tasks', 'run', 'running-buses-dbt-dag', 'dbt_run', 'manual__2023-06-22T18:12:03.426440+00:00', '--job-id', '183', '--raw', '--subdir', 'DAGS_FOLDER/running_buses_dbt_dag.py', '--cfg-path', '/tmp/tmprhbf6mym']
[2023-06-22T18:12:04.311+0000] {standard_task_runner.py:85} INFO - Job 183: Subtask dbt_run
[2023-06-22T18:12:04.350+0000] {task_command.py:410} INFO - Running <TaskInstance: running-buses-dbt-dag.dbt_run manual__2023-06-22T18:12:03.426440+00:00 [running]> on host 6bba1fead03c
[2023-06-22T18:12:04.403+0000] {taskinstance.py:1545} INFO - Exporting env vars: AIRFLOW_CTX_DAG_OWNER='***' AIRFLOW_CTX_DAG_ID='running-buses-dbt-dag' AIRFLOW_CTX_TASK_ID='dbt_run' AIRFLOW_CTX_EXECUTION_DATE='2023-06-22T18:12:03.426440+00:00' AIRFLOW_CTX_TRY_NUMBER='1' AIRFLOW_CTX_DAG_RUN_ID='manual__2023-06-22T18:12:03.426440+00:00'
[2023-06-22T18:12:04.405+0000] {dbt_hook.py:117} INFO - dbt run --profiles-dir /opt/***/tmp_data/dbt_bus_data/.dbt_profile --select stg_running_buses
[2023-06-22T18:12:04.406+0000] {dbt_hook.py:126} INFO - Output:
[2023-06-22T18:12:05.925+0000] {dbt_hook.py:130} INFO - [0m18:12:05  Running with dbt=1.5.1
[2023-06-22T18:12:06.684+0000] {dbt_hook.py:130} INFO - [0m18:12:06  [[33mWARNING[0m]: Configuration paths exist in your dbt_project.yml file which do not apply to any resources.
[2023-06-22T18:12:06.685+0000] {dbt_hook.py:130} INFO - There are 1 unused configuration paths:
[2023-06-22T18:12:06.686+0000] {dbt_hook.py:130} INFO - - models.dbt_bus_data.core
[2023-06-22T18:12:06.706+0000] {dbt_hook.py:130} INFO - [0m18:12:06  Found 1 model, 8 tests, 0 snapshots, 0 analyses, 356 macros, 0 operations, 3 seed files, 2 sources, 0 exposures, 0 metrics, 0 groups
[2023-06-22T18:12:06.709+0000] {dbt_hook.py:130} INFO - [0m18:12:06
[2023-06-22T18:12:07.754+0000] {dbt_hook.py:130} INFO - [0m18:12:07  Concurrency: 2 threads (target='dev')
[2023-06-22T18:12:07.756+0000] {dbt_hook.py:130} INFO - [0m18:12:07
[2023-06-22T18:12:07.769+0000] {dbt_hook.py:130} INFO - [0m18:12:07  1 of 1 START sql view model dbt_busdata_stag.stg_running_buses ................. [RUN]
[2023-06-22T18:12:08.817+0000] {dbt_hook.py:130} INFO - [0m18:12:08  1 of 1 OK created sql view model dbt_busdata_stag.stg_running_buses ............ [[32mCREATE VIEW (0 processed)[0m in 1.04s]
[2023-06-22T18:12:08.822+0000] {dbt_hook.py:130} INFO - [0m18:12:08
[2023-06-22T18:12:08.824+0000] {dbt_hook.py:130} INFO - [0m18:12:08  Finished running 1 view model in 0 hours 0 minutes and 2.11 seconds (2.11s).
[2023-06-22T18:12:08.842+0000] {dbt_hook.py:130} INFO - [0m18:12:08
[2023-06-22T18:12:08.843+0000] {dbt_hook.py:130} INFO - [0m18:12:08  [32mCompleted successfully[0m
[2023-06-22T18:12:08.844+0000] {dbt_hook.py:130} INFO - [0m18:12:08
[2023-06-22T18:12:08.845+0000] {dbt_hook.py:130} INFO - [0m18:12:08  Done. PASS=1 WARN=0 ERROR=0 SKIP=0 TOTAL=1
[2023-06-22T18:12:09.755+0000] {dbt_hook.py:132} INFO - Command exited with return code 0
[2023-06-22T18:12:09.766+0000] {taskinstance.py:1345} INFO - Marking task as SUCCESS. dag_id=running-buses-dbt-dag, task_id=dbt_run, execution_date=20230622T181203, start_date=20230622T181204, end_date=20230622T181209
[2023-06-22T18:12:09.789+0000] {local_task_job_runner.py:225} INFO - Task exited with return code 0
[2023-06-22T18:12:09.803+0000] {taskinstance.py:2653} INFO - 0 downstream tasks scheduled from follow-on schedule check
