[2023-06-22T23:06:06.027+0000] {taskinstance.py:1103} INFO - Dependencies all met for dep_context=non-requeueable deps ti=<TaskInstance: running-buses-dbt-dag.dbt_run manual__2023-06-22T23:06:04.744133+00:00 [queued]>
[2023-06-22T23:06:06.033+0000] {taskinstance.py:1103} INFO - Dependencies all met for dep_context=requeueable deps ti=<TaskInstance: running-buses-dbt-dag.dbt_run manual__2023-06-22T23:06:04.744133+00:00 [queued]>
[2023-06-22T23:06:06.035+0000] {taskinstance.py:1308} INFO - Starting attempt 1 of 1
[2023-06-22T23:06:06.047+0000] {taskinstance.py:1327} INFO - Executing <Task(DbtRunOperator): dbt_run> on 2023-06-22 23:06:04.744133+00:00
[2023-06-22T23:06:06.052+0000] {standard_task_runner.py:57} INFO - Started process 7619 to run task
[2023-06-22T23:06:06.056+0000] {standard_task_runner.py:84} INFO - Running: ['***', 'tasks', 'run', 'running-buses-dbt-dag', 'dbt_run', 'manual__2023-06-22T23:06:04.744133+00:00', '--job-id', '412', '--raw', '--subdir', 'DAGS_FOLDER/running_buses_dbt_dag.py', '--cfg-path', '/tmp/tmpfgpjqt01']
[2023-06-22T23:06:06.060+0000] {standard_task_runner.py:85} INFO - Job 412: Subtask dbt_run
[2023-06-22T23:06:06.117+0000] {task_command.py:410} INFO - Running <TaskInstance: running-buses-dbt-dag.dbt_run manual__2023-06-22T23:06:04.744133+00:00 [running]> on host 6bba1fead03c
[2023-06-22T23:06:06.205+0000] {taskinstance.py:1545} INFO - Exporting env vars: AIRFLOW_CTX_DAG_OWNER='***' AIRFLOW_CTX_DAG_ID='running-buses-dbt-dag' AIRFLOW_CTX_TASK_ID='dbt_run' AIRFLOW_CTX_EXECUTION_DATE='2023-06-22T23:06:04.744133+00:00' AIRFLOW_CTX_TRY_NUMBER='1' AIRFLOW_CTX_DAG_RUN_ID='manual__2023-06-22T23:06:04.744133+00:00'
[2023-06-22T23:06:06.213+0000] {dbt_hook.py:117} INFO - dbt run --profiles-dir /opt/***/tmp_data/dbt_bus_data/.dbt_profile --select stg_running_buses
[2023-06-22T23:06:06.216+0000] {dbt_hook.py:126} INFO - Output:
[2023-06-22T23:06:08.055+0000] {dbt_hook.py:130} INFO - [0m23:06:08  Running with dbt=1.5.1
[2023-06-22T23:06:08.761+0000] {dbt_hook.py:130} INFO - [0m23:06:08  [[33mWARNING[0m]: Configuration paths exist in your dbt_project.yml file which do not apply to any resources.
[2023-06-22T23:06:08.763+0000] {dbt_hook.py:130} INFO - There are 1 unused configuration paths:
[2023-06-22T23:06:08.766+0000] {dbt_hook.py:130} INFO - - models.dbt_bus_data.core
[2023-06-22T23:06:08.794+0000] {dbt_hook.py:130} INFO - [0m23:06:08  Found 1 model, 9 tests, 0 snapshots, 0 analyses, 356 macros, 0 operations, 3 seed files, 2 sources, 0 exposures, 0 metrics, 0 groups
[2023-06-22T23:06:08.799+0000] {dbt_hook.py:130} INFO - [0m23:06:08
[2023-06-22T23:06:09.913+0000] {dbt_hook.py:130} INFO - [0m23:06:09  Concurrency: 2 threads (target='dev')
[2023-06-22T23:06:09.915+0000] {dbt_hook.py:130} INFO - [0m23:06:09
[2023-06-22T23:06:09.933+0000] {dbt_hook.py:130} INFO - [0m23:06:09  1 of 1 START sql view model dbt_busdata_stag.stg_running_buses ................. [RUN]
[2023-06-22T23:06:11.018+0000] {dbt_hook.py:130} INFO - [0m23:06:11  1 of 1 OK created sql view model dbt_busdata_stag.stg_running_buses ............ [[32mCREATE VIEW (0 processed)[0m in 1.08s]
[2023-06-22T23:06:11.030+0000] {dbt_hook.py:130} INFO - [0m23:06:11
[2023-06-22T23:06:11.033+0000] {dbt_hook.py:130} INFO - [0m23:06:11  Finished running 1 view model in 0 hours 0 minutes and 2.23 seconds (2.23s).
[2023-06-22T23:06:11.055+0000] {dbt_hook.py:130} INFO - [0m23:06:11
[2023-06-22T23:06:11.058+0000] {dbt_hook.py:130} INFO - [0m23:06:11  [32mCompleted successfully[0m
[2023-06-22T23:06:11.060+0000] {dbt_hook.py:130} INFO - [0m23:06:11
[2023-06-22T23:06:11.063+0000] {dbt_hook.py:130} INFO - [0m23:06:11  Done. PASS=1 WARN=0 ERROR=0 SKIP=0 TOTAL=1
[2023-06-22T23:06:12.015+0000] {dbt_hook.py:132} INFO - Command exited with return code 0
[2023-06-22T23:06:12.029+0000] {taskinstance.py:1345} INFO - Marking task as SUCCESS. dag_id=running-buses-dbt-dag, task_id=dbt_run, execution_date=20230622T230604, start_date=20230622T230606, end_date=20230622T230612
[2023-06-22T23:06:12.079+0000] {local_task_job_runner.py:225} INFO - Task exited with return code 0
[2023-06-22T23:06:12.095+0000] {taskinstance.py:2653} INFO - 0 downstream tasks scheduled from follow-on schedule check
